fio-beegfs-read-buffered-block_1024k-size_2G-threads_2: (g=0): rw=rw, bs=1M-1M/1M-1M/1M-1M, ioengine=psync, iodepth=1
...
fio-2.2.10
Starting 2 processes
fio-beegfs-read-buffered-block_1024k-size_2G-threads_2: Laying out IO file(s) (4 file(s) / 8192MB)
fio-beegfs-read-buffered-block_1024k-size_2G-threads_2: Laying out IO file(s) (4 file(s) / 8192MB)

fio-beegfs-read-buffered-block_1024k-size_2G-threads_2: (groupid=0, jobs=2): err= 0: pid=7112: Mon Nov 19 03:09:57 2018
  read : io=443646MB, bw=1848.5MB/s, iops=1848, runt=240008msec
    clat (usec): min=834, max=40832, avg=1080.02, stdev=149.98
     lat (usec): min=834, max=40832, avg=1080.16, stdev=149.98
    clat percentiles (usec):
     |  1.00th=[  932],  5.00th=[  964], 10.00th=[  980], 20.00th=[ 1012],
     | 30.00th=[ 1032], 40.00th=[ 1048], 50.00th=[ 1064], 60.00th=[ 1096],
     | 70.00th=[ 1112], 80.00th=[ 1128], 90.00th=[ 1176], 95.00th=[ 1208],
     | 99.00th=[ 1416], 99.50th=[ 1544], 99.90th=[ 1928], 99.95th=[ 2224],
     | 99.99th=[ 6816]
    bw (KB  /s): min=720896, max=1011712, per=50.05%, avg=947334.35, stdev=31861.89
    lat (usec) : 1000=16.17%
    lat (msec) : 2=83.75%, 4=0.06%, 10=0.02%, 20=0.01%, 50=0.01%
  cpu          : usr=0.30%, sys=68.24%, ctx=1914713, majf=0, minf=9642
  IO depths    : 1=100.0%, 2=0.0%, 4=0.0%, 8=0.0%, 16=0.0%, 32=0.0%, >=64=0.0%
     submit    : 0=0.0%, 4=100.0%, 8=0.0%, 16=0.0%, 32=0.0%, 64=0.0%, >=64=0.0%
     complete  : 0=0.0%, 4=100.0%, 8=0.0%, 16=0.0%, 32=0.0%, 64=0.0%, >=64=0.0%
     issued    : total=r=443646/w=0/d=0, short=r=0/w=0/d=0, drop=r=0/w=0/d=0
     latency   : target=0, window=0, percentile=100.00%, depth=1

Run status group 0 (all jobs):
   READ: io=443646MB, aggrb=1848.5MB/s, minb=1848.5MB/s, maxb=1848.5MB/s, mint=240008msec, maxt=240008msec

CPU idleness:
  system: 98.25%
  unit work: mean=56.32us, stddev=2.01
