fio-beegfs-write-buffered-block_1024k-size_1G-threads_8: (g=0): rw=rw, bs=1M-1M/1M-1M/1M-1M, ioengine=psync, iodepth=1
...
fio-2.2.10
Starting 8 processes
fio-beegfs-write-buffered-block_1024k-size_1G-threads_8: Laying out IO file(s) (4 file(s) / 4096MB)
fio-beegfs-write-buffered-block_1024k-size_1G-threads_8: Laying out IO file(s) (4 file(s) / 4096MB)
fio-beegfs-write-buffered-block_1024k-size_1G-threads_8: Laying out IO file(s) (4 file(s) / 4096MB)
fio-beegfs-write-buffered-block_1024k-size_1G-threads_8: Laying out IO file(s) (4 file(s) / 4096MB)
fio-beegfs-write-buffered-block_1024k-size_1G-threads_8: Laying out IO file(s) (4 file(s) / 4096MB)
fio-beegfs-write-buffered-block_1024k-size_1G-threads_8: Laying out IO file(s) (4 file(s) / 4096MB)
fio-beegfs-write-buffered-block_1024k-size_1G-threads_8: Laying out IO file(s) (4 file(s) / 4096MB)
fio-beegfs-write-buffered-block_1024k-size_1G-threads_8: Laying out IO file(s) (4 file(s) / 4096MB)

fio-beegfs-write-buffered-block_1024k-size_1G-threads_8: (groupid=0, jobs=8): err= 0: pid=14360: Mon Nov 19 21:07:17 2018
  write: io=106403MB, bw=453646KB/s, iops=443, runt=240180msec
    clat (usec): min=946, max=966411, avg=18033.12, stdev=70277.15
     lat (usec): min=962, max=966459, avg=18054.78, stdev=70277.16
    clat percentiles (usec):
     |  1.00th=[ 1096],  5.00th=[ 1192], 10.00th=[ 1256], 20.00th=[ 1512],
     | 30.00th=[ 2224], 40.00th=[ 2416], 50.00th=[ 2608], 60.00th=[ 2672],
     | 70.00th=[ 2736], 80.00th=[ 3536], 90.00th=[29568], 95.00th=[46848],
     | 99.00th=[468992], 99.50th=[493568], 99.90th=[552960], 99.95th=[602112],
     | 99.99th=[667648]
    bw (KB  /s): min= 1587, max=409600, per=13.40%, avg=60783.44, stdev=69702.82
    lat (usec) : 1000=0.02%
    lat (msec) : 2=25.89%, 4=55.64%, 10=1.76%, 20=1.01%, 50=11.12%
    lat (msec) : 100=1.84%, 250=0.29%, 500=2.01%, 750=0.41%, 1000=0.01%
  cpu          : usr=0.17%, sys=2.59%, ctx=2761195, majf=0, minf=2136
  IO depths    : 1=100.0%, 2=0.0%, 4=0.0%, 8=0.0%, 16=0.0%, 32=0.0%, >=64=0.0%
     submit    : 0=0.0%, 4=100.0%, 8=0.0%, 16=0.0%, 32=0.0%, 64=0.0%, >=64=0.0%
     complete  : 0=0.0%, 4=100.0%, 8=0.0%, 16=0.0%, 32=0.0%, 64=0.0%, >=64=0.0%
     issued    : total=r=0/w=106403/d=0, short=r=0/w=0/d=0, drop=r=0/w=0/d=0
     latency   : target=0, window=0, percentile=100.00%, depth=1

Run status group 0 (all jobs):
  WRITE: io=106403MB, aggrb=453645KB/s, minb=453645KB/s, maxb=453645KB/s, mint=240180msec, maxt=240180msec

CPU idleness:
  system: 94.25%
  unit work: mean=53.11us, stddev=3.00
