fio-beegfs-write-buffered-block_64k-size_4G-threads_8: (g=0): rw=rw, bs=64K-64K/64K-64K/64K-64K, ioengine=psync, iodepth=1
...
fio-2.2.10
Starting 8 processes
fio-beegfs-write-buffered-block_64k-size_4G-threads_8: Laying out IO file(s) (4 file(s) / 16384MB)
fio-beegfs-write-buffered-block_64k-size_4G-threads_8: Laying out IO file(s) (4 file(s) / 16384MB)
fio-beegfs-write-buffered-block_64k-size_4G-threads_8: Laying out IO file(s) (4 file(s) / 16384MB)
fio-beegfs-write-buffered-block_64k-size_4G-threads_8: Laying out IO file(s) (4 file(s) / 16384MB)
fio-beegfs-write-buffered-block_64k-size_4G-threads_8: Laying out IO file(s) (4 file(s) / 16384MB)
fio-beegfs-write-buffered-block_64k-size_4G-threads_8: Laying out IO file(s) (4 file(s) / 16384MB)
fio-beegfs-write-buffered-block_64k-size_4G-threads_8: Laying out IO file(s) (4 file(s) / 16384MB)
fio-beegfs-write-buffered-block_64k-size_4G-threads_8: Laying out IO file(s) (4 file(s) / 16384MB)

fio-beegfs-write-buffered-block_64k-size_4G-threads_8: (groupid=0, jobs=8): err= 0: pid=16401: Tue Nov 20 07:18:56 2018
  write: io=108841MB, bw=463427KB/s, iops=7241, runt=240498msec
    clat (usec): min=4, max=655738, avg=1102.75, stdev=17561.59
     lat (usec): min=5, max=655739, avg=1103.51, stdev=17561.62
    clat percentiles (usec):
     |  1.00th=[    4],  5.00th=[    5], 10.00th=[    5], 20.00th=[    6],
     | 30.00th=[    7], 40.00th=[    7], 50.00th=[    7], 60.00th=[   16],
     | 70.00th=[   17], 80.00th=[   17], 90.00th=[  692], 95.00th=[ 1208],
     | 99.00th=[22400], 99.50th=[29312], 99.90th=[432128], 99.95th=[473088],
     | 99.99th=[522240]
    bw (KB  /s): min=  113, max=390912, per=13.18%, avg=61078.25, stdev=68211.25
    lat (usec) : 10=56.67%, 20=26.21%, 50=4.15%, 100=0.45%, 250=0.01%
    lat (usec) : 500=0.02%, 750=3.25%, 1000=1.60%
    lat (msec) : 2=6.21%, 4=0.05%, 10=0.01%, 20=0.20%, 50=1.00%
    lat (msec) : 100=0.01%, 250=0.01%, 500=0.12%, 750=0.02%
  cpu          : usr=0.18%, sys=3.72%, ctx=2198947, majf=0, minf=38182
  IO depths    : 1=100.0%, 2=0.0%, 4=0.0%, 8=0.0%, 16=0.0%, 32=0.0%, >=64=0.0%
     submit    : 0=0.0%, 4=100.0%, 8=0.0%, 16=0.0%, 32=0.0%, 64=0.0%, >=64=0.0%
     complete  : 0=0.0%, 4=100.0%, 8=0.0%, 16=0.0%, 32=0.0%, 64=0.0%, >=64=0.0%
     issued    : total=r=0/w=1741457/d=0, short=r=0/w=0/d=0, drop=r=0/w=0/d=0
     latency   : target=0, window=0, percentile=100.00%, depth=1

Run status group 0 (all jobs):
  WRITE: io=108841MB, aggrb=463426KB/s, minb=463426KB/s, maxb=463426KB/s, mint=240498msec, maxt=240498msec

CPU idleness:
  system: 96.34%
  unit work: mean=54.32us, stddev=1.83
