fio-beegfs-read-unbuffered-block_1024k-size_4G-threads_8: (g=0): rw=rw, bs=1M-1M/1M-1M/1M-1M, ioengine=psync, iodepth=1
...
fio-2.2.10
Starting 8 processes
fio-beegfs-read-unbuffered-block_1024k-size_4G-threads_8: Laying out IO file(s) (4 file(s) / 16384MB)
fio-beegfs-read-unbuffered-block_1024k-size_4G-threads_8: Laying out IO file(s) (4 file(s) / 16384MB)
fio-beegfs-read-unbuffered-block_1024k-size_4G-threads_8: Laying out IO file(s) (4 file(s) / 16384MB)
fio-beegfs-read-unbuffered-block_1024k-size_4G-threads_8: Laying out IO file(s) (4 file(s) / 16384MB)
fio-beegfs-read-unbuffered-block_1024k-size_4G-threads_8: Laying out IO file(s) (4 file(s) / 16384MB)
fio-beegfs-read-unbuffered-block_1024k-size_4G-threads_8: Laying out IO file(s) (4 file(s) / 16384MB)
fio-beegfs-read-unbuffered-block_1024k-size_4G-threads_8: Laying out IO file(s) (4 file(s) / 16384MB)
fio-beegfs-read-unbuffered-block_1024k-size_4G-threads_8: Laying out IO file(s) (4 file(s) / 16384MB)

fio-beegfs-read-unbuffered-block_1024k-size_4G-threads_8: (groupid=0, jobs=8): err= 0: pid=17169: Sat Nov 24 23:08:05 2018
  read : io=122572MB, bw=522956KB/s, iops=510, runt=240008msec
    clat (msec): min=4, max=57, avg=15.66, stdev= 1.52
     lat (msec): min=4, max=57, avg=15.66, stdev= 1.52
    clat percentiles (usec):
     |  1.00th=[14272],  5.00th=[15168], 10.00th=[15168], 20.00th=[15296],
     | 30.00th=[15296], 40.00th=[15296], 50.00th=[15296], 60.00th=[15424],
     | 70.00th=[15552], 80.00th=[15680], 90.00th=[15808], 95.00th=[17536],
     | 99.00th=[23424], 99.50th=[24960], 99.90th=[29056], 99.95th=[34560],
     | 99.99th=[45824]
    bw (KB  /s): min=52000, max=69216, per=12.51%, avg=65438.02, stdev=2102.06
    lat (msec) : 10=0.03%, 20=97.45%, 50=2.52%, 100=0.01%
  cpu          : usr=0.02%, sys=4.40%, ctx=524896, majf=0, minf=2295
  IO depths    : 1=100.0%, 2=0.0%, 4=0.0%, 8=0.0%, 16=0.0%, 32=0.0%, >=64=0.0%
     submit    : 0=0.0%, 4=100.0%, 8=0.0%, 16=0.0%, 32=0.0%, 64=0.0%, >=64=0.0%
     complete  : 0=0.0%, 4=100.0%, 8=0.0%, 16=0.0%, 32=0.0%, 64=0.0%, >=64=0.0%
     issued    : total=r=122572/w=0/d=0, short=r=0/w=0/d=0, drop=r=0/w=0/d=0
     latency   : target=0, window=0, percentile=100.00%, depth=1

Run status group 0 (all jobs):
   READ: io=122572MB, aggrb=522956KB/s, minb=522956KB/s, maxb=522956KB/s, mint=240008msec, maxt=240008msec

CPU idleness:
  system: 98.17%
  unit work: mean=55.32us, stddev=2.36
