fio-beegfs-write-buffered-block_1024k-size_2G-threads_4: (g=0): rw=rw, bs=1M-1M/1M-1M/1M-1M, ioengine=psync, iodepth=1
...
fio-2.2.10
Starting 4 processes
fio-beegfs-write-buffered-block_1024k-size_2G-threads_4: Laying out IO file(s) (4 file(s) / 8192MB)
fio-beegfs-write-buffered-block_1024k-size_2G-threads_4: Laying out IO file(s) (4 file(s) / 8192MB)
fio-beegfs-write-buffered-block_1024k-size_2G-threads_4: Laying out IO file(s) (4 file(s) / 8192MB)
fio-beegfs-write-buffered-block_1024k-size_2G-threads_4: Laying out IO file(s) (4 file(s) / 8192MB)

fio-beegfs-write-buffered-block_1024k-size_2G-threads_4: (groupid=0, jobs=4): err= 0: pid=11485: Mon Nov 19 12:02:54 2018
  write: io=110540MB, bw=471588KB/s, iops=460, runt=240025msec
    clat (usec): min=905, max=759430, avg=8662.24, stdev=49656.49
     lat (usec): min=921, max=759446, avg=8682.62, stdev=49656.43
    clat percentiles (usec):
     |  1.00th=[ 1064],  5.00th=[ 1144], 10.00th=[ 1208], 20.00th=[ 1288],
     | 30.00th=[ 1352], 40.00th=[ 1400], 50.00th=[ 1432], 60.00th=[ 1480],
     | 70.00th=[ 1528], 80.00th=[ 1576], 90.00th=[ 1736], 95.00th=[23168],
     | 99.00th=[399360], 99.50th=[468992], 99.90th=[505856], 99.95th=[522240],
     | 99.99th=[692224]
    bw (KB  /s): min= 1430, max=696974, per=26.68%, avg=125822.28, stdev=141534.68
    lat (usec) : 1000=0.18%
    lat (msec) : 2=90.94%, 4=0.13%, 10=0.03%, 20=1.70%, 50=5.60%
    lat (msec) : 100=0.13%, 250=0.13%, 500=1.04%, 750=0.12%, 1000=0.01%
  cpu          : usr=0.27%, sys=5.08%, ctx=1195440, majf=0, minf=2504
  IO depths    : 1=100.0%, 2=0.0%, 4=0.0%, 8=0.0%, 16=0.0%, 32=0.0%, >=64=0.0%
     submit    : 0=0.0%, 4=100.0%, 8=0.0%, 16=0.0%, 32=0.0%, 64=0.0%, >=64=0.0%
     complete  : 0=0.0%, 4=100.0%, 8=0.0%, 16=0.0%, 32=0.0%, 64=0.0%, >=64=0.0%
     issued    : total=r=0/w=110540/d=0, short=r=0/w=0/d=0, drop=r=0/w=0/d=0
     latency   : target=0, window=0, percentile=100.00%, depth=1

Run status group 0 (all jobs):
  WRITE: io=110540MB, aggrb=471588KB/s, minb=471588KB/s, maxb=471588KB/s, mint=240025msec, maxt=240025msec

CPU idleness:
  system: 91.91%
  unit work: mean=51.68us, stddev=2.61
