fio-beegfs-read-buffered-block_16k-size_2G-threads_1: (g=0): rw=rw, bs=16K-16K/16K-16K/16K-16K, ioengine=psync, iodepth=1
fio-2.2.10
Starting 1 process
fio-beegfs-read-buffered-block_16k-size_2G-threads_1: Laying out IO file(s) (4 file(s) / 8192MB)

fio-beegfs-read-buffered-block_16k-size_2G-threads_1: (groupid=0, jobs=1): err= 0: pid=1820: Sun Nov 18 20:37:20 2018
  read : io=218118MB, bw=930633KB/s, iops=58164, runt=240001msec
    clat (usec): min=1, max=48200, avg=16.54, stdev=95.00
     lat (usec): min=1, max=48200, avg=16.60, stdev=95.09
    clat percentiles (usec):
     |  1.00th=[    1],  5.00th=[    1], 10.00th=[    1], 20.00th=[    1],
     | 30.00th=[    2], 40.00th=[    2], 50.00th=[    2], 60.00th=[    2],
     | 70.00th=[    2], 80.00th=[    2], 90.00th=[    2], 95.00th=[    2],
     | 99.00th=[  482], 99.50th=[  498], 99.90th=[  532], 99.95th=[  548],
     | 99.99th=[  612]
    bw (KB  /s): min=647424, max=999648, per=100.00%, avg=931033.90, stdev=40830.40
    lat (usec) : 2=25.03%, 4=71.66%, 10=0.15%, 20=0.03%, 50=0.01%
    lat (usec) : 100=0.01%, 250=0.01%, 500=2.67%, 750=0.45%, 1000=0.01%
    lat (msec) : 2=0.01%, 4=0.01%, 10=0.01%, 20=0.01%, 50=0.01%
  cpu          : usr=5.35%, sys=65.70%, ctx=982261, majf=0, minf=168881
  IO depths    : 1=100.0%, 2=0.0%, 4=0.0%, 8=0.0%, 16=0.0%, 32=0.0%, >=64=0.0%
     submit    : 0=0.0%, 4=100.0%, 8=0.0%, 16=0.0%, 32=0.0%, 64=0.0%, >=64=0.0%
     complete  : 0=0.0%, 4=100.0%, 8=0.0%, 16=0.0%, 32=0.0%, 64=0.0%, >=64=0.0%
     issued    : total=r=13959554/w=0/d=0, short=r=0/w=0/d=0, drop=r=0/w=0/d=0
     latency   : target=0, window=0, percentile=100.00%, depth=1

Run status group 0 (all jobs):
   READ: io=218118MB, aggrb=930633KB/s, minb=930633KB/s, maxb=930633KB/s, mint=240001msec, maxt=240001msec

CPU idleness:
  system: 97.33%
  unit work: mean=55.21us, stddev=2.72
