fio-beegfs-read-unbuffered-block_16k-size_1G-threads_8: (g=0): rw=rw, bs=16K-16K/16K-16K/16K-16K, ioengine=psync, iodepth=1
...
fio-2.2.10
Starting 8 processes
fio-beegfs-read-unbuffered-block_16k-size_1G-threads_8: Laying out IO file(s) (4 file(s) / 4096MB)
fio-beegfs-read-unbuffered-block_16k-size_1G-threads_8: Laying out IO file(s) (4 file(s) / 4096MB)
fio-beegfs-read-unbuffered-block_16k-size_1G-threads_8: Laying out IO file(s) (4 file(s) / 4096MB)
fio-beegfs-read-unbuffered-block_16k-size_1G-threads_8: Laying out IO file(s) (4 file(s) / 4096MB)
fio-beegfs-read-unbuffered-block_16k-size_1G-threads_8: Laying out IO file(s) (4 file(s) / 4096MB)
fio-beegfs-read-unbuffered-block_16k-size_1G-threads_8: Laying out IO file(s) (4 file(s) / 4096MB)
fio-beegfs-read-unbuffered-block_16k-size_1G-threads_8: Laying out IO file(s) (4 file(s) / 4096MB)
fio-beegfs-read-unbuffered-block_16k-size_1G-threads_8: Laying out IO file(s) (4 file(s) / 4096MB)

fio-beegfs-read-unbuffered-block_16k-size_1G-threads_8: (groupid=0, jobs=8): err= 0: pid=13091: Sat Nov 24 05:06:19 2018
  read : io=77710MB, bw=331549KB/s, iops=20721, runt=240010msec
    clat (usec): min=220, max=41289, avg=384.39, stdev=197.94
     lat (usec): min=220, max=41289, avg=384.52, stdev=197.94
    clat percentiles (usec):
     |  1.00th=[  270],  5.00th=[  294], 10.00th=[  306], 20.00th=[  326],
     | 30.00th=[  342], 40.00th=[  354], 50.00th=[  366], 60.00th=[  382],
     | 70.00th=[  398], 80.00th=[  418], 90.00th=[  450], 95.00th=[  482],
     | 99.00th=[  588], 99.50th=[  988], 99.90th=[ 2960], 99.95th=[ 3120],
     | 99.99th=[ 6432]
    bw (KB  /s): min=34208, max=43808, per=12.51%, avg=41461.17, stdev=1483.44
    lat (usec) : 250=0.08%, 500=96.46%, 750=2.78%, 1000=0.18%
    lat (msec) : 2=0.18%, 4=0.30%, 10=0.01%, 20=0.01%, 50=0.01%
  cpu          : usr=0.74%, sys=9.54%, ctx=5051447, majf=0, minf=100628
  IO depths    : 1=100.0%, 2=0.0%, 4=0.0%, 8=0.0%, 16=0.0%, 32=0.0%, >=64=0.0%
     submit    : 0=0.0%, 4=100.0%, 8=0.0%, 16=0.0%, 32=0.0%, 64=0.0%, >=64=0.0%
     complete  : 0=0.0%, 4=100.0%, 8=0.0%, 16=0.0%, 32=0.0%, 64=0.0%, >=64=0.0%
     issued    : total=r=4973443/w=0/d=0, short=r=0/w=0/d=0, drop=r=0/w=0/d=0
     latency   : target=0, window=0, percentile=100.00%, depth=1

Run status group 0 (all jobs):
   READ: io=77710MB, aggrb=331549KB/s, minb=331549KB/s, maxb=331549KB/s, mint=240010msec, maxt=240010msec

CPU idleness:
  system: 90.76%
  unit work: mean=51.71us, stddev=2.99
