fio-beegfs-read-unbuffered-block_16k-size_4G-threads_2: (g=0): rw=rw, bs=16K-16K/16K-16K/16K-16K, ioengine=psync, iodepth=1
...
fio-2.2.10
Starting 2 processes
fio-beegfs-read-unbuffered-block_16k-size_4G-threads_2: Laying out IO file(s) (4 file(s) / 16384MB)
fio-beegfs-read-unbuffered-block_16k-size_4G-threads_2: Laying out IO file(s) (4 file(s) / 16384MB)

fio-beegfs-read-unbuffered-block_16k-size_4G-threads_2: (groupid=0, jobs=2): err= 0: pid=7433: Fri Nov 23 15:10:57 2018
  read : io=22753MB, bw=97077KB/s, iops=6067, runt=240001msec
    clat (usec): min=210, max=35180, avg=328.09, stdev=136.03
     lat (usec): min=210, max=35180, avg=328.20, stdev=136.03
    clat percentiles (usec):
     |  1.00th=[  233],  5.00th=[  251], 10.00th=[  262], 20.00th=[  282],
     | 30.00th=[  298], 40.00th=[  310], 50.00th=[  322], 60.00th=[  334],
     | 70.00th=[  350], 80.00th=[  362], 90.00th=[  386], 95.00th=[  406],
     | 99.00th=[  450], 99.50th=[  474], 99.90th=[ 1976], 99.95th=[ 2768],
     | 99.99th=[ 4384]
    bw (KB  /s): min=40160, max=54432, per=50.02%, avg=48561.03, stdev=2091.35
    lat (usec) : 250=4.98%, 500=94.66%, 750=0.16%, 1000=0.05%
    lat (msec) : 2=0.06%, 4=0.09%, 10=0.01%, 20=0.01%, 50=0.01%
  cpu          : usr=0.84%, sys=10.19%, ctx=1471236, majf=0, minf=27651
  IO depths    : 1=100.0%, 2=0.0%, 4=0.0%, 8=0.0%, 16=0.0%, 32=0.0%, >=64=0.0%
     submit    : 0=0.0%, 4=100.0%, 8=0.0%, 16=0.0%, 32=0.0%, 64=0.0%, >=64=0.0%
     complete  : 0=0.0%, 4=100.0%, 8=0.0%, 16=0.0%, 32=0.0%, 64=0.0%, >=64=0.0%
     issued    : total=r=1456163/w=0/d=0, short=r=0/w=0/d=0, drop=r=0/w=0/d=0
     latency   : target=0, window=0, percentile=100.00%, depth=1

Run status group 0 (all jobs):
   READ: io=22753MB, aggrb=97077KB/s, minb=97077KB/s, maxb=97077KB/s, mint=240001msec, maxt=240001msec

CPU idleness:
  system: 91.54%
  unit work: mean=51.49us, stddev=2.75
