fio-beegfs-write-buffered-block_128k-size_1G-threads_4: (g=0): rw=rw, bs=128K-128K/128K-128K/128K-128K, ioengine=psync, iodepth=1
...
fio-2.2.10
Starting 4 processes
fio-beegfs-write-buffered-block_128k-size_1G-threads_4: Laying out IO file(s) (4 file(s) / 4096MB)
fio-beegfs-write-buffered-block_128k-size_1G-threads_4: Laying out IO file(s) (4 file(s) / 4096MB)
fio-beegfs-write-buffered-block_128k-size_1G-threads_4: Laying out IO file(s) (4 file(s) / 4096MB)
fio-beegfs-write-buffered-block_128k-size_1G-threads_4: Laying out IO file(s) (4 file(s) / 4096MB)

fio-beegfs-write-buffered-block_128k-size_1G-threads_4: (groupid=0, jobs=4): err= 0: pid=9502: Mon Nov 19 07:54:20 2018
  write: io=248439MB, bw=1034.2MB/s, iops=8279, runt=240039msec
    clat (usec): min=8, max=657630, avg=479.86, stdev=10889.18
     lat (usec): min=9, max=657631, avg=481.90, stdev=10889.22
    clat percentiles (usec):
     |  1.00th=[    9],  5.00th=[    9], 10.00th=[   10], 20.00th=[   13],
     | 30.00th=[   13], 40.00th=[   14], 50.00th=[   32], 60.00th=[   32],
     | 70.00th=[   40], 80.00th=[  676], 90.00th=[  764], 95.00th=[  812],
     | 99.00th=[  884], 99.50th=[  932], 99.90th=[ 1640], 99.95th=[370688],
     | 99.99th=[485376]
    bw (KB  /s): min=  219, max=647168, per=26.02%, avg=275769.80, stdev=249627.59
    lat (usec) : 10=9.92%, 20=34.63%, 50=27.92%, 100=2.50%, 250=0.03%
    lat (usec) : 500=0.01%, 750=13.06%, 1000=11.64%
    lat (msec) : 2=0.20%, 4=0.01%, 10=0.01%, 20=0.01%, 50=0.01%
    lat (msec) : 100=0.01%, 250=0.01%, 500=0.05%, 750=0.01%
  cpu          : usr=0.79%, sys=16.69%, ctx=2598292, majf=0, minf=32817
  IO depths    : 1=100.0%, 2=0.0%, 4=0.0%, 8=0.0%, 16=0.0%, 32=0.0%, >=64=0.0%
     submit    : 0=0.0%, 4=100.0%, 8=0.0%, 16=0.0%, 32=0.0%, 64=0.0%, >=64=0.0%
     complete  : 0=0.0%, 4=100.0%, 8=0.0%, 16=0.0%, 32=0.0%, 64=0.0%, >=64=0.0%
     issued    : total=r=0/w=1987514/d=0, short=r=0/w=0/d=0, drop=r=0/w=0/d=0
     latency   : target=0, window=0, percentile=100.00%, depth=1

Run status group 0 (all jobs):
  WRITE: io=248439MB, aggrb=1034.2MB/s, minb=1034.2MB/s, maxb=1034.2MB/s, mint=240039msec, maxt=240039msec

CPU idleness:
  system: 95.84%
  unit work: mean=54.34us, stddev=2.45
