fio-beegfs-write-unbuffered-block_1024k-size_4G-threads_4: (g=0): rw=rw, bs=1M-1M/1M-1M/1M-1M, ioengine=psync, iodepth=1
...
fio-2.2.10
Starting 4 processes
fio-beegfs-write-unbuffered-block_1024k-size_4G-threads_4: Laying out IO file(s) (4 file(s) / 16384MB)
fio-beegfs-write-unbuffered-block_1024k-size_4G-threads_4: Laying out IO file(s) (4 file(s) / 16384MB)
fio-beegfs-write-unbuffered-block_1024k-size_4G-threads_4: Laying out IO file(s) (4 file(s) / 16384MB)
fio-beegfs-write-unbuffered-block_1024k-size_4G-threads_4: Laying out IO file(s) (4 file(s) / 16384MB)

fio-beegfs-write-unbuffered-block_1024k-size_4G-threads_4: (groupid=0, jobs=4): err= 0: pid=12942: Sat Nov 24 04:45:44 2018
  write: io=93039MB, bw=396943KB/s, iops=387, runt=240014msec
    clat (msec): min=4, max=47, avg=10.30, stdev= 1.29
     lat (msec): min=4, max=47, avg=10.32, stdev= 1.29
    clat percentiles (usec):
     |  1.00th=[ 7968],  5.00th=[ 9408], 10.00th=[ 9408], 20.00th=[ 9536],
     | 30.00th=[ 9664], 40.00th=[ 9792], 50.00th=[10048], 60.00th=[10304],
     | 70.00th=[10560], 80.00th=[10944], 90.00th=[11456], 95.00th=[12096],
     | 99.00th=[15680], 99.50th=[16512], 99.90th=[20096], 99.95th=[22656],
     | 99.99th=[35072]
    bw (KB  /s): min=82808, max=109065, per=25.03%, avg=99335.83, stdev=3855.65
    lat (msec) : 10=50.26%, 20=49.64%, 50=0.10%
  cpu          : usr=0.22%, sys=5.34%, ctx=1084910, majf=0, minf=2297
  IO depths    : 1=100.0%, 2=0.0%, 4=0.0%, 8=0.0%, 16=0.0%, 32=0.0%, >=64=0.0%
     submit    : 0=0.0%, 4=100.0%, 8=0.0%, 16=0.0%, 32=0.0%, 64=0.0%, >=64=0.0%
     complete  : 0=0.0%, 4=100.0%, 8=0.0%, 16=0.0%, 32=0.0%, 64=0.0%, >=64=0.0%
     issued    : total=r=0/w=93039/d=0, short=r=0/w=0/d=0, drop=r=0/w=0/d=0
     latency   : target=0, window=0, percentile=100.00%, depth=1

Run status group 0 (all jobs):
  WRITE: io=93039MB, aggrb=396943KB/s, minb=396943KB/s, maxb=396943KB/s, mint=240014msec, maxt=240014msec

CPU idleness:
  system: 96.44%
  unit work: mean=54.29us, stddev=1.75
