fio-beegfs-read-buffered-block_128k-size_4G-threads_8: (g=0): rw=rw, bs=128K-128K/128K-128K/128K-128K, ioengine=psync, iodepth=1
...
fio-2.2.10
Starting 8 processes
fio-beegfs-read-buffered-block_128k-size_4G-threads_8: Laying out IO file(s) (4 file(s) / 16384MB)
fio-beegfs-read-buffered-block_128k-size_4G-threads_8: Laying out IO file(s) (4 file(s) / 16384MB)
fio-beegfs-read-buffered-block_128k-size_4G-threads_8: Laying out IO file(s) (4 file(s) / 16384MB)
fio-beegfs-read-buffered-block_128k-size_4G-threads_8: Laying out IO file(s) (4 file(s) / 16384MB)
fio-beegfs-read-buffered-block_128k-size_4G-threads_8: Laying out IO file(s) (4 file(s) / 16384MB)
fio-beegfs-read-buffered-block_128k-size_4G-threads_8: Laying out IO file(s) (4 file(s) / 16384MB)
fio-beegfs-read-buffered-block_128k-size_4G-threads_8: Laying out IO file(s) (4 file(s) / 16384MB)
fio-beegfs-read-buffered-block_128k-size_4G-threads_8: Laying out IO file(s) (4 file(s) / 16384MB)

fio-beegfs-read-buffered-block_128k-size_4G-threads_8: (groupid=0, jobs=8): err= 0: pid=16547: Tue Nov 20 08:23:58 2018
  read : io=331643MB, bw=1379.9MB/s, iops=11038, runt=240354msec
    clat (usec): min=9, max=1555.1K, avg=723.18, stdev=17136.63
     lat (usec): min=9, max=1555.1K, avg=723.25, stdev=17136.64
    clat percentiles (usec):
     |  1.00th=[   10],  5.00th=[   10], 10.00th=[   10], 20.00th=[   10],
     | 30.00th=[   10], 40.00th=[   11], 50.00th=[   11], 60.00th=[   11],
     | 70.00th=[   13], 80.00th=[  498], 90.00th=[  556], 95.00th=[  596],
     | 99.00th=[  804], 99.50th=[ 1416], 99.90th=[166912], 99.95th=[518144],
     | 99.99th=[733184]
    bw (KB  /s): min=  155, max=950528, per=15.96%, avg=225488.27, stdev=314746.39
    lat (usec) : 10=0.01%, 20=71.71%, 50=3.10%, 100=0.15%, 250=0.01%
    lat (usec) : 500=5.13%, 750=18.74%, 1000=0.38%
    lat (msec) : 2=0.48%, 4=0.02%, 10=0.02%, 20=0.02%, 50=0.10%
    lat (msec) : 100=0.02%, 250=0.03%, 500=0.03%, 750=0.04%, 1000=0.01%
    lat (msec) : 2000=0.01%
  cpu          : usr=0.21%, sys=14.64%, ctx=1361326, majf=0, minf=51915
  IO depths    : 1=100.0%, 2=0.0%, 4=0.0%, 8=0.0%, 16=0.0%, 32=0.0%, >=64=0.0%
     submit    : 0=0.0%, 4=100.0%, 8=0.0%, 16=0.0%, 32=0.0%, 64=0.0%, >=64=0.0%
     complete  : 0=0.0%, 4=100.0%, 8=0.0%, 16=0.0%, 32=0.0%, 64=0.0%, >=64=0.0%
     issued    : total=r=2653142/w=0/d=0, short=r=0/w=0/d=0, drop=r=0/w=0/d=0
     latency   : target=0, window=0, percentile=100.00%, depth=1

Run status group 0 (all jobs):
   READ: io=331643MB, aggrb=1379.9MB/s, minb=1379.9MB/s, maxb=1379.9MB/s, mint=240354msec, maxt=240354msec

CPU idleness:
  system: 91.35%
  unit work: mean=52.17us, stddev=2.26
