fio-beegfs-write-unbuffered-block_512k-size_4G-threads_2: (g=0): rw=rw, bs=512K-512K/512K-512K/512K-512K, ioengine=psync, iodepth=1
...
fio-2.2.10
Starting 2 processes
fio-beegfs-write-unbuffered-block_512k-size_4G-threads_2: Laying out IO file(s) (4 file(s) / 16384MB)
fio-beegfs-write-unbuffered-block_512k-size_4G-threads_2: Laying out IO file(s) (4 file(s) / 16384MB)

fio-beegfs-write-unbuffered-block_512k-size_4G-threads_2: (groupid=0, jobs=2): err= 0: pid=8409: Fri Nov 23 17:22:43 2018
  write: io=91372MB, bw=389848KB/s, iops=761, runt=240002msec
    clat (usec): min=1358, max=38348, avg=2616.70, stdev=700.93
     lat (usec): min=1367, max=38353, avg=2624.57, stdev=700.93
    clat percentiles (usec):
     |  1.00th=[ 1928],  5.00th=[ 1960], 10.00th=[ 1976], 20.00th=[ 2008],
     | 30.00th=[ 2064], 40.00th=[ 2352], 50.00th=[ 2640], 60.00th=[ 2832],
     | 70.00th=[ 2960], 80.00th=[ 3024], 90.00th=[ 3120], 95.00th=[ 3440],
     | 99.00th=[ 4576], 99.50th=[ 6432], 99.90th=[ 9408], 99.95th=[ 9664],
     | 99.99th=[10816]
    bw (KB  /s): min=140469, max=208896, per=50.05%, avg=195122.53, stdev=11258.63
    lat (msec) : 2=17.11%, 4=80.91%, 10=1.95%, 20=0.02%, 50=0.01%
  cpu          : usr=0.56%, sys=8.67%, ctx=1072049, majf=0, minf=3511
  IO depths    : 1=100.0%, 2=0.0%, 4=0.0%, 8=0.0%, 16=0.0%, 32=0.0%, >=64=0.0%
     submit    : 0=0.0%, 4=100.0%, 8=0.0%, 16=0.0%, 32=0.0%, 64=0.0%, >=64=0.0%
     complete  : 0=0.0%, 4=100.0%, 8=0.0%, 16=0.0%, 32=0.0%, 64=0.0%, >=64=0.0%
     issued    : total=r=0/w=182743/d=0, short=r=0/w=0/d=0, drop=r=0/w=0/d=0
     latency   : target=0, window=0, percentile=100.00%, depth=1

Run status group 0 (all jobs):
  WRITE: io=91372MB, aggrb=389848KB/s, minb=389848KB/s, maxb=389848KB/s, mint=240002msec, maxt=240002msec

CPU idleness:
  system: 99.42%
  unit work: mean=55.87us, stddev=2.12
