fio-beegfs-read-unbuffered-block_1024k-size_4G-threads_1: (g=0): rw=rw, bs=1M-1M/1M-1M/1M-1M, ioengine=psync, iodepth=1
fio-2.2.10
Starting 1 process
fio-beegfs-read-unbuffered-block_1024k-size_4G-threads_1: Laying out IO file(s) (4 file(s) / 16384MB)

fio-beegfs-read-unbuffered-block_1024k-size_4G-threads_1: (groupid=0, jobs=1): err= 0: pid=4355: Fri Nov 23 11:17:30 2018
  read : io=67671MB, bw=288726KB/s, iops=281, runt=240003msec
    clat (usec): min=3000, max=45059, avg=3544.25, stdev=874.55
     lat (usec): min=3000, max=45059, avg=3544.41, stdev=874.55
    clat percentiles (usec):
     |  1.00th=[ 3248],  5.00th=[ 3312], 10.00th=[ 3344], 20.00th=[ 3376],
     | 30.00th=[ 3408], 40.00th=[ 3408], 50.00th=[ 3440], 60.00th=[ 3440],
     | 70.00th=[ 3472], 80.00th=[ 3504], 90.00th=[ 3536], 95.00th=[ 3696],
     | 99.00th=[ 6688], 99.50th=[ 7648], 99.90th=[14912], 99.95th=[19072],
     | 99.99th=[35072]
    bw (KB  /s): min=217396, max=308015, per=100.00%, avg=289009.96, stdev=14021.33
    lat (msec) : 4=95.91%, 10=3.82%, 20=0.22%, 50=0.04%
  cpu          : usr=0.09%, sys=16.66%, ctx=280254, majf=0, minf=1479
  IO depths    : 1=100.0%, 2=0.0%, 4=0.0%, 8=0.0%, 16=0.0%, 32=0.0%, >=64=0.0%
     submit    : 0=0.0%, 4=100.0%, 8=0.0%, 16=0.0%, 32=0.0%, 64=0.0%, >=64=0.0%
     complete  : 0=0.0%, 4=100.0%, 8=0.0%, 16=0.0%, 32=0.0%, 64=0.0%, >=64=0.0%
     issued    : total=r=67671/w=0/d=0, short=r=0/w=0/d=0, drop=r=0/w=0/d=0
     latency   : target=0, window=0, percentile=100.00%, depth=1

Run status group 0 (all jobs):
   READ: io=67671MB, aggrb=288725KB/s, minb=288725KB/s, maxb=288725KB/s, mint=240003msec, maxt=240003msec

CPU idleness:
  system: 96.31%
  unit work: mean=54.12us, stddev=2.82
