fio-beegfs-read-buffered-block_128k-size_4G-threads_4: (g=0): rw=rw, bs=128K-128K/128K-128K/128K-128K, ioengine=psync, iodepth=1
...
fio-2.2.10
Starting 4 processes
fio-beegfs-read-buffered-block_128k-size_4G-threads_4: Laying out IO file(s) (4 file(s) / 16384MB)
fio-beegfs-read-buffered-block_128k-size_4G-threads_4: Laying out IO file(s) (4 file(s) / 16384MB)
fio-beegfs-read-buffered-block_128k-size_4G-threads_4: Laying out IO file(s) (4 file(s) / 16384MB)
fio-beegfs-read-buffered-block_128k-size_4G-threads_4: Laying out IO file(s) (4 file(s) / 16384MB)

fio-beegfs-read-buffered-block_128k-size_4G-threads_4: (groupid=0, jobs=4): err= 0: pid=12195: Mon Nov 19 14:56:29 2018
  read : io=630972MB, bw=2628.1MB/s, iops=21031, runt=240013msec
    clat (usec): min=9, max=48625, avg=189.05, stdev=338.59
     lat (usec): min=9, max=48625, avg=189.14, stdev=338.61
    clat percentiles (usec):
     |  1.00th=[   10],  5.00th=[   10], 10.00th=[   10], 20.00th=[   10],
     | 30.00th=[   11], 40.00th=[   11], 50.00th=[   12], 60.00th=[   14],
     | 70.00th=[   23], 80.00th=[  636], 90.00th=[  716], 95.00th=[  764],
     | 99.00th=[  868], 99.50th=[  980], 99.90th=[ 1480], 99.95th=[ 1752],
     | 99.99th=[ 5408]
    bw (KB  /s): min=551600, max=711936, per=25.02%, avg=673464.74, stdev=21480.66
    lat (usec) : 10=0.11%, 20=62.93%, 50=11.06%, 100=0.85%, 250=0.03%
    lat (usec) : 500=0.07%, 750=18.45%, 1000=6.04%
    lat (msec) : 2=0.43%, 4=0.02%, 10=0.01%, 20=0.01%, 50=0.01%
  cpu          : usr=0.80%, sys=71.25%, ctx=3884269, majf=0, minf=80328
  IO depths    : 1=100.0%, 2=0.0%, 4=0.0%, 8=0.0%, 16=0.0%, 32=0.0%, >=64=0.0%
     submit    : 0=0.0%, 4=100.0%, 8=0.0%, 16=0.0%, 32=0.0%, 64=0.0%, >=64=0.0%
     complete  : 0=0.0%, 4=100.0%, 8=0.0%, 16=0.0%, 32=0.0%, 64=0.0%, >=64=0.0%
     issued    : total=r=5047777/w=0/d=0, short=r=0/w=0/d=0, drop=r=0/w=0/d=0
     latency   : target=0, window=0, percentile=100.00%, depth=1

Run status group 0 (all jobs):
   READ: io=630972MB, aggrb=2628.1MB/s, minb=2628.1MB/s, maxb=2628.1MB/s, mint=240013msec, maxt=240013msec

CPU idleness:
  system: 84.38%
  unit work: mean=49.58us, stddev=2.23
