fio-beegfs-write-buffered-block_128k-size_4G-threads_8: (g=0): rw=rw, bs=128K-128K/128K-128K/128K-128K, ioengine=psync, iodepth=1
...
fio-2.2.10
Starting 8 processes
fio-beegfs-write-buffered-block_128k-size_4G-threads_8: Laying out IO file(s) (4 file(s) / 16384MB)
fio-beegfs-write-buffered-block_128k-size_4G-threads_8: Laying out IO file(s) (4 file(s) / 16384MB)
fio-beegfs-write-buffered-block_128k-size_4G-threads_8: Laying out IO file(s) (4 file(s) / 16384MB)
fio-beegfs-write-buffered-block_128k-size_4G-threads_8: Laying out IO file(s) (4 file(s) / 16384MB)
fio-beegfs-write-buffered-block_128k-size_4G-threads_8: Laying out IO file(s) (4 file(s) / 16384MB)
fio-beegfs-write-buffered-block_128k-size_4G-threads_8: Laying out IO file(s) (4 file(s) / 16384MB)
fio-beegfs-write-buffered-block_128k-size_4G-threads_8: Laying out IO file(s) (4 file(s) / 16384MB)
fio-beegfs-write-buffered-block_128k-size_4G-threads_8: Laying out IO file(s) (4 file(s) / 16384MB)

fio-beegfs-write-buffered-block_128k-size_4G-threads_8: (groupid=0, jobs=8): err= 0: pid=16692: Tue Nov 20 09:29:19 2018
  write: io=110671MB, bw=471834KB/s, iops=3686, runt=240184msec
    clat (usec): min=8, max=739033, avg=2166.97, stdev=25199.13
     lat (usec): min=9, max=739036, avg=2168.92, stdev=25199.19
    clat percentiles (usec):
     |  1.00th=[    8],  5.00th=[    9], 10.00th=[    9], 20.00th=[   12],
     | 30.00th=[   13], 40.00th=[   14], 50.00th=[   30], 60.00th=[   32],
     | 70.00th=[   40], 80.00th=[  748], 90.00th=[ 1240], 95.00th=[ 1352],
     | 99.00th=[29312], 99.50th=[36608], 99.90th=[473088], 99.95th=[493568],
     | 99.99th=[536576]
    bw (KB  /s): min=  224, max=387576, per=13.27%, avg=62626.35, stdev=69740.44
    lat (usec) : 10=11.12%, 20=36.47%, 50=24.93%, 100=2.43%, 250=0.05%
    lat (usec) : 500=0.05%, 750=5.04%, 1000=3.32%
    lat (msec) : 2=14.28%, 4=0.10%, 10=0.01%, 20=0.26%, 50=1.60%
    lat (msec) : 100=0.02%, 250=0.02%, 500=0.26%, 750=0.04%
  cpu          : usr=0.17%, sys=3.85%, ctx=2471881, majf=0, minf=15874
  IO depths    : 1=100.0%, 2=0.0%, 4=0.0%, 8=0.0%, 16=0.0%, 32=0.0%, >=64=0.0%
     submit    : 0=0.0%, 4=100.0%, 8=0.0%, 16=0.0%, 32=0.0%, 64=0.0%, >=64=0.0%
     complete  : 0=0.0%, 4=100.0%, 8=0.0%, 16=0.0%, 32=0.0%, 64=0.0%, >=64=0.0%
     issued    : total=r=0/w=885367/d=0, short=r=0/w=0/d=0, drop=r=0/w=0/d=0
     latency   : target=0, window=0, percentile=100.00%, depth=1

Run status group 0 (all jobs):
  WRITE: io=110671MB, aggrb=471833KB/s, minb=471833KB/s, maxb=471833KB/s, mint=240184msec, maxt=240184msec

CPU idleness:
  system: 94.67%
  unit work: mean=53.42us, stddev=1.74
