fio-beegfs-write-buffered-block_512k-size_2G-threads_2: (g=0): rw=rw, bs=512K-512K/512K-512K/512K-512K, ioengine=psync, iodepth=1
...
fio-2.2.10
Starting 2 processes
fio-beegfs-write-buffered-block_512k-size_2G-threads_2: Laying out IO file(s) (4 file(s) / 8192MB)
fio-beegfs-write-buffered-block_512k-size_2G-threads_2: Laying out IO file(s) (4 file(s) / 8192MB)

fio-beegfs-write-buffered-block_512k-size_2G-threads_2: (groupid=0, jobs=2): err= 0: pid=6972: Mon Nov 19 02:57:48 2018
  write: io=135325MB, bw=577351KB/s, iops=1127, runt=240014msec
    clat (usec): min=449, max=647903, avg=1762.89, stdev=22227.05
     lat (usec): min=454, max=647912, avg=1771.49, stdev=22227.06
    clat percentiles (usec):
     |  1.00th=[  516],  5.00th=[  540], 10.00th=[  556], 20.00th=[  580],
     | 30.00th=[  604], 40.00th=[  620], 50.00th=[  636], 60.00th=[  644],
     | 70.00th=[  660], 80.00th=[  676], 90.00th=[  700], 95.00th=[  724],
     | 99.00th=[  788], 99.50th=[  868], 99.90th=[464896], 99.95th=[489472],
     | 99.99th=[561152]
    bw (KB  /s): min= 1000, max=862208, per=52.62%, avg=303829.68, stdev=311161.66
    lat (usec) : 500=0.20%, 750=97.61%, 1000=1.79%
    lat (msec) : 2=0.04%, 4=0.02%, 10=0.02%, 20=0.01%, 50=0.04%
    lat (msec) : 100=0.01%, 250=0.02%, 500=0.21%, 750=0.04%
  cpu          : usr=0.65%, sys=13.14%, ctx=1216724, majf=0, minf=7615
  IO depths    : 1=100.0%, 2=0.0%, 4=0.0%, 8=0.0%, 16=0.0%, 32=0.0%, >=64=0.0%
     submit    : 0=0.0%, 4=100.0%, 8=0.0%, 16=0.0%, 32=0.0%, 64=0.0%, >=64=0.0%
     complete  : 0=0.0%, 4=100.0%, 8=0.0%, 16=0.0%, 32=0.0%, 64=0.0%, >=64=0.0%
     issued    : total=r=0/w=270649/d=0, short=r=0/w=0/d=0, drop=r=0/w=0/d=0
     latency   : target=0, window=0, percentile=100.00%, depth=1

Run status group 0 (all jobs):
  WRITE: io=135325MB, aggrb=577350KB/s, minb=577350KB/s, maxb=577350KB/s, mint=240014msec, maxt=240014msec

CPU idleness:
  system: 98.02%
  unit work: mean=55.22us, stddev=3.29
