fio-beegfs-read-unbuffered-block_16k-size_2G-threads_4: (g=0): rw=rw, bs=16K-16K/16K-16K/16K-16K, ioengine=psync, iodepth=1
...
fio-2.2.10
Starting 4 processes
fio-beegfs-read-unbuffered-block_16k-size_2G-threads_4: Laying out IO file(s) (4 file(s) / 8192MB)
fio-beegfs-read-unbuffered-block_16k-size_2G-threads_4: Laying out IO file(s) (4 file(s) / 8192MB)
fio-beegfs-read-unbuffered-block_16k-size_2G-threads_4: Laying out IO file(s) (4 file(s) / 8192MB)
fio-beegfs-read-unbuffered-block_16k-size_2G-threads_4: Laying out IO file(s) (4 file(s) / 8192MB)

fio-beegfs-read-unbuffered-block_16k-size_2G-threads_4: (groupid=0, jobs=4): err= 0: pid=10252: Fri Nov 23 20:19:16 2018
  read : io=44680MB, bw=190636KB/s, iops=11914, runt=240001msec
    clat (usec): min=216, max=36681, avg=334.13, stdev=154.44
     lat (usec): min=216, max=36681, avg=334.24, stdev=154.44
    clat percentiles (usec):
     |  1.00th=[  247],  5.00th=[  262], 10.00th=[  274], 20.00th=[  290],
     | 30.00th=[  302], 40.00th=[  314], 50.00th=[  326], 60.00th=[  338],
     | 70.00th=[  350], 80.00th=[  366], 90.00th=[  386], 95.00th=[  406],
     | 99.00th=[  450], 99.50th=[  506], 99.90th=[ 2544], 99.95th=[ 2960],
     | 99.99th=[ 5216]
    bw (KB  /s): min=41056, max=50720, per=25.01%, avg=47681.27, stdev=1548.49
    lat (usec) : 250=1.42%, 500=98.06%, 750=0.21%, 1000=0.08%
    lat (msec) : 2=0.09%, 4=0.13%, 10=0.01%, 20=0.01%, 50=0.01%
  cpu          : usr=0.83%, sys=10.72%, ctx=2938270, majf=0, minf=54683
  IO depths    : 1=100.0%, 2=0.0%, 4=0.0%, 8=0.0%, 16=0.0%, 32=0.0%, >=64=0.0%
     submit    : 0=0.0%, 4=100.0%, 8=0.0%, 16=0.0%, 32=0.0%, 64=0.0%, >=64=0.0%
     complete  : 0=0.0%, 4=100.0%, 8=0.0%, 16=0.0%, 32=0.0%, 64=0.0%, >=64=0.0%
     issued    : total=r=2859548/w=0/d=0, short=r=0/w=0/d=0, drop=r=0/w=0/d=0
     latency   : target=0, window=0, percentile=100.00%, depth=1

Run status group 0 (all jobs):
   READ: io=44680MB, aggrb=190635KB/s, minb=190635KB/s, maxb=190635KB/s, mint=240001msec, maxt=240001msec

CPU idleness:
  system: 99.30%
  unit work: mean=56.14us, stddev=2.01
