fio-beegfs-write-unbuffered-block_16k-size_4G-threads_4: (g=0): rw=rw, bs=16K-16K/16K-16K/16K-16K, ioengine=psync, iodepth=1
...
fio-2.2.10
Starting 4 processes
fio-beegfs-write-unbuffered-block_16k-size_4G-threads_4: Laying out IO file(s) (4 file(s) / 16384MB)
fio-beegfs-write-unbuffered-block_16k-size_4G-threads_4: Laying out IO file(s) (4 file(s) / 16384MB)
fio-beegfs-write-unbuffered-block_16k-size_4G-threads_4: Laying out IO file(s) (4 file(s) / 16384MB)
fio-beegfs-write-unbuffered-block_16k-size_4G-threads_4: Laying out IO file(s) (4 file(s) / 16384MB)

fio-beegfs-write-unbuffered-block_16k-size_4G-threads_4: (groupid=0, jobs=4): err= 0: pid=11810: Sat Nov 24 00:19:18 2018
  write: io=65833MB, bw=280888KB/s, iops=17555, runt=240001msec
    clat (usec): min=146, max=240479, avg=225.85, stdev=344.55
     lat (usec): min=146, max=240480, avg=226.18, stdev=344.55
    clat percentiles (usec):
     |  1.00th=[  173],  5.00th=[  181], 10.00th=[  187], 20.00th=[  197],
     | 30.00th=[  207], 40.00th=[  213], 50.00th=[  219], 60.00th=[  227],
     | 70.00th=[  237], 80.00th=[  247], 90.00th=[  262], 95.00th=[  278],
     | 99.00th=[  318], 99.50th=[  342], 99.90th=[  636], 99.95th=[ 1176],
     | 99.99th=[ 5216]
    bw (KB  /s): min=34976, max=72512, per=25.01%, avg=70258.12, stdev=2235.20
    lat (usec) : 250=82.74%, 500=17.12%, 750=0.06%, 1000=0.02%
    lat (msec) : 2=0.03%, 4=0.01%, 10=0.03%, 20=0.01%, 50=0.01%
    lat (msec) : 250=0.01%
  cpu          : usr=1.54%, sys=16.14%, ctx=8427325, majf=0, minf=70544
  IO depths    : 1=100.0%, 2=0.0%, 4=0.0%, 8=0.0%, 16=0.0%, 32=0.0%, >=64=0.0%
     submit    : 0=0.0%, 4=100.0%, 8=0.0%, 16=0.0%, 32=0.0%, 64=0.0%, >=64=0.0%
     complete  : 0=0.0%, 4=100.0%, 8=0.0%, 16=0.0%, 32=0.0%, 64=0.0%, >=64=0.0%
     issued    : total=r=0/w=4213331/d=0, short=r=0/w=0/d=0, drop=r=0/w=0/d=0
     latency   : target=0, window=0, percentile=100.00%, depth=1

Run status group 0 (all jobs):
  WRITE: io=65833MB, aggrb=280887KB/s, minb=280887KB/s, maxb=280887KB/s, mint=240001msec, maxt=240001msec

CPU idleness:
  system: 98.26%
  unit work: mean=55.94us, stddev=1.88
