fio-beegfs-write-buffered-block_16k-size_1G-threads_8: (g=0): rw=rw, bs=16K-16K/16K-16K/16K-16K, ioengine=psync, iodepth=1
...
fio-2.2.10
Starting 8 processes
fio-beegfs-write-buffered-block_16k-size_1G-threads_8: Laying out IO file(s) (4 file(s) / 4096MB)
fio-beegfs-write-buffered-block_16k-size_1G-threads_8: Laying out IO file(s) (4 file(s) / 4096MB)
fio-beegfs-write-buffered-block_16k-size_1G-threads_8: Laying out IO file(s) (4 file(s) / 4096MB)
fio-beegfs-write-buffered-block_16k-size_1G-threads_8: Laying out IO file(s) (4 file(s) / 4096MB)
fio-beegfs-write-buffered-block_16k-size_1G-threads_8: Laying out IO file(s) (4 file(s) / 4096MB)
fio-beegfs-write-buffered-block_16k-size_1G-threads_8: Laying out IO file(s) (4 file(s) / 4096MB)
fio-beegfs-write-buffered-block_16k-size_1G-threads_8: Laying out IO file(s) (4 file(s) / 4096MB)
fio-beegfs-write-buffered-block_16k-size_1G-threads_8: Laying out IO file(s) (4 file(s) / 4096MB)

fio-beegfs-write-buffered-block_16k-size_1G-threads_8: (groupid=0, jobs=8): err= 0: pid=13196: Mon Nov 19 18:30:01 2018
  write: io=110424MB, bw=470851KB/s, iops=29428, runt=240148msec
    clat (usec): min=1, max=633020, avg=270.86, stdev=9054.65
     lat (usec): min=1, max=633021, avg=271.09, stdev=9054.66
    clat percentiles (usec):
     |  1.00th=[    1],  5.00th=[    2], 10.00th=[    2], 20.00th=[    2],
     | 30.00th=[    2], 40.00th=[    2], 50.00th=[    2], 60.00th=[    3],
     | 70.00th=[    3], 80.00th=[    5], 90.00th=[    5], 95.00th=[   12],
     | 99.00th=[ 1208], 99.50th=[ 1432], 99.90th=[30848], 99.95th=[42240],
     | 99.99th=[481280]
    bw (KB  /s): min=   27, max=385056, per=13.14%, avg=61889.74, stdev=71730.21
    lat (usec) : 2=3.40%, 4=71.33%, 10=19.98%, 20=1.39%, 50=0.74%
    lat (usec) : 100=0.04%, 250=0.01%, 500=0.01%, 750=0.76%, 1000=0.50%
    lat (msec) : 2=1.58%, 4=0.02%, 10=0.01%, 20=0.04%, 50=0.18%
    lat (msec) : 100=0.01%, 250=0.01%, 500=0.03%, 750=0.01%
  cpu          : usr=0.43%, sys=3.76%, ctx=2177567, majf=0, minf=125165
  IO depths    : 1=100.0%, 2=0.0%, 4=0.0%, 8=0.0%, 16=0.0%, 32=0.0%, >=64=0.0%
     submit    : 0=0.0%, 4=100.0%, 8=0.0%, 16=0.0%, 32=0.0%, 64=0.0%, >=64=0.0%
     complete  : 0=0.0%, 4=100.0%, 8=0.0%, 16=0.0%, 32=0.0%, 64=0.0%, >=64=0.0%
     issued    : total=r=0/w=7067117/d=0, short=r=0/w=0/d=0, drop=r=0/w=0/d=0
     latency   : target=0, window=0, percentile=100.00%, depth=1

Run status group 0 (all jobs):
  WRITE: io=110424MB, aggrb=470850KB/s, minb=470850KB/s, maxb=470850KB/s, mint=240148msec, maxt=240148msec

CPU idleness:
  system: 93.43%
  unit work: mean=52.69us, stddev=2.47
