fio-beegfs-read-buffered-block_512k-size_4G-threads_4: (g=0): rw=rw, bs=512K-512K/512K-512K/512K-512K, ioengine=psync, iodepth=1
...
fio-2.2.10
Starting 4 processes
fio-beegfs-read-buffered-block_512k-size_4G-threads_4: Laying out IO file(s) (4 file(s) / 16384MB)
fio-beegfs-read-buffered-block_512k-size_4G-threads_4: Laying out IO file(s) (4 file(s) / 16384MB)
fio-beegfs-read-buffered-block_512k-size_4G-threads_4: Laying out IO file(s) (4 file(s) / 16384MB)
fio-beegfs-read-buffered-block_512k-size_4G-threads_4: Laying out IO file(s) (4 file(s) / 16384MB)

fio-beegfs-read-buffered-block_512k-size_4G-threads_4: (groupid=0, jobs=4): err= 0: pid=12478: Mon Nov 19 16:05:33 2018
  read : io=685570MB, bw=2856.4MB/s, iops=5712, runt=240015msec
    clat (usec): min=387, max=46878, avg=698.26, stdev=168.01
     lat (usec): min=387, max=46878, avg=698.41, stdev=168.01
    clat percentiles (usec):
     |  1.00th=[  556],  5.00th=[  604], 10.00th=[  628], 20.00th=[  652],
     | 30.00th=[  668], 40.00th=[  676], 50.00th=[  692], 60.00th=[  700],
     | 70.00th=[  716], 80.00th=[  732], 90.00th=[  756], 95.00th=[  804],
     | 99.00th=[  996], 99.50th=[ 1112], 99.90th=[ 1464], 99.95th=[ 1976],
     | 99.99th=[ 7200]
    bw (KB  /s): min=616448, max=765952, per=25.02%, avg=731763.90, stdev=15988.80
    lat (usec) : 500=0.09%, 750=88.52%, 1000=10.42%
    lat (msec) : 2=0.92%, 4=0.03%, 10=0.02%, 20=0.01%, 50=0.01%
  cpu          : usr=0.41%, sys=70.43%, ctx=4467900, majf=0, minf=29200
  IO depths    : 1=100.0%, 2=0.0%, 4=0.0%, 8=0.0%, 16=0.0%, 32=0.0%, >=64=0.0%
     submit    : 0=0.0%, 4=100.0%, 8=0.0%, 16=0.0%, 32=0.0%, 64=0.0%, >=64=0.0%
     complete  : 0=0.0%, 4=100.0%, 8=0.0%, 16=0.0%, 32=0.0%, 64=0.0%, >=64=0.0%
     issued    : total=r=1371140/w=0/d=0, short=r=0/w=0/d=0, drop=r=0/w=0/d=0
     latency   : target=0, window=0, percentile=100.00%, depth=1

Run status group 0 (all jobs):
   READ: io=685570MB, aggrb=2856.4MB/s, minb=2856.4MB/s, maxb=2856.4MB/s, mint=240015msec, maxt=240015msec

CPU idleness:
  system: 95.47%
  unit work: mean=56.15us, stddev=1.85
