fio-beegfs-write-buffered-block_512k-size_4G-threads_8: (g=0): rw=rw, bs=512K-512K/512K-512K/512K-512K, ioengine=psync, iodepth=1
...
fio-2.2.10
Starting 8 processes
fio-beegfs-write-buffered-block_512k-size_4G-threads_8: Laying out IO file(s) (4 file(s) / 16384MB)
fio-beegfs-write-buffered-block_512k-size_4G-threads_8: Laying out IO file(s) (4 file(s) / 16384MB)
fio-beegfs-write-buffered-block_512k-size_4G-threads_8: Laying out IO file(s) (4 file(s) / 16384MB)
fio-beegfs-write-buffered-block_512k-size_4G-threads_8: Laying out IO file(s) (4 file(s) / 16384MB)
fio-beegfs-write-buffered-block_512k-size_4G-threads_8: Laying out IO file(s) (4 file(s) / 16384MB)
fio-beegfs-write-buffered-block_512k-size_4G-threads_8: Laying out IO file(s) (4 file(s) / 16384MB)
fio-beegfs-write-buffered-block_512k-size_4G-threads_8: Laying out IO file(s) (4 file(s) / 16384MB)
fio-beegfs-write-buffered-block_512k-size_4G-threads_8: Laying out IO file(s) (4 file(s) / 16384MB)

fio-beegfs-write-buffered-block_512k-size_4G-threads_8: (groupid=0, jobs=8): err= 0: pid=16983: Tue Nov 20 11:40:14 2018
  write: io=109523MB, bw=467280KB/s, iops=912, runt=240008msec
    clat (usec): min=433, max=1513.9K, avg=8753.71, stdev=49848.35
     lat (usec): min=438, max=1513.9K, avg=8763.11, stdev=49848.38
    clat percentiles (usec):
     |  1.00th=[  524],  5.00th=[  580], 10.00th=[  620], 20.00th=[  700],
     | 30.00th=[  900], 40.00th=[ 1128], 50.00th=[ 1224], 60.00th=[ 1304],
     | 70.00th=[ 1352], 80.00th=[ 1384], 90.00th=[ 2352], 95.00th=[27264],
     | 99.00th=[403456], 99.50th=[460800], 99.90th=[514048], 99.95th=[552960],
     | 99.99th=[643072]
    bw (KB  /s): min=  677, max=418816, per=13.46%, avg=62900.77, stdev=70035.55
    lat (usec) : 500=0.27%, 750=23.40%, 1000=9.36%
    lat (msec) : 2=55.71%, 4=1.54%, 10=0.07%, 20=1.17%, 50=7.15%
    lat (msec) : 100=0.06%, 250=0.08%, 500=1.03%, 750=0.15%, 1000=0.01%
    lat (msec) : 2000=0.01%
  cpu          : usr=0.15%, sys=2.81%, ctx=2699784, majf=0, minf=4985
  IO depths    : 1=100.0%, 2=0.0%, 4=0.0%, 8=0.0%, 16=0.0%, 32=0.0%, >=64=0.0%
     submit    : 0=0.0%, 4=100.0%, 8=0.0%, 16=0.0%, 32=0.0%, 64=0.0%, >=64=0.0%
     complete  : 0=0.0%, 4=100.0%, 8=0.0%, 16=0.0%, 32=0.0%, 64=0.0%, >=64=0.0%
     issued    : total=r=0/w=219045/d=0, short=r=0/w=0/d=0, drop=r=0/w=0/d=0
     latency   : target=0, window=0, percentile=100.00%, depth=1

Run status group 0 (all jobs):
  WRITE: io=109523MB, aggrb=467280KB/s, minb=467280KB/s, maxb=467280KB/s, mint=240008msec, maxt=240008msec

CPU idleness:
  system: 93.32%
  unit work: mean=52.59us, stddev=2.69
