fio-beegfs-read-unbuffered-block_64k-size_4G-threads_4: (g=0): rw=rw, bs=64K-64K/64K-64K/64K-64K, ioengine=psync, iodepth=1
...
fio-2.2.10
Starting 4 processes
fio-beegfs-read-unbuffered-block_64k-size_4G-threads_4: Laying out IO file(s) (4 file(s) / 16384MB)
fio-beegfs-read-unbuffered-block_64k-size_4G-threads_4: Laying out IO file(s) (4 file(s) / 16384MB)
fio-beegfs-read-unbuffered-block_64k-size_4G-threads_4: Laying out IO file(s) (4 file(s) / 16384MB)
fio-beegfs-read-unbuffered-block_64k-size_4G-threads_4: Laying out IO file(s) (4 file(s) / 16384MB)

fio-beegfs-read-unbuffered-block_64k-size_4G-threads_4: (groupid=0, jobs=4): err= 0: pid=11952: Sat Nov 24 00:52:12 2018
  read : io=83266MB, bw=355249KB/s, iops=5550, runt=240014msec
    clat (usec): min=403, max=34081, avg=718.82, stdev=248.70
     lat (usec): min=403, max=34081, avg=718.95, stdev=248.70
    clat percentiles (usec):
     |  1.00th=[  524],  5.00th=[  572], 10.00th=[  596], 20.00th=[  628],
     | 30.00th=[  652], 40.00th=[  668], 50.00th=[  684], 60.00th=[  708],
     | 70.00th=[  732], 80.00th=[  772], 90.00th=[  844], 95.00th=[  900],
     | 99.00th=[ 1224], 99.50th=[ 2640], 99.90th=[ 3408], 99.95th=[ 3600],
     | 99.99th=[ 7392]
    bw (KB  /s): min=70144, max=94720, per=25.02%, avg=88878.56, stdev=3254.94
    lat (usec) : 500=0.39%, 750=74.50%, 1000=23.48%
    lat (msec) : 2=0.95%, 4=0.65%, 10=0.02%, 20=0.01%, 50=0.01%
  cpu          : usr=0.42%, sys=8.64%, ctx=1689165, majf=0, minf=28973
  IO depths    : 1=100.0%, 2=0.0%, 4=0.0%, 8=0.0%, 16=0.0%, 32=0.0%, >=64=0.0%
     submit    : 0=0.0%, 4=100.0%, 8=0.0%, 16=0.0%, 32=0.0%, 64=0.0%, >=64=0.0%
     complete  : 0=0.0%, 4=100.0%, 8=0.0%, 16=0.0%, 32=0.0%, 64=0.0%, >=64=0.0%
     issued    : total=r=1332262/w=0/d=0, short=r=0/w=0/d=0, drop=r=0/w=0/d=0
     latency   : target=0, window=0, percentile=100.00%, depth=1

Run status group 0 (all jobs):
   READ: io=83266MB, aggrb=355249KB/s, minb=355249KB/s, maxb=355249KB/s, mint=240014msec, maxt=240014msec

CPU idleness:
  system: 97.72%
  unit work: mean=55.08us, stddev=2.73
