fio-beegfs-write-unbuffered-block_512k-size_4G-threads_1: (g=0): rw=rw, bs=512K-512K/512K-512K/512K-512K, ioengine=psync, iodepth=1
fio-2.2.10
Starting 1 process
fio-beegfs-write-unbuffered-block_512k-size_4G-threads_1: Laying out IO file(s) (4 file(s) / 16384MB)

fio-beegfs-write-unbuffered-block_512k-size_4G-threads_1: (groupid=0, jobs=1): err= 0: pid=4216: Fri Nov 23 11:05:22 2018
  write: io=79058MB, bw=337313KB/s, iops=658, runt=240001msec
    clat (usec): min=1320, max=14717, avg=1507.86, stdev=300.50
     lat (usec): min=1324, max=14725, avg=1515.78, stdev=300.50
    clat percentiles (usec):
     |  1.00th=[ 1384],  5.00th=[ 1416], 10.00th=[ 1416], 20.00th=[ 1448],
     | 30.00th=[ 1464], 40.00th=[ 1464], 50.00th=[ 1480], 60.00th=[ 1496],
     | 70.00th=[ 1512], 80.00th=[ 1528], 90.00th=[ 1560], 95.00th=[ 1608],
     | 99.00th=[ 1832], 99.50th=[ 2320], 99.90th=[ 7520], 99.95th=[ 7840],
     | 99.99th=[ 8640]
    bw (KB  /s): min=308007, max=353596, per=100.00%, avg=337599.29, stdev=8846.87
    lat (msec) : 2=99.28%, 4=0.46%, 10=0.26%, 20=0.01%
  cpu          : usr=0.97%, sys=12.89%, ctx=881502, majf=0, minf=4076
  IO depths    : 1=100.0%, 2=0.0%, 4=0.0%, 8=0.0%, 16=0.0%, 32=0.0%, >=64=0.0%
     submit    : 0=0.0%, 4=100.0%, 8=0.0%, 16=0.0%, 32=0.0%, 64=0.0%, >=64=0.0%
     complete  : 0=0.0%, 4=100.0%, 8=0.0%, 16=0.0%, 32=0.0%, 64=0.0%, >=64=0.0%
     issued    : total=r=0/w=158116/d=0, short=r=0/w=0/d=0, drop=r=0/w=0/d=0
     latency   : target=0, window=0, percentile=100.00%, depth=1

Run status group 0 (all jobs):
  WRITE: io=79058MB, aggrb=337312KB/s, minb=337312KB/s, maxb=337312KB/s, mint=240001msec, maxt=240001msec

CPU idleness:
  system: 92.78%
  unit work: mean=52.14us, stddev=3.11
