fio-beegfs-write-buffered-block_1024k-size_1G-threads_4: (g=0): rw=rw, bs=1M-1M/1M-1M/1M-1M, ioengine=psync, iodepth=1
...
fio-2.2.10
Starting 4 processes
fio-beegfs-write-buffered-block_1024k-size_1G-threads_4: Laying out IO file(s) (4 file(s) / 4096MB)
fio-beegfs-write-buffered-block_1024k-size_1G-threads_4: Laying out IO file(s) (4 file(s) / 4096MB)
fio-beegfs-write-buffered-block_1024k-size_1G-threads_4: Laying out IO file(s) (4 file(s) / 4096MB)
fio-beegfs-write-buffered-block_1024k-size_1G-threads_4: Laying out IO file(s) (4 file(s) / 4096MB)

fio-beegfs-write-buffered-block_1024k-size_1G-threads_4: (groupid=0, jobs=4): err= 0: pid=10068: Mon Nov 19 08:43:13 2018
  write: io=261501MB, bw=1087.3MB/s, iops=1087, runt=240511msec
    clat (usec): min=952, max=977626, avg=3655.01, stdev=31093.79
     lat (usec): min=968, max=977644, avg=3676.56, stdev=31093.82
    clat percentiles (usec):
     |  1.00th=[ 1208],  5.00th=[ 1272], 10.00th=[ 1304], 20.00th=[ 1352],
     | 30.00th=[ 1384], 40.00th=[ 1416], 50.00th=[ 1432], 60.00th=[ 1464],
     | 70.00th=[ 1480], 80.00th=[ 1512], 90.00th=[ 1576], 95.00th=[ 1624],
     | 99.00th=[ 1880], 99.50th=[148480], 99.90th=[489472], 99.95th=[509952],
     | 99.99th=[643072]
    bw (KB  /s): min= 1563, max=718848, per=26.29%, avg=292697.71, stdev=274135.59
    lat (usec) : 1000=0.01%
    lat (msec) : 2=99.18%, 4=0.14%, 10=0.03%, 20=0.02%, 50=0.09%
    lat (msec) : 100=0.03%, 250=0.04%, 500=0.41%, 750=0.07%, 1000=0.01%
  cpu          : usr=0.80%, sys=12.74%, ctx=3042824, majf=0, minf=5042
  IO depths    : 1=100.0%, 2=0.0%, 4=0.0%, 8=0.0%, 16=0.0%, 32=0.0%, >=64=0.0%
     submit    : 0=0.0%, 4=100.0%, 8=0.0%, 16=0.0%, 32=0.0%, 64=0.0%, >=64=0.0%
     complete  : 0=0.0%, 4=100.0%, 8=0.0%, 16=0.0%, 32=0.0%, 64=0.0%, >=64=0.0%
     issued    : total=r=0/w=261501/d=0, short=r=0/w=0/d=0, drop=r=0/w=0/d=0
     latency   : target=0, window=0, percentile=100.00%, depth=1

Run status group 0 (all jobs):
  WRITE: io=261501MB, aggrb=1087.3MB/s, minb=1087.3MB/s, maxb=1087.3MB/s, mint=240511msec, maxt=240511msec

CPU idleness:
  system: 97.70%
  unit work: mean=55.33us, stddev=1.92
