fio-beegfs-write-unbuffered-block_64k-size_4G-threads_8: (g=0): rw=rw, bs=64K-64K/64K-64K/64K-64K, ioengine=psync, iodepth=1
...
fio-2.2.10
Starting 8 processes
fio-beegfs-write-unbuffered-block_64k-size_4G-threads_8: Laying out IO file(s) (4 file(s) / 16384MB)
fio-beegfs-write-unbuffered-block_64k-size_4G-threads_8: Laying out IO file(s) (4 file(s) / 16384MB)
fio-beegfs-write-unbuffered-block_64k-size_4G-threads_8: Laying out IO file(s) (4 file(s) / 16384MB)
fio-beegfs-write-unbuffered-block_64k-size_4G-threads_8: Laying out IO file(s) (4 file(s) / 16384MB)
fio-beegfs-write-unbuffered-block_64k-size_4G-threads_8: Laying out IO file(s) (4 file(s) / 16384MB)
fio-beegfs-write-unbuffered-block_64k-size_4G-threads_8: Laying out IO file(s) (4 file(s) / 16384MB)
fio-beegfs-write-unbuffered-block_64k-size_4G-threads_8: Laying out IO file(s) (4 file(s) / 16384MB)
fio-beegfs-write-unbuffered-block_64k-size_4G-threads_8: Laying out IO file(s) (4 file(s) / 16384MB)

fio-beegfs-write-unbuffered-block_64k-size_4G-threads_8: (groupid=0, jobs=8): err= 0: pid=16441: Sat Nov 24 17:53:22 2018
  write: io=90422MB, bw=385776KB/s, iops=6027, runt=240015msec
    clat (usec): min=298, max=42331, avg=1324.41, stdev=524.47
     lat (usec): min=299, max=42332, avg=1325.31, stdev=524.47
    clat percentiles (usec):
     |  1.00th=[  924],  5.00th=[  996], 10.00th=[ 1012], 20.00th=[ 1032],
     | 30.00th=[ 1064], 40.00th=[ 1080], 50.00th=[ 1112], 60.00th=[ 1160],
     | 70.00th=[ 1416], 80.00th=[ 1736], 90.00th=[ 1928], 95.00th=[ 2008],
     | 99.00th=[ 2256], 99.50th=[ 2928], 99.90th=[ 8032], 99.95th=[ 8384],
     | 99.99th=[12224]
    bw (KB  /s): min=36752, max=51736, per=12.51%, avg=48270.45, stdev=2198.36
    lat (usec) : 500=0.01%, 750=0.03%, 1000=6.09%
    lat (msec) : 2=88.49%, 4=5.08%, 10=0.28%, 20=0.02%, 50=0.01%
  cpu          : usr=0.33%, sys=3.76%, ctx=3510486, majf=0, minf=34725
  IO depths    : 1=100.0%, 2=0.0%, 4=0.0%, 8=0.0%, 16=0.0%, 32=0.0%, >=64=0.0%
     submit    : 0=0.0%, 4=100.0%, 8=0.0%, 16=0.0%, 32=0.0%, 64=0.0%, >=64=0.0%
     complete  : 0=0.0%, 4=100.0%, 8=0.0%, 16=0.0%, 32=0.0%, 64=0.0%, >=64=0.0%
     issued    : total=r=0/w=1446750/d=0, short=r=0/w=0/d=0, drop=r=0/w=0/d=0
     latency   : target=0, window=0, percentile=100.00%, depth=1

Run status group 0 (all jobs):
  WRITE: io=90422MB, aggrb=385775KB/s, minb=385775KB/s, maxb=385775KB/s, mint=240015msec, maxt=240015msec

CPU idleness:
  system: 95.37%
  unit work: mean=53.89us, stddev=2.30
