fio-beegfs-write-buffered-block_512k-size_2G-threads_4: (g=0): rw=rw, bs=512K-512K/512K-512K/512K-512K, ioengine=psync, iodepth=1
...
fio-2.2.10
Starting 4 processes
fio-beegfs-write-buffered-block_512k-size_2G-threads_4: Laying out IO file(s) (4 file(s) / 8192MB)
fio-beegfs-write-buffered-block_512k-size_2G-threads_4: Laying out IO file(s) (4 file(s) / 8192MB)
fio-beegfs-write-buffered-block_512k-size_2G-threads_4: Laying out IO file(s) (4 file(s) / 8192MB)
fio-beegfs-write-buffered-block_512k-size_2G-threads_4: Laying out IO file(s) (4 file(s) / 8192MB)

fio-beegfs-write-buffered-block_512k-size_2G-threads_4: (groupid=0, jobs=4): err= 0: pid=11202: Mon Nov 19 11:23:22 2018
  write: io=108728MB, bw=463350KB/s, iops=904, runt=240288msec
    clat (usec): min=429, max=775139, avg=4408.68, stdev=33976.52
     lat (usec): min=434, max=775165, avg=4417.77, stdev=33976.51
    clat percentiles (usec):
     |  1.00th=[  516],  5.00th=[  564], 10.00th=[  588], 20.00th=[  628],
     | 30.00th=[  660], 40.00th=[  684], 50.00th=[  716], 60.00th=[  740],
     | 70.00th=[  772], 80.00th=[  796], 90.00th=[  844], 95.00th=[16768],
     | 99.00th=[35072], 99.50th=[362496], 99.90th=[485376], 99.95th=[497664],
     | 99.99th=[610304]
    bw (KB  /s): min=  984, max=695296, per=26.40%, avg=122324.87, stdev=137192.91
    lat (usec) : 500=0.54%, 750=62.13%, 1000=31.97%
    lat (msec) : 2=0.26%, 4=0.03%, 10=0.02%, 20=0.78%, 50=3.62%
    lat (msec) : 100=0.04%, 250=0.05%, 500=0.52%, 750=0.05%, 1000=0.01%
  cpu          : usr=0.31%, sys=5.05%, ctx=1168502, majf=0, minf=4016
  IO depths    : 1=100.0%, 2=0.0%, 4=0.0%, 8=0.0%, 16=0.0%, 32=0.0%, >=64=0.0%
     submit    : 0=0.0%, 4=100.0%, 8=0.0%, 16=0.0%, 32=0.0%, 64=0.0%, >=64=0.0%
     complete  : 0=0.0%, 4=100.0%, 8=0.0%, 16=0.0%, 32=0.0%, 64=0.0%, >=64=0.0%
     issued    : total=r=0/w=217456/d=0, short=r=0/w=0/d=0, drop=r=0/w=0/d=0
     latency   : target=0, window=0, percentile=100.00%, depth=1

Run status group 0 (all jobs):
  WRITE: io=108728MB, aggrb=463350KB/s, minb=463350KB/s, maxb=463350KB/s, mint=240288msec, maxt=240288msec

CPU idleness:
  system: 94.22%
  unit work: mean=52.99us, stddev=1.95
