fio-beegfs-read-buffered-block_128k-size_1G-threads_8: (g=0): rw=rw, bs=128K-128K/128K-128K/128K-128K, ioengine=psync, iodepth=1
...
fio-2.2.10
Starting 8 processes
fio-beegfs-read-buffered-block_128k-size_1G-threads_8: Laying out IO file(s) (4 file(s) / 4096MB)
fio-beegfs-read-buffered-block_128k-size_1G-threads_8: Laying out IO file(s) (4 file(s) / 4096MB)
fio-beegfs-read-buffered-block_128k-size_1G-threads_8: Laying out IO file(s) (4 file(s) / 4096MB)
fio-beegfs-read-buffered-block_128k-size_1G-threads_8: Laying out IO file(s) (4 file(s) / 4096MB)
fio-beegfs-read-buffered-block_128k-size_1G-threads_8: Laying out IO file(s) (4 file(s) / 4096MB)
fio-beegfs-read-buffered-block_128k-size_1G-threads_8: Laying out IO file(s) (4 file(s) / 4096MB)
fio-beegfs-read-buffered-block_128k-size_1G-threads_8: Laying out IO file(s) (4 file(s) / 4096MB)
fio-beegfs-read-buffered-block_128k-size_1G-threads_8: Laying out IO file(s) (4 file(s) / 4096MB)

fio-beegfs-read-buffered-block_128k-size_1G-threads_8: (groupid=0, jobs=8): err= 0: pid=13633: Mon Nov 19 19:29:24 2018
  read : io=705547MB, bw=2939.7MB/s, iops=23516, runt=240015msec
    clat (usec): min=9, max=81263, avg=338.83, stdev=597.32
     lat (usec): min=10, max=81263, avg=338.93, stdev=597.34
    clat percentiles (usec):
     |  1.00th=[   10],  5.00th=[   10], 10.00th=[   10], 20.00th=[   11],
     | 30.00th=[   11], 40.00th=[   13], 50.00th=[   14], 60.00th=[   17],
     | 70.00th=[   24], 80.00th=[ 1128], 90.00th=[ 1288], 95.00th=[ 1416],
     | 99.00th=[ 1880], 99.50th=[ 1992], 99.90th=[ 2384], 99.95th=[ 2768],
     | 99.99th=[ 7584]
    bw (KB  /s): min=311040, max=434176, per=12.51%, avg=376617.76, stdev=8027.22
    lat (usec) : 10=0.01%, 20=64.04%, 50=10.49%, 100=0.41%, 250=0.03%
    lat (usec) : 500=0.01%, 750=0.06%, 1000=1.10%
    lat (msec) : 2=23.39%, 4=0.44%, 10=0.02%, 20=0.01%, 50=0.01%
    lat (msec) : 100=0.01%
  cpu          : usr=0.52%, sys=51.76%, ctx=23027388, majf=0, minf=108481
  IO depths    : 1=100.0%, 2=0.0%, 4=0.0%, 8=0.0%, 16=0.0%, 32=0.0%, >=64=0.0%
     submit    : 0=0.0%, 4=100.0%, 8=0.0%, 16=0.0%, 32=0.0%, 64=0.0%, >=64=0.0%
     complete  : 0=0.0%, 4=100.0%, 8=0.0%, 16=0.0%, 32=0.0%, 64=0.0%, >=64=0.0%
     issued    : total=r=5644379/w=0/d=0, short=r=0/w=0/d=0, drop=r=0/w=0/d=0
     latency   : target=0, window=0, percentile=100.00%, depth=1

Run status group 0 (all jobs):
   READ: io=705547MB, aggrb=2939.7MB/s, minb=2939.7MB/s, maxb=2939.7MB/s, mint=240015msec, maxt=240015msec

CPU idleness:
  system: 91.40%
  unit work: mean=56.22us, stddev=1.07
