fio-beegfs-read-buffered-block_512k-size_4G-threads_1: (g=0): rw=rw, bs=512K-512K/512K-512K/512K-512K, ioengine=psync, iodepth=1
fio-2.2.10
Starting 1 process
fio-beegfs-read-buffered-block_512k-size_4G-threads_1: Laying out IO file(s) (4 file(s) / 16384MB)

fio-beegfs-read-buffered-block_512k-size_4G-threads_1: (groupid=0, jobs=1): err= 0: pid=4038: Sun Nov 18 23:17:58 2018
  read : io=263192MB, bw=1096.7MB/s, iops=2193, runt=240001msec
    clat (usec): min=306, max=27714, avg=454.06, stdev=78.70
     lat (usec): min=306, max=27714, avg=454.19, stdev=78.70
    clat percentiles (usec):
     |  1.00th=[  402],  5.00th=[  414], 10.00th=[  418], 20.00th=[  426],
     | 30.00th=[  434], 40.00th=[  438], 50.00th=[  450], 60.00th=[  462],
     | 70.00th=[  470], 80.00th=[  482], 90.00th=[  498], 95.00th=[  510],
     | 99.00th=[  532], 99.50th=[  540], 99.90th=[  588], 99.95th=[  628],
     | 99.99th=[ 2576]
    bw (MB  /s): min=  986, max= 1307, per=100.00%, avg=1097.15, stdev=30.94
    lat (usec) : 500=91.66%, 750=8.32%, 1000=0.01%
    lat (msec) : 2=0.01%, 4=0.01%, 10=0.01%, 20=0.01%, 50=0.01%
  cpu          : usr=0.70%, sys=67.63%, ctx=1205144, majf=0, minf=11463
  IO depths    : 1=100.0%, 2=0.0%, 4=0.0%, 8=0.0%, 16=0.0%, 32=0.0%, >=64=0.0%
     submit    : 0=0.0%, 4=100.0%, 8=0.0%, 16=0.0%, 32=0.0%, 64=0.0%, >=64=0.0%
     complete  : 0=0.0%, 4=100.0%, 8=0.0%, 16=0.0%, 32=0.0%, 64=0.0%, >=64=0.0%
     issued    : total=r=526383/w=0/d=0, short=r=0/w=0/d=0, drop=r=0/w=0/d=0
     latency   : target=0, window=0, percentile=100.00%, depth=1

Run status group 0 (all jobs):
   READ: io=263192MB, aggrb=1096.7MB/s, minb=1096.7MB/s, maxb=1096.7MB/s, mint=240001msec, maxt=240001msec

CPU idleness:
  system: 99.01%
  unit work: mean=56.17us, stddev=2.04
