fio-beegfs-write-buffered-block_64k-size_2G-threads_2: (g=0): rw=rw, bs=64K-64K/64K-64K/64K-64K, ioengine=psync, iodepth=1
...
fio-2.2.10
Starting 2 processes
fio-beegfs-write-buffered-block_64k-size_2G-threads_2: Laying out IO file(s) (4 file(s) / 8192MB)
fio-beegfs-write-buffered-block_64k-size_2G-threads_2: Laying out IO file(s) (4 file(s) / 8192MB)

fio-beegfs-write-buffered-block_64k-size_2G-threads_2: (groupid=0, jobs=2): err= 0: pid=6414: Mon Nov 19 02:09:34 2018
  write: io=146214MB, bw=621262KB/s, iops=9707, runt=240998msec
    clat (usec): min=4, max=1009.3K, avg=204.46, stdev=7063.55
     lat (usec): min=5, max=1009.3K, avg=205.17, stdev=7063.79
    clat percentiles (usec):
     |  1.00th=[    4],  5.00th=[    5], 10.00th=[    5], 20.00th=[    5],
     | 30.00th=[    5], 40.00th=[    5], 50.00th=[    7], 60.00th=[   15],
     | 70.00th=[   16], 80.00th=[   16], 90.00th=[  596], 95.00th=[  668],
     | 99.00th=[  732], 99.50th=[  764], 99.90th=[  860], 99.95th=[ 1020],
     | 99.99th=[464896]
    bw (KB  /s): min= 3047, max=765056, per=52.17%, avg=324135.27, stdev=287885.47
    lat (usec) : 10=51.98%, 20=33.63%, 50=1.65%, 100=0.24%, 250=0.01%
    lat (usec) : 500=0.03%, 750=11.80%, 1000=0.61%
    lat (msec) : 2=0.02%, 4=0.01%, 10=0.01%, 20=0.01%, 50=0.01%
    lat (msec) : 100=0.01%, 250=0.01%, 500=0.02%, 750=0.01%, 2000=0.01%
  cpu          : usr=0.97%, sys=18.83%, ctx=1284052, majf=0, minf=38003
  IO depths    : 1=100.0%, 2=0.0%, 4=0.0%, 8=0.0%, 16=0.0%, 32=0.0%, >=64=0.0%
     submit    : 0=0.0%, 4=100.0%, 8=0.0%, 16=0.0%, 32=0.0%, 64=0.0%, >=64=0.0%
     complete  : 0=0.0%, 4=100.0%, 8=0.0%, 16=0.0%, 32=0.0%, 64=0.0%, >=64=0.0%
     issued    : total=r=0/w=2339420/d=0, short=r=0/w=0/d=0, drop=r=0/w=0/d=0
     latency   : target=0, window=0, percentile=100.00%, depth=1

Run status group 0 (all jobs):
  WRITE: io=146214MB, aggrb=621261KB/s, minb=621261KB/s, maxb=621261KB/s, mint=240998msec, maxt=240998msec

CPU idleness:
  system: 94.76%
  unit work: mean=53.45us, stddev=2.94
