fio-beegfs-write-buffered-block_1024k-size_1G-threads_2: (g=0): rw=rw, bs=1M-1M/1M-1M/1M-1M, ioengine=psync, iodepth=1
...
fio-2.2.10
Starting 2 processes
fio-beegfs-write-buffered-block_1024k-size_1G-threads_2: Laying out IO file(s) (4 file(s) / 4096MB)
fio-beegfs-write-buffered-block_1024k-size_1G-threads_2: Laying out IO file(s) (4 file(s) / 4096MB)

fio-beegfs-write-buffered-block_1024k-size_1G-threads_2: (groupid=0, jobs=2): err= 0: pid=5854: Mon Nov 19 01:19:49 2018
  write: io=250431MB, bw=1043.5MB/s, iops=1043, runt=240015msec
    clat (usec): min=844, max=988443, avg=1896.63, stdev=17791.94
     lat (usec): min=860, max=988459, avg=1914.62, stdev=17791.95
    clat percentiles (usec):
     |  1.00th=[  988],  5.00th=[ 1012], 10.00th=[ 1032], 20.00th=[ 1048],
     | 30.00th=[ 1080], 40.00th=[ 1112], 50.00th=[ 1144], 60.00th=[ 1160],
     | 70.00th=[ 1192], 80.00th=[ 1224], 90.00th=[ 1256], 95.00th=[ 1272],
     | 99.00th=[ 1368], 99.50th=[ 1528], 99.90th=[432128], 99.95th=[468992],
     | 99.99th=[518144]
    bw (KB  /s): min= 2043, max=978944, per=51.81%, avg=553505.18, stdev=375692.38
    lat (usec) : 1000=2.28%
    lat (msec) : 2=97.33%, 4=0.08%, 10=0.05%, 20=0.03%, 50=0.03%
    lat (msec) : 100=0.01%, 250=0.03%, 500=0.14%, 750=0.02%, 1000=0.01%
  cpu          : usr=1.11%, sys=25.15%, ctx=2272220, majf=0, minf=4307
  IO depths    : 1=100.0%, 2=0.0%, 4=0.0%, 8=0.0%, 16=0.0%, 32=0.0%, >=64=0.0%
     submit    : 0=0.0%, 4=100.0%, 8=0.0%, 16=0.0%, 32=0.0%, 64=0.0%, >=64=0.0%
     complete  : 0=0.0%, 4=100.0%, 8=0.0%, 16=0.0%, 32=0.0%, 64=0.0%, >=64=0.0%
     issued    : total=r=0/w=250431/d=0, short=r=0/w=0/d=0, drop=r=0/w=0/d=0
     latency   : target=0, window=0, percentile=100.00%, depth=1

Run status group 0 (all jobs):
  WRITE: io=250431MB, aggrb=1043.5MB/s, minb=1043.5MB/s, maxb=1043.5MB/s, mint=240015msec, maxt=240015msec

CPU idleness:
  system: 98.82%
  unit work: mean=55.86us, stddev=2.85
