fio-beegfs-write-unbuffered-block_1024k-size_1G-threads_2: (g=0): rw=rw, bs=1M-1M/1M-1M/1M-1M, ioengine=psync, iodepth=1
...
fio-2.2.10
Starting 2 processes
fio-beegfs-write-unbuffered-block_1024k-size_1G-threads_2: Laying out IO file(s) (4 file(s) / 4096MB)
fio-beegfs-write-unbuffered-block_1024k-size_1G-threads_2: Laying out IO file(s) (4 file(s) / 4096MB)

fio-beegfs-write-unbuffered-block_1024k-size_1G-threads_2: (groupid=0, jobs=2): err= 0: pid=5894: Fri Nov 23 12:52:00 2018
  write: io=90554MB, bw=386356KB/s, iops=377, runt=240005msec
    clat (msec): min=2, max=39, avg= 5.28, stdev= 1.18
     lat (msec): min=2, max=39, avg= 5.30, stdev= 1.18
    clat percentiles (usec):
     |  1.00th=[ 3568],  5.00th=[ 3984], 10.00th=[ 4128], 20.00th=[ 4576],
     | 30.00th=[ 4768], 40.00th=[ 4960], 50.00th=[ 5088], 60.00th=[ 5472],
     | 70.00th=[ 5664], 80.00th=[ 5856], 90.00th=[ 6112], 95.00th=[ 6560],
     | 99.00th=[10304], 99.50th=[11584], 99.90th=[16192], 99.95th=[19072],
     | 99.99th=[31360]
    bw (KB  /s): min=136266, max=229376, per=50.05%, avg=193373.93, stdev=11307.62
    lat (msec) : 4=5.04%, 10=93.91%, 20=1.01%, 50=0.04%
  cpu          : usr=0.49%, sys=8.38%, ctx=1039723, majf=0, minf=1906
  IO depths    : 1=100.0%, 2=0.0%, 4=0.0%, 8=0.0%, 16=0.0%, 32=0.0%, >=64=0.0%
     submit    : 0=0.0%, 4=100.0%, 8=0.0%, 16=0.0%, 32=0.0%, 64=0.0%, >=64=0.0%
     complete  : 0=0.0%, 4=100.0%, 8=0.0%, 16=0.0%, 32=0.0%, 64=0.0%, >=64=0.0%
     issued    : total=r=0/w=90554/d=0, short=r=0/w=0/d=0, drop=r=0/w=0/d=0
     latency   : target=0, window=0, percentile=100.00%, depth=1

Run status group 0 (all jobs):
  WRITE: io=90554MB, aggrb=386355KB/s, minb=386355KB/s, maxb=386355KB/s, mint=240005msec, maxt=240005msec

CPU idleness:
  system: 95.64%
  unit work: mean=53.75us, stddev=1.73
