fio-beegfs-write-unbuffered-block_512k-size_2G-threads_2: (g=0): rw=rw, bs=512K-512K/512K-512K/512K-512K, ioengine=psync, iodepth=1
...
fio-2.2.10
Starting 2 processes
fio-beegfs-write-unbuffered-block_512k-size_2G-threads_2: Laying out IO file(s) (4 file(s) / 8192MB)
fio-beegfs-write-unbuffered-block_512k-size_2G-threads_2: Laying out IO file(s) (4 file(s) / 8192MB)

fio-beegfs-write-unbuffered-block_512k-size_2G-threads_2: (groupid=0, jobs=2): err= 0: pid=7012: Fri Nov 23 14:28:10 2018
  write: io=89241MB, bw=380755KB/s, iops=743, runt=240003msec
    clat (usec): min=1373, max=30612, avg=2679.37, stdev=782.69
     lat (usec): min=1381, max=30620, avg=2687.28, stdev=782.71
    clat percentiles (usec):
     |  1.00th=[ 1944],  5.00th=[ 1976], 10.00th=[ 1992], 20.00th=[ 2024],
     | 30.00th=[ 2064], 40.00th=[ 2448], 50.00th=[ 2640], 60.00th=[ 2896],
     | 70.00th=[ 2960], 80.00th=[ 3056], 90.00th=[ 3216], 95.00th=[ 3792],
     | 99.00th=[ 5792], 99.50th=[ 6816], 99.90th=[ 9408], 99.95th=[ 9792],
     | 99.99th=[12352]
    bw (KB  /s): min=125200, max=211544, per=50.05%, avg=190573.75, stdev=17803.18
    lat (msec) : 2=14.97%, 4=81.35%, 10=3.65%, 20=0.04%, 50=0.01%
  cpu          : usr=0.51%, sys=8.62%, ctx=1031668, majf=0, minf=3462
  IO depths    : 1=100.0%, 2=0.0%, 4=0.0%, 8=0.0%, 16=0.0%, 32=0.0%, >=64=0.0%
     submit    : 0=0.0%, 4=100.0%, 8=0.0%, 16=0.0%, 32=0.0%, 64=0.0%, >=64=0.0%
     complete  : 0=0.0%, 4=100.0%, 8=0.0%, 16=0.0%, 32=0.0%, 64=0.0%, >=64=0.0%
     issued    : total=r=0/w=178481/d=0, short=r=0/w=0/d=0, drop=r=0/w=0/d=0
     latency   : target=0, window=0, percentile=100.00%, depth=1

Run status group 0 (all jobs):
  WRITE: io=89241MB, aggrb=380754KB/s, minb=380754KB/s, maxb=380754KB/s, mint=240003msec, maxt=240003msec

CPU idleness:
  system: 98.12%
  unit work: mean=55.14us, stddev=1.83
