fio-beegfs-read-unbuffered-block_128k-size_1G-threads_8: (g=0): rw=rw, bs=128K-128K/128K-128K/128K-128K, ioengine=psync, iodepth=1
...
fio-2.2.10
Starting 8 processes
fio-beegfs-read-unbuffered-block_128k-size_1G-threads_8: Laying out IO file(s) (4 file(s) / 4096MB)
fio-beegfs-read-unbuffered-block_128k-size_1G-threads_8: Laying out IO file(s) (4 file(s) / 4096MB)
fio-beegfs-read-unbuffered-block_128k-size_1G-threads_8: Laying out IO file(s) (4 file(s) / 4096MB)
fio-beegfs-read-unbuffered-block_128k-size_1G-threads_8: Laying out IO file(s) (4 file(s) / 4096MB)
fio-beegfs-read-unbuffered-block_128k-size_1G-threads_8: Laying out IO file(s) (4 file(s) / 4096MB)
fio-beegfs-read-unbuffered-block_128k-size_1G-threads_8: Laying out IO file(s) (4 file(s) / 4096MB)
fio-beegfs-read-unbuffered-block_128k-size_1G-threads_8: Laying out IO file(s) (4 file(s) / 4096MB)
fio-beegfs-read-unbuffered-block_128k-size_1G-threads_8: Laying out IO file(s) (4 file(s) / 4096MB)

fio-beegfs-read-unbuffered-block_128k-size_1G-threads_8: (groupid=0, jobs=8): err= 0: pid=13673: Sat Nov 24 06:23:42 2018
  read : io=107282MB, bw=457733KB/s, iops=3576, runt=240002msec
    clat (usec): min=648, max=47866, avg=2235.13, stdev=480.64
     lat (usec): min=648, max=47866, avg=2235.27, stdev=480.64
    clat percentiles (usec):
     |  1.00th=[ 1608],  5.00th=[ 1816], 10.00th=[ 1896], 20.00th=[ 2040],
     | 30.00th=[ 2128], 40.00th=[ 2160], 50.00th=[ 2192], 60.00th=[ 2224],
     | 70.00th=[ 2288], 80.00th=[ 2416], 90.00th=[ 2512], 95.00th=[ 2672],
     | 99.00th=[ 3760], 99.50th=[ 4512], 99.90th=[ 7008], 99.95th=[ 8768],
     | 99.99th=[16064]
    bw (KB  /s): min=41984, max=60672, per=12.51%, avg=57273.25, stdev=1658.17
    lat (usec) : 750=0.01%, 1000=0.01%
    lat (msec) : 2=18.08%, 4=81.10%, 10=0.77%, 20=0.03%, 50=0.01%
  cpu          : usr=0.15%, sys=4.48%, ctx=925598, majf=0, minf=15542
  IO depths    : 1=100.0%, 2=0.0%, 4=0.0%, 8=0.0%, 16=0.0%, 32=0.0%, >=64=0.0%
     submit    : 0=0.0%, 4=100.0%, 8=0.0%, 16=0.0%, 32=0.0%, 64=0.0%, >=64=0.0%
     complete  : 0=0.0%, 4=100.0%, 8=0.0%, 16=0.0%, 32=0.0%, 64=0.0%, >=64=0.0%
     issued    : total=r=858257/w=0/d=0, short=r=0/w=0/d=0, drop=r=0/w=0/d=0
     latency   : target=0, window=0, percentile=100.00%, depth=1

Run status group 0 (all jobs):
   READ: io=107282MB, aggrb=457733KB/s, minb=457733KB/s, maxb=457733KB/s, mint=240002msec, maxt=240002msec

CPU idleness:
  system: 92.22%
  unit work: mean=52.03us, stddev=2.36
