fio-beegfs-write-unbuffered-block_128k-size_1G-threads_2: (g=0): rw=rw, bs=128K-128K/128K-128K/128K-128K, ioengine=psync, iodepth=1
...
fio-2.2.10
Starting 2 processes
fio-beegfs-write-unbuffered-block_128k-size_1G-threads_2: Laying out IO file(s) (4 file(s) / 4096MB)
fio-beegfs-write-unbuffered-block_128k-size_1G-threads_2: Laying out IO file(s) (4 file(s) / 4096MB)

fio-beegfs-write-unbuffered-block_128k-size_1G-threads_2: (groupid=0, jobs=2): err= 0: pid=5336: Fri Nov 23 12:19:11 2018
  write: io=86751MB, bw=370136KB/s, iops=2891, runt=240001msec
    clat (usec): min=426, max=26081, avg=688.00, stdev=285.58
     lat (usec): min=428, max=26083, avg=689.75, stdev=285.58
    clat percentiles (usec):
     |  1.00th=[  510],  5.00th=[  540], 10.00th=[  556], 20.00th=[  580],
     | 30.00th=[  596], 40.00th=[  612], 50.00th=[  628], 60.00th=[  652],
     | 70.00th=[  676], 80.00th=[  716], 90.00th=[  844], 95.00th=[ 1096],
     | 99.00th=[ 1368], 99.50th=[ 1576], 99.90th=[ 5344], 99.95th=[ 6304],
     | 99.99th=[ 8032]
    bw (KB  /s): min=126208, max=197632, per=50.03%, avg=185187.93, stdev=8981.43
    lat (usec) : 500=0.59%, 750=84.04%, 1000=8.49%
    lat (msec) : 2=6.54%, 4=0.21%, 10=0.12%, 20=0.01%, 50=0.01%
  cpu          : usr=0.78%, sys=8.52%, ctx=1199476, majf=0, minf=14650
  IO depths    : 1=100.0%, 2=0.0%, 4=0.0%, 8=0.0%, 16=0.0%, 32=0.0%, >=64=0.0%
     submit    : 0=0.0%, 4=100.0%, 8=0.0%, 16=0.0%, 32=0.0%, 64=0.0%, >=64=0.0%
     complete  : 0=0.0%, 4=100.0%, 8=0.0%, 16=0.0%, 32=0.0%, 64=0.0%, >=64=0.0%
     issued    : total=r=0/w=694007/d=0, short=r=0/w=0/d=0, drop=r=0/w=0/d=0
     latency   : target=0, window=0, percentile=100.00%, depth=1

Run status group 0 (all jobs):
  WRITE: io=86751MB, aggrb=370135KB/s, minb=370135KB/s, maxb=370135KB/s, mint=240001msec, maxt=240001msec

CPU idleness:
  system: 97.90%
  unit work: mean=55.09us, stddev=2.11
