fio-beegfs-write-unbuffered-block_128k-size_2G-threads_4: (g=0): rw=rw, bs=128K-128K/128K-128K/128K-128K, ioengine=psync, iodepth=1
...
fio-2.2.10
Starting 4 processes
fio-beegfs-write-unbuffered-block_128k-size_2G-threads_4: Laying out IO file(s) (4 file(s) / 8192MB)
fio-beegfs-write-unbuffered-block_128k-size_2G-threads_4: Laying out IO file(s) (4 file(s) / 8192MB)
fio-beegfs-write-unbuffered-block_128k-size_2G-threads_4: Laying out IO file(s) (4 file(s) / 8192MB)
fio-beegfs-write-unbuffered-block_128k-size_2G-threads_4: Laying out IO file(s) (4 file(s) / 8192MB)

fio-beegfs-write-unbuffered-block_128k-size_2G-threads_4: (groupid=0, jobs=4): err= 0: pid=10959: Fri Nov 23 21:55:34 2018
  write: io=89339MB, bw=381174KB/s, iops=2977, runt=240002msec
    clat (usec): min=497, max=38119, avg=1339.59, stdev=571.08
     lat (usec): min=499, max=38121, avg=1341.34, stdev=571.08
    clat percentiles (usec):
     |  1.00th=[  844],  5.00th=[  988], 10.00th=[ 1012], 20.00th=[ 1032],
     | 30.00th=[ 1064], 40.00th=[ 1080], 50.00th=[ 1112], 60.00th=[ 1176],
     | 70.00th=[ 1400], 80.00th=[ 1752], 90.00th=[ 1944], 95.00th=[ 2040],
     | 99.00th=[ 2960], 99.50th=[ 3504], 99.90th=[ 8096], 99.95th=[ 8640],
     | 99.99th=[13504]
    bw (KB  /s): min=57344, max=109312, per=25.02%, avg=95383.47, stdev=7192.58
    lat (usec) : 500=0.01%, 750=0.12%, 1000=6.56%
    lat (msec) : 2=86.66%, 4=6.30%, 10=0.33%, 20=0.03%, 50=0.01%
  cpu          : usr=0.42%, sys=5.53%, ctx=1916847, majf=0, minf=17253
  IO depths    : 1=100.0%, 2=0.0%, 4=0.0%, 8=0.0%, 16=0.0%, 32=0.0%, >=64=0.0%
     submit    : 0=0.0%, 4=100.0%, 8=0.0%, 16=0.0%, 32=0.0%, 64=0.0%, >=64=0.0%
     complete  : 0=0.0%, 4=100.0%, 8=0.0%, 16=0.0%, 32=0.0%, 64=0.0%, >=64=0.0%
     issued    : total=r=0/w=714708/d=0, short=r=0/w=0/d=0, drop=r=0/w=0/d=0
     latency   : target=0, window=0, percentile=100.00%, depth=1

Run status group 0 (all jobs):
  WRITE: io=89339MB, aggrb=381174KB/s, minb=381174KB/s, maxb=381174KB/s, mint=240002msec, maxt=240002msec

CPU idleness:
  system: 91.51%
  unit work: mean=51.54us, stddev=2.63
