fio-beegfs-write-unbuffered-block_128k-size_4G-threads_8: (g=0): rw=rw, bs=128K-128K/128K-128K/128K-128K, ioengine=psync, iodepth=1
...
fio-2.2.10
Starting 8 processes
fio-beegfs-write-unbuffered-block_128k-size_4G-threads_8: Laying out IO file(s) (4 file(s) / 16384MB)
fio-beegfs-write-unbuffered-block_128k-size_4G-threads_8: Laying out IO file(s) (4 file(s) / 16384MB)
fio-beegfs-write-unbuffered-block_128k-size_4G-threads_8: Laying out IO file(s) (4 file(s) / 16384MB)
fio-beegfs-write-unbuffered-block_128k-size_4G-threads_8: Laying out IO file(s) (4 file(s) / 16384MB)
fio-beegfs-write-unbuffered-block_128k-size_4G-threads_8: Laying out IO file(s) (4 file(s) / 16384MB)
fio-beegfs-write-unbuffered-block_128k-size_4G-threads_8: Laying out IO file(s) (4 file(s) / 16384MB)
fio-beegfs-write-unbuffered-block_128k-size_4G-threads_8: Laying out IO file(s) (4 file(s) / 16384MB)
fio-beegfs-write-unbuffered-block_128k-size_4G-threads_8: Laying out IO file(s) (4 file(s) / 16384MB)

fio-beegfs-write-unbuffered-block_128k-size_4G-threads_8: (groupid=0, jobs=8): err= 0: pid=16732: Sat Nov 24 20:00:24 2018
  write: io=92352MB, bw=394014KB/s, iops=3078, runt=240013msec
    clat (usec): min=482, max=38918, avg=2595.08, stdev=681.95
     lat (usec): min=484, max=38919, avg=2596.83, stdev=681.95
    clat percentiles (usec):
     |  1.00th=[ 1928],  5.00th=[ 1992], 10.00th=[ 2024], 20.00th=[ 2064],
     | 30.00th=[ 2096], 40.00th=[ 2288], 50.00th=[ 2544], 60.00th=[ 2768],
     | 70.00th=[ 2960], 80.00th=[ 3024], 90.00th=[ 3120], 95.00th=[ 3280],
     | 99.00th=[ 4080], 99.50th=[ 6304], 99.90th=[ 9536], 99.95th=[ 9920],
     | 99.99th=[14144]
    bw (KB  /s): min=32702, max=52886, per=12.51%, avg=49298.63, stdev=1849.72
    lat (usec) : 500=0.01%, 750=0.01%, 1000=0.02%
    lat (msec) : 2=6.03%, 4=92.79%, 10=1.11%, 20=0.04%, 50=0.01%
  cpu          : usr=0.21%, sys=2.78%, ctx=1992215, majf=0, minf=14135
  IO depths    : 1=100.0%, 2=0.0%, 4=0.0%, 8=0.0%, 16=0.0%, 32=0.0%, >=64=0.0%
     submit    : 0=0.0%, 4=100.0%, 8=0.0%, 16=0.0%, 32=0.0%, 64=0.0%, >=64=0.0%
     complete  : 0=0.0%, 4=100.0%, 8=0.0%, 16=0.0%, 32=0.0%, 64=0.0%, >=64=0.0%
     issued    : total=r=0/w=738816/d=0, short=r=0/w=0/d=0, drop=r=0/w=0/d=0
     latency   : target=0, window=0, percentile=100.00%, depth=1

Run status group 0 (all jobs):
  WRITE: io=92352MB, aggrb=394013KB/s, minb=394013KB/s, maxb=394013KB/s, mint=240013msec, maxt=240013msec

CPU idleness:
  system: 86.12%
  unit work: mean=48.55us, stddev=2.02
