fio-beegfs-read-unbuffered-block_1024k-size_2G-threads_4: (g=0): rw=rw, bs=1M-1M/1M-1M/1M-1M, ioengine=psync, iodepth=1
...
fio-2.2.10
Starting 4 processes
fio-beegfs-read-unbuffered-block_1024k-size_2G-threads_4: Laying out IO file(s) (4 file(s) / 8192MB)
fio-beegfs-read-unbuffered-block_1024k-size_2G-threads_4: Laying out IO file(s) (4 file(s) / 8192MB)
fio-beegfs-read-unbuffered-block_1024k-size_2G-threads_4: Laying out IO file(s) (4 file(s) / 8192MB)
fio-beegfs-read-unbuffered-block_1024k-size_2G-threads_4: Laying out IO file(s) (4 file(s) / 8192MB)

fio-beegfs-read-unbuffered-block_1024k-size_2G-threads_4: (groupid=0, jobs=4): err= 0: pid=11384: Fri Nov 23 22:53:23 2018
  read : io=114526MB, bw=488634KB/s, iops=477, runt=240005msec
    clat (msec): min=4, max=52, avg= 8.38, stdev= 1.23
     lat (msec): min=4, max=52, avg= 8.38, stdev= 1.23
    clat percentiles (usec):
     |  1.00th=[ 7072],  5.00th=[ 7840], 10.00th=[ 7904], 20.00th=[ 7968],
     | 30.00th=[ 8032], 40.00th=[ 8160], 50.00th=[ 8256], 60.00th=[ 8256],
     | 70.00th=[ 8256], 80.00th=[ 8256], 90.00th=[ 8384], 95.00th=[ 9792],
     | 99.00th=[14912], 99.50th=[16512], 99.90th=[19072], 99.95th=[21120],
     | 99.99th=[31872]
    bw (KB  /s): min=94368, max=132326, per=25.02%, avg=122272.57, stdev=4704.54
    lat (msec) : 10=95.57%, 20=4.36%, 50=0.06%, 100=0.01%
  cpu          : usr=0.04%, sys=7.99%, ctx=475938, majf=0, minf=2542
  IO depths    : 1=100.0%, 2=0.0%, 4=0.0%, 8=0.0%, 16=0.0%, 32=0.0%, >=64=0.0%
     submit    : 0=0.0%, 4=100.0%, 8=0.0%, 16=0.0%, 32=0.0%, 64=0.0%, >=64=0.0%
     complete  : 0=0.0%, 4=100.0%, 8=0.0%, 16=0.0%, 32=0.0%, 64=0.0%, >=64=0.0%
     issued    : total=r=114526/w=0/d=0, short=r=0/w=0/d=0, drop=r=0/w=0/d=0
     latency   : target=0, window=0, percentile=100.00%, depth=1

Run status group 0 (all jobs):
   READ: io=114526MB, aggrb=488634KB/s, minb=488634KB/s, maxb=488634KB/s, mint=240005msec, maxt=240005msec

CPU idleness:
  system: 97.44%
  unit work: mean=54.89us, stddev=3.35
