fio-beegfs-write-buffered-block_512k-size_2G-threads_8: (g=0): rw=rw, bs=512K-512K/512K-512K/512K-512K, ioengine=psync, iodepth=1
...
fio-2.2.10
Starting 8 processes
fio-beegfs-write-buffered-block_512k-size_2G-threads_8: Laying out IO file(s) (4 file(s) / 8192MB)
fio-beegfs-write-buffered-block_512k-size_2G-threads_8: Laying out IO file(s) (4 file(s) / 8192MB)
fio-beegfs-write-buffered-block_512k-size_2G-threads_8: Laying out IO file(s) (4 file(s) / 8192MB)
fio-beegfs-write-buffered-block_512k-size_2G-threads_8: Laying out IO file(s) (4 file(s) / 8192MB)
fio-beegfs-write-buffered-block_512k-size_2G-threads_8: Laying out IO file(s) (4 file(s) / 8192MB)
fio-beegfs-write-buffered-block_512k-size_2G-threads_8: Laying out IO file(s) (4 file(s) / 8192MB)
fio-beegfs-write-buffered-block_512k-size_2G-threads_8: Laying out IO file(s) (4 file(s) / 8192MB)
fio-beegfs-write-buffered-block_512k-size_2G-threads_8: Laying out IO file(s) (4 file(s) / 8192MB)

fio-beegfs-write-buffered-block_512k-size_2G-threads_8: (groupid=0, jobs=8): err= 0: pid=15526: Tue Nov 20 01:47:22 2018
  write: io=108598MB, bw=462819KB/s, iops=903, runt=240276msec
    clat (usec): min=433, max=965656, avg=8837.78, stdev=55295.42
     lat (usec): min=441, max=965661, avg=8847.26, stdev=55295.42
    clat percentiles (usec):
     |  1.00th=[  540],  5.00th=[  612], 10.00th=[  676], 20.00th=[ 1012],
     | 30.00th=[ 1176], 40.00th=[ 1240], 50.00th=[ 1320], 60.00th=[ 1336],
     | 70.00th=[ 1352], 80.00th=[ 1368], 90.00th=[ 1416], 95.00th=[ 2576],
     | 99.00th=[440320], 99.50th=[468992], 99.90th=[514048], 99.95th=[643072],
     | 99.99th=[684032]
    bw (KB  /s): min=  744, max=415744, per=13.35%, avg=61766.54, stdev=81390.82
    lat (usec) : 500=0.11%, 750=13.82%, 1000=5.69%
    lat (msec) : 2=73.53%, 4=1.99%, 10=0.05%, 20=1.03%, 50=2.03%
    lat (msec) : 100=0.16%, 250=0.20%, 500=1.24%, 750=0.16%, 1000=0.01%
  cpu          : usr=0.17%, sys=2.83%, ctx=3462334, majf=0, minf=4957
  IO depths    : 1=100.0%, 2=0.0%, 4=0.0%, 8=0.0%, 16=0.0%, 32=0.0%, >=64=0.0%
     submit    : 0=0.0%, 4=100.0%, 8=0.0%, 16=0.0%, 32=0.0%, 64=0.0%, >=64=0.0%
     complete  : 0=0.0%, 4=100.0%, 8=0.0%, 16=0.0%, 32=0.0%, 64=0.0%, >=64=0.0%
     issued    : total=r=0/w=217196/d=0, short=r=0/w=0/d=0, drop=r=0/w=0/d=0
     latency   : target=0, window=0, percentile=100.00%, depth=1

Run status group 0 (all jobs):
  WRITE: io=108598MB, aggrb=462819KB/s, minb=462819KB/s, maxb=462819KB/s, mint=240276msec, maxt=240276msec

CPU idleness:
  system: 95.75%
  unit work: mean=53.98us, stddev=2.88
