fio-beegfs-write-unbuffered-block_1024k-size_1G-threads_4: (g=0): rw=rw, bs=1M-1M/1M-1M/1M-1M, ioengine=psync, iodepth=1
...
fio-2.2.10
Starting 4 processes
fio-beegfs-write-unbuffered-block_1024k-size_1G-threads_4: Laying out IO file(s) (4 file(s) / 4096MB)
fio-beegfs-write-unbuffered-block_1024k-size_1G-threads_4: Laying out IO file(s) (4 file(s) / 4096MB)
fio-beegfs-write-unbuffered-block_1024k-size_1G-threads_4: Laying out IO file(s) (4 file(s) / 4096MB)
fio-beegfs-write-unbuffered-block_1024k-size_1G-threads_4: Laying out IO file(s) (4 file(s) / 4096MB)

fio-beegfs-write-unbuffered-block_1024k-size_1G-threads_4: (groupid=0, jobs=4): err= 0: pid=10108: Fri Nov 23 19:59:40 2018
  write: io=90866MB, bw=387680KB/s, iops=378, runt=240009msec
    clat (msec): min=5, max=45, avg=10.55, stdev= 1.41
     lat (msec): min=5, max=45, avg=10.56, stdev= 1.41
    clat percentiles (usec):
     |  1.00th=[ 8512],  5.00th=[ 9408], 10.00th=[ 9536], 20.00th=[ 9664],
     | 30.00th=[ 9664], 40.00th=[ 9920], 50.00th=[10176], 60.00th=[10432],
     | 70.00th=[10816], 80.00th=[11200], 90.00th=[11968], 95.00th=[13248],
     | 99.00th=[16320], 99.50th=[17024], 99.90th=[19328], 99.95th=[20352],
     | 99.99th=[29568]
    bw (KB  /s): min=61400, max=106071, per=25.02%, avg=97013.39, stdev=6215.88
    lat (msec) : 10=44.07%, 20=55.87%, 50=0.06%
  cpu          : usr=0.22%, sys=5.24%, ctx=966802, majf=0, minf=2271
  IO depths    : 1=100.0%, 2=0.0%, 4=0.0%, 8=0.0%, 16=0.0%, 32=0.0%, >=64=0.0%
     submit    : 0=0.0%, 4=100.0%, 8=0.0%, 16=0.0%, 32=0.0%, 64=0.0%, >=64=0.0%
     complete  : 0=0.0%, 4=100.0%, 8=0.0%, 16=0.0%, 32=0.0%, 64=0.0%, >=64=0.0%
     issued    : total=r=0/w=90866/d=0, short=r=0/w=0/d=0, drop=r=0/w=0/d=0
     latency   : target=0, window=0, percentile=100.00%, depth=1

Run status group 0 (all jobs):
  WRITE: io=90866MB, aggrb=387680KB/s, minb=387680KB/s, maxb=387680KB/s, mint=240009msec, maxt=240009msec

CPU idleness:
  system: 92.68%
  unit work: mean=52.12us, stddev=2.55
