fio-beegfs-read-buffered-block_64k-size_4G-threads_8: (g=0): rw=rw, bs=64K-64K/64K-64K/64K-64K, ioengine=psync, iodepth=1
...
fio-2.2.10
Starting 8 processes
fio-beegfs-read-buffered-block_64k-size_4G-threads_8: Laying out IO file(s) (4 file(s) / 16384MB)
fio-beegfs-read-buffered-block_64k-size_4G-threads_8: Laying out IO file(s) (4 file(s) / 16384MB)
fio-beegfs-read-buffered-block_64k-size_4G-threads_8: Laying out IO file(s) (4 file(s) / 16384MB)
fio-beegfs-read-buffered-block_64k-size_4G-threads_8: Laying out IO file(s) (4 file(s) / 16384MB)
fio-beegfs-read-buffered-block_64k-size_4G-threads_8: Laying out IO file(s) (4 file(s) / 16384MB)
fio-beegfs-read-buffered-block_64k-size_4G-threads_8: Laying out IO file(s) (4 file(s) / 16384MB)
fio-beegfs-read-buffered-block_64k-size_4G-threads_8: Laying out IO file(s) (4 file(s) / 16384MB)
fio-beegfs-read-buffered-block_64k-size_4G-threads_8: Laying out IO file(s) (4 file(s) / 16384MB)

fio-beegfs-read-buffered-block_64k-size_4G-threads_8: (groupid=0, jobs=8): err= 0: pid=16256: Tue Nov 20 06:13:34 2018
  read : io=594296MB, bw=2474.2MB/s, iops=39585, runt=240206msec
    clat (usec): min=5, max=826213, avg=201.04, stdev=5605.74
     lat (usec): min=5, max=826213, avg=201.13, stdev=5605.75
    clat percentiles (usec):
     |  1.00th=[    5],  5.00th=[    5], 10.00th=[    5], 20.00th=[    5],
     | 30.00th=[    5], 40.00th=[    6], 50.00th=[    6], 60.00th=[    6],
     | 70.00th=[    7], 80.00th=[   11], 90.00th=[  604], 95.00th=[  708],
     | 99.00th=[  892], 99.50th=[ 1048], 99.90th=[ 2896], 99.95th=[30848],
     | 99.99th=[350208]
    bw (KB  /s): min=  121, max=778240, per=13.42%, avg=339867.23, stdev=276620.90
    lat (usec) : 10=77.18%, 20=9.11%, 50=0.96%, 100=0.23%, 250=0.01%
    lat (usec) : 500=0.10%, 750=9.02%, 1000=2.79%
    lat (msec) : 2=0.47%, 4=0.03%, 10=0.02%, 20=0.01%, 50=0.03%
    lat (msec) : 100=0.01%, 250=0.01%, 500=0.02%, 750=0.01%, 1000=0.01%
  cpu          : usr=0.60%, sys=33.69%, ctx=3025788, majf=0, minf=141818
  IO depths    : 1=100.0%, 2=0.0%, 4=0.0%, 8=0.0%, 16=0.0%, 32=0.0%, >=64=0.0%
     submit    : 0=0.0%, 4=100.0%, 8=0.0%, 16=0.0%, 32=0.0%, 64=0.0%, >=64=0.0%
     complete  : 0=0.0%, 4=100.0%, 8=0.0%, 16=0.0%, 32=0.0%, 64=0.0%, >=64=0.0%
     issued    : total=r=9508730/w=0/d=0, short=r=0/w=0/d=0, drop=r=0/w=0/d=0
     latency   : target=0, window=0, percentile=100.00%, depth=1

Run status group 0 (all jobs):
   READ: io=594296MB, aggrb=2474.2MB/s, minb=2474.2MB/s, maxb=2474.2MB/s, mint=240206msec, maxt=240206msec

CPU idleness:
  system: 95.31%
  unit work: mean=55.82us, stddev=2.51
