fio-beegfs-write-unbuffered-block_1024k-size_2G-threads_8: (g=0): rw=rw, bs=1M-1M/1M-1M/1M-1M, ioengine=psync, iodepth=1
...
fio-2.2.10
Starting 8 processes
fio-beegfs-write-unbuffered-block_1024k-size_2G-threads_8: Laying out IO file(s) (4 file(s) / 8192MB)
fio-beegfs-write-unbuffered-block_1024k-size_2G-threads_8: Laying out IO file(s) (4 file(s) / 8192MB)
fio-beegfs-write-unbuffered-block_1024k-size_2G-threads_8: Laying out IO file(s) (4 file(s) / 8192MB)
fio-beegfs-write-unbuffered-block_1024k-size_2G-threads_8: Laying out IO file(s) (4 file(s) / 8192MB)
fio-beegfs-write-unbuffered-block_1024k-size_2G-threads_8: Laying out IO file(s) (4 file(s) / 8192MB)
fio-beegfs-write-unbuffered-block_1024k-size_2G-threads_8: Laying out IO file(s) (4 file(s) / 8192MB)
fio-beegfs-write-unbuffered-block_1024k-size_2G-threads_8: Laying out IO file(s) (4 file(s) / 8192MB)
fio-beegfs-write-unbuffered-block_1024k-size_2G-threads_8: Laying out IO file(s) (4 file(s) / 8192MB)

fio-beegfs-write-unbuffered-block_1024k-size_2G-threads_8: (groupid=0, jobs=8): err= 0: pid=15857: Sat Nov 24 13:40:35 2018
  write: io=91284MB, bw=389438KB/s, iops=380, runt=240025msec
    clat (msec): min=3, max=59, avg=21.02, stdev= 2.34
     lat (msec): min=3, max=59, avg=21.03, stdev= 2.34
    clat percentiles (usec):
     |  1.00th=[17024],  5.00th=[18816], 10.00th=[19072], 20.00th=[19328],
     | 30.00th=[19584], 40.00th=[20096], 50.00th=[20352], 60.00th=[21120],
     | 70.00th=[21632], 80.00th=[22400], 90.00th=[23936], 95.00th=[25472],
     | 99.00th=[28544], 99.50th=[29824], 99.90th=[35072], 99.95th=[40192],
     | 99.99th=[51968]
    bw (KB  /s): min=38450, max=54318, per=12.51%, avg=48732.50, stdev=2591.86
    lat (msec) : 4=0.01%, 10=0.01%, 20=40.27%, 50=59.72%, 100=0.01%
  cpu          : usr=0.13%, sys=2.61%, ctx=1198580, majf=0, minf=1943
  IO depths    : 1=100.0%, 2=0.0%, 4=0.0%, 8=0.0%, 16=0.0%, 32=0.0%, >=64=0.0%
     submit    : 0=0.0%, 4=100.0%, 8=0.0%, 16=0.0%, 32=0.0%, 64=0.0%, >=64=0.0%
     complete  : 0=0.0%, 4=100.0%, 8=0.0%, 16=0.0%, 32=0.0%, 64=0.0%, >=64=0.0%
     issued    : total=r=0/w=91284/d=0, short=r=0/w=0/d=0, drop=r=0/w=0/d=0
     latency   : target=0, window=0, percentile=100.00%, depth=1

Run status group 0 (all jobs):
  WRITE: io=91284MB, aggrb=389437KB/s, minb=389437KB/s, maxb=389437KB/s, mint=240025msec, maxt=240025msec

CPU idleness:
  system: 94.61%
  unit work: mean=53.25us, stddev=3.07
