fio-beegfs-read-buffered-block_64k-size_1G-threads_1: (g=0): rw=rw, bs=64K-64K/64K-64K/64K-64K, ioengine=psync, iodepth=1
fio-2.2.10
Starting 1 process
fio-beegfs-read-buffered-block_64k-size_1G-threads_1: Laying out IO file(s) (4 file(s) / 4096MB)

fio-beegfs-read-buffered-block_64k-size_1G-threads_1: (groupid=0, jobs=1): err= 0: pid=710: Sun Nov 18 19:43:23 2018
  read : io=230114MB, bw=981817KB/s, iops=15340, runt=240001msec
    clat (usec): min=4, max=41286, avg=64.37, stdev=187.52
     lat (usec): min=4, max=41286, avg=64.44, stdev=187.54
    clat percentiles (usec):
     |  1.00th=[    4],  5.00th=[    4], 10.00th=[    4], 20.00th=[    5],
     | 30.00th=[    5], 40.00th=[    5], 50.00th=[    5], 60.00th=[    5],
     | 70.00th=[    5], 80.00th=[    6], 90.00th=[  442], 95.00th=[  482],
     | 99.00th=[  516], 99.50th=[  532], 99.90th=[  580], 99.95th=[  612],
     | 99.99th=[ 2928]
    bw (KB  /s): min=712704, max=1187584, per=100.00%, avg=982182.63, stdev=53436.43
    lat (usec) : 10=87.37%, 20=0.11%, 50=0.01%, 100=0.01%, 250=0.01%
    lat (usec) : 500=10.20%, 750=2.27%, 1000=0.01%
    lat (msec) : 2=0.01%, 4=0.01%, 10=0.01%, 20=0.01%, 50=0.01%
  cpu          : usr=1.59%, sys=67.81%, ctx=1041105, majf=0, minf=48440
  IO depths    : 1=100.0%, 2=0.0%, 4=0.0%, 8=0.0%, 16=0.0%, 32=0.0%, >=64=0.0%
     submit    : 0=0.0%, 4=100.0%, 8=0.0%, 16=0.0%, 32=0.0%, 64=0.0%, >=64=0.0%
     complete  : 0=0.0%, 4=100.0%, 8=0.0%, 16=0.0%, 32=0.0%, 64=0.0%, >=64=0.0%
     issued    : total=r=3681828/w=0/d=0, short=r=0/w=0/d=0, drop=r=0/w=0/d=0
     latency   : target=0, window=0, percentile=100.00%, depth=1

Run status group 0 (all jobs):
   READ: io=230114MB, aggrb=981816KB/s, minb=981816KB/s, maxb=981816KB/s, mint=240001msec, maxt=240001msec

CPU idleness:
  system: 93.44%
  unit work: mean=53.01us, stddev=3.53
