fio-beegfs-read-buffered-block_16k-size_1G-threads_4: (g=0): rw=rw, bs=16K-16K/16K-16K/16K-16K, ioengine=psync, iodepth=1
...
fio-2.2.10
Starting 4 processes
fio-beegfs-read-buffered-block_16k-size_1G-threads_4: Laying out IO file(s) (4 file(s) / 4096MB)
fio-beegfs-read-buffered-block_16k-size_1G-threads_4: Laying out IO file(s) (4 file(s) / 4096MB)
fio-beegfs-read-buffered-block_16k-size_1G-threads_4: Laying out IO file(s) (4 file(s) / 4096MB)
fio-beegfs-read-buffered-block_16k-size_1G-threads_4: Laying out IO file(s) (4 file(s) / 4096MB)

fio-beegfs-read-buffered-block_16k-size_1G-threads_4: (groupid=0, jobs=4): err= 0: pid=8795: Mon Nov 19 06:52:53 2018
  read : io=588606MB, bw=2452.4MB/s, iops=156952, runt=240014msec
    clat (usec): min=1, max=206565, avg=24.72, stdev=304.91
     lat (usec): min=1, max=206565, avg=24.80, stdev=304.92
    clat percentiles (usec):
     |  1.00th=[    1],  5.00th=[    1], 10.00th=[    2], 20.00th=[    2],
     | 30.00th=[    2], 40.00th=[    2], 50.00th=[    2], 60.00th=[    2],
     | 70.00th=[    2], 80.00th=[    3], 90.00th=[    3], 95.00th=[    4],
     | 99.00th=[  732], 99.50th=[  780], 99.90th=[  964], 99.95th=[ 1080],
     | 99.99th=[ 1608]
    bw (KB  /s): min=48449, max=712768, per=25.04%, avg=628919.46, stdev=55852.45
    lat (usec) : 2=9.52%, 4=81.89%, 10=3.92%, 20=1.12%, 50=0.35%
    lat (usec) : 100=0.07%, 250=0.01%, 500=0.04%, 750=2.32%, 1000=0.69%
    lat (msec) : 2=0.07%, 4=0.01%, 10=0.01%, 20=0.01%, 50=0.01%
    lat (msec) : 250=0.01%
  cpu          : usr=3.69%, sys=66.09%, ctx=3292552, majf=0, minf=462623
  IO depths    : 1=100.0%, 2=0.0%, 4=0.0%, 8=0.0%, 16=0.0%, 32=0.0%, >=64=0.0%
     submit    : 0=0.0%, 4=100.0%, 8=0.0%, 16=0.0%, 32=0.0%, 64=0.0%, >=64=0.0%
     complete  : 0=0.0%, 4=100.0%, 8=0.0%, 16=0.0%, 32=0.0%, 64=0.0%, >=64=0.0%
     issued    : total=r=37670796/w=0/d=0, short=r=0/w=0/d=0, drop=r=0/w=0/d=0
     latency   : target=0, window=0, percentile=100.00%, depth=1

Run status group 0 (all jobs):
   READ: io=588606MB, aggrb=2452.4MB/s, minb=2452.4MB/s, maxb=2452.4MB/s, mint=240014msec, maxt=240014msec

CPU idleness:
  system: 90.57%
  unit work: mean=52.97us, stddev=3.30
