fio-beegfs-write-buffered-block_512k-size_4G-threads_2: (g=0): rw=rw, bs=512K-512K/512K-512K/512K-512K, ioengine=psync, iodepth=1
...
fio-2.2.10
Starting 2 processes
fio-beegfs-write-buffered-block_512k-size_4G-threads_2: Laying out IO file(s) (4 file(s) / 16384MB)
fio-beegfs-write-buffered-block_512k-size_4G-threads_2: Laying out IO file(s) (4 file(s) / 16384MB)

fio-beegfs-write-buffered-block_512k-size_4G-threads_2: (groupid=0, jobs=2): err= 0: pid=8369: Mon Nov 19 05:59:58 2018
  write: io=108717MB, bw=463643KB/s, iops=905, runt=240111msec
    clat (usec): min=425, max=827684, avg=2197.91, stdev=24238.20
     lat (usec): min=434, max=827727, avg=2206.54, stdev=24238.22
    clat percentiles (usec):
     |  1.00th=[  506],  5.00th=[  540], 10.00th=[  556], 20.00th=[  580],
     | 30.00th=[  604], 40.00th=[  620], 50.00th=[  636], 60.00th=[  652],
     | 70.00th=[  660], 80.00th=[  684], 90.00th=[  708], 95.00th=[  740],
     | 99.00th=[20352], 99.50th=[25472], 99.90th=[468992], 99.95th=[493568],
     | 99.99th=[577536]
    bw (KB  /s): min= 1723, max=862208, per=53.07%, avg=246036.83, stdev=251127.96
    lat (usec) : 500=0.72%, 750=95.05%, 1000=2.52%
    lat (msec) : 2=0.07%, 4=0.03%, 10=0.03%, 20=0.54%, 50=0.72%
    lat (msec) : 100=0.01%, 250=0.02%, 500=0.25%, 750=0.03%, 1000=0.01%
  cpu          : usr=0.60%, sys=10.11%, ctx=986542, majf=0, minf=3921
  IO depths    : 1=100.0%, 2=0.0%, 4=0.0%, 8=0.0%, 16=0.0%, 32=0.0%, >=64=0.0%
     submit    : 0=0.0%, 4=100.0%, 8=0.0%, 16=0.0%, 32=0.0%, 64=0.0%, >=64=0.0%
     complete  : 0=0.0%, 4=100.0%, 8=0.0%, 16=0.0%, 32=0.0%, 64=0.0%, >=64=0.0%
     issued    : total=r=0/w=217433/d=0, short=r=0/w=0/d=0, drop=r=0/w=0/d=0
     latency   : target=0, window=0, percentile=100.00%, depth=1

Run status group 0 (all jobs):
  WRITE: io=108717MB, aggrb=463642KB/s, minb=463642KB/s, maxb=463642KB/s, mint=240111msec, maxt=240111msec

CPU idleness:
  system: 97.49%
  unit work: mean=54.82us, stddev=2.83
