fio-beegfs-read-unbuffered-block_16k-size_4G-threads_8: (g=0): rw=rw, bs=16K-16K/16K-16K/16K-16K, ioengine=psync, iodepth=1
...
fio-2.2.10
Starting 8 processes
fio-beegfs-read-unbuffered-block_16k-size_4G-threads_8: Laying out IO file(s) (4 file(s) / 16384MB)
fio-beegfs-read-unbuffered-block_16k-size_4G-threads_8: Laying out IO file(s) (4 file(s) / 16384MB)
fio-beegfs-read-unbuffered-block_16k-size_4G-threads_8: Laying out IO file(s) (4 file(s) / 16384MB)
fio-beegfs-read-unbuffered-block_16k-size_4G-threads_8: Laying out IO file(s) (4 file(s) / 16384MB)
fio-beegfs-read-unbuffered-block_16k-size_4G-threads_8: Laying out IO file(s) (4 file(s) / 16384MB)
fio-beegfs-read-unbuffered-block_16k-size_4G-threads_8: Laying out IO file(s) (4 file(s) / 16384MB)
fio-beegfs-read-unbuffered-block_16k-size_4G-threads_8: Laying out IO file(s) (4 file(s) / 16384MB)
fio-beegfs-read-unbuffered-block_16k-size_4G-threads_8: Laying out IO file(s) (4 file(s) / 16384MB)

fio-beegfs-read-unbuffered-block_16k-size_4G-threads_8: (groupid=0, jobs=8): err= 0: pid=16005: Sat Nov 24 14:44:12 2018
  read : io=77503MB, bw=330680KB/s, iops=20667, runt=240001msec
    clat (usec): min=219, max=44874, avg=385.43, stdev=203.39
     lat (usec): min=219, max=44874, avg=385.55, stdev=203.40
    clat percentiles (usec):
     |  1.00th=[  274],  5.00th=[  298], 10.00th=[  310], 20.00th=[  326],
     | 30.00th=[  342], 40.00th=[  354], 50.00th=[  366], 60.00th=[  382],
     | 70.00th=[  398], 80.00th=[  418], 90.00th=[  454], 95.00th=[  482],
     | 99.00th=[  588], 99.50th=[  988], 99.90th=[ 2928], 99.95th=[ 3120],
     | 99.99th=[ 7072]
    bw (KB  /s): min=35008, max=44000, per=12.50%, avg=41350.59, stdev=1586.59
    lat (usec) : 250=0.06%, 500=96.46%, 750=2.81%, 1000=0.18%
    lat (msec) : 2=0.19%, 4=0.29%, 10=0.01%, 20=0.01%, 50=0.01%
  cpu          : usr=0.73%, sys=9.47%, ctx=5064533, majf=0, minf=100471
  IO depths    : 1=100.0%, 2=0.0%, 4=0.0%, 8=0.0%, 16=0.0%, 32=0.0%, >=64=0.0%
     submit    : 0=0.0%, 4=100.0%, 8=0.0%, 16=0.0%, 32=0.0%, 64=0.0%, >=64=0.0%
     complete  : 0=0.0%, 4=100.0%, 8=0.0%, 16=0.0%, 32=0.0%, 64=0.0%, >=64=0.0%
     issued    : total=r=4960218/w=0/d=0, short=r=0/w=0/d=0, drop=r=0/w=0/d=0
     latency   : target=0, window=0, percentile=100.00%, depth=1

Run status group 0 (all jobs):
   READ: io=77503MB, aggrb=330679KB/s, minb=330679KB/s, maxb=330679KB/s, mint=240001msec, maxt=240001msec

CPU idleness:
  system: 98.79%
  unit work: mean=56.33us, stddev=1.74
