fio-beegfs-write-unbuffered-block_512k-size_1G-threads_4: (g=0): rw=rw, bs=512K-512K/512K-512K/512K-512K, ioengine=psync, iodepth=1
...
fio-2.2.10
Starting 4 processes
fio-beegfs-write-unbuffered-block_512k-size_1G-threads_4: Laying out IO file(s) (4 file(s) / 4096MB)
fio-beegfs-write-unbuffered-block_512k-size_1G-threads_4: Laying out IO file(s) (4 file(s) / 4096MB)
fio-beegfs-write-unbuffered-block_512k-size_1G-threads_4: Laying out IO file(s) (4 file(s) / 4096MB)
fio-beegfs-write-unbuffered-block_512k-size_1G-threads_4: Laying out IO file(s) (4 file(s) / 4096MB)

fio-beegfs-write-unbuffered-block_512k-size_1G-threads_4: (groupid=0, jobs=4): err= 0: pid=9825: Fri Nov 23 19:36:03 2018
  write: io=92349MB, bw=394017KB/s, iops=769, runt=240003msec
    clat (usec): min=1934, max=40926, avg=5187.82, stdev=981.97
     lat (usec): min=1942, max=40932, avg=5195.58, stdev=981.97
    clat percentiles (usec):
     |  1.00th=[ 3888],  5.00th=[ 3952], 10.00th=[ 4016], 20.00th=[ 4512],
     | 30.00th=[ 4704], 40.00th=[ 4960], 50.00th=[ 5024], 60.00th=[ 5344],
     | 70.00th=[ 5600], 80.00th=[ 5792], 90.00th=[ 6048], 95.00th=[ 6304],
     | 99.00th=[ 8768], 99.50th=[11072], 99.90th=[12224], 99.95th=[13120],
     | 99.99th=[19328]
    bw (KB  /s): min=82944, max=107896, per=25.02%, avg=98594.33, stdev=4126.54
    lat (msec) : 2=0.01%, 4=8.60%, 10=90.62%, 20=0.76%, 50=0.01%
  cpu          : usr=0.24%, sys=5.44%, ctx=989966, majf=0, minf=3817
  IO depths    : 1=100.0%, 2=0.0%, 4=0.0%, 8=0.0%, 16=0.0%, 32=0.0%, >=64=0.0%
     submit    : 0=0.0%, 4=100.0%, 8=0.0%, 16=0.0%, 32=0.0%, 64=0.0%, >=64=0.0%
     complete  : 0=0.0%, 4=100.0%, 8=0.0%, 16=0.0%, 32=0.0%, 64=0.0%, >=64=0.0%
     issued    : total=r=0/w=184698/d=0, short=r=0/w=0/d=0, drop=r=0/w=0/d=0
     latency   : target=0, window=0, percentile=100.00%, depth=1

Run status group 0 (all jobs):
  WRITE: io=92349MB, aggrb=394017KB/s, minb=394017KB/s, maxb=394017KB/s, mint=240003msec, maxt=240003msec

CPU idleness:
  system: 97.00%
  unit work: mean=54.56us, stddev=2.71
