fio-beegfs-write-buffered-block_64k-size_1G-threads_8: (g=0): rw=rw, bs=64K-64K/64K-64K/64K-64K, ioengine=psync, iodepth=1
...
fio-2.2.10
Starting 8 processes
fio-beegfs-write-buffered-block_64k-size_1G-threads_8: Laying out IO file(s) (4 file(s) / 4096MB)
fio-beegfs-write-buffered-block_64k-size_1G-threads_8: Laying out IO file(s) (4 file(s) / 4096MB)
fio-beegfs-write-buffered-block_64k-size_1G-threads_8: Laying out IO file(s) (4 file(s) / 4096MB)
fio-beegfs-write-buffered-block_64k-size_1G-threads_8: Laying out IO file(s) (4 file(s) / 4096MB)
fio-beegfs-write-buffered-block_64k-size_1G-threads_8: Laying out IO file(s) (4 file(s) / 4096MB)
fio-beegfs-write-buffered-block_64k-size_1G-threads_8: Laying out IO file(s) (4 file(s) / 4096MB)
fio-beegfs-write-buffered-block_64k-size_1G-threads_8: Laying out IO file(s) (4 file(s) / 4096MB)
fio-beegfs-write-buffered-block_64k-size_1G-threads_8: Laying out IO file(s) (4 file(s) / 4096MB)

fio-beegfs-write-buffered-block_64k-size_1G-threads_8: (groupid=0, jobs=8): err= 0: pid=13487: Mon Nov 19 19:09:50 2018
  write: io=110343MB, bw=470450KB/s, iops=7350, runt=240177msec
    clat (usec): min=4, max=630831, avg=1086.54, stdev=17908.13
     lat (usec): min=5, max=630835, avg=1087.29, stdev=17908.16
    clat percentiles (usec):
     |  1.00th=[    4],  5.00th=[    5], 10.00th=[    5], 20.00th=[    6],
     | 30.00th=[    7], 40.00th=[    7], 50.00th=[    7], 60.00th=[    8],
     | 70.00th=[   16], 80.00th=[   17], 90.00th=[  708], 95.00th=[ 1208],
     | 99.00th=[19072], 99.50th=[28800], 99.90th=[440320], 99.95th=[477184],
     | 99.99th=[528384]
    bw (KB  /s): min=  126, max=395352, per=13.16%, avg=61914.99, stdev=70430.56
    lat (usec) : 10=65.51%, 20=18.29%, 50=3.29%, 100=0.40%, 250=0.01%
    lat (usec) : 500=0.01%, 750=2.98%, 1000=1.62%
    lat (msec) : 2=6.74%, 4=0.06%, 10=0.01%, 20=0.13%, 50=0.76%
    lat (msec) : 100=0.01%, 250=0.03%, 500=0.12%, 750=0.03%
  cpu          : usr=0.20%, sys=3.57%, ctx=2431769, majf=0, minf=38464
  IO depths    : 1=100.0%, 2=0.0%, 4=0.0%, 8=0.0%, 16=0.0%, 32=0.0%, >=64=0.0%
     submit    : 0=0.0%, 4=100.0%, 8=0.0%, 16=0.0%, 32=0.0%, 64=0.0%, >=64=0.0%
     complete  : 0=0.0%, 4=100.0%, 8=0.0%, 16=0.0%, 32=0.0%, 64=0.0%, >=64=0.0%
     issued    : total=r=0/w=1765487/d=0, short=r=0/w=0/d=0, drop=r=0/w=0/d=0
     latency   : target=0, window=0, percentile=100.00%, depth=1

Run status group 0 (all jobs):
  WRITE: io=110343MB, aggrb=470449KB/s, minb=470449KB/s, maxb=470449KB/s, mint=240177msec, maxt=240177msec

CPU idleness:
  system: 93.77%
  unit work: mean=52.89us, stddev=2.91
