fio-beegfs-write-buffered-block_128k-size_2G-threads_1: (g=0): rw=rw, bs=128K-128K/128K-128K/128K-128K, ioengine=psync, iodepth=1
fio-2.2.10
Starting 1 process
fio-beegfs-write-buffered-block_128k-size_2G-threads_1: Laying out IO file(s) (4 file(s) / 8192MB)

fio-beegfs-write-buffered-block_128k-size_2G-threads_1: (groupid=0, jobs=1): err= 0: pid=2512: Sun Nov 18 21:19:17 2018
  write: io=103354MB, bw=440705KB/s, iops=3443, runt=240148msec
    clat (usec): min=9, max=685045, avg=287.99, stdev=7836.45
     lat (usec): min=10, max=685047, avg=289.37, stdev=7836.47
    clat percentiles (usec):
     |  1.00th=[    9],  5.00th=[    9], 10.00th=[    9], 20.00th=[    9],
     | 30.00th=[   10], 40.00th=[   10], 50.00th=[   10], 60.00th=[   10],
     | 70.00th=[   12], 80.00th=[  540], 90.00th=[  572], 95.00th=[  588],
     | 99.00th=[  636], 99.50th=[  652], 99.90th=[  732], 99.95th=[ 3920],
     | 99.99th=[477184]
    bw (KB  /s): min=  247, max=877056, per=100.00%, avg=455797.09, stdev=370468.62
    lat (usec) : 10=21.66%, 20=53.21%, 50=0.13%, 100=0.01%, 250=0.01%
    lat (usec) : 500=1.95%, 750=22.96%, 1000=0.02%
    lat (msec) : 2=0.01%, 4=0.01%, 10=0.01%, 20=0.01%, 50=0.01%
    lat (msec) : 100=0.01%, 250=0.01%, 500=0.03%, 750=0.01%
  cpu          : usr=1.11%, sys=17.08%, ctx=928993, majf=0, minf=14985
  IO depths    : 1=100.0%, 2=0.0%, 4=0.0%, 8=0.0%, 16=0.0%, 32=0.0%, >=64=0.0%
     submit    : 0=0.0%, 4=100.0%, 8=0.0%, 16=0.0%, 32=0.0%, 64=0.0%, >=64=0.0%
     complete  : 0=0.0%, 4=100.0%, 8=0.0%, 16=0.0%, 32=0.0%, 64=0.0%, >=64=0.0%
     issued    : total=r=0/w=826831/d=0, short=r=0/w=0/d=0, drop=r=0/w=0/d=0
     latency   : target=0, window=0, percentile=100.00%, depth=1

Run status group 0 (all jobs):
  WRITE: io=103354MB, aggrb=440704KB/s, minb=440704KB/s, maxb=440704KB/s, mint=240148msec, maxt=240148msec

CPU idleness:
  system: 99.46%
  unit work: mean=55.92us, stddev=1.45
