fio-beegfs-write-unbuffered-block_1024k-size_2G-threads_4: (g=0): rw=rw, bs=1M-1M/1M-1M/1M-1M, ioengine=psync, iodepth=1
...
fio-2.2.10
Starting 4 processes
fio-beegfs-write-unbuffered-block_1024k-size_2G-threads_4: Laying out IO file(s) (4 file(s) / 8192MB)
fio-beegfs-write-unbuffered-block_1024k-size_2G-threads_4: Laying out IO file(s) (4 file(s) / 8192MB)
fio-beegfs-write-unbuffered-block_1024k-size_2G-threads_4: Laying out IO file(s) (4 file(s) / 8192MB)
fio-beegfs-write-unbuffered-block_1024k-size_2G-threads_4: Laying out IO file(s) (4 file(s) / 8192MB)

fio-beegfs-write-unbuffered-block_1024k-size_2G-threads_4: (groupid=0, jobs=4): err= 0: pid=11525: Fri Nov 23 23:12:31 2018
  write: io=92503MB, bw=394663KB/s, iops=385, runt=240010msec
    clat (msec): min=4, max=54, avg=10.36, stdev= 1.39
     lat (msec): min=4, max=54, avg=10.38, stdev= 1.39
    clat percentiles (usec):
     |  1.00th=[ 7904],  5.00th=[ 9408], 10.00th=[ 9408], 20.00th=[ 9536],
     | 30.00th=[ 9664], 40.00th=[ 9792], 50.00th=[10048], 60.00th=[10304],
     | 70.00th=[10560], 80.00th=[10944], 90.00th=[11584], 95.00th=[12352],
     | 99.00th=[15808], 99.50th=[17024], 99.90th=[20864], 99.95th=[24448],
     | 99.99th=[38656]
    bw (KB  /s): min=77696, max=109280, per=25.03%, avg=98776.85, stdev=4629.47
    lat (msec) : 10=49.20%, 20=50.67%, 50=0.13%, 100=0.01%
  cpu          : usr=0.25%, sys=5.25%, ctx=1016052, majf=0, minf=2290
  IO depths    : 1=100.0%, 2=0.0%, 4=0.0%, 8=0.0%, 16=0.0%, 32=0.0%, >=64=0.0%
     submit    : 0=0.0%, 4=100.0%, 8=0.0%, 16=0.0%, 32=0.0%, 64=0.0%, >=64=0.0%
     complete  : 0=0.0%, 4=100.0%, 8=0.0%, 16=0.0%, 32=0.0%, 64=0.0%, >=64=0.0%
     issued    : total=r=0/w=92503/d=0, short=r=0/w=0/d=0, drop=r=0/w=0/d=0
     latency   : target=0, window=0, percentile=100.00%, depth=1

Run status group 0 (all jobs):
  WRITE: io=92503MB, aggrb=394663KB/s, minb=394663KB/s, maxb=394663KB/s, mint=240010msec, maxt=240010msec

CPU idleness:
  system: 97.58%
  unit work: mean=54.90us, stddev=2.58
