fio-beegfs-read-buffered-block_128k-size_1G-threads_2: (g=0): rw=rw, bs=128K-128K/128K-128K/128K-128K, ioengine=psync, iodepth=1
...
fio-2.2.10
Starting 2 processes
fio-beegfs-read-buffered-block_128k-size_1G-threads_2: Laying out IO file(s) (4 file(s) / 4096MB)
fio-beegfs-read-buffered-block_128k-size_1G-threads_2: Laying out IO file(s) (4 file(s) / 4096MB)

fio-beegfs-read-buffered-block_128k-size_1G-threads_2: (groupid=0, jobs=2): err= 0: pid=5157: Mon Nov 19 00:38:01 2018
  read : io=396087MB, bw=1650.3MB/s, iops=13202, runt=240016msec
    clat (usec): min=8, max=50264, avg=150.44, stdev=263.32
     lat (usec): min=8, max=50264, avg=150.53, stdev=263.34
    clat percentiles (usec):
     |  1.00th=[    9],  5.00th=[    9], 10.00th=[    9], 20.00th=[    9],
     | 30.00th=[   10], 40.00th=[   10], 50.00th=[   10], 60.00th=[   11],
     | 70.00th=[   22], 80.00th=[  510], 90.00th=[  572], 95.00th=[  612],
     | 99.00th=[  676], 99.50th=[  740], 99.90th=[ 1064], 99.95th=[ 1192],
     | 99.99th=[ 2768]
    bw (KB  /s): min=660480, max=887040, per=50.04%, avg=845559.14, stdev=36295.99
    lat (usec) : 10=22.74%, 20=43.93%, 50=8.11%, 100=0.21%, 250=0.01%
    lat (usec) : 500=3.47%, 750=21.07%, 1000=0.34%
    lat (msec) : 2=0.12%, 4=0.01%, 10=0.01%, 20=0.01%, 50=0.01%
    lat (msec) : 100=0.01%
  cpu          : usr=0.99%, sys=71.56%, ctx=1565195, majf=0, minf=47718
  IO depths    : 1=100.0%, 2=0.0%, 4=0.0%, 8=0.0%, 16=0.0%, 32=0.0%, >=64=0.0%
     submit    : 0=0.0%, 4=100.0%, 8=0.0%, 16=0.0%, 32=0.0%, 64=0.0%, >=64=0.0%
     complete  : 0=0.0%, 4=100.0%, 8=0.0%, 16=0.0%, 32=0.0%, 64=0.0%, >=64=0.0%
     issued    : total=r=3168692/w=0/d=0, short=r=0/w=0/d=0, drop=r=0/w=0/d=0
     latency   : target=0, window=0, percentile=100.00%, depth=1

Run status group 0 (all jobs):
   READ: io=396087MB, aggrb=1650.3MB/s, minb=1650.3MB/s, maxb=1650.3MB/s, mint=240016msec, maxt=240016msec

CPU idleness:
  system: 94.17%
  unit work: mean=53.97us, stddev=3.15
