fio-beegfs-write-unbuffered-block_512k-size_2G-threads_8: (g=0): rw=rw, bs=512K-512K/512K-512K/512K-512K, ioengine=psync, iodepth=1
...
fio-2.2.10
Starting 8 processes
fio-beegfs-write-unbuffered-block_512k-size_2G-threads_8: Laying out IO file(s) (4 file(s) / 8192MB)
fio-beegfs-write-unbuffered-block_512k-size_2G-threads_8: Laying out IO file(s) (4 file(s) / 8192MB)
fio-beegfs-write-unbuffered-block_512k-size_2G-threads_8: Laying out IO file(s) (4 file(s) / 8192MB)
fio-beegfs-write-unbuffered-block_512k-size_2G-threads_8: Laying out IO file(s) (4 file(s) / 8192MB)
fio-beegfs-write-unbuffered-block_512k-size_2G-threads_8: Laying out IO file(s) (4 file(s) / 8192MB)
fio-beegfs-write-unbuffered-block_512k-size_2G-threads_8: Laying out IO file(s) (4 file(s) / 8192MB)
fio-beegfs-write-unbuffered-block_512k-size_2G-threads_8: Laying out IO file(s) (4 file(s) / 8192MB)
fio-beegfs-write-unbuffered-block_512k-size_2G-threads_8: Laying out IO file(s) (4 file(s) / 8192MB)

fio-beegfs-write-unbuffered-block_512k-size_2G-threads_8: (groupid=0, jobs=8): err= 0: pid=15566: Sat Nov 24 12:33:27 2018
  write: io=92004MB, bw=392532KB/s, iops=766, runt=240011msec
    clat (msec): min=1, max=46, avg=10.42, stdev= 1.41
     lat (msec): min=1, max=46, avg=10.43, stdev= 1.41
    clat percentiles (usec):
     |  1.00th=[ 7968],  5.00th=[ 9408], 10.00th=[ 9408], 20.00th=[ 9536],
     | 30.00th=[ 9664], 40.00th=[ 9792], 50.00th=[10048], 60.00th=[10432],
     | 70.00th=[10688], 80.00th=[11072], 90.00th=[11712], 95.00th=[12736],
     | 99.00th=[16064], 99.50th=[17024], 99.90th=[19584], 99.95th=[20864],
     | 99.99th=[28800]
    bw (KB  /s): min=39540, max=54105, per=12.51%, avg=49114.44, stdev=2363.33
    lat (msec) : 2=0.01%, 4=0.11%, 10=46.75%, 20=53.06%, 50=0.08%
  cpu          : usr=0.13%, sys=2.67%, ctx=1170375, majf=0, minf=4561
  IO depths    : 1=100.0%, 2=0.0%, 4=0.0%, 8=0.0%, 16=0.0%, 32=0.0%, >=64=0.0%
     submit    : 0=0.0%, 4=100.0%, 8=0.0%, 16=0.0%, 32=0.0%, 64=0.0%, >=64=0.0%
     complete  : 0=0.0%, 4=100.0%, 8=0.0%, 16=0.0%, 32=0.0%, 64=0.0%, >=64=0.0%
     issued    : total=r=0/w=184008/d=0, short=r=0/w=0/d=0, drop=r=0/w=0/d=0
     latency   : target=0, window=0, percentile=100.00%, depth=1

Run status group 0 (all jobs):
  WRITE: io=92004MB, aggrb=392532KB/s, minb=392532KB/s, maxb=392532KB/s, mint=240011msec, maxt=240011msec

CPU idleness:
  system: 100.13%
  unit work: mean=56.37us, stddev=1.95
