fio-beegfs-write-unbuffered-block_128k-size_1G-threads_1: (g=0): rw=rw, bs=128K-128K/128K-128K/128K-128K, ioengine=psync, iodepth=1
fio-2.2.10
Starting 1 process
fio-beegfs-write-unbuffered-block_128k-size_1G-threads_1: Laying out IO file(s) (4 file(s) / 4096MB)

fio-beegfs-write-unbuffered-block_128k-size_1G-threads_1: (groupid=0, jobs=1): err= 0: pid=1165: Fri Nov 23 07:42:47 2018
  write: io=60398MB, bw=257697KB/s, iops=2013, runt=240001msec
    clat (usec): min=411, max=33760, avg=493.01, stdev=190.44
     lat (usec): min=413, max=33761, avg=494.76, stdev=190.44
    clat percentiles (usec):
     |  1.00th=[  430],  5.00th=[  442], 10.00th=[  450], 20.00th=[  462],
     | 30.00th=[  466], 40.00th=[  474], 50.00th=[  478], 60.00th=[  486],
     | 70.00th=[  498], 80.00th=[  516], 90.00th=[  540], 95.00th=[  556],
     | 99.00th=[  620], 99.50th=[  660], 99.90th=[ 1688], 99.95th=[ 5216],
     | 99.99th=[ 8096]
    bw (KB  /s): min=194816, max=276480, per=100.00%, avg=257808.15, stdev=8970.64
    lat (usec) : 500=71.94%, 750=27.82%, 1000=0.08%
    lat (msec) : 2=0.07%, 4=0.02%, 10=0.06%, 20=0.01%, 50=0.01%
  cpu          : usr=1.18%, sys=12.90%, ctx=1765892, majf=0, minf=8127
  IO depths    : 1=100.0%, 2=0.0%, 4=0.0%, 8=0.0%, 16=0.0%, 32=0.0%, >=64=0.0%
     submit    : 0=0.0%, 4=100.0%, 8=0.0%, 16=0.0%, 32=0.0%, 64=0.0%, >=64=0.0%
     complete  : 0=0.0%, 4=100.0%, 8=0.0%, 16=0.0%, 32=0.0%, 64=0.0%, >=64=0.0%
     issued    : total=r=0/w=483184/d=0, short=r=0/w=0/d=0, drop=r=0/w=0/d=0
     latency   : target=0, window=0, percentile=100.00%, depth=1

Run status group 0 (all jobs):
  WRITE: io=60398MB, aggrb=257697KB/s, minb=257697KB/s, maxb=257697KB/s, mint=240001msec, maxt=240001msec

CPU idleness:
  system: 92.58%
  unit work: mean=52.01us, stddev=2.36
