fio-beegfs-write-buffered-block_64k-size_2G-threads_4: (g=0): rw=rw, bs=64K-64K/64K-64K/64K-64K, ioengine=psync, iodepth=1
...
fio-2.2.10
Starting 4 processes
fio-beegfs-write-buffered-block_64k-size_2G-threads_4: Laying out IO file(s) (4 file(s) / 8192MB)
fio-beegfs-write-buffered-block_64k-size_2G-threads_4: Laying out IO file(s) (4 file(s) / 8192MB)
fio-beegfs-write-buffered-block_64k-size_2G-threads_4: Laying out IO file(s) (4 file(s) / 8192MB)
fio-beegfs-write-buffered-block_64k-size_2G-threads_4: Laying out IO file(s) (4 file(s) / 8192MB)

fio-beegfs-write-buffered-block_64k-size_2G-threads_4: (groupid=0, jobs=4): err= 0: pid=10636: Mon Nov 19 10:03:53 2018
  write: io=108306MB, bw=462102KB/s, iops=7220, runt=240001msec
    clat (usec): min=4, max=704955, avg=552.33, stdev=12440.60
     lat (usec): min=5, max=704955, avg=553.08, stdev=12440.62
    clat percentiles (usec):
     |  1.00th=[    4],  5.00th=[    5], 10.00th=[    5], 20.00th=[    5],
     | 30.00th=[    6], 40.00th=[    7], 50.00th=[    7], 60.00th=[   16],
     | 70.00th=[   16], 80.00th=[   17], 90.00th=[  628], 95.00th=[  740],
     | 99.00th=[  884], 99.50th=[18304], 99.90th=[38144], 99.95th=[432128],
     | 99.99th=[493568]
    bw (KB  /s): min=   99, max=636800, per=26.70%, avg=123384.60, stdev=142045.83
    lat (usec) : 10=58.18%, 20=25.95%, 50=2.90%, 100=0.47%, 250=0.01%
    lat (usec) : 500=0.07%, 750=7.81%, 1000=3.95%
    lat (msec) : 2=0.10%, 4=0.01%, 10=0.01%, 20=0.14%, 50=0.34%
    lat (msec) : 100=0.01%, 250=0.01%, 500=0.06%, 750=0.01%
  cpu          : usr=0.37%, sys=6.85%, ctx=1086216, majf=0, minf=31327
  IO depths    : 1=100.0%, 2=0.0%, 4=0.0%, 8=0.0%, 16=0.0%, 32=0.0%, >=64=0.0%
     submit    : 0=0.0%, 4=100.0%, 8=0.0%, 16=0.0%, 32=0.0%, 64=0.0%, >=64=0.0%
     complete  : 0=0.0%, 4=100.0%, 8=0.0%, 16=0.0%, 32=0.0%, 64=0.0%, >=64=0.0%
     issued    : total=r=0/w=1732890/d=0, short=r=0/w=0/d=0, drop=r=0/w=0/d=0
     latency   : target=0, window=0, percentile=100.00%, depth=1

Run status group 0 (all jobs):
  WRITE: io=108306MB, aggrb=462102KB/s, minb=462102KB/s, maxb=462102KB/s, mint=240001msec, maxt=240001msec

CPU idleness:
  system: 95.43%
  unit work: mean=53.71us, stddev=3.50
