fio-beegfs-write-unbuffered-block_16k-size_1G-threads_4: (g=0): rw=rw, bs=16K-16K/16K-16K/16K-16K, ioengine=psync, iodepth=1
...
fio-2.2.10
Starting 4 processes
fio-beegfs-write-unbuffered-block_16k-size_1G-threads_4: Laying out IO file(s) (4 file(s) / 4096MB)
fio-beegfs-write-unbuffered-block_16k-size_1G-threads_4: Laying out IO file(s) (4 file(s) / 4096MB)
fio-beegfs-write-unbuffered-block_16k-size_1G-threads_4: Laying out IO file(s) (4 file(s) / 4096MB)
fio-beegfs-write-unbuffered-block_16k-size_1G-threads_4: Laying out IO file(s) (4 file(s) / 4096MB)

fio-beegfs-write-unbuffered-block_16k-size_1G-threads_4: (groupid=0, jobs=4): err= 0: pid=8976: Fri Nov 23 18:25:15 2018
  write: io=66685MB, bw=284522KB/s, iops=17782, runt=240001msec
    clat (usec): min=145, max=111049, avg=223.03, stdev=157.21
     lat (usec): min=145, max=111049, avg=223.35, stdev=157.21
    clat percentiles (usec):
     |  1.00th=[  169],  5.00th=[  179], 10.00th=[  185], 20.00th=[  195],
     | 30.00th=[  203], 40.00th=[  211], 50.00th=[  217], 60.00th=[  223],
     | 70.00th=[  233], 80.00th=[  243], 90.00th=[  262], 95.00th=[  278],
     | 99.00th=[  322], 99.50th=[  346], 99.90th=[  596], 99.95th=[ 1336],
     | 99.99th=[ 5536]
    bw (KB  /s): min=56544, max=74880, per=25.01%, avg=71150.54, stdev=1688.23
    lat (usec) : 250=84.51%, 500=15.36%, 750=0.05%, 1000=0.02%
    lat (msec) : 2=0.02%, 4=0.01%, 10=0.03%, 20=0.01%, 50=0.01%
    lat (msec) : 250=0.01%
  cpu          : usr=1.48%, sys=15.60%, ctx=6409056, majf=0, minf=71188
  IO depths    : 1=100.0%, 2=0.0%, 4=0.0%, 8=0.0%, 16=0.0%, 32=0.0%, >=64=0.0%
     submit    : 0=0.0%, 4=100.0%, 8=0.0%, 16=0.0%, 32=0.0%, 64=0.0%, >=64=0.0%
     complete  : 0=0.0%, 4=100.0%, 8=0.0%, 16=0.0%, 32=0.0%, 64=0.0%, >=64=0.0%
     issued    : total=r=0/w=4267853/d=0, short=r=0/w=0/d=0, drop=r=0/w=0/d=0
     latency   : target=0, window=0, percentile=100.00%, depth=1

Run status group 0 (all jobs):
  WRITE: io=66685MB, aggrb=284522KB/s, minb=284522KB/s, maxb=284522KB/s, mint=240001msec, maxt=240001msec

CPU idleness:
  system: 91.06%
  unit work: mean=51.84us, stddev=2.24
