fio-beegfs-read-unbuffered-block_64k-size_1G-threads_8: (g=0): rw=rw, bs=64K-64K/64K-64K/64K-64K, ioengine=psync, iodepth=1
...
fio-2.2.10
Starting 8 processes
fio-beegfs-read-unbuffered-block_64k-size_1G-threads_8: Laying out IO file(s) (4 file(s) / 4096MB)
fio-beegfs-read-unbuffered-block_64k-size_1G-threads_8: Laying out IO file(s) (4 file(s) / 4096MB)
fio-beegfs-read-unbuffered-block_64k-size_1G-threads_8: Laying out IO file(s) (4 file(s) / 4096MB)
fio-beegfs-read-unbuffered-block_64k-size_1G-threads_8: Laying out IO file(s) (4 file(s) / 4096MB)
fio-beegfs-read-unbuffered-block_64k-size_1G-threads_8: Laying out IO file(s) (4 file(s) / 4096MB)
fio-beegfs-read-unbuffered-block_64k-size_1G-threads_8: Laying out IO file(s) (4 file(s) / 4096MB)
fio-beegfs-read-unbuffered-block_64k-size_1G-threads_8: Laying out IO file(s) (4 file(s) / 4096MB)
fio-beegfs-read-unbuffered-block_64k-size_1G-threads_8: Laying out IO file(s) (4 file(s) / 4096MB)

fio-beegfs-read-unbuffered-block_64k-size_1G-threads_8: (groupid=0, jobs=8): err= 0: pid=13382: Sat Nov 24 05:45:20 2018
  read : io=101351MB, bw=432430KB/s, iops=6756, runt=240001msec
    clat (usec): min=424, max=42636, avg=1182.19, stdev=344.92
     lat (usec): min=424, max=42636, avg=1182.32, stdev=344.92
    clat percentiles (usec):
     |  1.00th=[  812],  5.00th=[  924], 10.00th=[  988], 20.00th=[ 1048],
     | 30.00th=[ 1096], 40.00th=[ 1128], 50.00th=[ 1160], 60.00th=[ 1176],
     | 70.00th=[ 1224], 80.00th=[ 1272], 90.00th=[ 1336], 95.00th=[ 1416],
     | 99.00th=[ 2512], 99.50th=[ 3216], 99.90th=[ 4080], 99.95th=[ 5472],
     | 99.99th=[11840]
    bw (KB  /s): min=39808, max=57344, per=12.51%, avg=54101.39, stdev=1720.64
    lat (usec) : 500=0.01%, 750=0.43%, 1000=11.31%
    lat (msec) : 2=87.01%, 4=1.14%, 10=0.09%, 20=0.01%, 50=0.01%
  cpu          : usr=0.25%, sys=5.31%, ctx=1926650, majf=0, minf=36775
  IO depths    : 1=100.0%, 2=0.0%, 4=0.0%, 8=0.0%, 16=0.0%, 32=0.0%, >=64=0.0%
     submit    : 0=0.0%, 4=100.0%, 8=0.0%, 16=0.0%, 32=0.0%, 64=0.0%, >=64=0.0%
     complete  : 0=0.0%, 4=100.0%, 8=0.0%, 16=0.0%, 32=0.0%, 64=0.0%, >=64=0.0%
     issued    : total=r=1621620/w=0/d=0, short=r=0/w=0/d=0, drop=r=0/w=0/d=0
     latency   : target=0, window=0, percentile=100.00%, depth=1

Run status group 0 (all jobs):
   READ: io=101351MB, aggrb=432430KB/s, minb=432430KB/s, maxb=432430KB/s, mint=240001msec, maxt=240001msec

CPU idleness:
  system: 92.00%
  unit work: mean=52.03us, stddev=2.27
