fio-beegfs-write-buffered-block_512k-size_1G-threads_4: (g=0): rw=rw, bs=512K-512K/512K-512K/512K-512K, ioengine=psync, iodepth=1
...
fio-2.2.10
Starting 4 processes
fio-beegfs-write-buffered-block_512k-size_1G-threads_4: Laying out IO file(s) (4 file(s) / 4096MB)
fio-beegfs-write-buffered-block_512k-size_1G-threads_4: Laying out IO file(s) (4 file(s) / 4096MB)
fio-beegfs-write-buffered-block_512k-size_1G-threads_4: Laying out IO file(s) (4 file(s) / 4096MB)
fio-beegfs-write-buffered-block_512k-size_1G-threads_4: Laying out IO file(s) (4 file(s) / 4096MB)

fio-beegfs-write-buffered-block_512k-size_1G-threads_4: (groupid=0, jobs=4): err= 0: pid=9785: Mon Nov 19 08:18:48 2018
  write: io=271439MB, bw=1130.2MB/s, iops=2261, runt=240001msec
    clat (usec): min=455, max=741357, avg=1756.85, stdev=20666.21
     lat (usec): min=464, max=741365, avg=1766.24, stdev=20666.22
    clat percentiles (usec):
     |  1.00th=[  564],  5.00th=[  604], 10.00th=[  628], 20.00th=[  668],
     | 30.00th=[  692], 40.00th=[  716], 50.00th=[  732], 60.00th=[  756],
     | 70.00th=[  772], 80.00th=[  788], 90.00th=[  820], 95.00th=[  852],
     | 99.00th=[  956], 99.50th=[ 1192], 99.90th=[456704], 99.95th=[477184],
     | 99.99th=[544768]
    bw (KB  /s): min= 2043, max=705536, per=26.20%, avg=303417.94, stdev=273182.14
    lat (usec) : 500=0.01%, 750=58.08%, 1000=41.16%
    lat (msec) : 2=0.38%, 4=0.02%, 10=0.02%, 20=0.02%, 50=0.05%
    lat (msec) : 100=0.02%, 250=0.05%, 500=0.18%, 750=0.03%
  cpu          : usr=0.84%, sys=13.12%, ctx=3180579, majf=0, minf=15248
  IO depths    : 1=100.0%, 2=0.0%, 4=0.0%, 8=0.0%, 16=0.0%, 32=0.0%, >=64=0.0%
     submit    : 0=0.0%, 4=100.0%, 8=0.0%, 16=0.0%, 32=0.0%, 64=0.0%, >=64=0.0%
     complete  : 0=0.0%, 4=100.0%, 8=0.0%, 16=0.0%, 32=0.0%, 64=0.0%, >=64=0.0%
     issued    : total=r=0/w=542877/d=0, short=r=0/w=0/d=0, drop=r=0/w=0/d=0
     latency   : target=0, window=0, percentile=100.00%, depth=1

Run status group 0 (all jobs):
  WRITE: io=271439MB, aggrb=1130.2MB/s, minb=1130.2MB/s, maxb=1130.2MB/s, mint=240001msec, maxt=240001msec

CPU idleness:
  system: 97.27%
  unit work: mean=55.08us, stddev=2.49
