fio-beegfs-write-unbuffered-block_512k-size_4G-threads_4: (g=0): rw=rw, bs=512K-512K/512K-512K/512K-512K, ioengine=psync, iodepth=1
...
fio-2.2.10
Starting 4 processes
fio-beegfs-write-unbuffered-block_512k-size_4G-threads_4: Laying out IO file(s) (4 file(s) / 16384MB)
fio-beegfs-write-unbuffered-block_512k-size_4G-threads_4: Laying out IO file(s) (4 file(s) / 16384MB)
fio-beegfs-write-unbuffered-block_512k-size_4G-threads_4: Laying out IO file(s) (4 file(s) / 16384MB)
fio-beegfs-write-unbuffered-block_512k-size_4G-threads_4: Laying out IO file(s) (4 file(s) / 16384MB)

fio-beegfs-write-unbuffered-block_512k-size_4G-threads_4: (groupid=0, jobs=4): err= 0: pid=12659: Sat Nov 24 03:39:28 2018
  write: io=91266MB, bw=389391KB/s, iops=760, runt=240005msec
    clat (msec): min=1, max=46, avg= 5.25, stdev= 1.10
     lat (msec): min=1, max=46, avg= 5.26, stdev= 1.10
    clat percentiles (usec):
     |  1.00th=[ 3888],  5.00th=[ 3952], 10.00th=[ 4048], 20.00th=[ 4512],
     | 30.00th=[ 4768], 40.00th=[ 4960], 50.00th=[ 5088], 60.00th=[ 5408],
     | 70.00th=[ 5600], 80.00th=[ 5856], 90.00th=[ 6112], 95.00th=[ 6560],
     | 99.00th=[ 9536], 99.50th=[11200], 99.90th=[13376], 99.95th=[15808],
     | 99.99th=[26240]
    bw (KB  /s): min=58687, max=110950, per=25.03%, avg=97448.55, stdev=5772.66
    lat (msec) : 2=0.01%, 4=8.09%, 10=91.02%, 20=0.86%, 50=0.02%
  cpu          : usr=0.23%, sys=5.36%, ctx=1001131, majf=0, minf=3811
  IO depths    : 1=100.0%, 2=0.0%, 4=0.0%, 8=0.0%, 16=0.0%, 32=0.0%, >=64=0.0%
     submit    : 0=0.0%, 4=100.0%, 8=0.0%, 16=0.0%, 32=0.0%, 64=0.0%, >=64=0.0%
     complete  : 0=0.0%, 4=100.0%, 8=0.0%, 16=0.0%, 32=0.0%, 64=0.0%, >=64=0.0%
     issued    : total=r=0/w=182531/d=0, short=r=0/w=0/d=0, drop=r=0/w=0/d=0
     latency   : target=0, window=0, percentile=100.00%, depth=1

Run status group 0 (all jobs):
  WRITE: io=91266MB, aggrb=389391KB/s, minb=389391KB/s, maxb=389391KB/s, mint=240005msec, maxt=240005msec

CPU idleness:
  system: 95.77%
  unit work: mean=53.87us, stddev=2.79
