fio-beegfs-read-buffered-block_128k-size_4G-threads_2: (g=0): rw=rw, bs=128K-128K/128K-128K/128K-128K, ioengine=psync, iodepth=1
...
fio-2.2.10
Starting 2 processes
fio-beegfs-read-buffered-block_128k-size_4G-threads_2: Laying out IO file(s) (4 file(s) / 16384MB)
fio-beegfs-read-buffered-block_128k-size_4G-threads_2: Laying out IO file(s) (4 file(s) / 16384MB)

fio-beegfs-read-buffered-block_128k-size_4G-threads_2: (groupid=0, jobs=2): err= 0: pid=7951: Mon Nov 19 05:00:31 2018
  read : io=387507MB, bw=1614.7MB/s, iops=12916, runt=240001msec
    clat (usec): min=8, max=60598, avg=153.80, stdev=256.77
     lat (usec): min=8, max=60598, avg=153.88, stdev=256.80
    clat percentiles (usec):
     |  1.00th=[    9],  5.00th=[    9], 10.00th=[    9], 20.00th=[   10],
     | 30.00th=[   10], 40.00th=[   10], 50.00th=[   10], 60.00th=[   11],
     | 70.00th=[   22], 80.00th=[  516], 90.00th=[  588], 95.00th=[  628],
     | 99.00th=[  716], 99.50th=[  820], 99.90th=[ 1112], 99.95th=[ 1208],
     | 99.99th=[ 1384]
    bw (KB  /s): min=524544, max=884480, per=50.03%, avg=827136.58, stdev=49686.44
    lat (usec) : 10=19.22%, 20=47.89%, 50=7.69%, 100=0.19%, 250=0.01%
    lat (usec) : 500=2.92%, 750=21.36%, 1000=0.54%
    lat (msec) : 2=0.19%, 4=0.01%, 10=0.01%, 20=0.01%, 50=0.01%
    lat (msec) : 100=0.01%
  cpu          : usr=1.00%, sys=70.00%, ctx=1551560, majf=0, minf=46916
  IO depths    : 1=100.0%, 2=0.0%, 4=0.0%, 8=0.0%, 16=0.0%, 32=0.0%, >=64=0.0%
     submit    : 0=0.0%, 4=100.0%, 8=0.0%, 16=0.0%, 32=0.0%, 64=0.0%, >=64=0.0%
     complete  : 0=0.0%, 4=100.0%, 8=0.0%, 16=0.0%, 32=0.0%, 64=0.0%, >=64=0.0%
     issued    : total=r=3100056/w=0/d=0, short=r=0/w=0/d=0, drop=r=0/w=0/d=0
     latency   : target=0, window=0, percentile=100.00%, depth=1

Run status group 0 (all jobs):
   READ: io=387507MB, aggrb=1614.7MB/s, minb=1614.7MB/s, maxb=1614.7MB/s, mint=240001msec, maxt=240001msec

CPU idleness:
  system: 91.76%
  unit work: mean=52.59us, stddev=3.83
