fio-beegfs-write-buffered-block_16k-size_2G-threads_2: (g=0): rw=rw, bs=16K-16K/16K-16K/16K-16K, ioengine=psync, iodepth=1
...
fio-2.2.10
Starting 2 processes
fio-beegfs-write-buffered-block_16k-size_2G-threads_2: Laying out IO file(s) (4 file(s) / 8192MB)
fio-beegfs-write-buffered-block_16k-size_2G-threads_2: Laying out IO file(s) (4 file(s) / 8192MB)

fio-beegfs-write-buffered-block_16k-size_2G-threads_2: (groupid=0, jobs=2): err= 0: pid=6135: Mon Nov 19 01:44:55 2018
  write: io=117117MB, bw=499698KB/s, iops=31231, runt=240001msec
    clat (usec): min=1, max=598624, avg=63.13, stdev=4111.49
     lat (usec): min=1, max=598625, avg=63.36, stdev=4111.50
    clat percentiles (usec):
     |  1.00th=[    1],  5.00th=[    1], 10.00th=[    2], 20.00th=[    2],
     | 30.00th=[    2], 40.00th=[    2], 50.00th=[    2], 60.00th=[    4],
     | 70.00th=[    5], 80.00th=[    5], 90.00th=[    5], 95.00th=[    6],
     | 99.00th=[  684], 99.50th=[  716], 99.90th=[  804], 99.95th=[  860],
     | 99.99th=[28800]
    bw (KB  /s): min=   63, max=700448, per=52.28%, avg=261222.83, stdev=260314.89
    lat (usec) : 2=7.04%, 4=50.34%, 10=38.24%, 20=0.74%, 50=0.47%
    lat (usec) : 100=0.03%, 250=0.01%, 500=0.02%, 750=2.86%, 1000=0.22%
    lat (msec) : 2=0.01%, 4=0.01%, 10=0.01%, 20=0.01%, 50=0.01%
    lat (msec) : 100=0.01%, 250=0.01%, 500=0.01%, 750=0.01%
  cpu          : usr=1.79%, sys=16.12%, ctx=995959, majf=0, minf=98427
  IO depths    : 1=100.0%, 2=0.0%, 4=0.0%, 8=0.0%, 16=0.0%, 32=0.0%, >=64=0.0%
     submit    : 0=0.0%, 4=100.0%, 8=0.0%, 16=0.0%, 32=0.0%, 64=0.0%, >=64=0.0%
     complete  : 0=0.0%, 4=100.0%, 8=0.0%, 16=0.0%, 32=0.0%, 64=0.0%, >=64=0.0%
     issued    : total=r=0/w=7495495/d=0, short=r=0/w=0/d=0, drop=r=0/w=0/d=0
     latency   : target=0, window=0, percentile=100.00%, depth=1

Run status group 0 (all jobs):
  WRITE: io=117117MB, aggrb=499697KB/s, minb=499697KB/s, maxb=499697KB/s, mint=240001msec, maxt=240001msec

CPU idleness:
  system: 98.56%
  unit work: mean=55.58us, stddev=1.79
