fio-beegfs-write-buffered-block_16k-size_2G-threads_1: (g=0): rw=rw, bs=16K-16K/16K-16K/16K-16K, ioengine=psync, iodepth=1
fio-2.2.10
Starting 1 process
fio-beegfs-write-buffered-block_16k-size_2G-threads_1: Laying out IO file(s) (4 file(s) / 8192MB)

fio-beegfs-write-buffered-block_16k-size_2G-threads_1: (groupid=0, jobs=1): err= 0: pid=1958: Sun Nov 18 20:45:40 2018
  write: io=96570MB, bw=412025KB/s, iops=25751, runt=240004msec
    clat (usec): min=1, max=739222, avg=38.01, stdev=2881.23
     lat (usec): min=2, max=739222, avg=38.22, stdev=2881.23
    clat percentiles (usec):
     |  1.00th=[    1],  5.00th=[    1], 10.00th=[    2], 20.00th=[    2],
     | 30.00th=[    2], 40.00th=[    2], 50.00th=[    2], 60.00th=[    2],
     | 70.00th=[    2], 80.00th=[    2], 90.00th=[    2], 95.00th=[    2],
     | 99.00th=[  564], 99.50th=[  580], 99.90th=[  628], 99.95th=[  644],
     | 99.99th=[  732]
    bw (KB  /s): min=   29, max=843712, per=100.00%, avg=434952.92, stdev=345442.00
    lat (usec) : 2=8.27%, 4=87.95%, 10=0.64%, 20=0.02%, 50=0.01%
    lat (usec) : 100=0.01%, 250=0.01%, 500=0.55%, 750=2.57%, 1000=0.01%
    lat (msec) : 2=0.01%, 4=0.01%, 10=0.01%, 20=0.01%, 50=0.01%
    lat (msec) : 100=0.01%, 250=0.01%, 500=0.01%, 750=0.01%
  cpu          : usr=2.97%, sys=16.92%, ctx=875577, majf=0, minf=77723
  IO depths    : 1=100.0%, 2=0.0%, 4=0.0%, 8=0.0%, 16=0.0%, 32=0.0%, >=64=0.0%
     submit    : 0=0.0%, 4=100.0%, 8=0.0%, 16=0.0%, 32=0.0%, 64=0.0%, >=64=0.0%
     complete  : 0=0.0%, 4=100.0%, 8=0.0%, 16=0.0%, 32=0.0%, 64=0.0%, >=64=0.0%
     issued    : total=r=0/w=6180477/d=0, short=r=0/w=0/d=0, drop=r=0/w=0/d=0
     latency   : target=0, window=0, percentile=100.00%, depth=1

Run status group 0 (all jobs):
  WRITE: io=96570MB, aggrb=412024KB/s, minb=412024KB/s, maxb=412024KB/s, mint=240004msec, maxt=240004msec

CPU idleness:
  system: 97.37%
  unit work: mean=54.79us, stddev=2.60
