fio-beegfs-read-unbuffered-block_512k-size_4G-threads_8: (g=0): rw=rw, bs=512K-512K/512K-512K/512K-512K, ioengine=psync, iodepth=1
...
fio-2.2.10
Starting 8 processes
fio-beegfs-read-unbuffered-block_512k-size_4G-threads_8: Laying out IO file(s) (4 file(s) / 16384MB)
fio-beegfs-read-unbuffered-block_512k-size_4G-threads_8: Laying out IO file(s) (4 file(s) / 16384MB)
fio-beegfs-read-unbuffered-block_512k-size_4G-threads_8: Laying out IO file(s) (4 file(s) / 16384MB)
fio-beegfs-read-unbuffered-block_512k-size_4G-threads_8: Laying out IO file(s) (4 file(s) / 16384MB)
fio-beegfs-read-unbuffered-block_512k-size_4G-threads_8: Laying out IO file(s) (4 file(s) / 16384MB)
fio-beegfs-read-unbuffered-block_512k-size_4G-threads_8: Laying out IO file(s) (4 file(s) / 16384MB)
fio-beegfs-read-unbuffered-block_512k-size_4G-threads_8: Laying out IO file(s) (4 file(s) / 16384MB)
fio-beegfs-read-unbuffered-block_512k-size_4G-threads_8: Laying out IO file(s) (4 file(s) / 16384MB)

fio-beegfs-read-unbuffered-block_512k-size_4G-threads_8: (groupid=0, jobs=8): err= 0: pid=16878: Sat Nov 24 21:02:34 2018
  read : io=122485MB, bw=522587KB/s, iops=1020, runt=240007msec
    clat (usec): min=2056, max=51489, avg=7835.62, stdev=984.46
     lat (usec): min=2057, max=51489, avg=7835.77, stdev=984.46
    clat percentiles (usec):
     |  1.00th=[ 6752],  5.00th=[ 7584], 10.00th=[ 7584], 20.00th=[ 7584],
     | 30.00th=[ 7648], 40.00th=[ 7648], 50.00th=[ 7648], 60.00th=[ 7648],
     | 70.00th=[ 7712], 80.00th=[ 7840], 90.00th=[ 7968], 95.00th=[ 8512],
     | 99.00th=[12608], 99.50th=[14784], 99.90th=[17792], 99.95th=[19072],
     | 99.99th=[30848]
    bw (KB  /s): min=55652, max=68670, per=12.51%, avg=65385.34, stdev=1938.62
    lat (msec) : 4=0.02%, 10=97.81%, 20=2.13%, 50=0.04%, 100=0.01%
  cpu          : usr=0.04%, sys=4.39%, ctx=535699, majf=0, minf=5273
  IO depths    : 1=100.0%, 2=0.0%, 4=0.0%, 8=0.0%, 16=0.0%, 32=0.0%, >=64=0.0%
     submit    : 0=0.0%, 4=100.0%, 8=0.0%, 16=0.0%, 32=0.0%, 64=0.0%, >=64=0.0%
     complete  : 0=0.0%, 4=100.0%, 8=0.0%, 16=0.0%, 32=0.0%, 64=0.0%, >=64=0.0%
     issued    : total=r=244970/w=0/d=0, short=r=0/w=0/d=0, drop=r=0/w=0/d=0
     latency   : target=0, window=0, percentile=100.00%, depth=1

Run status group 0 (all jobs):
   READ: io=122485MB, aggrb=522587KB/s, minb=522587KB/s, maxb=522587KB/s, mint=240007msec, maxt=240007msec

CPU idleness:
  system: 96.28%
  unit work: mean=54.27us, stddev=3.64
