fio-beegfs-read-buffered-block_1024k-size_4G-threads_4: (g=0): rw=rw, bs=1M-1M/1M-1M/1M-1M, ioengine=psync, iodepth=1
...
fio-2.2.10
Starting 4 processes
fio-beegfs-read-buffered-block_1024k-size_4G-threads_4: Laying out IO file(s) (4 file(s) / 16384MB)
fio-beegfs-read-buffered-block_1024k-size_4G-threads_4: Laying out IO file(s) (4 file(s) / 16384MB)
fio-beegfs-read-buffered-block_1024k-size_4G-threads_4: Laying out IO file(s) (4 file(s) / 16384MB)
fio-beegfs-read-buffered-block_1024k-size_4G-threads_4: Laying out IO file(s) (4 file(s) / 16384MB)

fio-beegfs-read-buffered-block_1024k-size_4G-threads_4: (groupid=0, jobs=4): err= 0: pid=12761: Mon Nov 19 17:14:27 2018
  read : io=688090MB, bw=2866.9MB/s, iops=2866, runt=240015msec
    clat (usec): min=800, max=50107, avg=1393.22, stdev=227.59
     lat (usec): min=800, max=50107, avg=1393.36, stdev=227.59
    clat percentiles (usec):
     |  1.00th=[ 1160],  5.00th=[ 1256], 10.00th=[ 1288], 20.00th=[ 1320],
     | 30.00th=[ 1352], 40.00th=[ 1368], 50.00th=[ 1384], 60.00th=[ 1400],
     | 70.00th=[ 1416], 80.00th=[ 1448], 90.00th=[ 1480], 95.00th=[ 1528],
     | 99.00th=[ 1816], 99.50th=[ 2008], 99.90th=[ 2672], 99.95th=[ 3792],
     | 99.99th=[ 9920]
    bw (KB  /s): min=567296, max=776686, per=25.02%, avg=734594.97, stdev=15476.49
    lat (usec) : 1000=0.03%
    lat (msec) : 2=99.46%, 4=0.47%, 10=0.04%, 20=0.01%, 50=0.01%
    lat (msec) : 100=0.01%
  cpu          : usr=0.22%, sys=70.99%, ctx=4973819, majf=0, minf=16949
  IO depths    : 1=100.0%, 2=0.0%, 4=0.0%, 8=0.0%, 16=0.0%, 32=0.0%, >=64=0.0%
     submit    : 0=0.0%, 4=100.0%, 8=0.0%, 16=0.0%, 32=0.0%, 64=0.0%, >=64=0.0%
     complete  : 0=0.0%, 4=100.0%, 8=0.0%, 16=0.0%, 32=0.0%, 64=0.0%, >=64=0.0%
     issued    : total=r=688090/w=0/d=0, short=r=0/w=0/d=0, drop=r=0/w=0/d=0
     latency   : target=0, window=0, percentile=100.00%, depth=1

Run status group 0 (all jobs):
   READ: io=688090MB, aggrb=2866.9MB/s, minb=2866.9MB/s, maxb=2866.9MB/s, mint=240015msec, maxt=240015msec

CPU idleness:
  system: 93.30%
  unit work: mean=54.88us, stddev=2.57
