fio-beegfs-write-buffered-block_16k-size_2G-threads_8: (g=0): rw=rw, bs=16K-16K/16K-16K/16K-16K, ioengine=psync, iodepth=1
...
fio-2.2.10
Starting 8 processes
fio-beegfs-write-buffered-block_16k-size_2G-threads_8: Laying out IO file(s) (4 file(s) / 8192MB)
fio-beegfs-write-buffered-block_16k-size_2G-threads_8: Laying out IO file(s) (4 file(s) / 8192MB)
fio-beegfs-write-buffered-block_16k-size_2G-threads_8: Laying out IO file(s) (4 file(s) / 8192MB)
fio-beegfs-write-buffered-block_16k-size_2G-threads_8: Laying out IO file(s) (4 file(s) / 8192MB)
fio-beegfs-write-buffered-block_16k-size_2G-threads_8: Laying out IO file(s) (4 file(s) / 8192MB)
fio-beegfs-write-buffered-block_16k-size_2G-threads_8: Laying out IO file(s) (4 file(s) / 8192MB)
fio-beegfs-write-buffered-block_16k-size_2G-threads_8: Laying out IO file(s) (4 file(s) / 8192MB)
fio-beegfs-write-buffered-block_16k-size_2G-threads_8: Laying out IO file(s) (4 file(s) / 8192MB)

fio-beegfs-write-buffered-block_16k-size_2G-threads_8: (groupid=0, jobs=8): err= 0: pid=14653: Mon Nov 19 22:17:52 2018
  write: io=109482MB, bw=467078KB/s, iops=29192, runt=240023msec
    clat (usec): min=1, max=654804, avg=273.02, stdev=8705.68
     lat (usec): min=1, max=654805, avg=273.26, stdev=8705.69
    clat percentiles (usec):
     |  1.00th=[    1],  5.00th=[    2], 10.00th=[    2], 20.00th=[    2],
     | 30.00th=[    2], 40.00th=[    2], 50.00th=[    2], 60.00th=[    3],
     | 70.00th=[    3], 80.00th=[    5], 90.00th=[    5], 95.00th=[   12],
     | 99.00th=[ 1224], 99.50th=[ 1448], 99.90th=[33024], 99.95th=[43776],
     | 99.99th=[477184]
    bw (KB  /s): min=   31, max=389120, per=13.21%, avg=61680.78, stdev=66625.35
    lat (usec) : 2=3.40%, 4=70.09%, 10=21.21%, 20=1.33%, 50=0.77%
    lat (usec) : 100=0.05%, 250=0.01%, 500=0.01%, 750=0.72%, 1000=0.45%
    lat (msec) : 2=1.64%, 4=0.01%, 10=0.01%, 20=0.02%, 50=0.23%
    lat (msec) : 100=0.01%, 250=0.01%, 500=0.03%, 750=0.01%
  cpu          : usr=0.48%, sys=3.72%, ctx=2113870, majf=0, minf=124464
  IO depths    : 1=100.0%, 2=0.0%, 4=0.0%, 8=0.0%, 16=0.0%, 32=0.0%, >=64=0.0%
     submit    : 0=0.0%, 4=100.0%, 8=0.0%, 16=0.0%, 32=0.0%, 64=0.0%, >=64=0.0%
     complete  : 0=0.0%, 4=100.0%, 8=0.0%, 16=0.0%, 32=0.0%, 64=0.0%, >=64=0.0%
     issued    : total=r=0/w=7006837/d=0, short=r=0/w=0/d=0, drop=r=0/w=0/d=0
     latency   : target=0, window=0, percentile=100.00%, depth=1

Run status group 0 (all jobs):
  WRITE: io=109482MB, aggrb=467077KB/s, minb=467077KB/s, maxb=467077KB/s, mint=240023msec, maxt=240023msec

CPU idleness:
  system: 95.62%
  unit work: mean=53.92us, stddev=1.83
