fio-beegfs-write-unbuffered-block_128k-size_4G-threads_1: (g=0): rw=rw, bs=128K-128K/128K-128K/128K-128K, ioengine=psync, iodepth=1
fio-2.2.10
Starting 1 process
fio-beegfs-write-unbuffered-block_128k-size_4G-threads_1: Laying out IO file(s) (4 file(s) / 16384MB)

fio-beegfs-write-unbuffered-block_128k-size_4G-threads_1: (groupid=0, jobs=1): err= 0: pid=3939: Fri Nov 23 10:41:31 2018
  write: io=60391MB, bw=257669KB/s, iops=2013, runt=240001msec
    clat (usec): min=409, max=7330, avg=493.09, stdev=124.03
     lat (usec): min=410, max=7332, avg=494.84, stdev=124.03
    clat percentiles (usec):
     |  1.00th=[  430],  5.00th=[  442], 10.00th=[  450], 20.00th=[  458],
     | 30.00th=[  466], 40.00th=[  474], 50.00th=[  482], 60.00th=[  490],
     | 70.00th=[  502], 80.00th=[  516], 90.00th=[  540], 95.00th=[  564],
     | 99.00th=[  628], 99.50th=[  668], 99.90th=[ 1400], 99.95th=[ 4128],
     | 99.99th=[ 5792]
    bw (KB  /s): min=232960, max=273920, per=100.00%, avg=257791.01, stdev=7939.95
    lat (usec) : 500=68.54%, 750=31.21%, 1000=0.10%
    lat (msec) : 2=0.10%, 4=0.01%, 10=0.05%
  cpu          : usr=1.18%, sys=12.84%, ctx=1763336, majf=0, minf=8125
  IO depths    : 1=100.0%, 2=0.0%, 4=0.0%, 8=0.0%, 16=0.0%, 32=0.0%, >=64=0.0%
     submit    : 0=0.0%, 4=100.0%, 8=0.0%, 16=0.0%, 32=0.0%, 64=0.0%, >=64=0.0%
     complete  : 0=0.0%, 4=100.0%, 8=0.0%, 16=0.0%, 32=0.0%, 64=0.0%, >=64=0.0%
     issued    : total=r=0/w=483131/d=0, short=r=0/w=0/d=0, drop=r=0/w=0/d=0
     latency   : target=0, window=0, percentile=100.00%, depth=1

Run status group 0 (all jobs):
  WRITE: io=60391MB, aggrb=257668KB/s, minb=257668KB/s, maxb=257668KB/s, mint=240001msec, maxt=240001msec

CPU idleness:
  system: 98.80%
  unit work: mean=55.62us, stddev=2.43
