fio-beegfs-write-buffered-block_16k-size_1G-threads_1: (g=0): rw=rw, bs=16K-16K/16K-16K/16K-16K, ioengine=psync, iodepth=1
fio-2.2.10
Starting 1 process
fio-beegfs-write-buffered-block_16k-size_1G-threads_1: Laying out IO file(s) (4 file(s) / 4096MB)

fio-beegfs-write-buffered-block_16k-size_1G-threads_1: (groupid=0, jobs=1): err= 0: pid=571: Sun Nov 18 19:36:48 2018
  write: io=131594MB, bw=561465KB/s, iops=35091, runt=240001msec
    clat (usec): min=1, max=652014, avg=27.67, stdev=1895.02
     lat (usec): min=1, max=652014, avg=27.88, stdev=1895.03
    clat percentiles (usec):
     |  1.00th=[    1],  5.00th=[    1], 10.00th=[    2], 20.00th=[    2],
     | 30.00th=[    2], 40.00th=[    2], 50.00th=[    2], 60.00th=[    2],
     | 70.00th=[    2], 80.00th=[    2], 90.00th=[    2], 95.00th=[    2],
     | 99.00th=[  564], 99.50th=[  580], 99.90th=[  620], 99.95th=[  636],
     | 99.99th=[  716]
    bw (KB  /s): min= 2086, max=839104, per=100.00%, avg=581789.22, stdev=324171.14
    lat (usec) : 2=8.22%, 4=88.00%, 10=0.64%, 20=0.02%, 50=0.01%
    lat (usec) : 100=0.01%, 250=0.01%, 500=0.58%, 750=2.54%, 1000=0.01%
    lat (msec) : 2=0.01%, 4=0.01%, 10=0.01%, 20=0.01%, 50=0.01%
    lat (msec) : 100=0.01%, 250=0.01%, 500=0.01%, 750=0.01%
  cpu          : usr=3.90%, sys=23.20%, ctx=1192130, majf=0, minf=103991
  IO depths    : 1=100.0%, 2=0.0%, 4=0.0%, 8=0.0%, 16=0.0%, 32=0.0%, >=64=0.0%
     submit    : 0=0.0%, 4=100.0%, 8=0.0%, 16=0.0%, 32=0.0%, 64=0.0%, >=64=0.0%
     complete  : 0=0.0%, 4=100.0%, 8=0.0%, 16=0.0%, 32=0.0%, 64=0.0%, >=64=0.0%
     issued    : total=r=0/w=8422013/d=0, short=r=0/w=0/d=0, drop=r=0/w=0/d=0
     latency   : target=0, window=0, percentile=100.00%, depth=1

Run status group 0 (all jobs):
  WRITE: io=131594MB, aggrb=561465KB/s, minb=561465KB/s, maxb=561465KB/s, mint=240001msec, maxt=240001msec

CPU idleness:
  system: 95.27%
  unit work: mean=53.71us, stddev=1.81
