fio-beegfs-read-unbuffered-block_512k-size_1G-threads_8: (g=0): rw=rw, bs=512K-512K/512K-512K/512K-512K, ioengine=psync, iodepth=1
...
fio-2.2.10
Starting 8 processes
fio-beegfs-read-unbuffered-block_512k-size_1G-threads_8: Laying out IO file(s) (4 file(s) / 4096MB)
fio-beegfs-read-unbuffered-block_512k-size_1G-threads_8: Laying out IO file(s) (4 file(s) / 4096MB)
fio-beegfs-read-unbuffered-block_512k-size_1G-threads_8: Laying out IO file(s) (4 file(s) / 4096MB)
fio-beegfs-read-unbuffered-block_512k-size_1G-threads_8: Laying out IO file(s) (4 file(s) / 4096MB)
fio-beegfs-read-unbuffered-block_512k-size_1G-threads_8: Laying out IO file(s) (4 file(s) / 4096MB)
fio-beegfs-read-unbuffered-block_512k-size_1G-threads_8: Laying out IO file(s) (4 file(s) / 4096MB)
fio-beegfs-read-unbuffered-block_512k-size_1G-threads_8: Laying out IO file(s) (4 file(s) / 4096MB)
fio-beegfs-read-unbuffered-block_512k-size_1G-threads_8: Laying out IO file(s) (4 file(s) / 4096MB)

fio-beegfs-read-unbuffered-block_512k-size_1G-threads_8: (groupid=0, jobs=8): err= 0: pid=13964: Sat Nov 24 07:02:04 2018
  read : io=121550MB, bw=518598KB/s, iops=1012, runt=240007msec
    clat (msec): min=2, max=216, avg= 7.90, stdev= 2.90
     lat (msec): min=2, max=216, avg= 7.90, stdev= 2.90
    clat percentiles (msec):
     |  1.00th=[    7],  5.00th=[    7], 10.00th=[    8], 20.00th=[    8],
     | 30.00th=[    8], 40.00th=[    8], 50.00th=[    8], 60.00th=[    8],
     | 70.00th=[    8], 80.00th=[    8], 90.00th=[    9], 95.00th=[   10],
     | 99.00th=[   15], 99.50th=[   16], 99.90th=[   20], 99.95th=[   27],
     | 99.99th=[  210]
    bw (KB  /s): min=36355, max=75776, per=12.52%, avg=64911.85, stdev=3482.95
    lat (msec) : 4=0.02%, 10=96.76%, 20=3.13%, 50=0.08%, 250=0.02%
  cpu          : usr=0.05%, sys=4.24%, ctx=555428, majf=0, minf=5261
  IO depths    : 1=100.0%, 2=0.0%, 4=0.0%, 8=0.0%, 16=0.0%, 32=0.0%, >=64=0.0%
     submit    : 0=0.0%, 4=100.0%, 8=0.0%, 16=0.0%, 32=0.0%, 64=0.0%, >=64=0.0%
     complete  : 0=0.0%, 4=100.0%, 8=0.0%, 16=0.0%, 32=0.0%, 64=0.0%, >=64=0.0%
     issued    : total=r=243100/w=0/d=0, short=r=0/w=0/d=0, drop=r=0/w=0/d=0
     latency   : target=0, window=0, percentile=100.00%, depth=1

Run status group 0 (all jobs):
   READ: io=121550MB, aggrb=518598KB/s, minb=518598KB/s, maxb=518598KB/s, mint=240007msec, maxt=240007msec

CPU idleness:
  system: 94.83%
  unit work: mean=53.45us, stddev=2.98
