fio-beegfs-read-buffered-block_512k-size_1G-threads_4: (g=0): rw=rw, bs=512K-512K/512K-512K/512K-512K, ioengine=psync, iodepth=1
...
fio-2.2.10
Starting 4 processes
fio-beegfs-read-buffered-block_512k-size_1G-threads_4: Laying out IO file(s) (4 file(s) / 4096MB)
fio-beegfs-read-buffered-block_512k-size_1G-threads_4: Laying out IO file(s) (4 file(s) / 4096MB)
fio-beegfs-read-buffered-block_512k-size_1G-threads_4: Laying out IO file(s) (4 file(s) / 4096MB)
fio-beegfs-read-buffered-block_512k-size_1G-threads_4: Laying out IO file(s) (4 file(s) / 4096MB)

fio-beegfs-read-buffered-block_512k-size_1G-threads_4: (groupid=0, jobs=4): err= 0: pid=9644: Mon Nov 19 08:06:28 2018
  read : io=686085MB, bw=2858.6MB/s, iops=5717, runt=240015msec
    clat (usec): min=406, max=43050, avg=697.72, stdev=175.13
     lat (usec): min=406, max=43051, avg=697.86, stdev=175.15
    clat percentiles (usec):
     |  1.00th=[  548],  5.00th=[  604], 10.00th=[  628], 20.00th=[  652],
     | 30.00th=[  668], 40.00th=[  684], 50.00th=[  692], 60.00th=[  700],
     | 70.00th=[  716], 80.00th=[  732], 90.00th=[  756], 95.00th=[  788],
     | 99.00th=[  940], 99.50th=[ 1048], 99.90th=[ 1432], 99.95th=[ 1992],
     | 99.99th=[ 8768]
    bw (KB  /s): min=602112, max=783360, per=25.02%, avg=732321.43, stdev=16838.72
    lat (usec) : 500=0.16%, 750=87.19%, 1000=11.98%
    lat (msec) : 2=0.62%, 4=0.03%, 10=0.02%, 20=0.01%, 50=0.01%
  cpu          : usr=0.45%, sys=68.10%, ctx=6338242, majf=0, minf=29201
  IO depths    : 1=100.0%, 2=0.0%, 4=0.0%, 8=0.0%, 16=0.0%, 32=0.0%, >=64=0.0%
     submit    : 0=0.0%, 4=100.0%, 8=0.0%, 16=0.0%, 32=0.0%, 64=0.0%, >=64=0.0%
     complete  : 0=0.0%, 4=100.0%, 8=0.0%, 16=0.0%, 32=0.0%, 64=0.0%, >=64=0.0%
     issued    : total=r=1372170/w=0/d=0, short=r=0/w=0/d=0, drop=r=0/w=0/d=0
     latency   : target=0, window=0, percentile=100.00%, depth=1

Run status group 0 (all jobs):
   READ: io=686085MB, aggrb=2858.6MB/s, minb=2858.6MB/s, maxb=2858.6MB/s, mint=240015msec, maxt=240015msec

CPU idleness:
  system: 93.15%
  unit work: mean=54.82us, stddev=2.43
