fio-beegfs-read-buffered-block_16k-size_1G-threads_8: (g=0): rw=rw, bs=16K-16K/16K-16K/16K-16K, ioengine=psync, iodepth=1
...
fio-2.2.10
Starting 8 processes
fio-beegfs-read-buffered-block_16k-size_1G-threads_8: Laying out IO file(s) (4 file(s) / 4096MB)
fio-beegfs-read-buffered-block_16k-size_1G-threads_8: Laying out IO file(s) (4 file(s) / 4096MB)
fio-beegfs-read-buffered-block_16k-size_1G-threads_8: Laying out IO file(s) (4 file(s) / 4096MB)
fio-beegfs-read-buffered-block_16k-size_1G-threads_8: Laying out IO file(s) (4 file(s) / 4096MB)
fio-beegfs-read-buffered-block_16k-size_1G-threads_8: Laying out IO file(s) (4 file(s) / 4096MB)
fio-beegfs-read-buffered-block_16k-size_1G-threads_8: Laying out IO file(s) (4 file(s) / 4096MB)
fio-beegfs-read-buffered-block_16k-size_1G-threads_8: Laying out IO file(s) (4 file(s) / 4096MB)
fio-beegfs-read-buffered-block_16k-size_1G-threads_8: Laying out IO file(s) (4 file(s) / 4096MB)

fio-beegfs-read-buffered-block_16k-size_1G-threads_8: (groupid=0, jobs=8): err= 0: pid=13051: Mon Nov 19 18:09:54 2018
  read : io=705294MB, bw=2938.8MB/s, iops=188077, runt=240001msec
    clat (usec): min=1, max=204018, avg=41.75, stdev=242.87
     lat (usec): min=1, max=204018, avg=41.82, stdev=242.89
    clat percentiles (usec):
     |  1.00th=[    1],  5.00th=[    1], 10.00th=[    2], 20.00th=[    2],
     | 30.00th=[    2], 40.00th=[    2], 50.00th=[    2], 60.00th=[    2],
     | 70.00th=[    2], 80.00th=[    2], 90.00th=[    3], 95.00th=[   11],
     | 99.00th=[ 1288], 99.50th=[ 1432], 99.90th=[ 1848], 99.95th=[ 1976],
     | 99.99th=[ 2352]
    bw (KB  /s): min=212630, max=478307, per=12.51%, avg=376459.55, stdev=10593.16
    lat (usec) : 2=9.00%, 4=81.44%, 10=3.68%, 20=2.47%, 50=0.27%
    lat (usec) : 100=0.01%, 250=0.01%, 500=0.01%, 750=0.01%, 1000=0.30%
    lat (msec) : 2=2.77%, 4=0.04%, 10=0.01%, 20=0.01%, 50=0.01%
    lat (msec) : 100=0.01%, 250=0.01%
  cpu          : usr=2.29%, sys=50.86%, ctx=22747007, majf=0, minf=571315
  IO depths    : 1=100.0%, 2=0.0%, 4=0.0%, 8=0.0%, 16=0.0%, 32=0.0%, >=64=0.0%
     submit    : 0=0.0%, 4=100.0%, 8=0.0%, 16=0.0%, 32=0.0%, 64=0.0%, >=64=0.0%
     complete  : 0=0.0%, 4=100.0%, 8=0.0%, 16=0.0%, 32=0.0%, 64=0.0%, >=64=0.0%
     issued    : total=r=45138821/w=0/d=0, short=r=0/w=0/d=0, drop=r=0/w=0/d=0
     latency   : target=0, window=0, percentile=100.00%, depth=1

Run status group 0 (all jobs):
   READ: io=705294MB, aggrb=2938.8MB/s, minb=2938.8MB/s, maxb=2938.8MB/s, mint=240001msec, maxt=240001msec

CPU idleness:
  system: 91.05%
  unit work: mean=55.47us, stddev=2.40
