fio-beegfs-write-buffered-block_1024k-size_4G-threads_4: (g=0): rw=rw, bs=1M-1M/1M-1M/1M-1M, ioengine=psync, iodepth=1
...
fio-2.2.10
Starting 4 processes
fio-beegfs-write-buffered-block_1024k-size_4G-threads_4: Laying out IO file(s) (4 file(s) / 16384MB)
fio-beegfs-write-buffered-block_1024k-size_4G-threads_4: Laying out IO file(s) (4 file(s) / 16384MB)
fio-beegfs-write-buffered-block_1024k-size_4G-threads_4: Laying out IO file(s) (4 file(s) / 16384MB)
fio-beegfs-write-buffered-block_1024k-size_4G-threads_4: Laying out IO file(s) (4 file(s) / 16384MB)

fio-beegfs-write-buffered-block_1024k-size_4G-threads_4: (groupid=0, jobs=4): err= 0: pid=12902: Mon Nov 19 17:48:58 2018
  write: io=109253MB, bw=466127KB/s, iops=455, runt=240010msec
    clat (usec): min=894, max=994210, avg=8764.57, stdev=53039.60
     lat (usec): min=904, max=994221, avg=8784.80, stdev=53039.59
    clat percentiles (usec):
     |  1.00th=[ 1096],  5.00th=[ 1176], 10.00th=[ 1240], 20.00th=[ 1320],
     | 30.00th=[ 1368], 40.00th=[ 1416], 50.00th=[ 1448], 60.00th=[ 1480],
     | 70.00th=[ 1512], 80.00th=[ 1560], 90.00th=[ 1656], 95.00th=[19840],
     | 99.00th=[436224], 99.50th=[473088], 99.90th=[522240], 99.95th=[544768],
     | 99.99th=[618496]
    bw (KB  /s): min= 1580, max=699017, per=26.98%, avg=125773.84, stdev=162835.48
    lat (usec) : 1000=0.09%
    lat (msec) : 2=93.56%, 4=0.17%, 10=0.05%, 20=1.26%, 50=3.33%
    lat (msec) : 100=0.09%, 250=0.08%, 500=1.13%, 750=0.22%, 1000=0.01%
  cpu          : usr=0.32%, sys=5.16%, ctx=1168357, majf=0, minf=2484
  IO depths    : 1=100.0%, 2=0.0%, 4=0.0%, 8=0.0%, 16=0.0%, 32=0.0%, >=64=0.0%
     submit    : 0=0.0%, 4=100.0%, 8=0.0%, 16=0.0%, 32=0.0%, 64=0.0%, >=64=0.0%
     complete  : 0=0.0%, 4=100.0%, 8=0.0%, 16=0.0%, 32=0.0%, 64=0.0%, >=64=0.0%
     issued    : total=r=0/w=109253/d=0, short=r=0/w=0/d=0, drop=r=0/w=0/d=0
     latency   : target=0, window=0, percentile=100.00%, depth=1

Run status group 0 (all jobs):
  WRITE: io=109253MB, aggrb=466126KB/s, minb=466126KB/s, maxb=466126KB/s, mint=240010msec, maxt=240010msec

CPU idleness:
  system: 91.32%
  unit work: mean=51.37us, stddev=2.23
