fio-beegfs-write-buffered-block_512k-size_1G-threads_8: (g=0): rw=rw, bs=512K-512K/512K-512K/512K-512K, ioengine=psync, iodepth=1
...
fio-2.2.10
Starting 8 processes
fio-beegfs-write-buffered-block_512k-size_1G-threads_8: Laying out IO file(s) (4 file(s) / 4096MB)
fio-beegfs-write-buffered-block_512k-size_1G-threads_8: Laying out IO file(s) (4 file(s) / 4096MB)
fio-beegfs-write-buffered-block_512k-size_1G-threads_8: Laying out IO file(s) (4 file(s) / 4096MB)
fio-beegfs-write-buffered-block_512k-size_1G-threads_8: Laying out IO file(s) (4 file(s) / 4096MB)
fio-beegfs-write-buffered-block_512k-size_1G-threads_8: Laying out IO file(s) (4 file(s) / 4096MB)
fio-beegfs-write-buffered-block_512k-size_1G-threads_8: Laying out IO file(s) (4 file(s) / 4096MB)
fio-beegfs-write-buffered-block_512k-size_1G-threads_8: Laying out IO file(s) (4 file(s) / 4096MB)
fio-beegfs-write-buffered-block_512k-size_1G-threads_8: Laying out IO file(s) (4 file(s) / 4096MB)

fio-beegfs-write-buffered-block_512k-size_1G-threads_8: (groupid=0, jobs=8): err= 0: pid=14069: Mon Nov 19 20:27:44 2018
  write: io=110009MB, bw=469334KB/s, iops=916, runt=240018msec
    clat (usec): min=440, max=636564, avg=8715.39, stdev=47733.97
     lat (usec): min=448, max=636576, avg=8724.50, stdev=47733.98
    clat percentiles (usec):
     |  1.00th=[  516],  5.00th=[  572], 10.00th=[  604], 20.00th=[  676],
     | 30.00th=[  916], 40.00th=[ 1192], 50.00th=[ 1304], 60.00th=[ 1336],
     | 70.00th=[ 1352], 80.00th=[ 1368], 90.00th=[17792], 95.00th=[28032],
     | 99.00th=[325632], 99.50th=[456704], 99.90th=[514048], 99.95th=[552960],
     | 99.99th=[610304]
    bw (KB  /s): min=  907, max=408576, per=13.03%, avg=61169.29, stdev=65961.60
    lat (usec) : 500=0.34%, 750=25.21%, 1000=6.10%
    lat (msec) : 2=56.84%, 4=1.21%, 10=0.06%, 20=1.15%, 50=7.68%
    lat (msec) : 100=0.10%, 250=0.19%, 500=0.94%, 750=0.16%
  cpu          : usr=0.21%, sys=2.68%, ctx=3022465, majf=0, minf=5005
  IO depths    : 1=100.0%, 2=0.0%, 4=0.0%, 8=0.0%, 16=0.0%, 32=0.0%, >=64=0.0%
     submit    : 0=0.0%, 4=100.0%, 8=0.0%, 16=0.0%, 32=0.0%, 64=0.0%, >=64=0.0%
     complete  : 0=0.0%, 4=100.0%, 8=0.0%, 16=0.0%, 32=0.0%, 64=0.0%, >=64=0.0%
     issued    : total=r=0/w=220017/d=0, short=r=0/w=0/d=0, drop=r=0/w=0/d=0
     latency   : target=0, window=0, percentile=100.00%, depth=1

Run status group 0 (all jobs):
  WRITE: io=110009MB, aggrb=469334KB/s, minb=469334KB/s, maxb=469334KB/s, mint=240018msec, maxt=240018msec

CPU idleness:
  system: 93.15%
  unit work: mean=52.52us, stddev=2.91
