fio-beegfs-read-unbuffered-block_128k-size_2G-threads_4: (g=0): rw=rw, bs=128K-128K/128K-128K/128K-128K, ioengine=psync, iodepth=1
...
fio-2.2.10
Starting 4 processes
fio-beegfs-read-unbuffered-block_128k-size_2G-threads_4: Laying out IO file(s) (4 file(s) / 8192MB)
fio-beegfs-read-unbuffered-block_128k-size_2G-threads_4: Laying out IO file(s) (4 file(s) / 8192MB)
fio-beegfs-read-unbuffered-block_128k-size_2G-threads_4: Laying out IO file(s) (4 file(s) / 8192MB)
fio-beegfs-read-unbuffered-block_128k-size_2G-threads_4: Laying out IO file(s) (4 file(s) / 8192MB)

fio-beegfs-read-unbuffered-block_128k-size_2G-threads_4: (groupid=0, jobs=4): err= 0: pid=10818: Fri Nov 23 21:36:51 2018
  read : io=95386MB, bw=406976KB/s, iops=3179, runt=240001msec
    clat (usec): min=604, max=38100, avg=1256.20, stdev=300.00
     lat (usec): min=604, max=38101, avg=1256.33, stdev=300.00
    clat percentiles (usec):
     |  1.00th=[  908],  5.00th=[ 1048], 10.00th=[ 1080], 20.00th=[ 1128],
     | 30.00th=[ 1144], 40.00th=[ 1176], 50.00th=[ 1192], 60.00th=[ 1240],
     | 70.00th=[ 1288], 80.00th=[ 1368], 90.00th=[ 1432], 95.00th=[ 1480],
     | 99.00th=[ 2768], 99.50th=[ 3440], 99.90th=[ 4320], 99.95th=[ 5024],
     | 99.99th=[ 6624]
    bw (KB  /s): min=90368, max=107008, per=25.02%, avg=101831.46, stdev=3179.79
    lat (usec) : 750=0.05%, 1000=3.22%
    lat (msec) : 2=95.35%, 4=1.22%, 10=0.16%, 20=0.01%, 50=0.01%
  cpu          : usr=0.24%, sys=7.90%, ctx=825912, majf=0, minf=17824
  IO depths    : 1=100.0%, 2=0.0%, 4=0.0%, 8=0.0%, 16=0.0%, 32=0.0%, >=64=0.0%
     submit    : 0=0.0%, 4=100.0%, 8=0.0%, 16=0.0%, 32=0.0%, 64=0.0%, >=64=0.0%
     complete  : 0=0.0%, 4=100.0%, 8=0.0%, 16=0.0%, 32=0.0%, 64=0.0%, >=64=0.0%
     issued    : total=r=763084/w=0/d=0, short=r=0/w=0/d=0, drop=r=0/w=0/d=0
     latency   : target=0, window=0, percentile=100.00%, depth=1

Run status group 0 (all jobs):
   READ: io=95386MB, aggrb=406976KB/s, minb=406976KB/s, maxb=406976KB/s, mint=240001msec, maxt=240001msec

CPU idleness:
  system: 92.04%
  unit work: mean=51.87us, stddev=2.42
