fio-beegfs-write-unbuffered-block_1024k-size_2G-threads_1: (g=0): rw=rw, bs=1M-1M/1M-1M/1M-1M, ioengine=psync, iodepth=1
fio-2.2.10
Starting 1 process
fio-beegfs-write-unbuffered-block_1024k-size_2G-threads_1: Laying out IO file(s) (4 file(s) / 8192MB)

fio-beegfs-write-unbuffered-block_1024k-size_2G-threads_1: (groupid=0, jobs=1): err= 0: pid=3106: Fri Nov 23 09:30:00 2018
  write: io=79332MB, bw=338482KB/s, iops=330, runt=240001msec
    clat (usec): min=2634, max=16873, avg=3006.27, stdev=441.39
     lat (usec): min=2645, max=16891, avg=3022.92, stdev=441.39
    clat percentiles (usec):
     |  1.00th=[ 2768],  5.00th=[ 2832], 10.00th=[ 2864], 20.00th=[ 2896],
     | 30.00th=[ 2896], 40.00th=[ 2928], 50.00th=[ 2928], 60.00th=[ 2960],
     | 70.00th=[ 2992], 80.00th=[ 3024], 90.00th=[ 3120], 95.00th=[ 3216],
     | 99.00th=[ 4384], 99.50th=[ 5792], 99.90th=[ 9280], 99.95th=[ 9664],
     | 99.99th=[10560]
    bw (KB  /s): min=304542, max=356352, per=100.00%, avg=338814.66, stdev=10853.52
    lat (msec) : 4=98.79%, 10=1.18%, 20=0.03%
  cpu          : usr=0.84%, sys=12.87%, ctx=898470, majf=0, minf=1617
  IO depths    : 1=100.0%, 2=0.0%, 4=0.0%, 8=0.0%, 16=0.0%, 32=0.0%, >=64=0.0%
     submit    : 0=0.0%, 4=100.0%, 8=0.0%, 16=0.0%, 32=0.0%, 64=0.0%, >=64=0.0%
     complete  : 0=0.0%, 4=100.0%, 8=0.0%, 16=0.0%, 32=0.0%, 64=0.0%, >=64=0.0%
     issued    : total=r=0/w=79332/d=0, short=r=0/w=0/d=0, drop=r=0/w=0/d=0
     latency   : target=0, window=0, percentile=100.00%, depth=1

Run status group 0 (all jobs):
  WRITE: io=79332MB, aggrb=338481KB/s, minb=338481KB/s, maxb=338481KB/s, mint=240001msec, maxt=240001msec

CPU idleness:
  system: 99.57%
  unit work: mean=55.97us, stddev=0.97
