fio-beegfs-write-unbuffered-block_1024k-size_2G-threads_2: (g=0): rw=rw, bs=1M-1M/1M-1M/1M-1M, ioengine=psync, iodepth=1
...
fio-2.2.10
Starting 2 processes
fio-beegfs-write-unbuffered-block_1024k-size_2G-threads_2: Laying out IO file(s) (4 file(s) / 8192MB)
fio-beegfs-write-unbuffered-block_1024k-size_2G-threads_2: Laying out IO file(s) (4 file(s) / 8192MB)

fio-beegfs-write-unbuffered-block_1024k-size_2G-threads_2: (groupid=0, jobs=2): err= 0: pid=7291: Fri Nov 23 14:51:41 2018
  write: io=91110MB, bw=388731KB/s, iops=379, runt=240003msec
    clat (usec): min=2822, max=41800, avg=5249.60, stdev=981.57
     lat (usec): min=2839, max=41818, avg=5266.16, stdev=981.60
    clat percentiles (usec):
     |  1.00th=[ 3952],  5.00th=[ 4016], 10.00th=[ 4128], 20.00th=[ 4576],
     | 30.00th=[ 4768], 40.00th=[ 4960], 50.00th=[ 5088], 60.00th=[ 5408],
     | 70.00th=[ 5600], 80.00th=[ 5856], 90.00th=[ 6048], 95.00th=[ 6432],
     | 99.00th=[ 9408], 99.50th=[11072], 99.90th=[12224], 99.95th=[12736],
     | 99.99th=[15424]
    bw (KB  /s): min=126218, max=209685, per=50.06%, avg=194607.92, stdev=11153.67
    lat (msec) : 4=4.87%, 10=94.27%, 20=0.86%, 50=0.01%
  cpu          : usr=0.55%, sys=8.53%, ctx=1057575, majf=0, minf=1904
  IO depths    : 1=100.0%, 2=0.0%, 4=0.0%, 8=0.0%, 16=0.0%, 32=0.0%, >=64=0.0%
     submit    : 0=0.0%, 4=100.0%, 8=0.0%, 16=0.0%, 32=0.0%, 64=0.0%, >=64=0.0%
     complete  : 0=0.0%, 4=100.0%, 8=0.0%, 16=0.0%, 32=0.0%, 64=0.0%, >=64=0.0%
     issued    : total=r=0/w=91110/d=0, short=r=0/w=0/d=0, drop=r=0/w=0/d=0
     latency   : target=0, window=0, percentile=100.00%, depth=1

Run status group 0 (all jobs):
  WRITE: io=91110MB, aggrb=388731KB/s, minb=388731KB/s, maxb=388731KB/s, mint=240003msec, maxt=240003msec

CPU idleness:
  system: 96.18%
  unit work: mean=54.09us, stddev=2.95
