fio-beegfs-read-unbuffered-block_128k-size_1G-threads_4: (g=0): rw=rw, bs=128K-128K/128K-128K/128K-128K, ioengine=psync, iodepth=1
...
fio-2.2.10
Starting 4 processes
fio-beegfs-read-unbuffered-block_128k-size_1G-threads_4: Laying out IO file(s) (4 file(s) / 4096MB)
fio-beegfs-read-unbuffered-block_128k-size_1G-threads_4: Laying out IO file(s) (4 file(s) / 4096MB)
fio-beegfs-read-unbuffered-block_128k-size_1G-threads_4: Laying out IO file(s) (4 file(s) / 4096MB)
fio-beegfs-read-unbuffered-block_128k-size_1G-threads_4: Laying out IO file(s) (4 file(s) / 4096MB)

fio-beegfs-read-unbuffered-block_128k-size_1G-threads_4: (groupid=0, jobs=4): err= 0: pid=9401: Fri Nov 23 19:01:00 2018
  read : io=95723MB, bw=408418KB/s, iops=3190, runt=240001msec
    clat (usec): min=604, max=29900, avg=1251.74, stdev=294.80
     lat (usec): min=604, max=29900, avg=1251.87, stdev=294.80
    clat percentiles (usec):
     |  1.00th=[  908],  5.00th=[ 1032], 10.00th=[ 1080], 20.00th=[ 1128],
     | 30.00th=[ 1144], 40.00th=[ 1176], 50.00th=[ 1192], 60.00th=[ 1224],
     | 70.00th=[ 1288], 80.00th=[ 1368], 90.00th=[ 1432], 95.00th=[ 1480],
     | 99.00th=[ 2640], 99.50th=[ 3408], 99.90th=[ 4320], 99.95th=[ 5024],
     | 99.99th=[ 6688]
    bw (KB  /s): min=85844, max=107008, per=25.02%, avg=102194.51, stdev=3095.86
    lat (usec) : 750=0.05%, 1000=3.59%
    lat (msec) : 2=95.05%, 4=1.14%, 10=0.16%, 20=0.01%, 50=0.01%
  cpu          : usr=0.23%, sys=7.92%, ctx=813043, majf=0, minf=17860
  IO depths    : 1=100.0%, 2=0.0%, 4=0.0%, 8=0.0%, 16=0.0%, 32=0.0%, >=64=0.0%
     submit    : 0=0.0%, 4=100.0%, 8=0.0%, 16=0.0%, 32=0.0%, 64=0.0%, >=64=0.0%
     complete  : 0=0.0%, 4=100.0%, 8=0.0%, 16=0.0%, 32=0.0%, 64=0.0%, >=64=0.0%
     issued    : total=r=765787/w=0/d=0, short=r=0/w=0/d=0, drop=r=0/w=0/d=0
     latency   : target=0, window=0, percentile=100.00%, depth=1

Run status group 0 (all jobs):
   READ: io=95723MB, aggrb=408418KB/s, minb=408418KB/s, maxb=408418KB/s, mint=240001msec, maxt=240001msec

CPU idleness:
  system: 93.39%
  unit work: mean=52.65us, stddev=4.03
