fio-beegfs-write-unbuffered-block_1024k-size_4G-threads_2: (g=0): rw=rw, bs=1M-1M/1M-1M/1M-1M, ioengine=psync, iodepth=1
...
fio-2.2.10
Starting 2 processes
fio-beegfs-write-unbuffered-block_1024k-size_4G-threads_2: Laying out IO file(s) (4 file(s) / 16384MB)
fio-beegfs-write-unbuffered-block_1024k-size_4G-threads_2: Laying out IO file(s) (4 file(s) / 16384MB)

fio-beegfs-write-unbuffered-block_1024k-size_4G-threads_2: (groupid=0, jobs=2): err= 0: pid=8688: Fri Nov 23 18:00:27 2018
  write: io=90411MB, bw=385746KB/s, iops=376, runt=240005msec
    clat (msec): min=2, max=14, avg= 5.29, stdev= 1.00
     lat (msec): min=2, max=14, avg= 5.31, stdev= 1.00
    clat percentiles (usec):
     |  1.00th=[ 3952],  5.00th=[ 3984], 10.00th=[ 4128], 20.00th=[ 4576],
     | 30.00th=[ 4832], 40.00th=[ 4960], 50.00th=[ 5088], 60.00th=[ 5472],
     | 70.00th=[ 5600], 80.00th=[ 5920], 90.00th=[ 6176], 95.00th=[ 6624],
     | 99.00th=[ 9536], 99.50th=[11072], 99.90th=[12224], 99.95th=[12736],
     | 99.99th=[13504]
    bw (KB  /s): min=131282, max=207238, per=50.05%, avg=193058.38, stdev=12912.66
    lat (msec) : 4=5.06%, 10=94.05%, 20=0.89%
  cpu          : usr=0.44%, sys=8.51%, ctx=1057358, majf=0, minf=1901
  IO depths    : 1=100.0%, 2=0.0%, 4=0.0%, 8=0.0%, 16=0.0%, 32=0.0%, >=64=0.0%
     submit    : 0=0.0%, 4=100.0%, 8=0.0%, 16=0.0%, 32=0.0%, 64=0.0%, >=64=0.0%
     complete  : 0=0.0%, 4=100.0%, 8=0.0%, 16=0.0%, 32=0.0%, 64=0.0%, >=64=0.0%
     issued    : total=r=0/w=90411/d=0, short=r=0/w=0/d=0, drop=r=0/w=0/d=0
     latency   : target=0, window=0, percentile=100.00%, depth=1

Run status group 0 (all jobs):
  WRITE: io=90411MB, aggrb=385745KB/s, minb=385745KB/s, maxb=385745KB/s, mint=240005msec, maxt=240005msec

CPU idleness:
  system: 93.98%
  unit work: mean=52.83us, stddev=1.84
