fio-beegfs-write-unbuffered-block_64k-size_4G-threads_1: (g=0): rw=rw, bs=64K-64K/64K-64K/64K-64K, ioengine=psync, iodepth=1
fio-2.2.10
Starting 1 process
fio-beegfs-write-unbuffered-block_64k-size_4G-threads_1: Laying out IO file(s) (4 file(s) / 16384MB)

fio-beegfs-write-unbuffered-block_64k-size_4G-threads_1: (groupid=0, jobs=1): err= 0: pid=3662: Fri Nov 23 10:17:31 2018
  write: io=42363MB, bw=180748KB/s, iops=2824, runt=240001msec
    clat (usec): min=262, max=19927, avg=351.37, stdev=87.22
     lat (usec): min=263, max=19928, avg=352.26, stdev=87.22
    clat percentiles (usec):
     |  1.00th=[  282],  5.00th=[  298], 10.00th=[  306], 20.00th=[  314],
     | 30.00th=[  326], 40.00th=[  334], 50.00th=[  346], 60.00th=[  354],
     | 70.00th=[  366], 80.00th=[  382], 90.00th=[  402], 95.00th=[  422],
     | 99.00th=[  474], 99.50th=[  486], 99.90th=[  588], 99.95th=[  772],
     | 99.99th=[ 4576]
    bw (KB  /s): min=167936, max=213120, per=100.00%, avg=180828.67, stdev=5685.47
    lat (usec) : 500=99.70%, 750=0.25%, 1000=0.01%
    lat (msec) : 2=0.01%, 4=0.01%, 10=0.02%, 20=0.01%
  cpu          : usr=1.22%, sys=12.60%, ctx=1923066, majf=0, minf=13238
  IO depths    : 1=100.0%, 2=0.0%, 4=0.0%, 8=0.0%, 16=0.0%, 32=0.0%, >=64=0.0%
     submit    : 0=0.0%, 4=100.0%, 8=0.0%, 16=0.0%, 32=0.0%, 64=0.0%, >=64=0.0%
     complete  : 0=0.0%, 4=100.0%, 8=0.0%, 16=0.0%, 32=0.0%, 64=0.0%, >=64=0.0%
     issued    : total=r=0/w=677807/d=0, short=r=0/w=0/d=0, drop=r=0/w=0/d=0
     latency   : target=0, window=0, percentile=100.00%, depth=1

Run status group 0 (all jobs):
  WRITE: io=42363MB, aggrb=180747KB/s, minb=180747KB/s, maxb=180747KB/s, mint=240001msec, maxt=240001msec

CPU idleness:
  system: 97.29%
  unit work: mean=54.77us, stddev=2.44
