fio-beegfs-write-buffered-block_1024k-size_4G-threads_2: (g=0): rw=rw, bs=1M-1M/1M-1M/1M-1M, ioengine=psync, iodepth=1
...
fio-2.2.10
Starting 2 processes
fio-beegfs-write-buffered-block_1024k-size_4G-threads_2: Laying out IO file(s) (4 file(s) / 16384MB)
fio-beegfs-write-buffered-block_1024k-size_4G-threads_2: Laying out IO file(s) (4 file(s) / 16384MB)

fio-beegfs-write-buffered-block_1024k-size_4G-threads_2: (groupid=0, jobs=2): err= 0: pid=8648: Mon Nov 19 06:39:15 2018
  write: io=108139MB, bw=460535KB/s, iops=449, runt=240447msec
    clat (usec): min=889, max=737318, avg=4425.76, stdev=35737.18
     lat (usec): min=906, max=737328, avg=4444.64, stdev=35737.15
    clat percentiles (usec):
     |  1.00th=[ 1048],  5.00th=[ 1112], 10.00th=[ 1128], 20.00th=[ 1176],
     | 30.00th=[ 1208], 40.00th=[ 1240], 50.00th=[ 1256], 60.00th=[ 1288],
     | 70.00th=[ 1304], 80.00th=[ 1336], 90.00th=[ 1384], 95.00th=[ 1448],
     | 99.00th=[25216], 99.50th=[419840], 99.90th=[493568], 99.95th=[528384],
     | 99.99th=[634880]
    bw (KB  /s): min= 1659, max=864574, per=53.30%, avg=245485.71, stdev=269132.29
    lat (usec) : 1000=0.21%
    lat (msec) : 2=97.30%, 4=0.06%, 10=0.02%, 20=0.69%, 50=1.07%
    lat (msec) : 100=0.02%, 250=0.04%, 500=0.52%, 750=0.08%
  cpu          : usr=0.57%, sys=9.73%, ctx=986644, majf=0, minf=2006
  IO depths    : 1=100.0%, 2=0.0%, 4=0.0%, 8=0.0%, 16=0.0%, 32=0.0%, >=64=0.0%
     submit    : 0=0.0%, 4=100.0%, 8=0.0%, 16=0.0%, 32=0.0%, 64=0.0%, >=64=0.0%
     complete  : 0=0.0%, 4=100.0%, 8=0.0%, 16=0.0%, 32=0.0%, 64=0.0%, >=64=0.0%
     issued    : total=r=0/w=108139/d=0, short=r=0/w=0/d=0, drop=r=0/w=0/d=0
     latency   : target=0, window=0, percentile=100.00%, depth=1

Run status group 0 (all jobs):
  WRITE: io=108139MB, aggrb=460535KB/s, minb=460535KB/s, maxb=460535KB/s, mint=240447msec, maxt=240447msec

CPU idleness:
  system: 94.06%
  unit work: mean=52.90us, stddev=3.52
