fio-beegfs-read-unbuffered-block_16k-size_1G-threads_4: (g=0): rw=rw, bs=16K-16K/16K-16K/16K-16K, ioengine=psync, iodepth=1
...
fio-2.2.10
Starting 4 processes
fio-beegfs-read-unbuffered-block_16k-size_1G-threads_4: Laying out IO file(s) (4 file(s) / 4096MB)
fio-beegfs-read-unbuffered-block_16k-size_1G-threads_4: Laying out IO file(s) (4 file(s) / 4096MB)
fio-beegfs-read-unbuffered-block_16k-size_1G-threads_4: Laying out IO file(s) (4 file(s) / 4096MB)
fio-beegfs-read-unbuffered-block_16k-size_1G-threads_4: Laying out IO file(s) (4 file(s) / 4096MB)

fio-beegfs-read-unbuffered-block_16k-size_1G-threads_4: (groupid=0, jobs=4): err= 0: pid=8835: Fri Nov 23 18:13:32 2018
  read : io=44478MB, bw=189771KB/s, iops=11860, runt=240001msec
    clat (usec): min=217, max=36420, avg=335.66, stdev=148.76
     lat (usec): min=217, max=36420, avg=335.77, stdev=148.76
    clat percentiles (usec):
     |  1.00th=[  247],  5.00th=[  262], 10.00th=[  274], 20.00th=[  290],
     | 30.00th=[  302], 40.00th=[  314], 50.00th=[  326], 60.00th=[  338],
     | 70.00th=[  350], 80.00th=[  362], 90.00th=[  386], 95.00th=[  406],
     | 99.00th=[  478], 99.50th=[  804], 99.90th=[ 2864], 99.95th=[ 3056],
     | 99.99th=[ 3344]
    bw (KB  /s): min=42016, max=51808, per=25.01%, avg=47459.27, stdev=1806.58
    lat (usec) : 250=1.42%, 500=97.71%, 750=0.33%, 1000=0.14%
    lat (msec) : 2=0.14%, 4=0.25%, 10=0.01%, 20=0.01%, 50=0.01%
  cpu          : usr=0.84%, sys=10.60%, ctx=2899797, majf=0, minf=54531
  IO depths    : 1=100.0%, 2=0.0%, 4=0.0%, 8=0.0%, 16=0.0%, 32=0.0%, >=64=0.0%
     submit    : 0=0.0%, 4=100.0%, 8=0.0%, 16=0.0%, 32=0.0%, 64=0.0%, >=64=0.0%
     complete  : 0=0.0%, 4=100.0%, 8=0.0%, 16=0.0%, 32=0.0%, 64=0.0%, >=64=0.0%
     issued    : total=r=2846570/w=0/d=0, short=r=0/w=0/d=0, drop=r=0/w=0/d=0
     latency   : target=0, window=0, percentile=100.00%, depth=1

Run status group 0 (all jobs):
   READ: io=44478MB, aggrb=189770KB/s, minb=189770KB/s, maxb=189770KB/s, mint=240001msec, maxt=240001msec

CPU idleness:
  system: 92.10%
  unit work: mean=52.08us, stddev=2.57
