fio-beegfs-read-unbuffered-block_16k-size_1G-threads_2: (g=0): rw=rw, bs=16K-16K/16K-16K/16K-16K, ioengine=psync, iodepth=1
...
fio-2.2.10
Starting 2 processes
fio-beegfs-read-unbuffered-block_16k-size_1G-threads_2: Laying out IO file(s) (4 file(s) / 4096MB)
fio-beegfs-read-unbuffered-block_16k-size_1G-threads_2: Laying out IO file(s) (4 file(s) / 4096MB)

fio-beegfs-read-unbuffered-block_16k-size_1G-threads_2: (groupid=0, jobs=2): err= 0: pid=4639: Fri Nov 23 11:38:25 2018
  read : io=22406MB, bw=95598KB/s, iops=5974, runt=240001msec
    clat (usec): min=209, max=44015, avg=333.18, stdev=152.59
     lat (usec): min=209, max=44015, avg=333.29, stdev=152.59
    clat percentiles (usec):
     |  1.00th=[  233],  5.00th=[  249], 10.00th=[  262], 20.00th=[  282],
     | 30.00th=[  298], 40.00th=[  310], 50.00th=[  326], 60.00th=[  338],
     | 70.00th=[  350], 80.00th=[  366], 90.00th=[  390], 95.00th=[  410],
     | 99.00th=[  474], 99.50th=[  748], 99.90th=[ 2832], 99.95th=[ 3024],
     | 99.99th=[ 3280]
    bw (KB  /s): min=40256, max=54400, per=50.02%, avg=47817.85, stdev=2357.66
    lat (usec) : 250=5.16%, 500=94.04%, 750=0.30%, 1000=0.12%
    lat (msec) : 2=0.13%, 4=0.24%, 10=0.01%, 20=0.01%, 50=0.01%
  cpu          : usr=0.83%, sys=9.96%, ctx=1448466, majf=0, minf=27389
  IO depths    : 1=100.0%, 2=0.0%, 4=0.0%, 8=0.0%, 16=0.0%, 32=0.0%, >=64=0.0%
     submit    : 0=0.0%, 4=100.0%, 8=0.0%, 16=0.0%, 32=0.0%, 64=0.0%, >=64=0.0%
     complete  : 0=0.0%, 4=100.0%, 8=0.0%, 16=0.0%, 32=0.0%, 64=0.0%, >=64=0.0%
     issued    : total=r=1433979/w=0/d=0, short=r=0/w=0/d=0, drop=r=0/w=0/d=0
     latency   : target=0, window=0, percentile=100.00%, depth=1

Run status group 0 (all jobs):
   READ: io=22406MB, aggrb=95598KB/s, minb=95598KB/s, maxb=95598KB/s, mint=240001msec, maxt=240001msec

CPU idleness:
  system: 98.93%
  unit work: mean=55.65us, stddev=2.30
