fio-beegfs-write-unbuffered-block_64k-size_2G-threads_2: (g=0): rw=rw, bs=64K-64K/64K-64K/64K-64K, ioengine=psync, iodepth=1
...
fio-2.2.10
Starting 2 processes
fio-beegfs-write-unbuffered-block_64k-size_2G-threads_2: Laying out IO file(s) (4 file(s) / 8192MB)
fio-beegfs-write-unbuffered-block_64k-size_2G-threads_2: Laying out IO file(s) (4 file(s) / 8192MB)

fio-beegfs-write-unbuffered-block_64k-size_2G-threads_2: (groupid=0, jobs=2): err= 0: pid=6454: Fri Nov 23 13:40:31 2018
  write: io=74280MB, bw=316912KB/s, iops=4951, runt=240013msec
    clat (usec): min=269, max=35751, avg=401.18, stdev=228.40
     lat (usec): min=270, max=35752, avg=402.11, stdev=228.89
    clat percentiles (usec):
     |  1.00th=[  306],  5.00th=[  326], 10.00th=[  338], 20.00th=[  354],
     | 30.00th=[  366], 40.00th=[  374], 50.00th=[  386], 60.00th=[  402],
     | 70.00th=[  414], 80.00th=[  434], 90.00th=[  462], 95.00th=[  482],
     | 99.00th=[  540], 99.50th=[  612], 99.90th=[ 2256], 99.95th=[ 5472],
     | 99.99th=[10816]
    bw (KB  /s): min=123520, max=173824, per=50.02%, avg=158528.76, stdev=6659.35
    lat (usec) : 500=97.08%, 750=2.61%, 1000=0.09%
    lat (msec) : 2=0.10%, 4=0.04%, 10=0.07%, 20=0.01%, 50=0.01%
  cpu          : usr=1.07%, sys=11.24%, ctx=2722187, majf=0, minf=24514
  IO depths    : 1=100.0%, 2=0.0%, 4=0.0%, 8=0.0%, 16=0.0%, 32=0.0%, >=64=0.0%
     submit    : 0=0.0%, 4=100.0%, 8=0.0%, 16=0.0%, 32=0.0%, 64=0.0%, >=64=0.0%
     complete  : 0=0.0%, 4=100.0%, 8=0.0%, 16=0.0%, 32=0.0%, 64=0.0%, >=64=0.0%
     issued    : total=r=0/w=1188484/d=0, short=r=0/w=0/d=0, drop=r=0/w=0/d=0
     latency   : target=0, window=0, percentile=100.00%, depth=1

Run status group 0 (all jobs):
  WRITE: io=74280MB, aggrb=316911KB/s, minb=316911KB/s, maxb=316911KB/s, mint=240013msec, maxt=240013msec

CPU idleness:
  system: 92.93%
  unit work: mean=52.33us, stddev=4.02
