fio-beegfs-write-buffered-block_128k-size_2G-threads_8: (g=0): rw=rw, bs=128K-128K/128K-128K/128K-128K, ioengine=psync, iodepth=1
...
fio-2.2.10
Starting 8 processes
fio-beegfs-write-buffered-block_128k-size_2G-threads_8: Laying out IO file(s) (4 file(s) / 8192MB)
fio-beegfs-write-buffered-block_128k-size_2G-threads_8: Laying out IO file(s) (4 file(s) / 8192MB)
fio-beegfs-write-buffered-block_128k-size_2G-threads_8: Laying out IO file(s) (4 file(s) / 8192MB)
fio-beegfs-write-buffered-block_128k-size_2G-threads_8: Laying out IO file(s) (4 file(s) / 8192MB)
fio-beegfs-write-buffered-block_128k-size_2G-threads_8: Laying out IO file(s) (4 file(s) / 8192MB)
fio-beegfs-write-buffered-block_128k-size_2G-threads_8: Laying out IO file(s) (4 file(s) / 8192MB)
fio-beegfs-write-buffered-block_128k-size_2G-threads_8: Laying out IO file(s) (4 file(s) / 8192MB)
fio-beegfs-write-buffered-block_128k-size_2G-threads_8: Laying out IO file(s) (4 file(s) / 8192MB)

fio-beegfs-write-buffered-block_128k-size_2G-threads_8: (groupid=0, jobs=8): err= 0: pid=15235: Tue Nov 20 00:37:39 2018
  write: io=111414MB, bw=474707KB/s, iops=3708, runt=240334msec
    clat (usec): min=8, max=701736, avg=2153.72, stdev=25521.51
     lat (usec): min=9, max=701737, avg=2155.70, stdev=25521.56
    clat percentiles (usec):
     |  1.00th=[    9],  5.00th=[    9], 10.00th=[   10], 20.00th=[   13],
     | 30.00th=[   13], 40.00th=[   14], 50.00th=[   16], 60.00th=[   32],
     | 70.00th=[   37], 80.00th=[  732], 90.00th=[ 1240], 95.00th=[ 1352],
     | 99.00th=[27008], 99.50th=[36096], 99.90th=[473088], 99.95th=[489472],
     | 99.99th=[602112]
    bw (KB  /s): min=  191, max=397824, per=13.24%, avg=62868.97, stdev=70986.82
    lat (usec) : 10=8.70%, 20=45.85%, 50=18.20%, 100=2.15%, 250=0.09%
    lat (usec) : 500=0.05%, 750=5.28%, 1000=2.97%
    lat (msec) : 2=14.50%, 4=0.12%, 10=0.01%, 20=0.35%, 50=1.38%
    lat (msec) : 100=0.01%, 250=0.04%, 500=0.28%, 750=0.03%
  cpu          : usr=0.17%, sys=3.68%, ctx=2448935, majf=0, minf=15939
  IO depths    : 1=100.0%, 2=0.0%, 4=0.0%, 8=0.0%, 16=0.0%, 32=0.0%, >=64=0.0%
     submit    : 0=0.0%, 4=100.0%, 8=0.0%, 16=0.0%, 32=0.0%, 64=0.0%, >=64=0.0%
     complete  : 0=0.0%, 4=100.0%, 8=0.0%, 16=0.0%, 32=0.0%, 64=0.0%, >=64=0.0%
     issued    : total=r=0/w=891315/d=0, short=r=0/w=0/d=0, drop=r=0/w=0/d=0
     latency   : target=0, window=0, percentile=100.00%, depth=1

Run status group 0 (all jobs):
  WRITE: io=111414MB, aggrb=474707KB/s, minb=474707KB/s, maxb=474707KB/s, mint=240334msec, maxt=240334msec

CPU idleness:
  system: 92.10%
  unit work: mean=51.92us, stddev=1.16
