fio-beegfs-write-buffered-block_128k-size_1G-threads_2: (g=0): rw=rw, bs=128K-128K/128K-128K/128K-128K, ioengine=psync, iodepth=1
...
fio-2.2.10
Starting 2 processes
fio-beegfs-write-buffered-block_128k-size_1G-threads_2: Laying out IO file(s) (4 file(s) / 4096MB)
fio-beegfs-write-buffered-block_128k-size_1G-threads_2: Laying out IO file(s) (4 file(s) / 4096MB)

fio-beegfs-write-buffered-block_128k-size_1G-threads_2: (groupid=0, jobs=2): err= 0: pid=5296: Mon Nov 19 00:46:22 2018
  write: io=205159MB, bw=875342KB/s, iops=6838, runt=240001msec
    clat (usec): min=8, max=715974, avg=289.76, stdev=7118.57
     lat (usec): min=9, max=715975, avg=291.36, stdev=7118.59
    clat percentiles (usec):
     |  1.00th=[    9],  5.00th=[    9], 10.00th=[    9], 20.00th=[    9],
     | 30.00th=[   10], 40.00th=[   13], 50.00th=[   30], 60.00th=[   31],
     | 70.00th=[   32], 80.00th=[  564], 90.00th=[  636], 95.00th=[  660],
     | 99.00th=[  700], 99.50th=[  716], 99.90th=[  828], 99.95th=[ 1192],
     | 99.99th=[460800]
    bw (KB  /s): min= 2752, max=819200, per=52.50%, avg=459547.66, stdev=314912.11
    lat (usec) : 10=24.22%, 20=18.39%, 50=31.89%, 100=0.50%, 250=0.01%
    lat (usec) : 500=0.25%, 750=24.53%, 1000=0.15%
    lat (msec) : 2=0.01%, 4=0.01%, 10=0.01%, 20=0.01%, 50=0.01%
    lat (msec) : 100=0.01%, 250=0.01%, 500=0.02%, 750=0.01%
  cpu          : usr=1.06%, sys=27.03%, ctx=1799184, majf=0, minf=29824
  IO depths    : 1=100.0%, 2=0.0%, 4=0.0%, 8=0.0%, 16=0.0%, 32=0.0%, >=64=0.0%
     submit    : 0=0.0%, 4=100.0%, 8=0.0%, 16=0.0%, 32=0.0%, 64=0.0%, >=64=0.0%
     complete  : 0=0.0%, 4=100.0%, 8=0.0%, 16=0.0%, 32=0.0%, 64=0.0%, >=64=0.0%
     issued    : total=r=0/w=1641274/d=0, short=r=0/w=0/d=0, drop=r=0/w=0/d=0
     latency   : target=0, window=0, percentile=100.00%, depth=1

Run status group 0 (all jobs):
  WRITE: io=205159MB, aggrb=875342KB/s, minb=875342KB/s, maxb=875342KB/s, mint=240001msec, maxt=240001msec

CPU idleness:
  system: 98.11%
  unit work: mean=55.49us, stddev=2.65
