fio-beegfs-read-buffered-block_1024k-size_4G-threads_2: (g=0): rw=rw, bs=1M-1M/1M-1M/1M-1M, ioengine=psync, iodepth=1
...
fio-2.2.10
Starting 2 processes
fio-beegfs-read-buffered-block_1024k-size_4G-threads_2: Laying out IO file(s) (4 file(s) / 16384MB)
fio-beegfs-read-buffered-block_1024k-size_4G-threads_2: Laying out IO file(s) (4 file(s) / 16384MB)

fio-beegfs-read-buffered-block_1024k-size_4G-threads_2: (groupid=0, jobs=2): err= 0: pid=8509: Mon Nov 19 06:19:18 2018
  read : io=436211MB, bw=1817.6MB/s, iops=1817, runt=240001msec
    clat (usec): min=710, max=42896, avg=1098.36, stdev=503.34
     lat (usec): min=710, max=42897, avg=1098.51, stdev=503.35
    clat percentiles (usec):
     |  1.00th=[  900],  5.00th=[  948], 10.00th=[  964], 20.00th=[  996],
     | 30.00th=[ 1020], 40.00th=[ 1032], 50.00th=[ 1064], 60.00th=[ 1096],
     | 70.00th=[ 1112], 80.00th=[ 1144], 90.00th=[ 1192], 95.00th=[ 1240],
     | 99.00th=[ 1656], 99.50th=[ 2008], 99.90th=[ 9024], 99.95th=[12096],
     | 99.99th=[21888]
    bw (KB  /s): min=692224, max=1019904, per=50.05%, avg=931466.46, stdev=51369.45
    lat (usec) : 750=0.01%, 1000=22.51%
    lat (msec) : 2=76.98%, 4=0.31%, 10=0.12%, 20=0.06%, 50=0.01%
  cpu          : usr=0.30%, sys=66.63%, ctx=1903857, majf=0, minf=9551
  IO depths    : 1=100.0%, 2=0.0%, 4=0.0%, 8=0.0%, 16=0.0%, 32=0.0%, >=64=0.0%
     submit    : 0=0.0%, 4=100.0%, 8=0.0%, 16=0.0%, 32=0.0%, 64=0.0%, >=64=0.0%
     complete  : 0=0.0%, 4=100.0%, 8=0.0%, 16=0.0%, 32=0.0%, 64=0.0%, >=64=0.0%
     issued    : total=r=436211/w=0/d=0, short=r=0/w=0/d=0, drop=r=0/w=0/d=0
     latency   : target=0, window=0, percentile=100.00%, depth=1

Run status group 0 (all jobs):
   READ: io=436211MB, aggrb=1817.6MB/s, minb=1817.6MB/s, maxb=1817.6MB/s, mint=240001msec, maxt=240001msec

CPU idleness:
  system: 94.75%
  unit work: mean=54.30us, stddev=3.09
