fio-beegfs-read-unbuffered-block_512k-size_4G-threads_1: (g=0): rw=rw, bs=512K-512K/512K-512K/512K-512K, ioengine=psync, iodepth=1
fio-2.2.10
Starting 1 process
fio-beegfs-read-unbuffered-block_512k-size_4G-threads_1: Laying out IO file(s) (4 file(s) / 16384MB)

fio-beegfs-read-unbuffered-block_512k-size_4G-threads_1: (groupid=0, jobs=1): err= 0: pid=4078: Fri Nov 23 10:53:38 2018
  read : io=68227MB, bw=291097KB/s, iops=568, runt=240002msec
    clat (usec): min=1488, max=29913, avg=1756.82, stdev=294.26
     lat (usec): min=1488, max=29913, avg=1756.96, stdev=294.26
    clat percentiles (usec):
     |  1.00th=[ 1608],  5.00th=[ 1640], 10.00th=[ 1656], 20.00th=[ 1688],
     | 30.00th=[ 1704], 40.00th=[ 1704], 50.00th=[ 1720], 60.00th=[ 1736],
     | 70.00th=[ 1752], 80.00th=[ 1768], 90.00th=[ 1800], 95.00th=[ 1832],
     | 99.00th=[ 3280], 99.50th=[ 3760], 99.90th=[ 4320], 99.95th=[ 4640],
     | 99.99th=[10688]
    bw (KB  /s): min=238592, max=305152, per=100.00%, avg=291345.56, stdev=8879.14
    lat (msec) : 2=97.53%, 4=2.19%, 10=0.27%, 20=0.01%, 50=0.01%
  cpu          : usr=0.21%, sys=16.79%, ctx=280151, majf=0, minf=3821
  IO depths    : 1=100.0%, 2=0.0%, 4=0.0%, 8=0.0%, 16=0.0%, 32=0.0%, >=64=0.0%
     submit    : 0=0.0%, 4=100.0%, 8=0.0%, 16=0.0%, 32=0.0%, 64=0.0%, >=64=0.0%
     complete  : 0=0.0%, 4=100.0%, 8=0.0%, 16=0.0%, 32=0.0%, 64=0.0%, >=64=0.0%
     issued    : total=r=136453/w=0/d=0, short=r=0/w=0/d=0, drop=r=0/w=0/d=0
     latency   : target=0, window=0, percentile=100.00%, depth=1

Run status group 0 (all jobs):
   READ: io=68227MB, aggrb=291097KB/s, minb=291097KB/s, maxb=291097KB/s, mint=240002msec, maxt=240002msec

CPU idleness:
  system: 98.55%
  unit work: mean=55.38us, stddev=2.69
