fio-beegfs-write-buffered-block_16k-size_1G-threads_4: (g=0): rw=rw, bs=16K-16K/16K-16K/16K-16K, ioengine=psync, iodepth=1
...
fio-2.2.10
Starting 4 processes
fio-beegfs-write-buffered-block_16k-size_1G-threads_4: Laying out IO file(s) (4 file(s) / 4096MB)
fio-beegfs-write-buffered-block_16k-size_1G-threads_4: Laying out IO file(s) (4 file(s) / 4096MB)
fio-beegfs-write-buffered-block_16k-size_1G-threads_4: Laying out IO file(s) (4 file(s) / 4096MB)
fio-beegfs-write-buffered-block_16k-size_1G-threads_4: Laying out IO file(s) (4 file(s) / 4096MB)

fio-beegfs-write-buffered-block_16k-size_1G-threads_4: (groupid=0, jobs=4): err= 0: pid=8936: Mon Nov 19 07:05:10 2018
  write: io=228814MB, bw=976268KB/s, iops=61016, runt=240001msec
    clat (usec): min=1, max=613057, avg=64.60, stdev=4005.10
     lat (usec): min=1, max=613057, avg=64.84, stdev=4005.10
    clat percentiles (usec):
     |  1.00th=[    1],  5.00th=[    2], 10.00th=[    2], 20.00th=[    2],
     | 30.00th=[    2], 40.00th=[    2], 50.00th=[    3], 60.00th=[    3],
     | 70.00th=[    5], 80.00th=[    5], 90.00th=[    5], 95.00th=[   11],
     | 99.00th=[  764], 99.50th=[  812], 99.90th=[  956], 99.95th=[ 1112],
     | 99.99th=[57600]
    bw (KB  /s): min= 3939, max=618464, per=25.97%, avg=253524.19, stdev=232322.91
    lat (usec) : 2=3.75%, 4=58.10%, 10=33.01%, 20=1.16%, 50=0.80%
    lat (usec) : 100=0.06%, 250=0.01%, 500=0.01%, 750=1.95%, 1000=1.09%
    lat (msec) : 2=0.06%, 4=0.01%, 10=0.01%, 20=0.01%, 50=0.01%
    lat (msec) : 100=0.01%, 250=0.01%, 500=0.01%, 750=0.01%
  cpu          : usr=1.82%, sys=16.13%, ctx=2225781, majf=0, minf=192787
  IO depths    : 1=100.0%, 2=0.0%, 4=0.0%, 8=0.0%, 16=0.0%, 32=0.0%, >=64=0.0%
     submit    : 0=0.0%, 4=100.0%, 8=0.0%, 16=0.0%, 32=0.0%, 64=0.0%, >=64=0.0%
     complete  : 0=0.0%, 4=100.0%, 8=0.0%, 16=0.0%, 32=0.0%, 64=0.0%, >=64=0.0%
     issued    : total=r=0/w=14644087/d=0, short=r=0/w=0/d=0, drop=r=0/w=0/d=0
     latency   : target=0, window=0, percentile=100.00%, depth=1

Run status group 0 (all jobs):
  WRITE: io=228814MB, aggrb=976268KB/s, minb=976268KB/s, maxb=976268KB/s, mint=240001msec, maxt=240001msec

CPU idleness:
  system: 95.49%
  unit work: mean=54.15us, stddev=2.62
