fio-beegfs-read-buffered-block_1024k-size_1G-threads_4: (g=0): rw=rw, bs=1M-1M/1M-1M/1M-1M, ioengine=psync, iodepth=1
...
fio-2.2.10
Starting 4 processes
fio-beegfs-read-buffered-block_1024k-size_1G-threads_4: Laying out IO file(s) (4 file(s) / 4096MB)
fio-beegfs-read-buffered-block_1024k-size_1G-threads_4: Laying out IO file(s) (4 file(s) / 4096MB)
fio-beegfs-read-buffered-block_1024k-size_1G-threads_4: Laying out IO file(s) (4 file(s) / 4096MB)
fio-beegfs-read-buffered-block_1024k-size_1G-threads_4: Laying out IO file(s) (4 file(s) / 4096MB)

fio-beegfs-read-buffered-block_1024k-size_1G-threads_4: (groupid=0, jobs=4): err= 0: pid=9927: Mon Nov 19 08:30:54 2018
  read : io=688013MB, bw=2866.6MB/s, iops=2866, runt=240014msec
    clat (usec): min=877, max=44393, avg=1393.37, stdev=236.81
     lat (usec): min=877, max=44393, avg=1393.52, stdev=236.82
    clat percentiles (usec):
     |  1.00th=[ 1144],  5.00th=[ 1240], 10.00th=[ 1272], 20.00th=[ 1320],
     | 30.00th=[ 1336], 40.00th=[ 1368], 50.00th=[ 1384], 60.00th=[ 1400],
     | 70.00th=[ 1416], 80.00th=[ 1448], 90.00th=[ 1496], 95.00th=[ 1560],
     | 99.00th=[ 1880], 99.50th=[ 2064], 99.90th=[ 2640], 99.95th=[ 3344],
     | 99.99th=[11712]
    bw (KB  /s): min=600910, max=798720, per=25.02%, avg=734493.57, stdev=18759.73
    lat (usec) : 1000=0.06%
    lat (msec) : 2=99.31%, 4=0.59%, 10=0.03%, 20=0.01%, 50=0.01%
  cpu          : usr=0.25%, sys=67.86%, ctx=6284815, majf=0, minf=16942
  IO depths    : 1=100.0%, 2=0.0%, 4=0.0%, 8=0.0%, 16=0.0%, 32=0.0%, >=64=0.0%
     submit    : 0=0.0%, 4=100.0%, 8=0.0%, 16=0.0%, 32=0.0%, 64=0.0%, >=64=0.0%
     complete  : 0=0.0%, 4=100.0%, 8=0.0%, 16=0.0%, 32=0.0%, 64=0.0%, >=64=0.0%
     issued    : total=r=688013/w=0/d=0, short=r=0/w=0/d=0, drop=r=0/w=0/d=0
     latency   : target=0, window=0, percentile=100.00%, depth=1

Run status group 0 (all jobs):
   READ: io=688013MB, aggrb=2866.6MB/s, minb=2866.6MB/s, maxb=2866.6MB/s, mint=240014msec, maxt=240014msec

CPU idleness:
  system: 91.02%
  unit work: mean=53.55us, stddev=3.38
