fio-beegfs-write-buffered-block_64k-size_1G-threads_1: (g=0): rw=rw, bs=64K-64K/64K-64K/64K-64K, ioengine=psync, iodepth=1
fio-2.2.10
Starting 1 process
fio-beegfs-write-buffered-block_64k-size_1G-threads_1: Laying out IO file(s) (4 file(s) / 4096MB)

fio-beegfs-write-buffered-block_64k-size_1G-threads_1: (groupid=0, jobs=1): err= 0: pid=848: Sun Nov 18 19:49:41 2018
  write: io=154412MB, bw=657796KB/s, iops=10278, runt=240375msec
    clat (usec): min=4, max=650121, avg=95.89, stdev=2954.37
     lat (usec): min=5, max=650122, avg=96.51, stdev=2954.38
    clat percentiles (usec):
     |  1.00th=[    5],  5.00th=[    5], 10.00th=[    5], 20.00th=[    5],
     | 30.00th=[    5], 40.00th=[    5], 50.00th=[    5], 60.00th=[    5],
     | 70.00th=[    5], 80.00th=[    6], 90.00th=[  532], 95.00th=[  564],
     | 99.00th=[  596], 99.50th=[  612], 99.90th=[  668], 99.95th=[  724],
     | 99.99th=[11328]
    bw (KB  /s): min=11875, max=880640, per=100.00%, avg=671459.79, stdev=300373.50
    lat (usec) : 10=87.32%, 20=0.16%, 50=0.02%, 100=0.01%, 250=0.01%
    lat (usec) : 500=1.31%, 750=11.14%, 1000=0.01%
    lat (msec) : 2=0.01%, 4=0.01%, 10=0.01%, 20=0.01%, 50=0.01%
    lat (msec) : 100=0.01%, 250=0.01%, 500=0.01%, 750=0.01%
  cpu          : usr=1.88%, sys=25.61%, ctx=1384472, majf=0, minf=34248
  IO depths    : 1=100.0%, 2=0.0%, 4=0.0%, 8=0.0%, 16=0.0%, 32=0.0%, >=64=0.0%
     submit    : 0=0.0%, 4=100.0%, 8=0.0%, 16=0.0%, 32=0.0%, 64=0.0%, >=64=0.0%
     complete  : 0=0.0%, 4=100.0%, 8=0.0%, 16=0.0%, 32=0.0%, 64=0.0%, >=64=0.0%
     issued    : total=r=0/w=2470591/d=0, short=r=0/w=0/d=0, drop=r=0/w=0/d=0
     latency   : target=0, window=0, percentile=100.00%, depth=1

Run status group 0 (all jobs):
  WRITE: io=154412MB, aggrb=657796KB/s, minb=657796KB/s, maxb=657796KB/s, mint=240375msec, maxt=240375msec

CPU idleness:
  system: 97.75%
  unit work: mean=55.11us, stddev=2.20
