fio-beegfs-read-buffered-block_1024k-size_2G-threads_4: (g=0): rw=rw, bs=1M-1M/1M-1M/1M-1M, ioengine=psync, iodepth=1
...
fio-2.2.10
Starting 4 processes
fio-beegfs-read-buffered-block_1024k-size_2G-threads_4: Laying out IO file(s) (4 file(s) / 8192MB)
fio-beegfs-read-buffered-block_1024k-size_2G-threads_4: Laying out IO file(s) (4 file(s) / 8192MB)
fio-beegfs-read-buffered-block_1024k-size_2G-threads_4: Laying out IO file(s) (4 file(s) / 8192MB)
fio-beegfs-read-buffered-block_1024k-size_2G-threads_4: Laying out IO file(s) (4 file(s) / 8192MB)

fio-beegfs-read-buffered-block_1024k-size_2G-threads_4: (groupid=0, jobs=4): err= 0: pid=11344: Mon Nov 19 11:42:46 2018
  read : io=689867MB, bw=2874.3MB/s, iops=2874, runt=240015msec
    clat (usec): min=871, max=44703, avg=1389.62, stdev=337.86
     lat (usec): min=871, max=44703, avg=1389.76, stdev=337.86
    clat percentiles (usec):
     |  1.00th=[ 1112],  5.00th=[ 1224], 10.00th=[ 1272], 20.00th=[ 1320],
     | 30.00th=[ 1336], 40.00th=[ 1352], 50.00th=[ 1384], 60.00th=[ 1400],
     | 70.00th=[ 1416], 80.00th=[ 1448], 90.00th=[ 1480], 95.00th=[ 1528],
     | 99.00th=[ 1768], 99.50th=[ 1960], 99.90th=[ 3600], 99.95th=[ 7520],
     | 99.99th=[14528]
    bw (KB  /s): min=536576, max=794624, per=25.02%, avg=736461.69, stdev=18648.38
    lat (usec) : 1000=0.07%
    lat (msec) : 2=99.48%, 4=0.36%, 10=0.06%, 20=0.02%, 50=0.01%
  cpu          : usr=0.21%, sys=68.95%, ctx=5961124, majf=0, minf=16969
  IO depths    : 1=100.0%, 2=0.0%, 4=0.0%, 8=0.0%, 16=0.0%, 32=0.0%, >=64=0.0%
     submit    : 0=0.0%, 4=100.0%, 8=0.0%, 16=0.0%, 32=0.0%, 64=0.0%, >=64=0.0%
     complete  : 0=0.0%, 4=100.0%, 8=0.0%, 16=0.0%, 32=0.0%, 64=0.0%, >=64=0.0%
     issued    : total=r=689867/w=0/d=0, short=r=0/w=0/d=0, drop=r=0/w=0/d=0
     latency   : target=0, window=0, percentile=100.00%, depth=1

Run status group 0 (all jobs):
   READ: io=689867MB, aggrb=2874.3MB/s, minb=2874.3MB/s, maxb=2874.3MB/s, mint=240015msec, maxt=240015msec

CPU idleness:
  system: 92.18%
  unit work: mean=54.22us, stddev=2.82
