fio-beegfs-write-unbuffered-block_16k-size_2G-threads_1: (g=0): rw=rw, bs=16K-16K/16K-16K/16K-16K, ioengine=psync, iodepth=1
fio-2.2.10
Starting 1 process
fio-beegfs-write-unbuffered-block_16k-size_2G-threads_1: Laying out IO file(s) (4 file(s) / 8192MB)

fio-beegfs-write-unbuffered-block_16k-size_2G-threads_1: (groupid=0, jobs=1): err= 0: pid=1998: Fri Nov 23 08:24:47 2018
  write: io=19045MB, bw=81257KB/s, iops=5078, runt=240001msec
    clat (usec): min=139, max=197225, avg=195.14, stdev=257.13
     lat (usec): min=139, max=197225, avg=195.41, stdev=257.13
    clat percentiles (usec):
     |  1.00th=[  155],  5.00th=[  165], 10.00th=[  167], 20.00th=[  171],
     | 30.00th=[  175], 40.00th=[  181], 50.00th=[  191], 60.00th=[  197],
     | 70.00th=[  203], 80.00th=[  213], 90.00th=[  231], 95.00th=[  251],
     | 99.00th=[  294], 99.50th=[  314], 99.90th=[  366], 99.95th=[  442],
     | 99.99th=[  876]
    bw (KB  /s): min=47104, max=88288, per=100.00%, avg=81285.48, stdev=3474.73
    lat (usec) : 250=94.96%, 500=5.00%, 750=0.02%, 1000=0.01%
    lat (msec) : 2=0.01%, 4=0.01%, 10=0.01%, 20=0.01%, 50=0.01%
    lat (msec) : 250=0.01%
  cpu          : usr=1.56%, sys=17.73%, ctx=2437616, majf=0, minf=19579
  IO depths    : 1=100.0%, 2=0.0%, 4=0.0%, 8=0.0%, 16=0.0%, 32=0.0%, >=64=0.0%
     submit    : 0=0.0%, 4=100.0%, 8=0.0%, 16=0.0%, 32=0.0%, 64=0.0%, >=64=0.0%
     complete  : 0=0.0%, 4=100.0%, 8=0.0%, 16=0.0%, 32=0.0%, 64=0.0%, >=64=0.0%
     issued    : total=r=0/w=1218853/d=0, short=r=0/w=0/d=0, drop=r=0/w=0/d=0
     latency   : target=0, window=0, percentile=100.00%, depth=1

Run status group 0 (all jobs):
  WRITE: io=19045MB, aggrb=81256KB/s, minb=81256KB/s, maxb=81256KB/s, mint=240001msec, maxt=240001msec

CPU idleness:
  system: 96.33%
  unit work: mean=54.21us, stddev=1.86
