fio-beegfs-write-buffered-block_128k-size_4G-threads_2: (g=0): rw=rw, bs=128K-128K/128K-128K/128K-128K, ioengine=psync, iodepth=1
...
fio-2.2.10
Starting 2 processes
fio-beegfs-write-buffered-block_128k-size_4G-threads_2: Laying out IO file(s) (4 file(s) / 16384MB)
fio-beegfs-write-buffered-block_128k-size_4G-threads_2: Laying out IO file(s) (4 file(s) / 16384MB)

fio-beegfs-write-buffered-block_128k-size_4G-threads_2: (groupid=0, jobs=2): err= 0: pid=8090: Mon Nov 19 05:20:31 2018
  write: io=108055MB, bw=460324KB/s, iops=3596, runt=240371msec
    clat (usec): min=8, max=751426, avg=553.29, stdev=12105.47
     lat (usec): min=9, max=751427, avg=554.95, stdev=12105.50
    clat percentiles (usec):
     |  1.00th=[    9],  5.00th=[    9], 10.00th=[    9], 20.00th=[    9],
     | 30.00th=[   10], 40.00th=[   11], 50.00th=[   30], 60.00th=[   31],
     | 70.00th=[   32], 80.00th=[  604], 90.00th=[  676], 95.00th=[  708],
     | 99.00th=[  772], 99.50th=[  828], 99.90th=[26752], 99.95th=[436224],
     | 99.99th=[489472]
    bw (KB  /s): min=  256, max=750080, per=52.28%, avg=240668.30, stdev=244209.80
    lat (usec) : 10=21.90%, 20=24.60%, 50=27.87%, 100=0.63%, 250=0.01%
    lat (usec) : 500=0.10%, 750=23.15%, 1000=1.39%
    lat (msec) : 2=0.03%, 4=0.01%, 10=0.01%, 20=0.11%, 50=0.11%
    lat (msec) : 100=0.01%, 250=0.01%, 500=0.07%, 750=0.01%, 1000=0.01%
  cpu          : usr=0.61%, sys=13.37%, ctx=965727, majf=0, minf=15652
  IO depths    : 1=100.0%, 2=0.0%, 4=0.0%, 8=0.0%, 16=0.0%, 32=0.0%, >=64=0.0%
     submit    : 0=0.0%, 4=100.0%, 8=0.0%, 16=0.0%, 32=0.0%, 64=0.0%, >=64=0.0%
     complete  : 0=0.0%, 4=100.0%, 8=0.0%, 16=0.0%, 32=0.0%, 64=0.0%, >=64=0.0%
     issued    : total=r=0/w=864442/d=0, short=r=0/w=0/d=0, drop=r=0/w=0/d=0
     latency   : target=0, window=0, percentile=100.00%, depth=1

Run status group 0 (all jobs):
  WRITE: io=108055MB, aggrb=460324KB/s, minb=460324KB/s, maxb=460324KB/s, mint=240371msec, maxt=240371msec

CPU idleness:
  system: 93.16%
  unit work: mean=52.41us, stddev=2.41
