fio-beegfs-read-buffered-block_16k-size_2G-threads_4: (g=0): rw=rw, bs=16K-16K/16K-16K/16K-16K, ioengine=psync, iodepth=1
...
fio-2.2.10
Starting 4 processes
fio-beegfs-read-buffered-block_16k-size_2G-threads_4: Laying out IO file(s) (4 file(s) / 8192MB)
fio-beegfs-read-buffered-block_16k-size_2G-threads_4: Laying out IO file(s) (4 file(s) / 8192MB)
fio-beegfs-read-buffered-block_16k-size_2G-threads_4: Laying out IO file(s) (4 file(s) / 8192MB)
fio-beegfs-read-buffered-block_16k-size_2G-threads_4: Laying out IO file(s) (4 file(s) / 8192MB)

fio-beegfs-read-buffered-block_16k-size_2G-threads_4: (groupid=0, jobs=4): err= 0: pid=10212: Mon Nov 19 09:03:44 2018
  read : io=591852MB, bw=2466.5MB/s, iops=157826, runt=240001msec
    clat (usec): min=1, max=55975, avg=24.57, stdev=134.27
     lat (usec): min=1, max=55975, avg=24.64, stdev=134.33
    clat percentiles (usec):
     |  1.00th=[    1],  5.00th=[    1], 10.00th=[    2], 20.00th=[    2],
     | 30.00th=[    2], 40.00th=[    2], 50.00th=[    2], 60.00th=[    2],
     | 70.00th=[    2], 80.00th=[    3], 90.00th=[    3], 95.00th=[    4],
     | 99.00th=[  732], 99.50th=[  780], 99.90th=[  980], 99.95th=[ 1128],
     | 99.99th=[ 1832]
    bw (KB  /s): min=491488, max=663488, per=25.02%, avg=631746.80, stdev=23419.04
    lat (usec) : 2=9.21%, 4=81.91%, 10=4.16%, 20=1.14%, 50=0.35%
    lat (usec) : 100=0.09%, 250=0.01%, 500=0.05%, 750=2.32%, 1000=0.67%
    lat (msec) : 2=0.08%, 4=0.01%, 10=0.01%, 20=0.01%, 50=0.01%
    lat (msec) : 100=0.01%
  cpu          : usr=3.71%, sys=67.30%, ctx=3290253, majf=0, minf=465056
  IO depths    : 1=100.0%, 2=0.0%, 4=0.0%, 8=0.0%, 16=0.0%, 32=0.0%, >=64=0.0%
     submit    : 0=0.0%, 4=100.0%, 8=0.0%, 16=0.0%, 32=0.0%, 64=0.0%, >=64=0.0%
     complete  : 0=0.0%, 4=100.0%, 8=0.0%, 16=0.0%, 32=0.0%, 64=0.0%, >=64=0.0%
     issued    : total=r=37878539/w=0/d=0, short=r=0/w=0/d=0, drop=r=0/w=0/d=0
     latency   : target=0, window=0, percentile=100.00%, depth=1

Run status group 0 (all jobs):
   READ: io=591852MB, aggrb=2466.5MB/s, minb=2466.5MB/s, maxb=2466.5MB/s, mint=240001msec, maxt=240001msec

CPU idleness:
  system: 94.79%
  unit work: mean=55.51us, stddev=1.61
