fio-beegfs-write-buffered-block_128k-size_1G-threads_8: (g=0): rw=rw, bs=128K-128K/128K-128K/128K-128K, ioengine=psync, iodepth=1
...
fio-2.2.10
Starting 8 processes
fio-beegfs-write-buffered-block_128k-size_1G-threads_8: Laying out IO file(s) (4 file(s) / 4096MB)
fio-beegfs-write-buffered-block_128k-size_1G-threads_8: Laying out IO file(s) (4 file(s) / 4096MB)
fio-beegfs-write-buffered-block_128k-size_1G-threads_8: Laying out IO file(s) (4 file(s) / 4096MB)
fio-beegfs-write-buffered-block_128k-size_1G-threads_8: Laying out IO file(s) (4 file(s) / 4096MB)
fio-beegfs-write-buffered-block_128k-size_1G-threads_8: Laying out IO file(s) (4 file(s) / 4096MB)
fio-beegfs-write-buffered-block_128k-size_1G-threads_8: Laying out IO file(s) (4 file(s) / 4096MB)
fio-beegfs-write-buffered-block_128k-size_1G-threads_8: Laying out IO file(s) (4 file(s) / 4096MB)
fio-beegfs-write-buffered-block_128k-size_1G-threads_8: Laying out IO file(s) (4 file(s) / 4096MB)

fio-beegfs-write-buffered-block_128k-size_1G-threads_8: (groupid=0, jobs=8): err= 0: pid=13778: Mon Nov 19 19:48:48 2018
  write: io=107731MB, bw=459326KB/s, iops=3588, runt=240170msec
    clat (usec): min=8, max=699175, avg=2225.95, stdev=24956.39
     lat (usec): min=9, max=699177, avg=2227.85, stdev=24956.43
    clat percentiles (usec):
     |  1.00th=[    8],  5.00th=[    9], 10.00th=[    9], 20.00th=[   12],
     | 30.00th=[   13], 40.00th=[   13], 50.00th=[   16], 60.00th=[   31],
     | 70.00th=[   35], 80.00th=[  700], 90.00th=[ 1224], 95.00th=[ 1368],
     | 99.00th=[31360], 99.50th=[40704], 99.90th=[468992], 99.95th=[493568],
     | 99.99th=[544768]
    bw (KB  /s): min=  240, max=405504, per=12.99%, avg=59670.40, stdev=67727.02
    lat (usec) : 10=11.37%, 20=44.14%, 50=17.45%, 100=1.96%, 250=0.08%
    lat (usec) : 500=0.03%, 750=5.95%, 1000=3.00%
    lat (msec) : 2=13.40%, 4=0.22%, 10=0.01%, 20=0.28%, 50=1.73%
    lat (msec) : 100=0.02%, 250=0.05%, 500=0.26%, 750=0.04%
  cpu          : usr=0.18%, sys=3.53%, ctx=2412720, majf=0, minf=15588
  IO depths    : 1=100.0%, 2=0.0%, 4=0.0%, 8=0.0%, 16=0.0%, 32=0.0%, >=64=0.0%
     submit    : 0=0.0%, 4=100.0%, 8=0.0%, 16=0.0%, 32=0.0%, 64=0.0%, >=64=0.0%
     complete  : 0=0.0%, 4=100.0%, 8=0.0%, 16=0.0%, 32=0.0%, 64=0.0%, >=64=0.0%
     issued    : total=r=0/w=861846/d=0, short=r=0/w=0/d=0, drop=r=0/w=0/d=0
     latency   : target=0, window=0, percentile=100.00%, depth=1

Run status group 0 (all jobs):
  WRITE: io=107731MB, aggrb=459325KB/s, minb=459325KB/s, maxb=459325KB/s, mint=240170msec, maxt=240170msec

CPU idleness:
  system: 88.70%
  unit work: mean=50.03us, stddev=2.56
