fio-beegfs-write-unbuffered-block_128k-size_4G-threads_2: (g=0): rw=rw, bs=128K-128K/128K-128K/128K-128K, ioengine=psync, iodepth=1
...
fio-2.2.10
Starting 2 processes
fio-beegfs-write-unbuffered-block_128k-size_4G-threads_2: Laying out IO file(s) (4 file(s) / 16384MB)
fio-beegfs-write-unbuffered-block_128k-size_4G-threads_2: Laying out IO file(s) (4 file(s) / 16384MB)

fio-beegfs-write-unbuffered-block_128k-size_4G-threads_2: (groupid=0, jobs=2): err= 0: pid=8130: Fri Nov 23 16:45:25 2018
  write: io=88128MB, bw=376010KB/s, iops=2937, runt=240001msec
    clat (usec): min=419, max=13615, avg=677.22, stdev=249.35
     lat (usec): min=421, max=13616, avg=678.94, stdev=249.35
    clat percentiles (usec):
     |  1.00th=[  510],  5.00th=[  540], 10.00th=[  556], 20.00th=[  580],
     | 30.00th=[  596], 40.00th=[  612], 50.00th=[  628], 60.00th=[  652],
     | 70.00th=[  676], 80.00th=[  708], 90.00th=[  804], 95.00th=[ 1064],
     | 99.00th=[ 1320], 99.50th=[ 1416], 99.90th=[ 5088], 99.95th=[ 6176],
     | 99.99th=[ 7456]
    bw (KB  /s): min=166170, max=198144, per=50.04%, avg=188137.04, stdev=5540.01
    lat (usec) : 500=0.57%, 750=85.61%, 1000=7.82%
    lat (msec) : 2=5.80%, 4=0.08%, 10=0.11%, 20=0.01%
  cpu          : usr=0.80%, sys=8.98%, ctx=1704897, majf=0, minf=14716
  IO depths    : 1=100.0%, 2=0.0%, 4=0.0%, 8=0.0%, 16=0.0%, 32=0.0%, >=64=0.0%
     submit    : 0=0.0%, 4=100.0%, 8=0.0%, 16=0.0%, 32=0.0%, 64=0.0%, >=64=0.0%
     complete  : 0=0.0%, 4=100.0%, 8=0.0%, 16=0.0%, 32=0.0%, 64=0.0%, >=64=0.0%
     issued    : total=r=0/w=705021/d=0, short=r=0/w=0/d=0, drop=r=0/w=0/d=0
     latency   : target=0, window=0, percentile=100.00%, depth=1

Run status group 0 (all jobs):
  WRITE: io=88128MB, aggrb=376009KB/s, minb=376009KB/s, maxb=376009KB/s, mint=240001msec, maxt=240001msec

CPU idleness:
  system: 91.44%
  unit work: mean=51.45us, stddev=3.59
