fio-beegfs-read-unbuffered-block_128k-size_4G-threads_2: (g=0): rw=rw, bs=128K-128K/128K-128K/128K-128K, ioengine=psync, iodepth=1
...
fio-2.2.10
Starting 2 processes
fio-beegfs-read-unbuffered-block_128k-size_4G-threads_2: Laying out IO file(s) (4 file(s) / 16384MB)
fio-beegfs-read-unbuffered-block_128k-size_4G-threads_2: Laying out IO file(s) (4 file(s) / 16384MB)

fio-beegfs-read-unbuffered-block_128k-size_4G-threads_2: (groupid=0, jobs=2): err= 0: pid=7991: Fri Nov 23 16:27:02 2018
  read : io=70613MB, bw=301282KB/s, iops=2353, runt=240001msec
    clat (usec): min=563, max=15907, avg=847.87, stdev=204.57
     lat (usec): min=564, max=15907, avg=848.00, stdev=204.57
    clat percentiles (usec):
     |  1.00th=[  700],  5.00th=[  748], 10.00th=[  764], 20.00th=[  788],
     | 30.00th=[  804], 40.00th=[  820], 50.00th=[  828], 60.00th=[  844],
     | 70.00th=[  860], 80.00th=[  876], 90.00th=[  900], 95.00th=[  924],
     | 99.00th=[ 1208], 99.50th=[ 2640], 99.90th=[ 3536], 99.95th=[ 3760],
     | 99.99th=[ 5728]
    bw (KB  /s): min=135168, max=157952, per=50.04%, avg=150766.54, stdev=4999.13
    lat (usec) : 750=5.94%, 1000=92.58%
    lat (msec) : 2=0.86%, 4=0.60%, 10=0.03%, 20=0.01%
  cpu          : usr=0.36%, sys=10.86%, ctx=712254, majf=0, minf=13896
  IO depths    : 1=100.0%, 2=0.0%, 4=0.0%, 8=0.0%, 16=0.0%, 32=0.0%, >=64=0.0%
     submit    : 0=0.0%, 4=100.0%, 8=0.0%, 16=0.0%, 32=0.0%, 64=0.0%, >=64=0.0%
     complete  : 0=0.0%, 4=100.0%, 8=0.0%, 16=0.0%, 32=0.0%, 64=0.0%, >=64=0.0%
     issued    : total=r=564906/w=0/d=0, short=r=0/w=0/d=0, drop=r=0/w=0/d=0
     latency   : target=0, window=0, percentile=100.00%, depth=1

Run status group 0 (all jobs):
   READ: io=70613MB, aggrb=301281KB/s, minb=301281KB/s, maxb=301281KB/s, mint=240001msec, maxt=240001msec

CPU idleness:
  system: 93.65%
  unit work: mean=52.69us, stddev=2.70
