fio-beegfs-read-buffered-block_16k-size_4G-threads_1: (g=0): rw=rw, bs=16K-16K/16K-16K/16K-16K, ioengine=psync, iodepth=1
fio-2.2.10
Starting 1 process
fio-beegfs-read-buffered-block_16k-size_4G-threads_1: Laying out IO file(s) (4 file(s) / 16384MB)

fio-beegfs-read-buffered-block_16k-size_4G-threads_1: (groupid=0, jobs=1): err= 0: pid=3207: Sun Nov 18 22:05:28 2018
  read : io=221226MB, bw=943892KB/s, iops=58993, runt=240001msec
    clat (usec): min=1, max=20749, avg=16.31, stdev=81.96
     lat (usec): min=1, max=20749, avg=16.37, stdev=81.97
    clat percentiles (usec):
     |  1.00th=[    1],  5.00th=[    1], 10.00th=[    1], 20.00th=[    1],
     | 30.00th=[    2], 40.00th=[    2], 50.00th=[    2], 60.00th=[    2],
     | 70.00th=[    2], 80.00th=[    2], 90.00th=[    2], 95.00th=[    2],
     | 99.00th=[  482], 99.50th=[  498], 99.90th=[  524], 99.95th=[  540],
     | 99.99th=[  596]
    bw (KB  /s): min=831552, max=1074880, per=100.00%, avg=944269.16, stdev=22646.29
    lat (usec) : 2=24.94%, 4=71.74%, 10=0.17%, 20=0.02%, 50=0.01%
    lat (usec) : 100=0.01%, 250=0.01%, 500=2.70%, 750=0.43%, 1000=0.01%
    lat (msec) : 2=0.01%, 4=0.01%, 10=0.01%, 20=0.01%, 50=0.01%
  cpu          : usr=5.28%, sys=66.58%, ctx=995621, majf=0, minf=171213
  IO depths    : 1=100.0%, 2=0.0%, 4=0.0%, 8=0.0%, 16=0.0%, 32=0.0%, >=64=0.0%
     submit    : 0=0.0%, 4=100.0%, 8=0.0%, 16=0.0%, 32=0.0%, 64=0.0%, >=64=0.0%
     complete  : 0=0.0%, 4=100.0%, 8=0.0%, 16=0.0%, 32=0.0%, 64=0.0%, >=64=0.0%
     issued    : total=r=14158437/w=0/d=0, short=r=0/w=0/d=0, drop=r=0/w=0/d=0
     latency   : target=0, window=0, percentile=100.00%, depth=1

Run status group 0 (all jobs):
   READ: io=221226MB, aggrb=943891KB/s, minb=943891KB/s, maxb=943891KB/s, mint=240001msec, maxt=240001msec

CPU idleness:
  system: 86.53%
  unit work: mean=49.11us, stddev=2.67
