fio-beegfs-read-buffered-block_512k-size_2G-threads_4: (g=0): rw=rw, bs=512K-512K/512K-512K/512K-512K, ioengine=psync, iodepth=1
...
fio-2.2.10
Starting 4 processes
fio-beegfs-read-buffered-block_512k-size_2G-threads_4: Laying out IO file(s) (4 file(s) / 8192MB)
fio-beegfs-read-buffered-block_512k-size_2G-threads_4: Laying out IO file(s) (4 file(s) / 8192MB)
fio-beegfs-read-buffered-block_512k-size_2G-threads_4: Laying out IO file(s) (4 file(s) / 8192MB)
fio-beegfs-read-buffered-block_512k-size_2G-threads_4: Laying out IO file(s) (4 file(s) / 8192MB)

fio-beegfs-read-buffered-block_512k-size_2G-threads_4: (groupid=0, jobs=4): err= 0: pid=11061: Mon Nov 19 11:03:14 2018
  read : io=685529MB, bw=2856.3MB/s, iops=5712, runt=240011msec
    clat (usec): min=404, max=53860, avg=698.30, stdev=270.35
     lat (usec): min=404, max=53860, avg=698.43, stdev=270.35
    clat percentiles (usec):
     |  1.00th=[  548],  5.00th=[  604], 10.00th=[  628], 20.00th=[  652],
     | 30.00th=[  668], 40.00th=[  676], 50.00th=[  692], 60.00th=[  700],
     | 70.00th=[  716], 80.00th=[  732], 90.00th=[  756], 95.00th=[  780],
     | 99.00th=[  916], 99.50th=[ 1020], 99.90th=[ 1992], 99.95th=[ 4448],
     | 99.99th=[12224]
    bw (KB  /s): min=616448, max=784384, per=25.02%, avg=731763.05, stdev=18157.53
    lat (usec) : 500=0.15%, 750=88.59%, 1000=10.70%
    lat (msec) : 2=0.47%, 4=0.05%, 10=0.04%, 20=0.01%, 50=0.01%
    lat (msec) : 100=0.01%
  cpu          : usr=0.45%, sys=68.78%, ctx=5816517, majf=0, minf=29200
  IO depths    : 1=100.0%, 2=0.0%, 4=0.0%, 8=0.0%, 16=0.0%, 32=0.0%, >=64=0.0%
     submit    : 0=0.0%, 4=100.0%, 8=0.0%, 16=0.0%, 32=0.0%, 64=0.0%, >=64=0.0%
     complete  : 0=0.0%, 4=100.0%, 8=0.0%, 16=0.0%, 32=0.0%, 64=0.0%, >=64=0.0%
     issued    : total=r=1371057/w=0/d=0, short=r=0/w=0/d=0, drop=r=0/w=0/d=0
     latency   : target=0, window=0, percentile=100.00%, depth=1

Run status group 0 (all jobs):
   READ: io=685529MB, aggrb=2856.3MB/s, minb=2856.3MB/s, maxb=2856.3MB/s, mint=240011msec, maxt=240011msec

CPU idleness:
  system: 92.53%
  unit work: mean=54.44us, stddev=3.27
