fio-beegfs-read-buffered-block_512k-size_4G-threads_2: (g=0): rw=rw, bs=512K-512K/512K-512K/512K-512K, ioengine=psync, iodepth=1
...
fio-2.2.10
Starting 2 processes
fio-beegfs-read-buffered-block_512k-size_4G-threads_2: Laying out IO file(s) (4 file(s) / 16384MB)
fio-beegfs-read-buffered-block_512k-size_4G-threads_2: Laying out IO file(s) (4 file(s) / 16384MB)

fio-beegfs-read-buffered-block_512k-size_4G-threads_2: (groupid=0, jobs=2): err= 0: pid=8230: Mon Nov 19 05:39:54 2018
  read : io=438392MB, bw=1826.7MB/s, iops=3653, runt=240001msec
    clat (usec): min=367, max=44099, avg=545.55, stdev=250.02
     lat (usec): min=367, max=44100, avg=545.68, stdev=250.02
    clat percentiles (usec):
     |  1.00th=[  450],  5.00th=[  466], 10.00th=[  478], 20.00th=[  494],
     | 30.00th=[  510], 40.00th=[  524], 50.00th=[  532], 60.00th=[  548],
     | 70.00th=[  556], 80.00th=[  572], 90.00th=[  596], 95.00th=[  628],
     | 99.00th=[  820], 99.50th=[  964], 99.90th=[ 1304], 99.95th=[ 2864],
     | 99.99th=[11968]
    bw (KB  /s): min=610304, max=1005568, per=50.03%, avg=935716.16, stdev=54208.67
    lat (usec) : 500=23.34%, 750=75.01%, 1000=1.22%
    lat (msec) : 2=0.35%, 4=0.03%, 10=0.03%, 20=0.01%, 50=0.01%
  cpu          : usr=0.56%, sys=67.33%, ctx=1895935, majf=0, minf=15725
  IO depths    : 1=100.0%, 2=0.0%, 4=0.0%, 8=0.0%, 16=0.0%, 32=0.0%, >=64=0.0%
     submit    : 0=0.0%, 4=100.0%, 8=0.0%, 16=0.0%, 32=0.0%, 64=0.0%, >=64=0.0%
     complete  : 0=0.0%, 4=100.0%, 8=0.0%, 16=0.0%, 32=0.0%, 64=0.0%, >=64=0.0%
     issued    : total=r=876784/w=0/d=0, short=r=0/w=0/d=0, drop=r=0/w=0/d=0
     latency   : target=0, window=0, percentile=100.00%, depth=1

Run status group 0 (all jobs):
   READ: io=438392MB, aggrb=1826.7MB/s, minb=1826.7MB/s, maxb=1826.7MB/s, mint=240001msec, maxt=240001msec

CPU idleness:
  system: 97.73%
  unit work: mean=56.00us, stddev=2.13
