fio-beegfs-write-buffered-block_64k-size_4G-threads_2: (g=0): rw=rw, bs=64K-64K/64K-64K/64K-64K, ioengine=psync, iodepth=1
...
fio-2.2.10
Starting 2 processes
fio-beegfs-write-buffered-block_64k-size_4G-threads_2: Laying out IO file(s) (4 file(s) / 16384MB)
fio-beegfs-write-buffered-block_64k-size_4G-threads_2: Laying out IO file(s) (4 file(s) / 16384MB)

fio-beegfs-write-buffered-block_64k-size_4G-threads_2: (groupid=0, jobs=2): err= 0: pid=7811: Mon Nov 19 04:41:07 2018
  write: io=93660MB, bw=399295KB/s, iops=6238, runt=240192msec
    clat (usec): min=4, max=655963, avg=318.94, stdev=10079.20
     lat (usec): min=5, max=655964, avg=319.66, stdev=10079.23
    clat percentiles (usec):
     |  1.00th=[    4],  5.00th=[    5], 10.00th=[    5], 20.00th=[    5],
     | 30.00th=[    5], 40.00th=[    5], 50.00th=[   15], 60.00th=[   16],
     | 70.00th=[   16], 80.00th=[   16], 90.00th=[  604], 95.00th=[  668],
     | 99.00th=[  732], 99.50th=[  756], 99.90th=[  868], 99.95th=[203776],
     | 99.99th=[485376]
    bw (KB  /s): min= 3685, max=728960, per=52.25%, avg=208613.09, stdev=253994.15
    lat (usec) : 10=49.16%, 20=36.53%, 50=1.57%, 100=0.24%, 250=0.01%
    lat (usec) : 500=0.02%, 750=11.92%, 1000=0.48%
    lat (msec) : 2=0.01%, 4=0.01%, 10=0.01%, 20=0.01%, 50=0.01%
    lat (msec) : 100=0.01%, 250=0.01%, 500=0.04%, 750=0.01%
  cpu          : usr=0.59%, sys=12.49%, ctx=822204, majf=0, minf=28149
  IO depths    : 1=100.0%, 2=0.0%, 4=0.0%, 8=0.0%, 16=0.0%, 32=0.0%, >=64=0.0%
     submit    : 0=0.0%, 4=100.0%, 8=0.0%, 16=0.0%, 32=0.0%, 64=0.0%, >=64=0.0%
     complete  : 0=0.0%, 4=100.0%, 8=0.0%, 16=0.0%, 32=0.0%, 64=0.0%, >=64=0.0%
     issued    : total=r=0/w=1498555/d=0, short=r=0/w=0/d=0, drop=r=0/w=0/d=0
     latency   : target=0, window=0, percentile=100.00%, depth=1

Run status group 0 (all jobs):
  WRITE: io=93660MB, aggrb=399295KB/s, minb=399295KB/s, maxb=399295KB/s, mint=240192msec, maxt=240192msec

CPU idleness:
  system: 94.43%
  unit work: mean=53.11us, stddev=3.33
