fio-beegfs-write-buffered-block_512k-size_1G-threads_1: (g=0): rw=rw, bs=512K-512K/512K-512K/512K-512K, ioengine=psync, iodepth=1
fio-2.2.10
Starting 1 process
fio-beegfs-write-buffered-block_512k-size_1G-threads_1: Laying out IO file(s) (4 file(s) / 4096MB)

fio-beegfs-write-buffered-block_512k-size_1G-threads_1: (groupid=0, jobs=1): err= 0: pid=1402: Sun Nov 18 20:15:32 2018
  write: io=140628MB, bw=600010KB/s, iops=1171, runt=240001msec
    clat (usec): min=411, max=756352, avg=843.44, stdev=11247.53
     lat (usec): min=415, max=756360, avg=851.25, stdev=11247.54
    clat percentiles (usec):
     |  1.00th=[  450],  5.00th=[  470], 10.00th=[  490], 20.00th=[  524],
     | 30.00th=[  540], 40.00th=[  548], 50.00th=[  556], 60.00th=[  564],
     | 70.00th=[  564], 80.00th=[  580], 90.00th=[  596], 95.00th=[  612],
     | 99.00th=[  652], 99.50th=[  676], 99.90th=[11712], 99.95th=[342016],
     | 99.99th=[509952]
    bw (KB  /s): min=13772, max=951296, per=100.00%, avg=623820.83, stdev=376306.61
    lat (usec) : 500=12.06%, 750=87.74%, 1000=0.03%
    lat (msec) : 2=0.03%, 4=0.02%, 10=0.01%, 20=0.01%, 50=0.02%
    lat (msec) : 100=0.01%, 250=0.01%, 500=0.05%, 750=0.01%, 1000=0.01%
  cpu          : usr=1.49%, sys=18.53%, ctx=1260084, majf=0, minf=6943
  IO depths    : 1=100.0%, 2=0.0%, 4=0.0%, 8=0.0%, 16=0.0%, 32=0.0%, >=64=0.0%
     submit    : 0=0.0%, 4=100.0%, 8=0.0%, 16=0.0%, 32=0.0%, 64=0.0%, >=64=0.0%
     complete  : 0=0.0%, 4=100.0%, 8=0.0%, 16=0.0%, 32=0.0%, 64=0.0%, >=64=0.0%
     issued    : total=r=0/w=281256/d=0, short=r=0/w=0/d=0, drop=r=0/w=0/d=0
     latency   : target=0, window=0, percentile=100.00%, depth=1

Run status group 0 (all jobs):
  WRITE: io=140628MB, aggrb=600010KB/s, minb=600010KB/s, maxb=600010KB/s, mint=240001msec, maxt=240001msec

CPU idleness:
  system: 95.17%
  unit work: mean=53.57us, stddev=2.16
