fio-beegfs-write-buffered-block_64k-size_4G-threads_4: (g=0): rw=rw, bs=64K-64K/64K-64K/64K-64K, ioengine=psync, iodepth=1
...
fio-2.2.10
Starting 4 processes
fio-beegfs-write-buffered-block_64k-size_4G-threads_4: Laying out IO file(s) (4 file(s) / 16384MB)
fio-beegfs-write-buffered-block_64k-size_4G-threads_4: Laying out IO file(s) (4 file(s) / 16384MB)
fio-beegfs-write-buffered-block_64k-size_4G-threads_4: Laying out IO file(s) (4 file(s) / 16384MB)
fio-beegfs-write-buffered-block_64k-size_4G-threads_4: Laying out IO file(s) (4 file(s) / 16384MB)

fio-beegfs-write-buffered-block_64k-size_4G-threads_4: (groupid=0, jobs=4): err= 0: pid=12053: Mon Nov 19 14:22:10 2018
  write: io=110364MB, bw=470277KB/s, iops=7348, runt=240310msec
    clat (usec): min=4, max=543655, avg=542.70, stdev=12196.08
     lat (usec): min=5, max=543656, avg=543.45, stdev=12196.10
    clat percentiles (usec):
     |  1.00th=[    4],  5.00th=[    5], 10.00th=[    5], 20.00th=[    5],
     | 30.00th=[    6], 40.00th=[    7], 50.00th=[    7], 60.00th=[   10],
     | 70.00th=[   16], 80.00th=[   17], 90.00th=[  620], 95.00th=[  732],
     | 99.00th=[  876], 99.50th=[18560], 99.90th=[34048], 99.95th=[436224],
     | 99.99th=[489472]
    bw (KB  /s): min=  125, max=651136, per=26.21%, avg=123247.10, stdev=136152.39
    lat (usec) : 10=59.76%, 20=24.56%, 50=2.76%, 100=0.42%, 250=0.01%
    lat (usec) : 500=0.07%, 750=8.08%, 1000=3.70%
    lat (msec) : 2=0.07%, 4=0.01%, 10=0.01%, 20=0.15%, 50=0.35%
    lat (msec) : 100=0.01%, 250=0.01%, 500=0.07%, 750=0.01%
  cpu          : usr=0.36%, sys=6.90%, ctx=1108610, majf=0, minf=31520
  IO depths    : 1=100.0%, 2=0.0%, 4=0.0%, 8=0.0%, 16=0.0%, 32=0.0%, >=64=0.0%
     submit    : 0=0.0%, 4=100.0%, 8=0.0%, 16=0.0%, 32=0.0%, 64=0.0%, >=64=0.0%
     complete  : 0=0.0%, 4=100.0%, 8=0.0%, 16=0.0%, 32=0.0%, 64=0.0%, >=64=0.0%
     issued    : total=r=0/w=1765817/d=0, short=r=0/w=0/d=0, drop=r=0/w=0/d=0
     latency   : target=0, window=0, percentile=100.00%, depth=1

Run status group 0 (all jobs):
  WRITE: io=110364MB, aggrb=470277KB/s, minb=470277KB/s, maxb=470277KB/s, mint=240310msec, maxt=240310msec

CPU idleness:
  system: 88.24%
  unit work: mean=49.68us, stddev=3.68
