fio-beegfs-write-unbuffered-block_16k-size_2G-threads_4: (g=0): rw=rw, bs=16K-16K/16K-16K/16K-16K, ioengine=psync, iodepth=1
...
fio-2.2.10
Starting 4 processes
fio-beegfs-write-unbuffered-block_16k-size_2G-threads_4: Laying out IO file(s) (4 file(s) / 8192MB)
fio-beegfs-write-unbuffered-block_16k-size_2G-threads_4: Laying out IO file(s) (4 file(s) / 8192MB)
fio-beegfs-write-unbuffered-block_16k-size_2G-threads_4: Laying out IO file(s) (4 file(s) / 8192MB)
fio-beegfs-write-unbuffered-block_16k-size_2G-threads_4: Laying out IO file(s) (4 file(s) / 8192MB)

fio-beegfs-write-unbuffered-block_16k-size_2G-threads_4: (groupid=0, jobs=4): err= 0: pid=10393: Fri Nov 23 20:38:31 2018
  write: io=66671MB, bw=284448KB/s, iops=17777, runt=240013msec
    clat (usec): min=146, max=148190, avg=223.06, stdev=188.04
     lat (usec): min=146, max=148190, avg=223.39, stdev=188.04
    clat percentiles (usec):
     |  1.00th=[  171],  5.00th=[  179], 10.00th=[  185], 20.00th=[  195],
     | 30.00th=[  203], 40.00th=[  211], 50.00th=[  217], 60.00th=[  225],
     | 70.00th=[  233], 80.00th=[  243], 90.00th=[  258], 95.00th=[  274],
     | 99.00th=[  314], 99.50th=[  338], 99.90th=[  564], 99.95th=[ 1256],
     | 99.99th=[ 5280]
    bw (KB  /s): min=48768, max=74272, per=25.01%, avg=71129.67, stdev=1820.40
    lat (usec) : 250=85.18%, 500=14.71%, 750=0.05%, 1000=0.01%
    lat (msec) : 2=0.02%, 4=0.01%, 10=0.03%, 20=0.01%, 50=0.01%
    lat (msec) : 250=0.01%
  cpu          : usr=1.49%, sys=16.60%, ctx=8535056, majf=0, minf=71174
  IO depths    : 1=100.0%, 2=0.0%, 4=0.0%, 8=0.0%, 16=0.0%, 32=0.0%, >=64=0.0%
     submit    : 0=0.0%, 4=100.0%, 8=0.0%, 16=0.0%, 32=0.0%, 64=0.0%, >=64=0.0%
     complete  : 0=0.0%, 4=100.0%, 8=0.0%, 16=0.0%, 32=0.0%, 64=0.0%, >=64=0.0%
     issued    : total=r=0/w=4266948/d=0, short=r=0/w=0/d=0, drop=r=0/w=0/d=0
     latency   : target=0, window=0, percentile=100.00%, depth=1

Run status group 0 (all jobs):
  WRITE: io=66671MB, aggrb=284447KB/s, minb=284447KB/s, maxb=284447KB/s, mint=240013msec, maxt=240013msec

CPU idleness:
  system: 95.87%
  unit work: mean=54.63us, stddev=2.50
