fio-beegfs-write-buffered-block_64k-size_2G-threads_1: (g=0): rw=rw, bs=64K-64K/64K-64K/64K-64K, ioengine=psync, iodepth=1
fio-2.2.10
Starting 1 process
fio-beegfs-write-buffered-block_64k-size_2G-threads_1: Laying out IO file(s) (4 file(s) / 8192MB)

fio-beegfs-write-buffered-block_64k-size_2G-threads_1: (groupid=0, jobs=1): err= 0: pid=2235: Sun Nov 18 21:02:31 2018
  write: io=100110MB, bw=426999KB/s, iops=6671, runt=240077msec
    clat (usec): min=4, max=752242, avg=148.48, stdev=5749.99
     lat (usec): min=5, max=752243, avg=149.10, stdev=5749.99
    clat percentiles (usec):
     |  1.00th=[    5],  5.00th=[    5], 10.00th=[    5], 20.00th=[    5],
     | 30.00th=[    5], 40.00th=[    5], 50.00th=[    5], 60.00th=[    5],
     | 70.00th=[    6], 80.00th=[    6], 90.00th=[  532], 95.00th=[  564],
     | 99.00th=[  612], 99.50th=[  628], 99.90th=[  676], 99.95th=[  732],
     | 99.99th=[440320]
    bw (KB  /s): min=  254, max=888832, per=100.00%, avg=453436.81, stdev=368424.86
    lat (usec) : 10=87.30%, 20=0.19%, 50=0.01%, 100=0.01%, 250=0.01%
    lat (usec) : 500=1.19%, 750=11.27%, 1000=0.01%
    lat (msec) : 2=0.01%, 4=0.01%, 10=0.01%, 20=0.01%, 50=0.01%
    lat (msec) : 100=0.01%, 250=0.01%, 500=0.01%, 750=0.01%, 1000=0.01%
  cpu          : usr=1.27%, sys=16.56%, ctx=907312, majf=0, minf=24067
  IO depths    : 1=100.0%, 2=0.0%, 4=0.0%, 8=0.0%, 16=0.0%, 32=0.0%, >=64=0.0%
     submit    : 0=0.0%, 4=100.0%, 8=0.0%, 16=0.0%, 32=0.0%, 64=0.0%, >=64=0.0%
     complete  : 0=0.0%, 4=100.0%, 8=0.0%, 16=0.0%, 32=0.0%, 64=0.0%, >=64=0.0%
     issued    : total=r=0/w=1601760/d=0, short=r=0/w=0/d=0, drop=r=0/w=0/d=0
     latency   : target=0, window=0, percentile=100.00%, depth=1

Run status group 0 (all jobs):
  WRITE: io=100110MB, aggrb=426999KB/s, minb=426999KB/s, maxb=426999KB/s, mint=240077msec, maxt=240077msec

CPU idleness:
  system: 91.89%
  unit work: mean=51.70us, stddev=2.80
