fio-beegfs-read-unbuffered-block_128k-size_2G-threads_2: (g=0): rw=rw, bs=128K-128K/128K-128K/128K-128K, ioengine=psync, iodepth=1
...
fio-2.2.10
Starting 2 processes
fio-beegfs-read-unbuffered-block_128k-size_2G-threads_2: Laying out IO file(s) (4 file(s) / 8192MB)
fio-beegfs-read-unbuffered-block_128k-size_2G-threads_2: Laying out IO file(s) (4 file(s) / 8192MB)

fio-beegfs-read-unbuffered-block_128k-size_2G-threads_2: (groupid=0, jobs=2): err= 0: pid=6594: Fri Nov 23 13:52:37 2018
  read : io=70507MB, bw=300829KB/s, iops=2350, runt=240001msec
    clat (usec): min=550, max=45831, avg=849.10, stdev=273.07
     lat (usec): min=551, max=45832, avg=849.23, stdev=273.07
    clat percentiles (usec):
     |  1.00th=[  684],  5.00th=[  740], 10.00th=[  756], 20.00th=[  780],
     | 30.00th=[  796], 40.00th=[  812], 50.00th=[  828], 60.00th=[  836],
     | 70.00th=[  852], 80.00th=[  868], 90.00th=[  900], 95.00th=[  924],
     | 99.00th=[ 1560], 99.50th=[ 2992], 99.90th=[ 3664], 99.95th=[ 4016],
     | 99.99th=[ 7776]
    bw (KB  /s): min=117760, max=164608, per=50.04%, avg=150537.68, stdev=5939.01
    lat (usec) : 750=7.57%, 1000=90.49%
    lat (msec) : 2=1.09%, 4=0.80%, 10=0.05%, 20=0.01%, 50=0.01%
  cpu          : usr=0.37%, sys=10.83%, ctx=704473, majf=0, minf=13891
  IO depths    : 1=100.0%, 2=0.0%, 4=0.0%, 8=0.0%, 16=0.0%, 32=0.0%, >=64=0.0%
     submit    : 0=0.0%, 4=100.0%, 8=0.0%, 16=0.0%, 32=0.0%, 64=0.0%, >=64=0.0%
     complete  : 0=0.0%, 4=100.0%, 8=0.0%, 16=0.0%, 32=0.0%, 64=0.0%, >=64=0.0%
     issued    : total=r=564057/w=0/d=0, short=r=0/w=0/d=0, drop=r=0/w=0/d=0
     latency   : target=0, window=0, percentile=100.00%, depth=1

Run status group 0 (all jobs):
   READ: io=70507MB, aggrb=300829KB/s, minb=300829KB/s, maxb=300829KB/s, mint=240001msec, maxt=240001msec

CPU idleness:
  system: 94.55%
  unit work: mean=53.20us, stddev=2.34
