fio-beegfs-read-buffered-block_128k-size_2G-threads_8: (g=0): rw=rw, bs=128K-128K/128K-128K/128K-128K, ioengine=psync, iodepth=1
...
fio-2.2.10
Starting 8 processes
fio-beegfs-read-buffered-block_128k-size_2G-threads_8: Laying out IO file(s) (4 file(s) / 8192MB)
fio-beegfs-read-buffered-block_128k-size_2G-threads_8: Laying out IO file(s) (4 file(s) / 8192MB)
fio-beegfs-read-buffered-block_128k-size_2G-threads_8: Laying out IO file(s) (4 file(s) / 8192MB)
fio-beegfs-read-buffered-block_128k-size_2G-threads_8: Laying out IO file(s) (4 file(s) / 8192MB)
fio-beegfs-read-buffered-block_128k-size_2G-threads_8: Laying out IO file(s) (4 file(s) / 8192MB)
fio-beegfs-read-buffered-block_128k-size_2G-threads_8: Laying out IO file(s) (4 file(s) / 8192MB)
fio-beegfs-read-buffered-block_128k-size_2G-threads_8: Laying out IO file(s) (4 file(s) / 8192MB)
fio-beegfs-read-buffered-block_128k-size_2G-threads_8: Laying out IO file(s) (4 file(s) / 8192MB)

fio-beegfs-read-buffered-block_128k-size_2G-threads_8: (groupid=0, jobs=8): err= 0: pid=15090: Tue Nov 20 00:02:14 2018
  read : io=706592MB, bw=2943.1MB/s, iops=23551, runt=240014msec
    clat (usec): min=9, max=80424, avg=338.34, stdev=588.80
     lat (usec): min=10, max=80424, avg=338.44, stdev=588.82
    clat percentiles (usec):
     |  1.00th=[   10],  5.00th=[   10], 10.00th=[   10], 20.00th=[   11],
     | 30.00th=[   11], 40.00th=[   13], 50.00th=[   14], 60.00th=[   17],
     | 70.00th=[   24], 80.00th=[ 1128], 90.00th=[ 1288], 95.00th=[ 1432],
     | 99.00th=[ 1880], 99.50th=[ 1992], 99.90th=[ 2320], 99.95th=[ 2480],
     | 99.99th=[ 5344]
    bw (KB  /s): min=315136, max=413381, per=12.51%, avg=377165.20, stdev=6870.42
    lat (usec) : 10=0.01%, 20=64.03%, 50=10.54%, 100=0.39%, 250=0.03%
    lat (usec) : 500=0.01%, 750=0.03%, 1000=1.19%
    lat (msec) : 2=23.31%, 4=0.47%, 10=0.01%, 20=0.01%, 50=0.01%
    lat (msec) : 100=0.01%
  cpu          : usr=0.51%, sys=51.62%, ctx=22579496, majf=0, minf=108578
  IO depths    : 1=100.0%, 2=0.0%, 4=0.0%, 8=0.0%, 16=0.0%, 32=0.0%, >=64=0.0%
     submit    : 0=0.0%, 4=100.0%, 8=0.0%, 16=0.0%, 32=0.0%, 64=0.0%, >=64=0.0%
     complete  : 0=0.0%, 4=100.0%, 8=0.0%, 16=0.0%, 32=0.0%, 64=0.0%, >=64=0.0%
     issued    : total=r=5652739/w=0/d=0, short=r=0/w=0/d=0, drop=r=0/w=0/d=0
     latency   : target=0, window=0, percentile=100.00%, depth=1

Run status group 0 (all jobs):
   READ: io=706592MB, aggrb=2943.1MB/s, minb=2943.1MB/s, maxb=2943.1MB/s, mint=240014msec, maxt=240014msec

CPU idleness:
  system: 90.20%
  unit work: mean=55.41us, stddev=2.61
