fio-beegfs-read-unbuffered-block_64k-size_4G-threads_8: (g=0): rw=rw, bs=64K-64K/64K-64K/64K-64K, ioengine=psync, iodepth=1
...
fio-2.2.10
Starting 8 processes
fio-beegfs-read-unbuffered-block_64k-size_4G-threads_8: Laying out IO file(s) (4 file(s) / 16384MB)
fio-beegfs-read-unbuffered-block_64k-size_4G-threads_8: Laying out IO file(s) (4 file(s) / 16384MB)
fio-beegfs-read-unbuffered-block_64k-size_4G-threads_8: Laying out IO file(s) (4 file(s) / 16384MB)
fio-beegfs-read-unbuffered-block_64k-size_4G-threads_8: Laying out IO file(s) (4 file(s) / 16384MB)
fio-beegfs-read-unbuffered-block_64k-size_4G-threads_8: Laying out IO file(s) (4 file(s) / 16384MB)
fio-beegfs-read-unbuffered-block_64k-size_4G-threads_8: Laying out IO file(s) (4 file(s) / 16384MB)
fio-beegfs-read-unbuffered-block_64k-size_4G-threads_8: Laying out IO file(s) (4 file(s) / 16384MB)
fio-beegfs-read-unbuffered-block_64k-size_4G-threads_8: Laying out IO file(s) (4 file(s) / 16384MB)

fio-beegfs-read-unbuffered-block_64k-size_4G-threads_8: (groupid=0, jobs=8): err= 0: pid=16296: Sat Nov 24 16:50:02 2018
  read : io=98995MB, bw=422351KB/s, iops=6599, runt=240015msec
    clat (usec): min=395, max=52425, avg=1210.41, stdev=470.95
     lat (usec): min=395, max=52426, avg=1210.54, stdev=470.95
    clat percentiles (usec):
     |  1.00th=[  740],  5.00th=[  908], 10.00th=[  972], 20.00th=[ 1048],
     | 30.00th=[ 1096], 40.00th=[ 1128], 50.00th=[ 1160], 60.00th=[ 1176],
     | 70.00th=[ 1224], 80.00th=[ 1272], 90.00th=[ 1368], 95.00th=[ 1480],
     | 99.00th=[ 3248], 99.50th=[ 3600], 99.90th=[ 5280], 99.95th=[ 6560],
     | 99.99th=[14528]
    bw (KB  /s): min=39424, max=56718, per=12.51%, avg=52845.88, stdev=1603.65
    lat (usec) : 500=0.03%, 750=1.07%, 1000=12.02%
    lat (msec) : 2=83.97%, 4=2.67%, 10=0.21%, 20=0.02%, 50=0.01%
    lat (msec) : 100=0.01%
  cpu          : usr=0.25%, sys=5.24%, ctx=1868198, majf=0, minf=36334
  IO depths    : 1=100.0%, 2=0.0%, 4=0.0%, 8=0.0%, 16=0.0%, 32=0.0%, >=64=0.0%
     submit    : 0=0.0%, 4=100.0%, 8=0.0%, 16=0.0%, 32=0.0%, 64=0.0%, >=64=0.0%
     complete  : 0=0.0%, 4=100.0%, 8=0.0%, 16=0.0%, 32=0.0%, 64=0.0%, >=64=0.0%
     issued    : total=r=1583916/w=0/d=0, short=r=0/w=0/d=0, drop=r=0/w=0/d=0
     latency   : target=0, window=0, percentile=100.00%, depth=1

Run status group 0 (all jobs):
   READ: io=98995MB, aggrb=422351KB/s, minb=422351KB/s, maxb=422351KB/s, mint=240015msec, maxt=240015msec

CPU idleness:
  system: 93.54%
  unit work: mean=52.87us, stddev=2.30
