fio-beegfs-write-unbuffered-block_512k-size_1G-threads_1: (g=0): rw=rw, bs=512K-512K/512K-512K/512K-512K, ioengine=psync, iodepth=1
fio-2.2.10
Starting 1 process
fio-beegfs-write-unbuffered-block_512k-size_1G-threads_1: Laying out IO file(s) (4 file(s) / 4096MB)

fio-beegfs-write-unbuffered-block_512k-size_1G-threads_1: (groupid=0, jobs=1): err= 0: pid=1442: Fri Nov 23 07:55:28 2018
  write: io=79586MB, bw=339566KB/s, iops=663, runt=240001msec
    clat (usec): min=1306, max=12506, avg=1497.78, stdev=291.80
     lat (usec): min=1314, max=12514, avg=1505.69, stdev=291.80
    clat percentiles (usec):
     |  1.00th=[ 1368],  5.00th=[ 1400], 10.00th=[ 1416], 20.00th=[ 1432],
     | 30.00th=[ 1448], 40.00th=[ 1464], 50.00th=[ 1464], 60.00th=[ 1480],
     | 70.00th=[ 1496], 80.00th=[ 1512], 90.00th=[ 1560], 95.00th=[ 1608],
     | 99.00th=[ 1864], 99.50th=[ 2256], 99.90th=[ 7136], 99.95th=[ 7712],
     | 99.99th=[ 8512]
    bw (KB  /s): min=313344, max=357376, per=100.00%, avg=339848.18, stdev=7455.28
    lat (msec) : 2=99.24%, 4=0.51%, 10=0.24%, 20=0.01%
  cpu          : usr=0.92%, sys=12.90%, ctx=916710, majf=0, minf=4088
  IO depths    : 1=100.0%, 2=0.0%, 4=0.0%, 8=0.0%, 16=0.0%, 32=0.0%, >=64=0.0%
     submit    : 0=0.0%, 4=100.0%, 8=0.0%, 16=0.0%, 32=0.0%, 64=0.0%, >=64=0.0%
     complete  : 0=0.0%, 4=100.0%, 8=0.0%, 16=0.0%, 32=0.0%, 64=0.0%, >=64=0.0%
     issued    : total=r=0/w=159172/d=0, short=r=0/w=0/d=0, drop=r=0/w=0/d=0
     latency   : target=0, window=0, percentile=100.00%, depth=1

Run status group 0 (all jobs):
  WRITE: io=79586MB, aggrb=339565KB/s, minb=339565KB/s, maxb=339565KB/s, mint=240001msec, maxt=240001msec

CPU idleness:
  system: 99.57%
  unit work: mean=55.94us, stddev=1.83
