fio-beegfs-read-buffered-block_128k-size_1G-threads_1: (g=0): rw=rw, bs=128K-128K/128K-128K/128K-128K, ioengine=psync, iodepth=1
fio-2.2.10
Starting 1 process
fio-beegfs-read-buffered-block_128k-size_1G-threads_1: Laying out IO file(s) (4 file(s) / 4096MB)

fio-beegfs-read-buffered-block_128k-size_1G-threads_1: (groupid=0, jobs=1): err= 0: pid=987: Sun Nov 18 19:56:16 2018
  read : io=230318MB, bw=982687KB/s, iops=7677, runt=240001msec
    clat (usec): min=9, max=42093, avg=129.26, stdev=241.13
     lat (usec): min=9, max=42093, avg=129.34, stdev=241.15
    clat percentiles (usec):
     |  1.00th=[    9],  5.00th=[    9], 10.00th=[    9], 20.00th=[   10],
     | 30.00th=[   10], 40.00th=[   10], 50.00th=[   10], 60.00th=[   10],
     | 70.00th=[   12], 80.00th=[  450], 90.00th=[  490], 95.00th=[  510],
     | 99.00th=[  540], 99.50th=[  548], 99.90th=[  604], 99.95th=[  628],
     | 99.99th=[ 4016]
    bw (KB  /s): min=737280, max=1056768, per=100.00%, avg=983305.35, stdev=36887.40
    lat (usec) : 10=14.53%, 20=60.42%, 50=0.05%, 100=0.01%, 250=0.01%
    lat (usec) : 500=17.64%, 750=7.34%, 1000=0.01%
    lat (msec) : 2=0.01%, 4=0.01%, 10=0.01%, 20=0.01%, 50=0.01%
  cpu          : usr=1.13%, sys=68.41%, ctx=1018964, majf=0, minf=26886
  IO depths    : 1=100.0%, 2=0.0%, 4=0.0%, 8=0.0%, 16=0.0%, 32=0.0%, >=64=0.0%
     submit    : 0=0.0%, 4=100.0%, 8=0.0%, 16=0.0%, 32=0.0%, 64=0.0%, >=64=0.0%
     complete  : 0=0.0%, 4=100.0%, 8=0.0%, 16=0.0%, 32=0.0%, 64=0.0%, >=64=0.0%
     issued    : total=r=1842546/w=0/d=0, short=r=0/w=0/d=0, drop=r=0/w=0/d=0
     latency   : target=0, window=0, percentile=100.00%, depth=1

Run status group 0 (all jobs):
   READ: io=230318MB, aggrb=982687KB/s, minb=982687KB/s, maxb=982687KB/s, mint=240001msec, maxt=240001msec

CPU idleness:
  system: 95.04%
  unit work: mean=53.91us, stddev=2.28
