fio-beegfs-read-buffered-block_1024k-size_2G-threads_1: (g=0): rw=rw, bs=1M-1M/1M-1M/1M-1M, ioengine=psync, iodepth=1
fio-2.2.10
Starting 1 process
fio-beegfs-read-buffered-block_1024k-size_2G-threads_1: Laying out IO file(s) (4 file(s) / 8192MB)

fio-beegfs-read-buffered-block_1024k-size_2G-threads_1: (groupid=0, jobs=1): err= 0: pid=2928: Sun Nov 18 21:44:25 2018
  read : io=262021MB, bw=1091.8MB/s, iops=1091, runt=240001msec
    clat (usec): min=624, max=18579, avg=913.96, stdev=99.60
     lat (usec): min=624, max=18579, avg=914.10, stdev=99.60
    clat percentiles (usec):
     |  1.00th=[  724],  5.00th=[  836], 10.00th=[  852], 20.00th=[  868],
     | 30.00th=[  884], 40.00th=[  900], 50.00th=[  908], 60.00th=[  924],
     | 70.00th=[  940], 80.00th=[  956], 90.00th=[  980], 95.00th=[ 1004],
     | 99.00th=[ 1048], 99.50th=[ 1064], 99.90th=[ 1192], 99.95th=[ 1528],
     | 99.99th=[ 5280]
    bw (MB  /s): min=  938, max= 1386, per=100.00%, avg=1092.75, stdev=38.47
    lat (usec) : 750=1.45%, 1000=92.85%
    lat (msec) : 2=5.66%, 4=0.02%, 10=0.02%, 20=0.01%
  cpu          : usr=0.36%, sys=66.71%, ctx=1226702, majf=0, minf=5292
  IO depths    : 1=100.0%, 2=0.0%, 4=0.0%, 8=0.0%, 16=0.0%, 32=0.0%, >=64=0.0%
     submit    : 0=0.0%, 4=100.0%, 8=0.0%, 16=0.0%, 32=0.0%, 64=0.0%, >=64=0.0%
     complete  : 0=0.0%, 4=100.0%, 8=0.0%, 16=0.0%, 32=0.0%, 64=0.0%, >=64=0.0%
     issued    : total=r=262021/w=0/d=0, short=r=0/w=0/d=0, drop=r=0/w=0/d=0
     latency   : target=0, window=0, percentile=100.00%, depth=1

Run status group 0 (all jobs):
   READ: io=262021MB, aggrb=1091.8MB/s, minb=1091.8MB/s, maxb=1091.8MB/s, mint=240001msec, maxt=240001msec

CPU idleness:
  system: 95.47%
  unit work: mean=54.13us, stddev=2.91
