fio-beegfs-read-unbuffered-block_128k-size_4G-threads_1: (g=0): rw=rw, bs=128K-128K/128K-128K/128K-128K, ioengine=psync, iodepth=1
fio-2.2.10
Starting 1 process
fio-beegfs-read-unbuffered-block_128k-size_4G-threads_1: Laying out IO file(s) (4 file(s) / 16384MB)

fio-beegfs-read-unbuffered-block_128k-size_4G-threads_1: (groupid=0, jobs=1): err= 0: pid=3801: Fri Nov 23 10:29:38 2018
  read : io=43370MB, bw=185045KB/s, iops=1445, runt=240001msec
    clat (usec): min=534, max=7971, avg=689.85, stdev=196.16
     lat (usec): min=534, max=7972, avg=689.98, stdev=196.16
    clat percentiles (usec):
     |  1.00th=[  580],  5.00th=[  604], 10.00th=[  620], 20.00th=[  636],
     | 30.00th=[  652], 40.00th=[  660], 50.00th=[  668], 60.00th=[  684],
     | 70.00th=[  692], 80.00th=[  708], 90.00th=[  732], 95.00th=[  748],
     | 99.00th=[ 1144], 99.50th=[ 2576], 99.90th=[ 3344], 99.95th=[ 3440],
     | 99.99th=[ 3632]
    bw (KB  /s): min=161536, max=202752, per=100.00%, avg=185163.16, stdev=7813.12
    lat (usec) : 750=95.13%, 1000=3.67%
    lat (msec) : 2=0.57%, 4=0.63%, 10=0.01%
  cpu          : usr=0.47%, sys=12.67%, ctx=360052, majf=0, minf=7325
  IO depths    : 1=100.0%, 2=0.0%, 4=0.0%, 8=0.0%, 16=0.0%, 32=0.0%, >=64=0.0%
     submit    : 0=0.0%, 4=100.0%, 8=0.0%, 16=0.0%, 32=0.0%, 64=0.0%, >=64=0.0%
     complete  : 0=0.0%, 4=100.0%, 8=0.0%, 16=0.0%, 32=0.0%, 64=0.0%, >=64=0.0%
     issued    : total=r=346960/w=0/d=0, short=r=0/w=0/d=0, drop=r=0/w=0/d=0
     latency   : target=0, window=0, percentile=100.00%, depth=1

Run status group 0 (all jobs):
   READ: io=43370MB, aggrb=185044KB/s, minb=185044KB/s, maxb=185044KB/s, mint=240001msec, maxt=240001msec

CPU idleness:
  system: 98.20%
  unit work: mean=55.16us, stddev=2.52
