fio-beegfs-write-unbuffered-block_64k-size_1G-threads_8: (g=0): rw=rw, bs=64K-64K/64K-64K/64K-64K, ioengine=psync, iodepth=1
...
fio-2.2.10
Starting 8 processes
fio-beegfs-write-unbuffered-block_64k-size_1G-threads_8: Laying out IO file(s) (4 file(s) / 4096MB)
fio-beegfs-write-unbuffered-block_64k-size_1G-threads_8: Laying out IO file(s) (4 file(s) / 4096MB)
fio-beegfs-write-unbuffered-block_64k-size_1G-threads_8: Laying out IO file(s) (4 file(s) / 4096MB)
fio-beegfs-write-unbuffered-block_64k-size_1G-threads_8: Laying out IO file(s) (4 file(s) / 4096MB)
fio-beegfs-write-unbuffered-block_64k-size_1G-threads_8: Laying out IO file(s) (4 file(s) / 4096MB)
fio-beegfs-write-unbuffered-block_64k-size_1G-threads_8: Laying out IO file(s) (4 file(s) / 4096MB)
fio-beegfs-write-unbuffered-block_64k-size_1G-threads_8: Laying out IO file(s) (4 file(s) / 4096MB)
fio-beegfs-write-unbuffered-block_64k-size_1G-threads_8: Laying out IO file(s) (4 file(s) / 4096MB)

fio-beegfs-write-unbuffered-block_64k-size_1G-threads_8: (groupid=0, jobs=8): err= 0: pid=13527: Sat Nov 24 06:04:34 2018
  write: io=90600MB, bw=386558KB/s, iops=6039, runt=240002msec
    clat (usec): min=307, max=40887, avg=1321.79, stdev=533.32
     lat (usec): min=308, max=40888, avg=1322.69, stdev=533.32
    clat percentiles (usec):
     |  1.00th=[  932],  5.00th=[  996], 10.00th=[ 1020], 20.00th=[ 1048],
     | 30.00th=[ 1064], 40.00th=[ 1080], 50.00th=[ 1112], 60.00th=[ 1176],
     | 70.00th=[ 1368], 80.00th=[ 1704], 90.00th=[ 1928], 95.00th=[ 2008],
     | 99.00th=[ 2448], 99.50th=[ 3184], 99.90th=[ 8096], 99.95th=[ 8512],
     | 99.99th=[12608]
    bw (KB  /s): min=31488, max=52502, per=12.51%, avg=48364.94, stdev=2677.10
    lat (usec) : 500=0.01%, 750=0.04%, 1000=5.43%
    lat (msec) : 2=89.47%, 4=4.75%, 10=0.28%, 20=0.02%, 50=0.01%
  cpu          : usr=0.31%, sys=3.60%, ctx=2443658, majf=0, minf=34759
  IO depths    : 1=100.0%, 2=0.0%, 4=0.0%, 8=0.0%, 16=0.0%, 32=0.0%, >=64=0.0%
     submit    : 0=0.0%, 4=100.0%, 8=0.0%, 16=0.0%, 32=0.0%, 64=0.0%, >=64=0.0%
     complete  : 0=0.0%, 4=100.0%, 8=0.0%, 16=0.0%, 32=0.0%, 64=0.0%, >=64=0.0%
     issued    : total=r=0/w=1449606/d=0, short=r=0/w=0/d=0, drop=r=0/w=0/d=0
     latency   : target=0, window=0, percentile=100.00%, depth=1

Run status group 0 (all jobs):
  WRITE: io=90600MB, aggrb=386558KB/s, minb=386558KB/s, maxb=386558KB/s, mint=240002msec, maxt=240002msec

CPU idleness:
  system: 91.51%
  unit work: mean=51.71us, stddev=2.15
