fio-beegfs-read-unbuffered-block_512k-size_1G-threads_4: (g=0): rw=rw, bs=512K-512K/512K-512K/512K-512K, ioengine=psync, iodepth=1
...
fio-2.2.10
Starting 4 processes
fio-beegfs-read-unbuffered-block_512k-size_1G-threads_4: Laying out IO file(s) (4 file(s) / 4096MB)
fio-beegfs-read-unbuffered-block_512k-size_1G-threads_4: Laying out IO file(s) (4 file(s) / 4096MB)
fio-beegfs-read-unbuffered-block_512k-size_1G-threads_4: Laying out IO file(s) (4 file(s) / 4096MB)
fio-beegfs-read-unbuffered-block_512k-size_1G-threads_4: Laying out IO file(s) (4 file(s) / 4096MB)

fio-beegfs-read-unbuffered-block_512k-size_1G-threads_4: (groupid=0, jobs=4): err= 0: pid=9684: Fri Nov 23 19:24:32 2018
  read : io=114329MB, bw=487798KB/s, iops=952, runt=240003msec
    clat (msec): min=1, max=208, avg= 4.20, stdev= 1.96
     lat (msec): min=1, max=208, avg= 4.20, stdev= 1.96
    clat percentiles (usec):
     |  1.00th=[ 3088],  5.00th=[ 3888], 10.00th=[ 3920], 20.00th=[ 3952],
     | 30.00th=[ 3952], 40.00th=[ 3984], 50.00th=[ 3984], 60.00th=[ 4048],
     | 70.00th=[ 4256], 80.00th=[ 4256], 90.00th=[ 4320], 95.00th=[ 4640],
     | 99.00th=[ 7968], 99.50th=[ 9536], 99.90th=[12608], 99.95th=[15680],
     | 99.99th=[29056]
    bw (KB  /s): min=67449, max=147161, per=25.03%, avg=122088.96, stdev=6531.86
    lat (msec) : 2=0.01%, 4=50.47%, 10=49.14%, 20=0.37%, 50=0.01%
    lat (msec) : 250=0.01%
  cpu          : usr=0.08%, sys=7.96%, ctx=467429, majf=0, minf=4075
  IO depths    : 1=100.0%, 2=0.0%, 4=0.0%, 8=0.0%, 16=0.0%, 32=0.0%, >=64=0.0%
     submit    : 0=0.0%, 4=100.0%, 8=0.0%, 16=0.0%, 32=0.0%, 64=0.0%, >=64=0.0%
     complete  : 0=0.0%, 4=100.0%, 8=0.0%, 16=0.0%, 32=0.0%, 64=0.0%, >=64=0.0%
     issued    : total=r=228658/w=0/d=0, short=r=0/w=0/d=0, drop=r=0/w=0/d=0
     latency   : target=0, window=0, percentile=100.00%, depth=1

Run status group 0 (all jobs):
   READ: io=114329MB, aggrb=487797KB/s, minb=487797KB/s, maxb=487797KB/s, mint=240003msec, maxt=240003msec

CPU idleness:
  system: 98.54%
  unit work: mean=55.50us, stddev=1.85
