fio-beegfs-write-unbuffered-block_128k-size_2G-threads_8: (g=0): rw=rw, bs=128K-128K/128K-128K/128K-128K, ioengine=psync, iodepth=1
...
fio-2.2.10
Starting 8 processes
fio-beegfs-write-unbuffered-block_128k-size_2G-threads_8: Laying out IO file(s) (4 file(s) / 8192MB)
fio-beegfs-write-unbuffered-block_128k-size_2G-threads_8: Laying out IO file(s) (4 file(s) / 8192MB)
fio-beegfs-write-unbuffered-block_128k-size_2G-threads_8: Laying out IO file(s) (4 file(s) / 8192MB)
fio-beegfs-write-unbuffered-block_128k-size_2G-threads_8: Laying out IO file(s) (4 file(s) / 8192MB)
fio-beegfs-write-unbuffered-block_128k-size_2G-threads_8: Laying out IO file(s) (4 file(s) / 8192MB)
fio-beegfs-write-unbuffered-block_128k-size_2G-threads_8: Laying out IO file(s) (4 file(s) / 8192MB)
fio-beegfs-write-unbuffered-block_128k-size_2G-threads_8: Laying out IO file(s) (4 file(s) / 8192MB)
fio-beegfs-write-unbuffered-block_128k-size_2G-threads_8: Laying out IO file(s) (4 file(s) / 8192MB)

fio-beegfs-write-unbuffered-block_128k-size_2G-threads_8: (groupid=0, jobs=8): err= 0: pid=15275: Sat Nov 24 11:25:21 2018
  write: io=91209MB, bw=389151KB/s, iops=3040, runt=240003msec
    clat (usec): min=459, max=41548, avg=2627.68, stdev=699.47
     lat (usec): min=461, max=41550, avg=2629.44, stdev=699.47
    clat percentiles (usec):
     |  1.00th=[ 1912],  5.00th=[ 2008], 10.00th=[ 2024], 20.00th=[ 2064],
     | 30.00th=[ 2128], 40.00th=[ 2352], 50.00th=[ 2576], 60.00th=[ 2832],
     | 70.00th=[ 2960], 80.00th=[ 3024], 90.00th=[ 3152], 95.00th=[ 3376],
     | 99.00th=[ 4384], 99.50th=[ 6496], 99.90th=[ 9536], 99.95th=[10048],
     | 99.99th=[14144]
    bw (KB  /s): min=39055, max=53504, per=12.51%, avg=48687.47, stdev=2338.22
    lat (usec) : 500=0.01%, 750=0.01%, 1000=0.03%
    lat (msec) : 2=4.63%, 4=93.78%, 10=1.50%, 20=0.05%, 50=0.01%
  cpu          : usr=0.21%, sys=2.75%, ctx=1962614, majf=0, minf=14034
  IO depths    : 1=100.0%, 2=0.0%, 4=0.0%, 8=0.0%, 16=0.0%, 32=0.0%, >=64=0.0%
     submit    : 0=0.0%, 4=100.0%, 8=0.0%, 16=0.0%, 32=0.0%, 64=0.0%, >=64=0.0%
     complete  : 0=0.0%, 4=100.0%, 8=0.0%, 16=0.0%, 32=0.0%, 64=0.0%, >=64=0.0%
     issued    : total=r=0/w=729668/d=0, short=r=0/w=0/d=0, drop=r=0/w=0/d=0
     latency   : target=0, window=0, percentile=100.00%, depth=1

Run status group 0 (all jobs):
  WRITE: io=91209MB, aggrb=389151KB/s, minb=389151KB/s, maxb=389151KB/s, mint=240003msec, maxt=240003msec

CPU idleness:
  system: 88.57%
  unit work: mean=49.90us, stddev=3.06
