fio-beegfs-write-buffered-block_16k-size_4G-threads_4: (g=0): rw=rw, bs=16K-16K/16K-16K/16K-16K, ioengine=psync, iodepth=1
...
fio-2.2.10
Starting 4 processes
fio-beegfs-write-buffered-block_16k-size_4G-threads_4: Laying out IO file(s) (4 file(s) / 16384MB)
fio-beegfs-write-buffered-block_16k-size_4G-threads_4: Laying out IO file(s) (4 file(s) / 16384MB)
fio-beegfs-write-buffered-block_16k-size_4G-threads_4: Laying out IO file(s) (4 file(s) / 16384MB)
fio-beegfs-write-buffered-block_16k-size_4G-threads_4: Laying out IO file(s) (4 file(s) / 16384MB)

fio-beegfs-write-buffered-block_16k-size_4G-threads_4: (groupid=0, jobs=4): err= 0: pid=11770: Mon Nov 19 13:12:42 2018
  write: io=108064MB, bw=461049KB/s, iops=28815, runt=240013msec
    clat (usec): min=1, max=733283, avg=137.87, stdev=6171.25
     lat (usec): min=1, max=733283, avg=138.11, stdev=6171.26
    clat percentiles (usec):
     |  1.00th=[    1],  5.00th=[    2], 10.00th=[    2], 20.00th=[    2],
     | 30.00th=[    2], 40.00th=[    2], 50.00th=[    2], 60.00th=[    3],
     | 70.00th=[    4], 80.00th=[    5], 90.00th=[    5], 95.00th=[    6],
     | 99.00th=[  748], 99.50th=[  804], 99.90th=[20608], 99.95th=[27520],
     | 99.99th=[444416]
    bw (KB  /s): min=   31, max=602176, per=26.42%, avg=121789.94, stdev=134785.06
    lat (usec) : 2=4.76%, 4=61.56%, 10=28.94%, 20=0.93%, 50=0.64%
    lat (usec) : 100=0.05%, 250=0.01%, 500=0.03%, 750=2.12%, 1000=0.80%
    lat (msec) : 2=0.02%, 4=0.01%, 10=0.01%, 20=0.04%, 50=0.08%
    lat (msec) : 100=0.01%, 250=0.01%, 500=0.02%, 750=0.01%
  cpu          : usr=0.84%, sys=7.25%, ctx=1033936, majf=0, minf=102222
  IO depths    : 1=100.0%, 2=0.0%, 4=0.0%, 8=0.0%, 16=0.0%, 32=0.0%, >=64=0.0%
     submit    : 0=0.0%, 4=100.0%, 8=0.0%, 16=0.0%, 32=0.0%, 64=0.0%, >=64=0.0%
     complete  : 0=0.0%, 4=100.0%, 8=0.0%, 16=0.0%, 32=0.0%, 64=0.0%, >=64=0.0%
     issued    : total=r=0/w=6916104/d=0, short=r=0/w=0/d=0, drop=r=0/w=0/d=0
     latency   : target=0, window=0, percentile=100.00%, depth=1

Run status group 0 (all jobs):
  WRITE: io=108064MB, aggrb=461048KB/s, minb=461048KB/s, maxb=461048KB/s, mint=240013msec, maxt=240013msec

CPU idleness:
  system: 92.96%
  unit work: mean=52.39us, stddev=2.28
