fio-beegfs-write-unbuffered-block_64k-size_2G-threads_8: (g=0): rw=rw, bs=64K-64K/64K-64K/64K-64K, ioengine=psync, iodepth=1
...
fio-2.2.10
Starting 8 processes
fio-beegfs-write-unbuffered-block_64k-size_2G-threads_8: Laying out IO file(s) (4 file(s) / 8192MB)
fio-beegfs-write-unbuffered-block_64k-size_2G-threads_8: Laying out IO file(s) (4 file(s) / 8192MB)
fio-beegfs-write-unbuffered-block_64k-size_2G-threads_8: Laying out IO file(s) (4 file(s) / 8192MB)
fio-beegfs-write-unbuffered-block_64k-size_2G-threads_8: Laying out IO file(s) (4 file(s) / 8192MB)
fio-beegfs-write-unbuffered-block_64k-size_2G-threads_8: Laying out IO file(s) (4 file(s) / 8192MB)
fio-beegfs-write-unbuffered-block_64k-size_2G-threads_8: Laying out IO file(s) (4 file(s) / 8192MB)
fio-beegfs-write-unbuffered-block_64k-size_2G-threads_8: Laying out IO file(s) (4 file(s) / 8192MB)
fio-beegfs-write-unbuffered-block_64k-size_2G-threads_8: Laying out IO file(s) (4 file(s) / 8192MB)

fio-beegfs-write-unbuffered-block_64k-size_2G-threads_8: (groupid=0, jobs=8): err= 0: pid=14984: Sat Nov 24 10:16:27 2018
  write: io=91894MB, bw=392058KB/s, iops=6125, runt=240014msec
    clat (usec): min=311, max=58721, avg=1303.17, stdev=510.67
     lat (usec): min=312, max=58722, avg=1304.07, stdev=510.67
    clat percentiles (usec):
     |  1.00th=[  916],  5.00th=[  988], 10.00th=[ 1012], 20.00th=[ 1032],
     | 30.00th=[ 1048], 40.00th=[ 1080], 50.00th=[ 1096], 60.00th=[ 1144],
     | 70.00th=[ 1336], 80.00th=[ 1672], 90.00th=[ 1912], 95.00th=[ 1992],
     | 99.00th=[ 2160], 99.50th=[ 2576], 99.90th=[ 7904], 99.95th=[ 8256],
     | 99.99th=[11584]
    bw (KB  /s): min=37888, max=52119, per=12.51%, avg=49054.51, stdev=1693.40
    lat (usec) : 500=0.01%, 750=0.04%, 1000=6.73%
    lat (msec) : 2=88.71%, 4=4.22%, 10=0.27%, 20=0.02%, 50=0.01%
    lat (msec) : 100=0.01%
  cpu          : usr=0.34%, sys=3.85%, ctx=3581017, majf=0, minf=35002
  IO depths    : 1=100.0%, 2=0.0%, 4=0.0%, 8=0.0%, 16=0.0%, 32=0.0%, >=64=0.0%
     submit    : 0=0.0%, 4=100.0%, 8=0.0%, 16=0.0%, 32=0.0%, 64=0.0%, >=64=0.0%
     complete  : 0=0.0%, 4=100.0%, 8=0.0%, 16=0.0%, 32=0.0%, 64=0.0%, >=64=0.0%
     issued    : total=r=0/w=1470303/d=0, short=r=0/w=0/d=0, drop=r=0/w=0/d=0
     latency   : target=0, window=0, percentile=100.00%, depth=1

Run status group 0 (all jobs):
  WRITE: io=91894MB, aggrb=392057KB/s, minb=392057KB/s, maxb=392057KB/s, mint=240014msec, maxt=240014msec

CPU idleness:
  system: 95.55%
  unit work: mean=54.02us, stddev=2.28
