fio-beegfs-read-unbuffered-block_512k-size_1G-threads_1: (g=0): rw=rw, bs=512K-512K/512K-512K/512K-512K, ioengine=psync, iodepth=1
fio-2.2.10
Starting 1 process
fio-beegfs-read-unbuffered-block_512k-size_1G-threads_1: Laying out IO file(s) (4 file(s) / 4096MB)

fio-beegfs-read-unbuffered-block_512k-size_1G-threads_1: (groupid=0, jobs=1): err= 0: pid=1304: Fri Nov 23 07:49:17 2018
  read : io=69221MB, bw=295338KB/s, iops=576, runt=240002msec
    clat (usec): min=1478, max=9696, avg=1731.61, stdev=217.80
     lat (usec): min=1478, max=9696, avg=1731.75, stdev=217.80
    clat percentiles (usec):
     |  1.00th=[ 1592],  5.00th=[ 1624], 10.00th=[ 1640], 20.00th=[ 1672],
     | 30.00th=[ 1688], 40.00th=[ 1688], 50.00th=[ 1704], 60.00th=[ 1720],
     | 70.00th=[ 1736], 80.00th=[ 1752], 90.00th=[ 1768], 95.00th=[ 1800],
     | 99.00th=[ 2992], 99.50th=[ 3600], 99.90th=[ 4192], 99.95th=[ 4320],
     | 99.99th=[ 4640]
    bw (KB  /s): min=272384, max=322560, per=100.00%, avg=295598.34, stdev=7430.45
    lat (msec) : 2=98.03%, 4=1.77%, 10=0.20%
  cpu          : usr=0.18%, sys=16.69%, ctx=289561, majf=0, minf=3845
  IO depths    : 1=100.0%, 2=0.0%, 4=0.0%, 8=0.0%, 16=0.0%, 32=0.0%, >=64=0.0%
     submit    : 0=0.0%, 4=100.0%, 8=0.0%, 16=0.0%, 32=0.0%, 64=0.0%, >=64=0.0%
     complete  : 0=0.0%, 4=100.0%, 8=0.0%, 16=0.0%, 32=0.0%, 64=0.0%, >=64=0.0%
     issued    : total=r=138441/w=0/d=0, short=r=0/w=0/d=0, drop=r=0/w=0/d=0
     latency   : target=0, window=0, percentile=100.00%, depth=1

Run status group 0 (all jobs):
   READ: io=69221MB, aggrb=295338KB/s, minb=295338KB/s, maxb=295338KB/s, mint=240002msec, maxt=240002msec

CPU idleness:
  system: 96.81%
  unit work: mean=54.43us, stddev=2.90
