fio-beegfs-write-unbuffered-block_512k-size_2G-threads_1: (g=0): rw=rw, bs=512K-512K/512K-512K/512K-512K, ioengine=psync, iodepth=1
fio-2.2.10
Starting 1 process
fio-beegfs-write-unbuffered-block_512k-size_2G-threads_1: Laying out IO file(s) (4 file(s) / 8192MB)

fio-beegfs-write-unbuffered-block_512k-size_2G-threads_1: (groupid=0, jobs=1): err= 0: pid=2829: Fri Nov 23 09:13:42 2018
  write: io=79408MB, bw=338804KB/s, iops=661, runt=240001msec
    clat (usec): min=1320, max=24111, avg=1500.97, stdev=357.10
     lat (usec): min=1329, max=24120, avg=1509.00, stdev=358.56
    clat percentiles (usec):
     |  1.00th=[ 1368],  5.00th=[ 1400], 10.00th=[ 1416], 20.00th=[ 1432],
     | 30.00th=[ 1448], 40.00th=[ 1464], 50.00th=[ 1464], 60.00th=[ 1480],
     | 70.00th=[ 1496], 80.00th=[ 1512], 90.00th=[ 1560], 95.00th=[ 1592],
     | 99.00th=[ 1960], 99.50th=[ 2640], 99.90th=[ 7520], 99.95th=[ 8160],
     | 99.99th=[12480]
    bw (KB  /s): min=260508, max=356352, per=100.00%, avg=339099.12, stdev=11973.42
    lat (msec) : 2=99.09%, 4=0.62%, 10=0.27%, 20=0.02%, 50=0.01%
  cpu          : usr=1.01%, sys=13.02%, ctx=884380, majf=0, minf=4085
  IO depths    : 1=100.0%, 2=0.0%, 4=0.0%, 8=0.0%, 16=0.0%, 32=0.0%, >=64=0.0%
     submit    : 0=0.0%, 4=100.0%, 8=0.0%, 16=0.0%, 32=0.0%, 64=0.0%, >=64=0.0%
     complete  : 0=0.0%, 4=100.0%, 8=0.0%, 16=0.0%, 32=0.0%, 64=0.0%, >=64=0.0%
     issued    : total=r=0/w=158815/d=0, short=r=0/w=0/d=0, drop=r=0/w=0/d=0
     latency   : target=0, window=0, percentile=100.00%, depth=1

Run status group 0 (all jobs):
  WRITE: io=79408MB, aggrb=338803KB/s, minb=338803KB/s, maxb=338803KB/s, mint=240001msec, maxt=240001msec

CPU idleness:
  system: 92.73%
  unit work: mean=52.11us, stddev=2.63
