fio-beegfs-read-buffered-block_16k-size_1G-threads_1: (g=0): rw=rw, bs=16K-16K/16K-16K/16K-16K, ioengine=psync, iodepth=1
fio-2.2.10
Starting 1 process
fio-beegfs-read-buffered-block_16k-size_1G-threads_1: Laying out IO file(s) (4 file(s) / 4096MB)

fio-beegfs-read-buffered-block_16k-size_1G-threads_1: (groupid=0, jobs=1): err= 0: pid=433: Sun Nov 18 19:30:26 2018
  read : io=220974MB, bw=942819KB/s, iops=58926, runt=240001msec
    clat (usec): min=1, max=14481, avg=16.32, stdev=81.64
     lat (usec): min=1, max=14481, avg=16.38, stdev=81.65
    clat percentiles (usec):
     |  1.00th=[    1],  5.00th=[    1], 10.00th=[    1], 20.00th=[    1],
     | 30.00th=[    2], 40.00th=[    2], 50.00th=[    2], 60.00th=[    2],
     | 70.00th=[    2], 80.00th=[    2], 90.00th=[    2], 95.00th=[    2],
     | 99.00th=[  482], 99.50th=[  494], 99.90th=[  524], 99.95th=[  540],
     | 99.99th=[  596]
    bw (KB  /s): min=893344, max=991264, per=100.00%, avg=943140.61, stdev=15591.38
    lat (usec) : 2=22.80%, 4=73.86%, 10=0.19%, 20=0.02%, 50=0.01%
    lat (usec) : 100=0.01%, 250=0.01%, 500=2.73%, 750=0.40%, 1000=0.01%
    lat (msec) : 2=0.01%, 4=0.01%, 10=0.01%, 20=0.01%
  cpu          : usr=5.61%, sys=66.34%, ctx=997123, majf=0, minf=171024
  IO depths    : 1=100.0%, 2=0.0%, 4=0.0%, 8=0.0%, 16=0.0%, 32=0.0%, >=64=0.0%
     submit    : 0=0.0%, 4=100.0%, 8=0.0%, 16=0.0%, 32=0.0%, 64=0.0%, >=64=0.0%
     complete  : 0=0.0%, 4=100.0%, 8=0.0%, 16=0.0%, 32=0.0%, 64=0.0%, >=64=0.0%
     issued    : total=r=14142339/w=0/d=0, short=r=0/w=0/d=0, drop=r=0/w=0/d=0
     latency   : target=0, window=0, percentile=100.00%, depth=1

Run status group 0 (all jobs):
   READ: io=220974MB, aggrb=942818KB/s, minb=942818KB/s, maxb=942818KB/s, mint=240001msec, maxt=240001msec

CPU idleness:
  system: 94.15%
  unit work: mean=53.42us, stddev=3.11
