fio-beegfs-write-unbuffered-block_512k-size_2G-threads_4: (g=0): rw=rw, bs=512K-512K/512K-512K/512K-512K, ioengine=psync, iodepth=1
...
fio-2.2.10
Starting 4 processes
fio-beegfs-write-unbuffered-block_512k-size_2G-threads_4: Laying out IO file(s) (4 file(s) / 8192MB)
fio-beegfs-write-unbuffered-block_512k-size_2G-threads_4: Laying out IO file(s) (4 file(s) / 8192MB)
fio-beegfs-write-unbuffered-block_512k-size_2G-threads_4: Laying out IO file(s) (4 file(s) / 8192MB)
fio-beegfs-write-unbuffered-block_512k-size_2G-threads_4: Laying out IO file(s) (4 file(s) / 8192MB)

fio-beegfs-write-unbuffered-block_512k-size_2G-threads_4: (groupid=0, jobs=4): err= 0: pid=11242: Fri Nov 23 22:34:01 2018
  write: io=91317MB, bw=389607KB/s, iops=760, runt=240006msec
    clat (msec): min=1, max=40, avg= 5.25, stdev= 1.08
     lat (msec): min=1, max=40, avg= 5.25, stdev= 1.08
    clat percentiles (usec):
     |  1.00th=[ 3888],  5.00th=[ 3952], 10.00th=[ 4048], 20.00th=[ 4512],
     | 30.00th=[ 4768], 40.00th=[ 4960], 50.00th=[ 5088], 60.00th=[ 5408],
     | 70.00th=[ 5600], 80.00th=[ 5856], 90.00th=[ 6112], 95.00th=[ 6560],
     | 99.00th=[ 9664], 99.50th=[11200], 99.90th=[13120], 99.95th=[15040],
     | 99.99th=[23680]
    bw (KB  /s): min=69079, max=109932, per=25.02%, avg=97497.91, stdev=5770.38
    lat (msec) : 2=0.01%, 4=8.34%, 10=90.74%, 20=0.89%, 50=0.02%
  cpu          : usr=0.25%, sys=5.29%, ctx=1000421, majf=0, minf=3809
  IO depths    : 1=100.0%, 2=0.0%, 4=0.0%, 8=0.0%, 16=0.0%, 32=0.0%, >=64=0.0%
     submit    : 0=0.0%, 4=100.0%, 8=0.0%, 16=0.0%, 32=0.0%, 64=0.0%, >=64=0.0%
     complete  : 0=0.0%, 4=100.0%, 8=0.0%, 16=0.0%, 32=0.0%, 64=0.0%, >=64=0.0%
     issued    : total=r=0/w=182633/d=0, short=r=0/w=0/d=0, drop=r=0/w=0/d=0
     latency   : target=0, window=0, percentile=100.00%, depth=1

Run status group 0 (all jobs):
  WRITE: io=91317MB, aggrb=389607KB/s, minb=389607KB/s, maxb=389607KB/s, mint=240006msec, maxt=240006msec

CPU idleness:
  system: 87.88%
  unit work: mean=49.44us, stddev=1.72
