fio-beegfs-write-unbuffered-block_16k-size_4G-threads_1: (g=0): rw=rw, bs=16K-16K/16K-16K/16K-16K, ioengine=psync, iodepth=1
fio-2.2.10
Starting 1 process
fio-beegfs-write-unbuffered-block_16k-size_4G-threads_1: Laying out IO file(s) (4 file(s) / 16384MB)

fio-beegfs-write-unbuffered-block_16k-size_4G-threads_1: (groupid=0, jobs=1): err= 0: pid=3385: Fri Nov 23 09:53:59 2018
  write: io=18929MB, bw=80765KB/s, iops=5047, runt=240001msec
    clat (usec): min=140, max=221139, avg=196.22, stdev=289.36
     lat (usec): min=141, max=221139, avg=196.51, stdev=289.36
    clat percentiles (usec):
     |  1.00th=[  159],  5.00th=[  163], 10.00th=[  167], 20.00th=[  171],
     | 30.00th=[  175], 40.00th=[  183], 50.00th=[  193], 60.00th=[  199],
     | 70.00th=[  205], 80.00th=[  213], 90.00th=[  231], 95.00th=[  255],
     | 99.00th=[  294], 99.50th=[  310], 99.90th=[  366], 99.95th=[  442],
     | 99.99th=[  836]
    bw (KB  /s): min=44576, max=88224, per=100.00%, avg=80795.99, stdev=3542.10
    lat (usec) : 250=94.41%, 500=5.56%, 750=0.02%, 1000=0.01%
    lat (msec) : 2=0.01%, 4=0.01%, 10=0.01%, 20=0.01%, 50=0.01%
    lat (msec) : 250=0.01%
  cpu          : usr=1.77%, sys=17.29%, ctx=2422880, majf=0, minf=19493
  IO depths    : 1=100.0%, 2=0.0%, 4=0.0%, 8=0.0%, 16=0.0%, 32=0.0%, >=64=0.0%
     submit    : 0=0.0%, 4=100.0%, 8=0.0%, 16=0.0%, 32=0.0%, 64=0.0%, >=64=0.0%
     complete  : 0=0.0%, 4=100.0%, 8=0.0%, 16=0.0%, 32=0.0%, 64=0.0%, >=64=0.0%
     issued    : total=r=0/w=1211474/d=0, short=r=0/w=0/d=0, drop=r=0/w=0/d=0
     latency   : target=0, window=0, percentile=100.00%, depth=1

Run status group 0 (all jobs):
  WRITE: io=18929MB, aggrb=80764KB/s, minb=80764KB/s, maxb=80764KB/s, mint=240001msec, maxt=240001msec

CPU idleness:
  system: 93.66%
  unit work: mean=52.67us, stddev=2.63
