fio-beegfs-read-buffered-block_16k-size_4G-threads_4: (g=0): rw=rw, bs=16K-16K/16K-16K/16K-16K, ioengine=psync, iodepth=1
...
fio-2.2.10
Starting 4 processes
fio-beegfs-read-buffered-block_16k-size_4G-threads_4: Laying out IO file(s) (4 file(s) / 16384MB)
fio-beegfs-read-buffered-block_16k-size_4G-threads_4: Laying out IO file(s) (4 file(s) / 16384MB)
fio-beegfs-read-buffered-block_16k-size_4G-threads_4: Laying out IO file(s) (4 file(s) / 16384MB)
fio-beegfs-read-buffered-block_16k-size_4G-threads_4: Laying out IO file(s) (4 file(s) / 16384MB)

fio-beegfs-read-buffered-block_16k-size_4G-threads_4: (groupid=0, jobs=4): err= 0: pid=11629: Mon Nov 19 12:37:54 2018
  read : io=594670MB, bw=2477.8MB/s, iops=158572, runt=240010msec
    clat (usec): min=1, max=54530, avg=24.46, stdev=130.32
     lat (usec): min=1, max=54530, avg=24.53, stdev=130.33
    clat percentiles (usec):
     |  1.00th=[    1],  5.00th=[    1], 10.00th=[    2], 20.00th=[    2],
     | 30.00th=[    2], 40.00th=[    2], 50.00th=[    2], 60.00th=[    2],
     | 70.00th=[    2], 80.00th=[    3], 90.00th=[    3], 95.00th=[    4],
     | 99.00th=[  724], 99.50th=[  780], 99.90th=[  972], 99.95th=[ 1112],
     | 99.99th=[ 1784]
    bw (KB  /s): min=441888, max=671808, per=25.02%, avg=634806.22, stdev=23528.44
    lat (usec) : 2=9.10%, 4=82.26%, 10=3.92%, 20=1.14%, 50=0.36%
    lat (usec) : 100=0.09%, 250=0.01%, 500=0.05%, 750=2.34%, 1000=0.66%
    lat (msec) : 2=0.08%, 4=0.01%, 10=0.01%, 20=0.01%, 50=0.01%
    lat (msec) : 100=0.01%
  cpu          : usr=3.71%, sys=67.61%, ctx=3220490, majf=0, minf=467172
  IO depths    : 1=100.0%, 2=0.0%, 4=0.0%, 8=0.0%, 16=0.0%, 32=0.0%, >=64=0.0%
     submit    : 0=0.0%, 4=100.0%, 8=0.0%, 16=0.0%, 32=0.0%, 64=0.0%, >=64=0.0%
     complete  : 0=0.0%, 4=100.0%, 8=0.0%, 16=0.0%, 32=0.0%, 64=0.0%, >=64=0.0%
     issued    : total=r=38058892/w=0/d=0, short=r=0/w=0/d=0, drop=r=0/w=0/d=0
     latency   : target=0, window=0, percentile=100.00%, depth=1

Run status group 0 (all jobs):
   READ: io=594670MB, aggrb=2477.8MB/s, minb=2477.8MB/s, maxb=2477.8MB/s, mint=240010msec, maxt=240010msec

CPU idleness:
  system: 95.64%
  unit work: mean=55.94us, stddev=1.94
