fio-beegfs-read-unbuffered-block_1024k-size_2G-threads_1: (g=0): rw=rw, bs=1M-1M/1M-1M/1M-1M, ioengine=psync, iodepth=1
fio-2.2.10
Starting 1 process
fio-beegfs-read-unbuffered-block_1024k-size_2G-threads_1: Laying out IO file(s) (4 file(s) / 8192MB)

fio-beegfs-read-unbuffered-block_1024k-size_2G-threads_1: (groupid=0, jobs=1): err= 0: pid=2968: Fri Nov 23 09:22:01 2018
  read : io=69558MB, bw=296777KB/s, iops=289, runt=240003msec
    clat (usec): min=3145, max=12186, avg=3448.30, stdev=318.47
     lat (usec): min=3145, max=12186, avg=3448.45, stdev=318.47
    clat percentiles (usec):
     |  1.00th=[ 3248],  5.00th=[ 3312], 10.00th=[ 3312], 20.00th=[ 3344],
     | 30.00th=[ 3376], 40.00th=[ 3408], 50.00th=[ 3408], 60.00th=[ 3440],
     | 70.00th=[ 3440], 80.00th=[ 3472], 90.00th=[ 3504], 95.00th=[ 3536],
     | 99.00th=[ 5152], 99.50th=[ 5856], 99.90th=[ 7584], 99.95th=[ 7968],
     | 99.99th=[ 8768]
    bw (KB  /s): min=273338, max=308630, per=100.00%, avg=297063.91, stdev=6401.03
    lat (msec) : 4=98.14%, 10=1.86%, 20=0.01%
  cpu          : usr=0.10%, sys=16.92%, ctx=283007, majf=0, minf=1501
  IO depths    : 1=100.0%, 2=0.0%, 4=0.0%, 8=0.0%, 16=0.0%, 32=0.0%, >=64=0.0%
     submit    : 0=0.0%, 4=100.0%, 8=0.0%, 16=0.0%, 32=0.0%, 64=0.0%, >=64=0.0%
     complete  : 0=0.0%, 4=100.0%, 8=0.0%, 16=0.0%, 32=0.0%, 64=0.0%, >=64=0.0%
     issued    : total=r=69558/w=0/d=0, short=r=0/w=0/d=0, drop=r=0/w=0/d=0
     latency   : target=0, window=0, percentile=100.00%, depth=1

Run status group 0 (all jobs):
   READ: io=69558MB, aggrb=296777KB/s, minb=296777KB/s, maxb=296777KB/s, mint=240003msec, maxt=240003msec

CPU idleness:
  system: 94.39%
  unit work: mean=53.06us, stddev=3.05
