fio-beegfs-write-unbuffered-block_64k-size_4G-threads_2: (g=0): rw=rw, bs=64K-64K/64K-64K/64K-64K, ioengine=psync, iodepth=1
...
fio-2.2.10
Starting 2 processes
fio-beegfs-write-unbuffered-block_64k-size_4G-threads_2: Laying out IO file(s) (4 file(s) / 16384MB)
fio-beegfs-write-unbuffered-block_64k-size_4G-threads_2: Laying out IO file(s) (4 file(s) / 16384MB)

fio-beegfs-write-unbuffered-block_64k-size_4G-threads_2: (groupid=0, jobs=2): err= 0: pid=7851: Fri Nov 23 16:07:49 2018
  write: io=74789MB, bw=319098KB/s, iops=4985, runt=240001msec
    clat (usec): min=270, max=39149, avg=398.41, stdev=202.31
     lat (usec): min=271, max=39150, avg=399.32, stdev=202.45
    clat percentiles (usec):
     |  1.00th=[  306],  5.00th=[  326], 10.00th=[  338], 20.00th=[  354],
     | 30.00th=[  366], 40.00th=[  374], 50.00th=[  386], 60.00th=[  398],
     | 70.00th=[  414], 80.00th=[  430], 90.00th=[  454], 95.00th=[  482],
     | 99.00th=[  540], 99.50th=[  580], 99.90th=[ 1992], 99.95th=[ 5472],
     | 99.99th=[ 7328]
    bw (KB  /s): min=110720, max=174976, per=50.01%, avg=159593.71, stdev=5998.72
    lat (usec) : 500=97.24%, 750=2.52%, 1000=0.08%
    lat (msec) : 2=0.07%, 4=0.03%, 10=0.06%, 20=0.01%, 50=0.01%
  cpu          : usr=1.17%, sys=11.14%, ctx=2725131, majf=0, minf=24608
  IO depths    : 1=100.0%, 2=0.0%, 4=0.0%, 8=0.0%, 16=0.0%, 32=0.0%, >=64=0.0%
     submit    : 0=0.0%, 4=100.0%, 8=0.0%, 16=0.0%, 32=0.0%, 64=0.0%, >=64=0.0%
     complete  : 0=0.0%, 4=100.0%, 8=0.0%, 16=0.0%, 32=0.0%, 64=0.0%, >=64=0.0%
     issued    : total=r=0/w=1196624/d=0, short=r=0/w=0/d=0, drop=r=0/w=0/d=0
     latency   : target=0, window=0, percentile=100.00%, depth=1

Run status group 0 (all jobs):
  WRITE: io=74789MB, aggrb=319098KB/s, minb=319098KB/s, maxb=319098KB/s, mint=240001msec, maxt=240001msec

CPU idleness:
  system: 97.83%
  unit work: mean=55.17us, stddev=2.96
