fio-beegfs-write-unbuffered-block_1024k-size_1G-threads_1: (g=0): rw=rw, bs=1M-1M/1M-1M/1M-1M, ioengine=psync, iodepth=1
fio-2.2.10
Starting 1 process
fio-beegfs-write-unbuffered-block_1024k-size_1G-threads_1: Laying out IO file(s) (4 file(s) / 4096MB)

fio-beegfs-write-unbuffered-block_1024k-size_1G-threads_1: (groupid=0, jobs=1): err= 0: pid=1719: Fri Nov 23 08:08:09 2018
  write: io=79283MB, bw=338271KB/s, iops=330, runt=240002msec
    clat (usec): min=2629, max=23976, avg=3008.25, stdev=460.49
     lat (usec): min=2646, max=23994, avg=3024.97, stdev=460.49
    clat percentiles (usec):
     |  1.00th=[ 2768],  5.00th=[ 2832], 10.00th=[ 2832], 20.00th=[ 2896],
     | 30.00th=[ 2896], 40.00th=[ 2928], 50.00th=[ 2960], 60.00th=[ 2960],
     | 70.00th=[ 2992], 80.00th=[ 3024], 90.00th=[ 3088], 95.00th=[ 3216],
     | 99.00th=[ 4640], 99.50th=[ 5984], 99.90th=[ 9280], 99.95th=[ 9664],
     | 99.99th=[12096]
    bw (KB  /s): min=260063, max=355640, per=100.00%, avg=338621.62, stdev=12025.05
    lat (msec) : 4=98.56%, 10=1.41%, 20=0.02%, 50=0.01%
  cpu          : usr=0.86%, sys=12.87%, ctx=902306, majf=0, minf=1619
  IO depths    : 1=100.0%, 2=0.0%, 4=0.0%, 8=0.0%, 16=0.0%, 32=0.0%, >=64=0.0%
     submit    : 0=0.0%, 4=100.0%, 8=0.0%, 16=0.0%, 32=0.0%, 64=0.0%, >=64=0.0%
     complete  : 0=0.0%, 4=100.0%, 8=0.0%, 16=0.0%, 32=0.0%, 64=0.0%, >=64=0.0%
     issued    : total=r=0/w=79283/d=0, short=r=0/w=0/d=0, drop=r=0/w=0/d=0
     latency   : target=0, window=0, percentile=100.00%, depth=1

Run status group 0 (all jobs):
  WRITE: io=79283MB, aggrb=338271KB/s, minb=338271KB/s, maxb=338271KB/s, mint=240002msec, maxt=240002msec

CPU idleness:
  system: 94.54%
  unit work: mean=53.12us, stddev=2.97
