fio-beegfs-read-unbuffered-block_1024k-size_1G-threads_4: (g=0): rw=rw, bs=1M-1M/1M-1M/1M-1M, ioengine=psync, iodepth=1
...
fio-2.2.10
Starting 4 processes
fio-beegfs-read-unbuffered-block_1024k-size_1G-threads_4: Laying out IO file(s) (4 file(s) / 4096MB)
fio-beegfs-read-unbuffered-block_1024k-size_1G-threads_4: Laying out IO file(s) (4 file(s) / 4096MB)
fio-beegfs-read-unbuffered-block_1024k-size_1G-threads_4: Laying out IO file(s) (4 file(s) / 4096MB)
fio-beegfs-read-unbuffered-block_1024k-size_1G-threads_4: Laying out IO file(s) (4 file(s) / 4096MB)

fio-beegfs-read-unbuffered-block_1024k-size_1G-threads_4: (groupid=0, jobs=4): err= 0: pid=9967: Fri Nov 23 19:48:01 2018
  read : io=115418MB, bw=492434KB/s, iops=480, runt=240008msec
    clat (usec): min=4365, max=35811, avg=8315.53, stdev=936.10
     lat (usec): min=4365, max=35811, avg=8315.68, stdev=936.10
    clat percentiles (usec):
     |  1.00th=[ 7712],  5.00th=[ 7904], 10.00th=[ 7904], 20.00th=[ 7968],
     | 30.00th=[ 8032], 40.00th=[ 8160], 50.00th=[ 8256], 60.00th=[ 8256],
     | 70.00th=[ 8256], 80.00th=[ 8256], 90.00th=[ 8384], 95.00th=[ 9152],
     | 99.00th=[13120], 99.50th=[15424], 99.90th=[17792], 99.95th=[18560],
     | 99.99th=[22144]
    bw (KB  /s): min=107045, max=130290, per=25.03%, avg=123236.28, stdev=3553.62
    lat (msec) : 10=96.72%, 20=3.26%, 50=0.02%
  cpu          : usr=0.04%, sys=8.03%, ctx=475156, majf=0, minf=2550
  IO depths    : 1=100.0%, 2=0.0%, 4=0.0%, 8=0.0%, 16=0.0%, 32=0.0%, >=64=0.0%
     submit    : 0=0.0%, 4=100.0%, 8=0.0%, 16=0.0%, 32=0.0%, 64=0.0%, >=64=0.0%
     complete  : 0=0.0%, 4=100.0%, 8=0.0%, 16=0.0%, 32=0.0%, 64=0.0%, >=64=0.0%
     issued    : total=r=115418/w=0/d=0, short=r=0/w=0/d=0, drop=r=0/w=0/d=0
     latency   : target=0, window=0, percentile=100.00%, depth=1

Run status group 0 (all jobs):
   READ: io=115418MB, aggrb=492433KB/s, minb=492433KB/s, maxb=492433KB/s, mint=240008msec, maxt=240008msec

CPU idleness:
  system: 91.29%
  unit work: mean=51.42us, stddev=2.59
