fio-beegfs-write-buffered-block_512k-size_4G-threads_1: (g=0): rw=rw, bs=512K-512K/512K-512K/512K-512K, ioengine=psync, iodepth=1
fio-2.2.10
Starting 1 process
fio-beegfs-write-buffered-block_512k-size_4G-threads_1: Laying out IO file(s) (4 file(s) / 16384MB)

fio-beegfs-write-buffered-block_512k-size_4G-threads_1: (groupid=0, jobs=1): err= 0: pid=4176: Sun Nov 18 23:30:17 2018
  write: io=93465MB, bw=398782KB/s, iops=778, runt=240001msec
    clat (usec): min=419, max=732562, avg=1274.03, stdev=17998.21
     lat (usec): min=424, max=732570, avg=1281.82, stdev=17998.22
    clat percentiles (usec):
     |  1.00th=[  450],  5.00th=[  474], 10.00th=[  494], 20.00th=[  524],
     | 30.00th=[  540], 40.00th=[  548], 50.00th=[  556], 60.00th=[  564],
     | 70.00th=[  572], 80.00th=[  588], 90.00th=[  604], 95.00th=[  628],
     | 99.00th=[  676], 99.50th=[  700], 99.90th=[444416], 99.95th=[477184],
     | 99.99th=[528384]
    bw (KB  /s): min=  699, max=931840, per=100.00%, avg=422290.08, stdev=390365.60
    lat (usec) : 500=11.62%, 750=88.08%, 1000=0.05%
    lat (msec) : 2=0.02%, 4=0.01%, 10=0.02%, 20=0.01%, 50=0.02%
    lat (msec) : 100=0.01%, 250=0.01%, 500=0.13%, 750=0.02%
  cpu          : usr=1.02%, sys=12.17%, ctx=853663, majf=0, minf=4415
  IO depths    : 1=100.0%, 2=0.0%, 4=0.0%, 8=0.0%, 16=0.0%, 32=0.0%, >=64=0.0%
     submit    : 0=0.0%, 4=100.0%, 8=0.0%, 16=0.0%, 32=0.0%, 64=0.0%, >=64=0.0%
     complete  : 0=0.0%, 4=100.0%, 8=0.0%, 16=0.0%, 32=0.0%, 64=0.0%, >=64=0.0%
     issued    : total=r=0/w=186930/d=0, short=r=0/w=0/d=0, drop=r=0/w=0/d=0
     latency   : target=0, window=0, percentile=100.00%, depth=1

Run status group 0 (all jobs):
  WRITE: io=93465MB, aggrb=398782KB/s, minb=398782KB/s, maxb=398782KB/s, mint=240001msec, maxt=240001msec

CPU idleness:
  system: 99.43%
  unit work: mean=55.90us, stddev=1.77
