fio-beegfs-read-unbuffered-block_64k-size_2G-threads_2: (g=0): rw=rw, bs=64K-64K/64K-64K/64K-64K, ioengine=psync, iodepth=1
...
fio-2.2.10
Starting 2 processes
fio-beegfs-read-unbuffered-block_64k-size_2G-threads_2: Laying out IO file(s) (4 file(s) / 8192MB)
fio-beegfs-read-unbuffered-block_64k-size_2G-threads_2: Laying out IO file(s) (4 file(s) / 8192MB)

fio-beegfs-read-unbuffered-block_64k-size_2G-threads_2: (groupid=0, jobs=2): err= 0: pid=6315: Fri Nov 23 13:28:40 2018
  read : io=51430MB, bw=219434KB/s, iops=3428, runt=240001msec
    clat (usec): min=375, max=46014, avg=581.50, stdev=443.76
     lat (usec): min=375, max=46014, avg=581.63, stdev=443.76
    clat percentiles (usec):
     |  1.00th=[  434],  5.00th=[  466], 10.00th=[  482], 20.00th=[  506],
     | 30.00th=[  524], 40.00th=[  540], 50.00th=[  556], 60.00th=[  572],
     | 70.00th=[  588], 80.00th=[  612], 90.00th=[  636], 95.00th=[  668],
     | 99.00th=[  812], 99.50th=[ 1896], 99.90th=[ 5152], 99.95th=[10048],
     | 99.99th=[19072]
    bw (KB  /s): min=77184, max=121472, per=50.04%, avg=109797.38, stdev=6743.97
    lat (usec) : 500=16.74%, 750=82.00%, 1000=0.44%
    lat (msec) : 2=0.34%, 4=0.36%, 10=0.07%, 20=0.04%, 50=0.01%
  cpu          : usr=0.52%, sys=10.09%, ctx=1190386, majf=0, minf=15409
  IO depths    : 1=100.0%, 2=0.0%, 4=0.0%, 8=0.0%, 16=0.0%, 32=0.0%, >=64=0.0%
     submit    : 0=0.0%, 4=100.0%, 8=0.0%, 16=0.0%, 32=0.0%, 64=0.0%, >=64=0.0%
     complete  : 0=0.0%, 4=100.0%, 8=0.0%, 16=0.0%, 32=0.0%, 64=0.0%, >=64=0.0%
     issued    : total=r=822880/w=0/d=0, short=r=0/w=0/d=0, drop=r=0/w=0/d=0
     latency   : target=0, window=0, percentile=100.00%, depth=1

Run status group 0 (all jobs):
   READ: io=51430MB, aggrb=219433KB/s, minb=219433KB/s, maxb=219433KB/s, mint=240001msec, maxt=240001msec

CPU idleness:
  system: 100.10%
  unit work: mean=56.33us, stddev=1.62
