fio-beegfs-write-unbuffered-block_64k-size_1G-threads_4: (g=0): rw=rw, bs=64K-64K/64K-64K/64K-64K, ioengine=psync, iodepth=1
...
fio-2.2.10
Starting 4 processes
fio-beegfs-write-unbuffered-block_64k-size_1G-threads_4: Laying out IO file(s) (4 file(s) / 4096MB)
fio-beegfs-write-unbuffered-block_64k-size_1G-threads_4: Laying out IO file(s) (4 file(s) / 4096MB)
fio-beegfs-write-unbuffered-block_64k-size_1G-threads_4: Laying out IO file(s) (4 file(s) / 4096MB)
fio-beegfs-write-unbuffered-block_64k-size_1G-threads_4: Laying out IO file(s) (4 file(s) / 4096MB)

fio-beegfs-write-unbuffered-block_64k-size_1G-threads_4: (groupid=0, jobs=4): err= 0: pid=9259: Fri Nov 23 18:48:55 2018
  write: io=88519MB, bw=377677KB/s, iops=5901, runt=240002msec
    clat (usec): min=290, max=27042, avg=675.18, stdev=329.19
     lat (usec): min=291, max=27043, avg=676.07, stdev=329.19
    clat percentiles (usec):
     |  1.00th=[  470],  5.00th=[  502], 10.00th=[  516], 20.00th=[  532],
     | 30.00th=[  548], 40.00th=[  564], 50.00th=[  580], 60.00th=[  596],
     | 70.00th=[  628], 80.00th=[  692], 90.00th=[ 1048], 95.00th=[ 1288],
     | 99.00th=[ 1512], 99.50th=[ 1928], 99.90th=[ 5472], 99.95th=[ 6496],
     | 99.99th=[ 7840]
    bw (KB  /s): min=67968, max=103424, per=25.02%, avg=94477.00, stdev=5321.52
    lat (usec) : 500=4.16%, 750=79.55%, 1000=5.64%
    lat (msec) : 2=10.18%, 4=0.35%, 10=0.12%, 20=0.01%, 50=0.01%
  cpu          : usr=0.63%, sys=6.99%, ctx=2401403, majf=0, minf=29469
  IO depths    : 1=100.0%, 2=0.0%, 4=0.0%, 8=0.0%, 16=0.0%, 32=0.0%, >=64=0.0%
     submit    : 0=0.0%, 4=100.0%, 8=0.0%, 16=0.0%, 32=0.0%, 64=0.0%, >=64=0.0%
     complete  : 0=0.0%, 4=100.0%, 8=0.0%, 16=0.0%, 32=0.0%, 64=0.0%, >=64=0.0%
     issued    : total=r=0/w=1416302/d=0, short=r=0/w=0/d=0, drop=r=0/w=0/d=0
     latency   : target=0, window=0, percentile=100.00%, depth=1

Run status group 0 (all jobs):
  WRITE: io=88519MB, aggrb=377677KB/s, minb=377677KB/s, maxb=377677KB/s, mint=240002msec, maxt=240002msec

CPU idleness:
  system: 91.57%
  unit work: mean=51.69us, stddev=3.01
