fio-beegfs-read-unbuffered-block_64k-size_4G-threads_1: (g=0): rw=rw, bs=64K-64K/64K-64K/64K-64K, ioengine=psync, iodepth=1
fio-2.2.10
Starting 1 process
fio-beegfs-read-unbuffered-block_64k-size_4G-threads_1: Laying out IO file(s) (4 file(s) / 16384MB)

fio-beegfs-read-unbuffered-block_64k-size_4G-threads_1: (groupid=0, jobs=1): err= 0: pid=3524: Fri Nov 23 10:05:55 2018
  read : io=26385MB, bw=112574KB/s, iops=1758, runt=240001msec
    clat (usec): min=389, max=224207, avg=566.67, stdev=436.05
     lat (usec): min=389, max=224207, avg=566.79, stdev=436.05
    clat percentiles (usec):
     |  1.00th=[  434],  5.00th=[  458], 10.00th=[  474], 20.00th=[  494],
     | 30.00th=[  506], 40.00th=[  516], 50.00th=[  532], 60.00th=[  540],
     | 70.00th=[  556], 80.00th=[  572], 90.00th=[  604], 95.00th=[  628],
     | 99.00th=[ 2288], 99.50th=[ 2928], 99.90th=[ 3280], 99.95th=[ 3376],
     | 99.99th=[ 3696]
    bw (KB  /s): min=58624, max=125696, per=100.00%, avg=112626.31, stdev=5329.89
    lat (usec) : 500=24.64%, 750=72.74%, 1000=0.62%
    lat (msec) : 2=0.86%, 4=1.13%, 10=0.01%, 20=0.01%, 50=0.01%
    lat (msec) : 250=0.01%
  cpu          : usr=0.53%, sys=10.18%, ctx=698236, majf=0, minf=7768
  IO depths    : 1=100.0%, 2=0.0%, 4=0.0%, 8=0.0%, 16=0.0%, 32=0.0%, >=64=0.0%
     submit    : 0=0.0%, 4=100.0%, 8=0.0%, 16=0.0%, 32=0.0%, 64=0.0%, >=64=0.0%
     complete  : 0=0.0%, 4=100.0%, 8=0.0%, 16=0.0%, 32=0.0%, 64=0.0%, >=64=0.0%
     issued    : total=r=422156/w=0/d=0, short=r=0/w=0/d=0, drop=r=0/w=0/d=0
     latency   : target=0, window=0, percentile=100.00%, depth=1

Run status group 0 (all jobs):
   READ: io=26385MB, aggrb=112574KB/s, minb=112574KB/s, maxb=112574KB/s, mint=240001msec, maxt=240001msec

CPU idleness:
  system: 90.97%
  unit work: mean=51.09us, stddev=2.95
