fio-beegfs-read-buffered-block_128k-size_2G-threads_4: (g=0): rw=rw, bs=128K-128K/128K-128K/128K-128K, ioengine=psync, iodepth=1
...
fio-2.2.10
Starting 4 processes
fio-beegfs-read-buffered-block_128k-size_2G-threads_4: Laying out IO file(s) (4 file(s) / 8192MB)
fio-beegfs-read-buffered-block_128k-size_2G-threads_4: Laying out IO file(s) (4 file(s) / 8192MB)
fio-beegfs-read-buffered-block_128k-size_2G-threads_4: Laying out IO file(s) (4 file(s) / 8192MB)
fio-beegfs-read-buffered-block_128k-size_2G-threads_4: Laying out IO file(s) (4 file(s) / 8192MB)

fio-beegfs-read-buffered-block_128k-size_2G-threads_4: (groupid=0, jobs=4): err= 0: pid=10778: Mon Nov 19 10:23:32 2018
  read : io=631009MB, bw=2629.5MB/s, iops=21032, runt=240015msec
    clat (usec): min=9, max=36636, avg=189.06, stdev=313.66
     lat (usec): min=9, max=36636, avg=189.15, stdev=313.68
    clat percentiles (usec):
     |  1.00th=[   10],  5.00th=[   10], 10.00th=[   10], 20.00th=[   10],
     | 30.00th=[   11], 40.00th=[   11], 50.00th=[   12], 60.00th=[   14],
     | 70.00th=[   23], 80.00th=[  636], 90.00th=[  724], 95.00th=[  772],
     | 99.00th=[  892], 99.50th=[ 1032], 99.90th=[ 1560], 99.95th=[ 1784],
     | 99.99th=[ 2576]
    bw (KB  /s): min=487680, max=705536, per=25.02%, avg=673601.71, stdev=25659.81
    lat (usec) : 10=0.12%, 20=62.52%, 50=11.42%, 100=0.89%, 250=0.03%
    lat (usec) : 500=0.09%, 750=18.20%, 1000=6.14%
    lat (msec) : 2=0.56%, 4=0.03%, 10=0.01%, 20=0.01%, 50=0.01%
  cpu          : usr=0.81%, sys=70.60%, ctx=4118964, majf=0, minf=80324
  IO depths    : 1=100.0%, 2=0.0%, 4=0.0%, 8=0.0%, 16=0.0%, 32=0.0%, >=64=0.0%
     submit    : 0=0.0%, 4=100.0%, 8=0.0%, 16=0.0%, 32=0.0%, 64=0.0%, >=64=0.0%
     complete  : 0=0.0%, 4=100.0%, 8=0.0%, 16=0.0%, 32=0.0%, 64=0.0%, >=64=0.0%
     issued    : total=r=5048075/w=0/d=0, short=r=0/w=0/d=0, drop=r=0/w=0/d=0
     latency   : target=0, window=0, percentile=100.00%, depth=1

Run status group 0 (all jobs):
   READ: io=631009MB, aggrb=2629.5MB/s, minb=2629.5MB/s, maxb=2629.5MB/s, mint=240015msec, maxt=240015msec

CPU idleness:
  system: 91.94%
  unit work: mean=54.01us, stddev=2.68
