fio-beegfs-read-unbuffered-block_512k-size_2G-threads_8: (g=0): rw=rw, bs=512K-512K/512K-512K/512K-512K, ioengine=psync, iodepth=1
...
fio-2.2.10
Starting 8 processes
fio-beegfs-read-unbuffered-block_512k-size_2G-threads_8: Laying out IO file(s) (4 file(s) / 8192MB)
fio-beegfs-read-unbuffered-block_512k-size_2G-threads_8: Laying out IO file(s) (4 file(s) / 8192MB)
fio-beegfs-read-unbuffered-block_512k-size_2G-threads_8: Laying out IO file(s) (4 file(s) / 8192MB)
fio-beegfs-read-unbuffered-block_512k-size_2G-threads_8: Laying out IO file(s) (4 file(s) / 8192MB)
fio-beegfs-read-unbuffered-block_512k-size_2G-threads_8: Laying out IO file(s) (4 file(s) / 8192MB)
fio-beegfs-read-unbuffered-block_512k-size_2G-threads_8: Laying out IO file(s) (4 file(s) / 8192MB)
fio-beegfs-read-unbuffered-block_512k-size_2G-threads_8: Laying out IO file(s) (4 file(s) / 8192MB)
fio-beegfs-read-unbuffered-block_512k-size_2G-threads_8: Laying out IO file(s) (4 file(s) / 8192MB)

fio-beegfs-read-unbuffered-block_512k-size_2G-threads_8: (groupid=0, jobs=8): err= 0: pid=15421: Sat Nov 24 11:59:42 2018
  read : io=122881MB, bw=524273KB/s, iops=1023, runt=240008msec
    clat (usec): min=2144, max=59356, avg=7810.45, stdev=897.86
     lat (usec): min=2144, max=59356, avg=7810.61, stdev=897.86
    clat percentiles (usec):
     |  1.00th=[ 6752],  5.00th=[ 7584], 10.00th=[ 7584], 20.00th=[ 7584],
     | 30.00th=[ 7648], 40.00th=[ 7648], 50.00th=[ 7648], 60.00th=[ 7648],
     | 70.00th=[ 7712], 80.00th=[ 7776], 90.00th=[ 7968], 95.00th=[ 8256],
     | 99.00th=[11712], 99.50th=[14016], 99.90th=[17536], 99.95th=[18816],
     | 99.99th=[31872]
    bw (KB  /s): min=53207, max=68334, per=12.51%, avg=65597.48, stdev=1813.38
    lat (msec) : 4=0.02%, 10=98.17%, 20=1.78%, 50=0.03%, 100=0.01%
  cpu          : usr=0.05%, sys=4.34%, ctx=542606, majf=0, minf=5293
  IO depths    : 1=100.0%, 2=0.0%, 4=0.0%, 8=0.0%, 16=0.0%, 32=0.0%, >=64=0.0%
     submit    : 0=0.0%, 4=100.0%, 8=0.0%, 16=0.0%, 32=0.0%, 64=0.0%, >=64=0.0%
     complete  : 0=0.0%, 4=100.0%, 8=0.0%, 16=0.0%, 32=0.0%, 64=0.0%, >=64=0.0%
     issued    : total=r=245761/w=0/d=0, short=r=0/w=0/d=0, drop=r=0/w=0/d=0
     latency   : target=0, window=0, percentile=100.00%, depth=1

Run status group 0 (all jobs):
   READ: io=122881MB, aggrb=524272KB/s, minb=524272KB/s, maxb=524272KB/s, mint=240008msec, maxt=240008msec

CPU idleness:
  system: 94.25%
  unit work: mean=53.13us, stddev=2.60
