fio-beegfs-write-unbuffered-block_1024k-size_1G-threads_8: (g=0): rw=rw, bs=1M-1M/1M-1M/1M-1M, ioengine=psync, iodepth=1
...
fio-2.2.10
Starting 8 processes
fio-beegfs-write-unbuffered-block_1024k-size_1G-threads_8: Laying out IO file(s) (4 file(s) / 4096MB)
fio-beegfs-write-unbuffered-block_1024k-size_1G-threads_8: Laying out IO file(s) (4 file(s) / 4096MB)
fio-beegfs-write-unbuffered-block_1024k-size_1G-threads_8: Laying out IO file(s) (4 file(s) / 4096MB)
fio-beegfs-write-unbuffered-block_1024k-size_1G-threads_8: Laying out IO file(s) (4 file(s) / 4096MB)
fio-beegfs-write-unbuffered-block_1024k-size_1G-threads_8: Laying out IO file(s) (4 file(s) / 4096MB)
fio-beegfs-write-unbuffered-block_1024k-size_1G-threads_8: Laying out IO file(s) (4 file(s) / 4096MB)
fio-beegfs-write-unbuffered-block_1024k-size_1G-threads_8: Laying out IO file(s) (4 file(s) / 4096MB)
fio-beegfs-write-unbuffered-block_1024k-size_1G-threads_8: Laying out IO file(s) (4 file(s) / 4096MB)

fio-beegfs-write-unbuffered-block_1024k-size_1G-threads_8: (groupid=0, jobs=8): err= 0: pid=14400: Sat Nov 24 07:59:37 2018
  write: io=89922MB, bw=383645KB/s, iops=374, runt=240014msec
    clat (msec): min=3, max=56, avg=21.33, stdev= 2.63
     lat (msec): min=3, max=56, avg=21.35, stdev= 2.63
    clat percentiles (usec):
     |  1.00th=[17280],  5.00th=[18816], 10.00th=[19072], 20.00th=[19328],
     | 30.00th=[19840], 40.00th=[20096], 50.00th=[20608], 60.00th=[21120],
     | 70.00th=[21888], 80.00th=[22656], 90.00th=[24704], 95.00th=[26752],
     | 99.00th=[30336], 99.50th=[31872], 99.90th=[36096], 99.95th=[38656],
     | 99.99th=[46848]
    bw (KB  /s): min=34746, max=53894, per=12.51%, avg=48009.85, stdev=3579.35
    lat (msec) : 4=0.01%, 10=0.01%, 20=35.57%, 50=64.42%, 100=0.01%
  cpu          : usr=0.12%, sys=2.59%, ctx=1173801, majf=0, minf=1927
  IO depths    : 1=100.0%, 2=0.0%, 4=0.0%, 8=0.0%, 16=0.0%, 32=0.0%, >=64=0.0%
     submit    : 0=0.0%, 4=100.0%, 8=0.0%, 16=0.0%, 32=0.0%, 64=0.0%, >=64=0.0%
     complete  : 0=0.0%, 4=100.0%, 8=0.0%, 16=0.0%, 32=0.0%, 64=0.0%, >=64=0.0%
     issued    : total=r=0/w=89922/d=0, short=r=0/w=0/d=0, drop=r=0/w=0/d=0
     latency   : target=0, window=0, percentile=100.00%, depth=1

Run status group 0 (all jobs):
  WRITE: io=89922MB, aggrb=383644KB/s, minb=383644KB/s, maxb=383644KB/s, mint=240014msec, maxt=240014msec

CPU idleness:
  system: 99.18%
  unit work: mean=55.84us, stddev=1.75
