fio-beegfs-read-buffered-block_64k-size_2G-threads_8: (g=0): rw=rw, bs=64K-64K/64K-64K/64K-64K, ioengine=psync, iodepth=1
...
fio-2.2.10
Starting 8 processes
fio-beegfs-read-buffered-block_64k-size_2G-threads_8: Laying out IO file(s) (4 file(s) / 8192MB)
fio-beegfs-read-buffered-block_64k-size_2G-threads_8: Laying out IO file(s) (4 file(s) / 8192MB)
fio-beegfs-read-buffered-block_64k-size_2G-threads_8: Laying out IO file(s) (4 file(s) / 8192MB)
fio-beegfs-read-buffered-block_64k-size_2G-threads_8: Laying out IO file(s) (4 file(s) / 8192MB)
fio-beegfs-read-buffered-block_64k-size_2G-threads_8: Laying out IO file(s) (4 file(s) / 8192MB)
fio-beegfs-read-buffered-block_64k-size_2G-threads_8: Laying out IO file(s) (4 file(s) / 8192MB)
fio-beegfs-read-buffered-block_64k-size_2G-threads_8: Laying out IO file(s) (4 file(s) / 8192MB)
fio-beegfs-read-buffered-block_64k-size_2G-threads_8: Laying out IO file(s) (4 file(s) / 8192MB)

fio-beegfs-read-buffered-block_64k-size_2G-threads_8: (groupid=0, jobs=8): err= 0: pid=14799: Mon Nov 19 22:52:31 2018
  read : io=706124MB, bw=2942.2MB/s, iops=47074, runt=240002msec
    clat (usec): min=5, max=83365, avg=168.89, stdev=467.91
     lat (usec): min=5, max=83365, avg=168.98, stdev=467.94
    clat percentiles (usec):
     |  1.00th=[    5],  5.00th=[    5], 10.00th=[    5], 20.00th=[    6],
     | 30.00th=[    6], 40.00th=[    6], 50.00th=[    7], 60.00th=[    7],
     | 70.00th=[    9], 80.00th=[   12], 90.00th=[ 1096], 95.00th=[ 1272],
     | 99.00th=[ 1720], 99.50th=[ 1864], 99.90th=[ 2224], 99.95th=[ 2384],
     | 99.99th=[ 5856]
    bw (KB  /s): min=274304, max=422016, per=12.51%, avg=376915.33, stdev=9881.59
    lat (usec) : 10=73.53%, 20=12.04%, 50=1.84%, 100=0.07%, 250=0.01%
    lat (usec) : 500=0.01%, 750=0.03%, 1000=0.82%
    lat (msec) : 2=11.42%, 4=0.22%, 10=0.01%, 20=0.01%, 50=0.01%
    lat (msec) : 100=0.01%
  cpu          : usr=0.79%, sys=51.75%, ctx=21959377, majf=0, minf=174724
  IO depths    : 1=100.0%, 2=0.0%, 4=0.0%, 8=0.0%, 16=0.0%, 32=0.0%, >=64=0.0%
     submit    : 0=0.0%, 4=100.0%, 8=0.0%, 16=0.0%, 32=0.0%, 64=0.0%, >=64=0.0%
     complete  : 0=0.0%, 4=100.0%, 8=0.0%, 16=0.0%, 32=0.0%, 64=0.0%, >=64=0.0%
     issued    : total=r=11297985/w=0/d=0, short=r=0/w=0/d=0, drop=r=0/w=0/d=0
     latency   : target=0, window=0, percentile=100.00%, depth=1

Run status group 0 (all jobs):
   READ: io=706124MB, aggrb=2942.2MB/s, minb=2942.2MB/s, maxb=2942.2MB/s, mint=240002msec, maxt=240002msec

CPU idleness:
  system: 90.77%
  unit work: mean=55.65us, stddev=2.21
