fio-beegfs-write-buffered-block_1024k-size_2G-threads_1: (g=0): rw=rw, bs=1M-1M/1M-1M/1M-1M, ioengine=psync, iodepth=1
fio-2.2.10
Starting 1 process
fio-beegfs-write-buffered-block_1024k-size_2G-threads_1: Laying out IO file(s) (4 file(s) / 8192MB)

fio-beegfs-write-buffered-block_1024k-size_2G-threads_1: (groupid=0, jobs=1): err= 0: pid=3066: Sun Nov 18 21:52:49 2018
  write: io=96910MB, bw=413481KB/s, iops=403, runt=240001msec
    clat (usec): min=853, max=956930, avg=2458.29, stdev=24403.15
     lat (usec): min=871, max=956947, avg=2474.45, stdev=24403.14
    clat percentiles (usec):
     |  1.00th=[  964],  5.00th=[ 1012], 10.00th=[ 1032], 20.00th=[ 1048],
     | 30.00th=[ 1064], 40.00th=[ 1080], 50.00th=[ 1096], 60.00th=[ 1112],
     | 70.00th=[ 1128], 80.00th=[ 1144], 90.00th=[ 1176], 95.00th=[ 1192],
     | 99.00th=[ 1272], 99.50th=[ 1448], 99.90th=[477184], 99.95th=[493568],
     | 99.99th=[610304]
    bw (KB  /s): min= 2000, max=956416, per=100.00%, avg=438661.84, stdev=393918.42
    lat (usec) : 1000=3.48%
    lat (msec) : 2=96.05%, 4=0.03%, 10=0.03%, 20=0.02%, 50=0.06%
    lat (msec) : 100=0.01%, 250=0.04%, 500=0.25%, 750=0.03%, 1000=0.01%
  cpu          : usr=1.01%, sys=12.27%, ctx=879265, majf=0, minf=1825
  IO depths    : 1=100.0%, 2=0.0%, 4=0.0%, 8=0.0%, 16=0.0%, 32=0.0%, >=64=0.0%
     submit    : 0=0.0%, 4=100.0%, 8=0.0%, 16=0.0%, 32=0.0%, 64=0.0%, >=64=0.0%
     complete  : 0=0.0%, 4=100.0%, 8=0.0%, 16=0.0%, 32=0.0%, 64=0.0%, >=64=0.0%
     issued    : total=r=0/w=96910/d=0, short=r=0/w=0/d=0, drop=r=0/w=0/d=0
     latency   : target=0, window=0, percentile=100.00%, depth=1

Run status group 0 (all jobs):
  WRITE: io=96910MB, aggrb=413480KB/s, minb=413480KB/s, maxb=413480KB/s, mint=240001msec, maxt=240001msec

CPU idleness:
  system: 97.20%
  unit work: mean=54.66us, stddev=2.99
