fio-beegfs-write-buffered-block_64k-size_1G-threads_2: (g=0): rw=rw, bs=64K-64K/64K-64K/64K-64K, ioengine=psync, iodepth=1
...
fio-2.2.10
Starting 2 processes
fio-beegfs-write-buffered-block_64k-size_1G-threads_2: Laying out IO file(s) (4 file(s) / 4096MB)
fio-beegfs-write-buffered-block_64k-size_1G-threads_2: Laying out IO file(s) (4 file(s) / 4096MB)

fio-beegfs-write-buffered-block_64k-size_1G-threads_2: (groupid=0, jobs=2): err= 0: pid=5017: Mon Nov 19 00:29:37 2018
  write: io=192852MB, bw=822467KB/s, iops=12851, runt=240107msec
    clat (usec): min=4, max=756531, avg=154.08, stdev=5265.94
     lat (usec): min=5, max=756531, avg=154.78, stdev=5265.95
    clat percentiles (usec):
     |  1.00th=[    4],  5.00th=[    5], 10.00th=[    5], 20.00th=[    5],
     | 30.00th=[    5], 40.00th=[    5], 50.00th=[    8], 60.00th=[   16],
     | 70.00th=[   16], 80.00th=[   17], 90.00th=[  596], 95.00th=[  660],
     | 99.00th=[  716], 99.50th=[  740], 99.90th=[  812], 99.95th=[  892],
     | 99.99th=[399360]
    bw (KB  /s): min= 4047, max=749440, per=52.23%, avg=429601.49, stdev=290458.00
    lat (usec) : 10=50.45%, 20=35.23%, 50=1.60%, 100=0.22%, 250=0.01%
    lat (usec) : 500=0.03%, 750=12.10%, 1000=0.33%
    lat (msec) : 2=0.01%, 4=0.01%, 10=0.01%, 20=0.01%, 50=0.01%
    lat (msec) : 100=0.01%, 250=0.01%, 500=0.01%, 750=0.01%, 1000=0.01%
  cpu          : usr=1.25%, sys=25.36%, ctx=1698747, majf=0, minf=46746
  IO depths    : 1=100.0%, 2=0.0%, 4=0.0%, 8=0.0%, 16=0.0%, 32=0.0%, >=64=0.0%
     submit    : 0=0.0%, 4=100.0%, 8=0.0%, 16=0.0%, 32=0.0%, 64=0.0%, >=64=0.0%
     complete  : 0=0.0%, 4=100.0%, 8=0.0%, 16=0.0%, 32=0.0%, 64=0.0%, >=64=0.0%
     issued    : total=r=0/w=3085628/d=0, short=r=0/w=0/d=0, drop=r=0/w=0/d=0
     latency   : target=0, window=0, percentile=100.00%, depth=1

Run status group 0 (all jobs):
  WRITE: io=192852MB, aggrb=822467KB/s, minb=822467KB/s, maxb=822467KB/s, mint=240107msec, maxt=240107msec

CPU idleness:
  system: 96.57%
  unit work: mean=54.61us, stddev=3.12
