fio-beegfs-read-buffered-block_1024k-size_4G-threads_8: (g=0): rw=rw, bs=1M-1M/1M-1M/1M-1M, ioengine=psync, iodepth=1
...
fio-2.2.10
Starting 8 processes
fio-beegfs-read-buffered-block_1024k-size_4G-threads_8: Laying out IO file(s) (4 file(s) / 16384MB)
fio-beegfs-read-buffered-block_1024k-size_4G-threads_8: Laying out IO file(s) (4 file(s) / 16384MB)
fio-beegfs-read-buffered-block_1024k-size_4G-threads_8: Laying out IO file(s) (4 file(s) / 16384MB)
fio-beegfs-read-buffered-block_1024k-size_4G-threads_8: Laying out IO file(s) (4 file(s) / 16384MB)
fio-beegfs-read-buffered-block_1024k-size_4G-threads_8: Laying out IO file(s) (4 file(s) / 16384MB)
fio-beegfs-read-buffered-block_1024k-size_4G-threads_8: Laying out IO file(s) (4 file(s) / 16384MB)
fio-beegfs-read-buffered-block_1024k-size_4G-threads_8: Laying out IO file(s) (4 file(s) / 16384MB)
fio-beegfs-read-buffered-block_1024k-size_4G-threads_8: Laying out IO file(s) (4 file(s) / 16384MB)

fio-beegfs-read-buffered-block_1024k-size_4G-threads_8: (groupid=0, jobs=8): err= 0: pid=17129: Tue Nov 20 12:45:18 2018
  read : io=668597MB, bw=2783.9MB/s, iops=2783, runt=240174msec
    clat (usec): min=767, max=1184.1K, avg=2869.91, stdev=13004.86
     lat (usec): min=767, max=1184.1K, avg=2870.05, stdev=13004.86
    clat percentiles (usec):
     |  1.00th=[ 1032],  5.00th=[ 1208], 10.00th=[ 1336], 20.00th=[ 1528],
     | 30.00th=[ 1672], 40.00th=[ 1784], 50.00th=[ 1912], 60.00th=[ 2008],
     | 70.00th=[ 2128], 80.00th=[ 2256], 90.00th=[ 2512], 95.00th=[ 2864],
     | 99.00th=[16064], 99.50th=[52992], 99.90th=[214016], 99.95th=[284672],
     | 99.99th=[428032]
    bw (KB  /s): min= 1315, max=950272, per=12.93%, avg=368607.07, stdev=191816.49
    lat (usec) : 1000=0.68%
    lat (msec) : 2=58.35%, 4=38.83%, 10=0.83%, 20=0.42%, 50=0.38%
    lat (msec) : 100=0.19%, 250=0.26%, 500=0.07%, 750=0.01%, 1000=0.01%
    lat (msec) : 2000=0.01%
  cpu          : usr=0.12%, sys=38.57%, ctx=14874489, majf=0, minf=12637
  IO depths    : 1=100.0%, 2=0.0%, 4=0.0%, 8=0.0%, 16=0.0%, 32=0.0%, >=64=0.0%
     submit    : 0=0.0%, 4=100.0%, 8=0.0%, 16=0.0%, 32=0.0%, 64=0.0%, >=64=0.0%
     complete  : 0=0.0%, 4=100.0%, 8=0.0%, 16=0.0%, 32=0.0%, 64=0.0%, >=64=0.0%
     issued    : total=r=668597/w=0/d=0, short=r=0/w=0/d=0, drop=r=0/w=0/d=0
     latency   : target=0, window=0, percentile=100.00%, depth=1

Run status group 0 (all jobs):
   READ: io=668597MB, aggrb=2783.9MB/s, minb=2783.9MB/s, maxb=2783.9MB/s, mint=240174msec, maxt=240174msec

CPU idleness:
  system: 90.64%
  unit work: mean=54.06us, stddev=2.05
