fio-beegfs-write-unbuffered-block_16k-size_2G-threads_8: (g=0): rw=rw, bs=16K-16K/16K-16K/16K-16K, ioengine=psync, iodepth=1
...
fio-2.2.10
Starting 8 processes
fio-beegfs-write-unbuffered-block_16k-size_2G-threads_8: Laying out IO file(s) (4 file(s) / 8192MB)
fio-beegfs-write-unbuffered-block_16k-size_2G-threads_8: Laying out IO file(s) (4 file(s) / 8192MB)
fio-beegfs-write-unbuffered-block_16k-size_2G-threads_8: Laying out IO file(s) (4 file(s) / 8192MB)
fio-beegfs-write-unbuffered-block_16k-size_2G-threads_8: Laying out IO file(s) (4 file(s) / 8192MB)
fio-beegfs-write-unbuffered-block_16k-size_2G-threads_8: Laying out IO file(s) (4 file(s) / 8192MB)
fio-beegfs-write-unbuffered-block_16k-size_2G-threads_8: Laying out IO file(s) (4 file(s) / 8192MB)
fio-beegfs-write-unbuffered-block_16k-size_2G-threads_8: Laying out IO file(s) (4 file(s) / 8192MB)
fio-beegfs-write-unbuffered-block_16k-size_2G-threads_8: Laying out IO file(s) (4 file(s) / 8192MB)

fio-beegfs-write-unbuffered-block_16k-size_2G-threads_8: (groupid=0, jobs=8): err= 0: pid=14693: Sat Nov 24 09:07:57 2018
  write: io=86067MB, bw=367201KB/s, iops=22950, runt=240013msec
    clat (usec): min=155, max=43720, avg=346.50, stdev=223.21
     lat (usec): min=155, max=43720, avg=346.87, stdev=223.21
    clat percentiles (usec):
     |  1.00th=[  258],  5.00th=[  278], 10.00th=[  290], 20.00th=[  302],
     | 30.00th=[  310], 40.00th=[  318], 50.00th=[  322], 60.00th=[  334],
     | 70.00th=[  346], 80.00th=[  358], 90.00th=[  394], 95.00th=[  450],
     | 99.00th=[  756], 99.50th=[  852], 99.90th=[ 2192], 99.95th=[ 5536],
     | 99.99th=[ 8768]
    bw (KB  /s): min=38848, max=49088, per=12.50%, avg=45918.32, stdev=1698.56
    lat (usec) : 250=0.46%, 500=96.09%, 750=2.43%, 1000=0.76%
    lat (msec) : 2=0.15%, 4=0.04%, 10=0.06%, 20=0.01%, 50=0.01%
  cpu          : usr=1.04%, sys=10.86%, ctx=11019818, majf=0, minf=106895
  IO depths    : 1=100.0%, 2=0.0%, 4=0.0%, 8=0.0%, 16=0.0%, 32=0.0%, >=64=0.0%
     submit    : 0=0.0%, 4=100.0%, 8=0.0%, 16=0.0%, 32=0.0%, 64=0.0%, >=64=0.0%
     complete  : 0=0.0%, 4=100.0%, 8=0.0%, 16=0.0%, 32=0.0%, 64=0.0%, >=64=0.0%
     issued    : total=r=0/w=5508310/d=0, short=r=0/w=0/d=0, drop=r=0/w=0/d=0
     latency   : target=0, window=0, percentile=100.00%, depth=1

Run status group 0 (all jobs):
  WRITE: io=86067MB, aggrb=367200KB/s, minb=367200KB/s, maxb=367200KB/s, mint=240013msec, maxt=240013msec

CPU idleness:
  system: 94.99%
  unit work: mean=54.43us, stddev=1.77
