fio-beegfs-read-buffered-block_64k-size_1G-threads_4: (g=0): rw=rw, bs=64K-64K/64K-64K/64K-64K, ioengine=psync, iodepth=1
...
fio-2.2.10
Starting 4 processes
fio-beegfs-read-buffered-block_64k-size_1G-threads_4: Laying out IO file(s) (4 file(s) / 4096MB)
fio-beegfs-read-buffered-block_64k-size_1G-threads_4: Laying out IO file(s) (4 file(s) / 4096MB)
fio-beegfs-read-buffered-block_64k-size_1G-threads_4: Laying out IO file(s) (4 file(s) / 4096MB)
fio-beegfs-read-buffered-block_64k-size_1G-threads_4: Laying out IO file(s) (4 file(s) / 4096MB)

fio-beegfs-read-buffered-block_64k-size_1G-threads_4: (groupid=0, jobs=4): err= 0: pid=9078: Mon Nov 19 07:17:22 2018
  read : io=631639MB, bw=2631.7MB/s, iops=42106, runt=240014msec
    clat (usec): min=4, max=47000, avg=94.06, stdev=237.74
     lat (usec): min=5, max=47000, avg=94.14, stdev=237.76
    clat percentiles (usec):
     |  1.00th=[    5],  5.00th=[    5], 10.00th=[    5], 20.00th=[    5],
     | 30.00th=[    6], 40.00th=[    6], 50.00th=[    6], 60.00th=[    7],
     | 70.00th=[    7], 80.00th=[   11], 90.00th=[  628], 95.00th=[  716],
     | 99.00th=[  804], 99.50th=[  852], 99.90th=[ 1096], 99.95th=[ 1272],
     | 99.99th=[ 1864]
    bw (KB  /s): min=569344, max=712704, per=25.02%, avg=674198.46, stdev=15744.91
    lat (usec) : 10=73.69%, 20=12.06%, 50=1.41%, 100=0.33%, 250=0.01%
    lat (usec) : 500=0.06%, 750=9.50%, 1000=2.79%
    lat (msec) : 2=0.16%, 4=0.01%, 10=0.01%, 20=0.01%, 50=0.01%
  cpu          : usr=1.23%, sys=70.85%, ctx=4010103, majf=0, minf=139600
  IO depths    : 1=100.0%, 2=0.0%, 4=0.0%, 8=0.0%, 16=0.0%, 32=0.0%, >=64=0.0%
     submit    : 0=0.0%, 4=100.0%, 8=0.0%, 16=0.0%, 32=0.0%, 64=0.0%, >=64=0.0%
     complete  : 0=0.0%, 4=100.0%, 8=0.0%, 16=0.0%, 32=0.0%, 64=0.0%, >=64=0.0%
     issued    : total=r=10106223/w=0/d=0, short=r=0/w=0/d=0, drop=r=0/w=0/d=0
     latency   : target=0, window=0, percentile=100.00%, depth=1

Run status group 0 (all jobs):
   READ: io=631639MB, aggrb=2631.7MB/s, minb=2631.7MB/s, maxb=2631.7MB/s, mint=240014msec, maxt=240014msec

CPU idleness:
  system: 95.10%
  unit work: mean=55.85us, stddev=1.93
