fio-beegfs-write-unbuffered-block_16k-size_4G-threads_2: (g=0): rw=rw, bs=16K-16K/16K-16K/16K-16K, ioengine=psync, iodepth=1
...
fio-2.2.10
Starting 2 processes
fio-beegfs-write-unbuffered-block_16k-size_4G-threads_2: Laying out IO file(s) (4 file(s) / 16384MB)
fio-beegfs-write-unbuffered-block_16k-size_4G-threads_2: Laying out IO file(s) (4 file(s) / 16384MB)

fio-beegfs-write-unbuffered-block_16k-size_4G-threads_2: (groupid=0, jobs=2): err= 0: pid=7572: Fri Nov 23 15:29:38 2018
  write: io=34690MB, bw=148011KB/s, iops=9250, runt=240001msec
    clat (usec): min=145, max=62062, avg=214.26, stdev=105.24
     lat (usec): min=145, max=62062, avg=214.56, stdev=105.24
    clat percentiles (usec):
     |  1.00th=[  159],  5.00th=[  171], 10.00th=[  177], 20.00th=[  185],
     | 30.00th=[  193], 40.00th=[  201], 50.00th=[  207], 60.00th=[  215],
     | 70.00th=[  223], 80.00th=[  237], 90.00th=[  258], 95.00th=[  278],
     | 99.00th=[  330], 99.50th=[  354], 99.90th=[  426], 99.95th=[  556],
     | 99.99th=[ 3056]
    bw (KB  /s): min=63712, max=79680, per=50.01%, avg=74015.57, stdev=1886.12
    lat (usec) : 250=86.65%, 500=13.29%, 750=0.03%, 1000=0.01%
    lat (msec) : 2=0.01%, 4=0.01%, 10=0.01%, 20=0.01%, 50=0.01%
    lat (msec) : 100=0.01%
  cpu          : usr=1.56%, sys=16.46%, ctx=4440478, majf=0, minf=36606
  IO depths    : 1=100.0%, 2=0.0%, 4=0.0%, 8=0.0%, 16=0.0%, 32=0.0%, >=64=0.0%
     submit    : 0=0.0%, 4=100.0%, 8=0.0%, 16=0.0%, 32=0.0%, 64=0.0%, >=64=0.0%
     complete  : 0=0.0%, 4=100.0%, 8=0.0%, 16=0.0%, 32=0.0%, 64=0.0%, >=64=0.0%
     issued    : total=r=0/w=2220170/d=0, short=r=0/w=0/d=0, drop=r=0/w=0/d=0
     latency   : target=0, window=0, percentile=100.00%, depth=1

Run status group 0 (all jobs):
  WRITE: io=34690MB, aggrb=148010KB/s, minb=148010KB/s, maxb=148010KB/s, mint=240001msec, maxt=240001msec

CPU idleness:
  system: 90.97%
  unit work: mean=51.39us, stddev=2.92
