fio-beegfs-write-buffered-block_64k-size_4G-threads_1: (g=0): rw=rw, bs=64K-64K/64K-64K/64K-64K, ioengine=psync, iodepth=1
fio-2.2.10
Starting 1 process
fio-beegfs-write-buffered-block_64k-size_4G-threads_1: Laying out IO file(s) (4 file(s) / 16384MB)

fio-beegfs-write-buffered-block_64k-size_4G-threads_1: (groupid=0, jobs=1): err= 0: pid=3622: Sun Nov 18 22:41:47 2018
  write: io=92674MB, bw=395408KB/s, iops=6178, runt=240001msec
    clat (usec): min=4, max=712829, avg=160.46, stdev=6172.67
     lat (usec): min=5, max=712830, avg=161.08, stdev=6172.68
    clat percentiles (usec):
     |  1.00th=[    5],  5.00th=[    5], 10.00th=[    5], 20.00th=[    5],
     | 30.00th=[    5], 40.00th=[    5], 50.00th=[    5], 60.00th=[    5],
     | 70.00th=[    6], 80.00th=[    6], 90.00th=[  532], 95.00th=[  572],
     | 99.00th=[  620], 99.50th=[  636], 99.90th=[  684], 99.95th=[  724],
     | 99.99th=[444416]
    bw (KB  /s): min=  253, max=868480, per=100.00%, avg=414800.36, stdev=351388.29
    lat (usec) : 10=87.35%, 20=0.14%, 50=0.01%, 250=0.01%, 500=1.32%
    lat (usec) : 750=11.14%, 1000=0.01%
    lat (msec) : 2=0.01%, 4=0.01%, 10=0.01%, 20=0.01%, 50=0.01%
    lat (msec) : 100=0.01%, 250=0.01%, 500=0.02%, 750=0.01%
  cpu          : usr=1.12%, sys=15.31%, ctx=851411, majf=0, minf=22672
  IO depths    : 1=100.0%, 2=0.0%, 4=0.0%, 8=0.0%, 16=0.0%, 32=0.0%, >=64=0.0%
     submit    : 0=0.0%, 4=100.0%, 8=0.0%, 16=0.0%, 32=0.0%, 64=0.0%, >=64=0.0%
     complete  : 0=0.0%, 4=100.0%, 8=0.0%, 16=0.0%, 32=0.0%, 64=0.0%, >=64=0.0%
     issued    : total=r=0/w=1482787/d=0, short=r=0/w=0/d=0, drop=r=0/w=0/d=0
     latency   : target=0, window=0, percentile=100.00%, depth=1

Run status group 0 (all jobs):
  WRITE: io=92674MB, aggrb=395408KB/s, minb=395408KB/s, maxb=395408KB/s, mint=240001msec, maxt=240001msec

CPU idleness:
  system: 94.04%
  unit work: mean=52.90us, stddev=2.09
