fio-beegfs-read-buffered-block_128k-size_1G-threads_4: (g=0): rw=rw, bs=128K-128K/128K-128K/128K-128K, ioengine=psync, iodepth=1
...
fio-2.2.10
Starting 4 processes
fio-beegfs-read-buffered-block_128k-size_1G-threads_4: Laying out IO file(s) (4 file(s) / 4096MB)
fio-beegfs-read-buffered-block_128k-size_1G-threads_4: Laying out IO file(s) (4 file(s) / 4096MB)
fio-beegfs-read-buffered-block_128k-size_1G-threads_4: Laying out IO file(s) (4 file(s) / 4096MB)
fio-beegfs-read-buffered-block_128k-size_1G-threads_4: Laying out IO file(s) (4 file(s) / 4096MB)

fio-beegfs-read-buffered-block_128k-size_1G-threads_4: (groupid=0, jobs=4): err= 0: pid=9361: Mon Nov 19 07:41:55 2018
  read : io=635942MB, bw=2649.7MB/s, iops=21196, runt=240013msec
    clat (usec): min=9, max=52752, avg=187.58, stdev=319.05
     lat (usec): min=9, max=52752, avg=187.67, stdev=319.07
    clat percentiles (usec):
     |  1.00th=[   10],  5.00th=[   10], 10.00th=[   10], 20.00th=[   10],
     | 30.00th=[   11], 40.00th=[   11], 50.00th=[   12], 60.00th=[   14],
     | 70.00th=[   23], 80.00th=[  636], 90.00th=[  724], 95.00th=[  764],
     | 99.00th=[  844], 99.50th=[  892], 99.90th=[ 1256], 99.95th=[ 1512],
     | 99.99th=[ 2608]
    bw (KB  /s): min=548352, max=708608, per=25.02%, avg=678787.97, stdev=15965.42
    lat (usec) : 10=0.14%, 20=62.52%, 50=11.41%, 100=0.88%, 250=0.03%
    lat (usec) : 500=0.07%, 750=18.41%, 1000=6.29%
    lat (msec) : 2=0.24%, 4=0.01%, 10=0.01%, 20=0.01%, 50=0.01%
    lat (msec) : 100=0.01%
  cpu          : usr=0.78%, sys=72.20%, ctx=4239460, majf=0, minf=80790
  IO depths    : 1=100.0%, 2=0.0%, 4=0.0%, 8=0.0%, 16=0.0%, 32=0.0%, >=64=0.0%
     submit    : 0=0.0%, 4=100.0%, 8=0.0%, 16=0.0%, 32=0.0%, 64=0.0%, >=64=0.0%
     complete  : 0=0.0%, 4=100.0%, 8=0.0%, 16=0.0%, 32=0.0%, 64=0.0%, >=64=0.0%
     issued    : total=r=5087532/w=0/d=0, short=r=0/w=0/d=0, drop=r=0/w=0/d=0
     latency   : target=0, window=0, percentile=100.00%, depth=1

Run status group 0 (all jobs):
   READ: io=635942MB, aggrb=2649.7MB/s, minb=2649.7MB/s, maxb=2649.7MB/s, mint=240013msec, maxt=240013msec

CPU idleness:
  system: 93.38%
  unit work: mean=54.89us, stddev=2.98
