fio-beegfs-write-buffered-block_16k-size_4G-threads_1: (g=0): rw=rw, bs=16K-16K/16K-16K/16K-16K, ioengine=psync, iodepth=1
fio-2.2.10
Starting 1 process
fio-beegfs-write-buffered-block_16k-size_4G-threads_1: Laying out IO file(s) (4 file(s) / 16384MB)

fio-beegfs-write-buffered-block_16k-size_4G-threads_1: (groupid=0, jobs=1): err= 0: pid=3345: Sun Nov 18 22:17:20 2018
  write: io=83234MB, bw=354889KB/s, iops=22180, runt=240164msec
    clat (usec): min=1, max=688798, avg=44.27, stdev=3333.23
     lat (usec): min=1, max=688798, avg=44.47, stdev=3333.23
    clat percentiles (usec):
     |  1.00th=[    1],  5.00th=[    1], 10.00th=[    2], 20.00th=[    2],
     | 30.00th=[    2], 40.00th=[    2], 50.00th=[    2], 60.00th=[    2],
     | 70.00th=[    2], 80.00th=[    2], 90.00th=[    2], 95.00th=[    2],
     | 99.00th=[  572], 99.50th=[  588], 99.90th=[  636], 99.95th=[  660],
     | 99.99th=[  804]
    bw (KB  /s): min= 4165, max=827424, per=100.00%, avg=367187.85, stdev=343081.46
    lat (usec) : 2=8.24%, 4=87.92%, 10=0.69%, 20=0.02%, 50=0.01%
    lat (usec) : 100=0.01%, 250=0.01%, 500=0.52%, 750=2.60%, 1000=0.01%
    lat (msec) : 2=0.01%, 4=0.01%, 10=0.01%, 20=0.01%, 50=0.01%
    lat (msec) : 100=0.01%, 250=0.01%, 500=0.01%, 750=0.01%
  cpu          : usr=2.44%, sys=14.63%, ctx=765896, majf=0, minf=67720
  IO depths    : 1=100.0%, 2=0.0%, 4=0.0%, 8=0.0%, 16=0.0%, 32=0.0%, >=64=0.0%
     submit    : 0=0.0%, 4=100.0%, 8=0.0%, 16=0.0%, 32=0.0%, 64=0.0%, >=64=0.0%
     complete  : 0=0.0%, 4=100.0%, 8=0.0%, 16=0.0%, 32=0.0%, 64=0.0%, >=64=0.0%
     issued    : total=r=0/w=5326973/d=0, short=r=0/w=0/d=0, drop=r=0/w=0/d=0
     latency   : target=0, window=0, percentile=100.00%, depth=1

Run status group 0 (all jobs):
  WRITE: io=83234MB, aggrb=354889KB/s, minb=354889KB/s, maxb=354889KB/s, mint=240164msec, maxt=240164msec

CPU idleness:
  system: 95.08%
  unit work: mean=53.50us, stddev=3.20
