fio-beegfs-write-buffered-block_128k-size_4G-threads_4: (g=0): rw=rw, bs=128K-128K/128K-128K/128K-128K, ioengine=psync, iodepth=1
...
fio-2.2.10
Starting 4 processes
fio-beegfs-write-buffered-block_128k-size_4G-threads_4: Laying out IO file(s) (4 file(s) / 16384MB)
fio-beegfs-write-buffered-block_128k-size_4G-threads_4: Laying out IO file(s) (4 file(s) / 16384MB)
fio-beegfs-write-buffered-block_128k-size_4G-threads_4: Laying out IO file(s) (4 file(s) / 16384MB)
fio-beegfs-write-buffered-block_128k-size_4G-threads_4: Laying out IO file(s) (4 file(s) / 16384MB)

fio-beegfs-write-buffered-block_128k-size_4G-threads_4: (groupid=0, jobs=4): err= 0: pid=12336: Mon Nov 19 15:31:17 2018
  write: io=110179MB, bw=469506KB/s, iops=3668, runt=240302msec
    clat (usec): min=8, max=650364, avg=1087.41, stdev=18040.49
     lat (usec): min=9, max=650365, avg=1089.26, stdev=18040.53
    clat percentiles (usec):
     |  1.00th=[    8],  5.00th=[    9], 10.00th=[    9], 20.00th=[   10],
     | 30.00th=[   13], 40.00th=[   13], 50.00th=[   23], 60.00th=[   32],
     | 70.00th=[   34], 80.00th=[  636], 90.00th=[  748], 95.00th=[  804],
     | 99.00th=[ 1320], 99.50th=[22656], 99.90th=[444416], 99.95th=[473088],
     | 99.99th=[505856]
    bw (KB  /s): min=  253, max=643072, per=26.48%, avg=124335.03, stdev=146529.24
    lat (usec) : 10=17.43%, 20=32.04%, 50=23.64%, 100=1.86%, 250=0.03%
    lat (usec) : 500=0.11%, 750=15.14%, 1000=8.64%
    lat (msec) : 2=0.12%, 4=0.01%, 10=0.01%, 20=0.30%, 50=0.52%
    lat (msec) : 100=0.01%, 250=0.01%, 500=0.14%, 750=0.02%
  cpu          : usr=0.34%, sys=6.91%, ctx=1117785, majf=0, minf=19220
  IO depths    : 1=100.0%, 2=0.0%, 4=0.0%, 8=0.0%, 16=0.0%, 32=0.0%, >=64=0.0%
     submit    : 0=0.0%, 4=100.0%, 8=0.0%, 16=0.0%, 32=0.0%, 64=0.0%, >=64=0.0%
     complete  : 0=0.0%, 4=100.0%, 8=0.0%, 16=0.0%, 32=0.0%, 64=0.0%, >=64=0.0%
     issued    : total=r=0/w=881431/d=0, short=r=0/w=0/d=0, drop=r=0/w=0/d=0
     latency   : target=0, window=0, percentile=100.00%, depth=1

Run status group 0 (all jobs):
  WRITE: io=110179MB, aggrb=469505KB/s, minb=469505KB/s, maxb=469505KB/s, mint=240302msec, maxt=240302msec

CPU idleness:
  system: 93.27%
  unit work: mean=52.48us, stddev=3.64
