fio-beegfs-write-unbuffered-block_1024k-size_4G-threads_8: (g=0): rw=rw, bs=1M-1M/1M-1M/1M-1M, ioengine=psync, iodepth=1
...
fio-2.2.10
Starting 8 processes
fio-beegfs-write-unbuffered-block_1024k-size_4G-threads_8: Laying out IO file(s) (4 file(s) / 16384MB)
fio-beegfs-write-unbuffered-block_1024k-size_4G-threads_8: Laying out IO file(s) (4 file(s) / 16384MB)
fio-beegfs-write-unbuffered-block_1024k-size_4G-threads_8: Laying out IO file(s) (4 file(s) / 16384MB)
fio-beegfs-write-unbuffered-block_1024k-size_4G-threads_8: Laying out IO file(s) (4 file(s) / 16384MB)
fio-beegfs-write-unbuffered-block_1024k-size_4G-threads_8: Laying out IO file(s) (4 file(s) / 16384MB)
fio-beegfs-write-unbuffered-block_1024k-size_4G-threads_8: Laying out IO file(s) (4 file(s) / 16384MB)
fio-beegfs-write-unbuffered-block_1024k-size_4G-threads_8: Laying out IO file(s) (4 file(s) / 16384MB)
fio-beegfs-write-unbuffered-block_1024k-size_4G-threads_8: Laying out IO file(s) (4 file(s) / 16384MB)

fio-beegfs-write-unbuffered-block_1024k-size_4G-threads_8: (groupid=0, jobs=8): err= 0: pid=17314: Sun Nov 25 00:11:22 2018
  write: io=92950MB, bw=396560KB/s, iops=387, runt=240016msec
    clat (msec): min=3, max=57, avg=20.64, stdev= 2.07
     lat (msec): min=3, max=57, avg=20.65, stdev= 2.07
    clat percentiles (usec):
     |  1.00th=[16512],  5.00th=[18816], 10.00th=[18816], 20.00th=[19072],
     | 30.00th=[19328], 40.00th=[19840], 50.00th=[20096], 60.00th=[20608],
     | 70.00th=[21376], 80.00th=[21888], 90.00th=[22912], 95.00th=[24448],
     | 99.00th=[27520], 99.50th=[28800], 99.90th=[33024], 99.95th=[36096],
     | 99.99th=[49408]
    bw (KB  /s): min=40715, max=54000, per=12.51%, avg=49619.68, stdev=2063.43
    lat (msec) : 4=0.01%, 10=0.01%, 20=46.68%, 50=53.31%, 100=0.01%
  cpu          : usr=0.11%, sys=2.68%, ctx=1160437, majf=0, minf=1953
  IO depths    : 1=100.0%, 2=0.0%, 4=0.0%, 8=0.0%, 16=0.0%, 32=0.0%, >=64=0.0%
     submit    : 0=0.0%, 4=100.0%, 8=0.0%, 16=0.0%, 32=0.0%, 64=0.0%, >=64=0.0%
     complete  : 0=0.0%, 4=100.0%, 8=0.0%, 16=0.0%, 32=0.0%, 64=0.0%, >=64=0.0%
     issued    : total=r=0/w=92950/d=0, short=r=0/w=0/d=0, drop=r=0/w=0/d=0
     latency   : target=0, window=0, percentile=100.00%, depth=1

Run status group 0 (all jobs):
  WRITE: io=92950MB, aggrb=396560KB/s, minb=396560KB/s, maxb=396560KB/s, mint=240016msec, maxt=240016msec

CPU idleness:
  system: 96.70%
  unit work: mean=54.43us, stddev=1.68
