fio-beegfs-write-buffered-block_1024k-size_4G-threads_8: (g=0): rw=rw, bs=1M-1M/1M-1M/1M-1M, ioengine=psync, iodepth=1
...
fio-2.2.10
Starting 8 processes
fio-beegfs-write-buffered-block_1024k-size_4G-threads_8: Laying out IO file(s) (4 file(s) / 16384MB)
fio-beegfs-write-buffered-block_1024k-size_4G-threads_8: Laying out IO file(s) (4 file(s) / 16384MB)
fio-beegfs-write-buffered-block_1024k-size_4G-threads_8: Laying out IO file(s) (4 file(s) / 16384MB)
fio-beegfs-write-buffered-block_1024k-size_4G-threads_8: Laying out IO file(s) (4 file(s) / 16384MB)
fio-beegfs-write-buffered-block_1024k-size_4G-threads_8: Laying out IO file(s) (4 file(s) / 16384MB)
fio-beegfs-write-buffered-block_1024k-size_4G-threads_8: Laying out IO file(s) (4 file(s) / 16384MB)
fio-beegfs-write-buffered-block_1024k-size_4G-threads_8: Laying out IO file(s) (4 file(s) / 16384MB)
fio-beegfs-write-buffered-block_1024k-size_4G-threads_8: Laying out IO file(s) (4 file(s) / 16384MB)

fio-beegfs-write-buffered-block_1024k-size_4G-threads_8: (groupid=0, jobs=8): err= 0: pid=17274: Tue Nov 20 13:51:07 2018
  write: io=108546MB, bw=463085KB/s, iops=452, runt=240023msec
    clat (usec): min=912, max=1125.4K, avg=17664.43, stdev=72122.68
     lat (usec): min=929, max=1125.4K, avg=17686.17, stdev=72122.60
    clat percentiles (usec):
     |  1.00th=[ 1144],  5.00th=[ 1256], 10.00th=[ 1352], 20.00th=[ 1672],
     | 30.00th=[ 2320], 40.00th=[ 2448], 50.00th=[ 2608], 60.00th=[ 2672],
     | 70.00th=[ 2736], 80.00th=[ 3024], 90.00th=[27008], 95.00th=[41216],
     | 99.00th=[473088], 99.50th=[497664], 99.90th=[569344], 99.95th=[618496],
     | 99.99th=[708608]
    bw (KB  /s): min= 1882, max=409600, per=13.21%, avg=61152.47, stdev=71074.97
    lat (usec) : 1000=0.02%
    lat (msec) : 2=24.41%, 4=58.43%, 10=1.73%, 20=0.96%, 50=10.34%
    lat (msec) : 100=1.50%, 250=0.14%, 500=1.98%, 750=0.48%, 1000=0.01%
    lat (msec) : 2000=0.01%
  cpu          : usr=0.16%, sys=2.82%, ctx=2616385, majf=0, minf=2148
  IO depths    : 1=100.0%, 2=0.0%, 4=0.0%, 8=0.0%, 16=0.0%, 32=0.0%, >=64=0.0%
     submit    : 0=0.0%, 4=100.0%, 8=0.0%, 16=0.0%, 32=0.0%, 64=0.0%, >=64=0.0%
     complete  : 0=0.0%, 4=100.0%, 8=0.0%, 16=0.0%, 32=0.0%, 64=0.0%, >=64=0.0%
     issued    : total=r=0/w=108546/d=0, short=r=0/w=0/d=0, drop=r=0/w=0/d=0
     latency   : target=0, window=0, percentile=100.00%, depth=1

Run status group 0 (all jobs):
  WRITE: io=108546MB, aggrb=463085KB/s, minb=463085KB/s, maxb=463085KB/s, mint=240023msec, maxt=240023msec

CPU idleness:
  system: 91.16%
  unit work: mean=51.39us, stddev=2.44
