fio-beegfs-write-unbuffered-block_128k-size_1G-threads_4: (g=0): rw=rw, bs=128K-128K/128K-128K/128K-128K, ioengine=psync, iodepth=1
...
fio-2.2.10
Starting 4 processes
fio-beegfs-write-unbuffered-block_128k-size_1G-threads_4: Laying out IO file(s) (4 file(s) / 4096MB)
fio-beegfs-write-unbuffered-block_128k-size_1G-threads_4: Laying out IO file(s) (4 file(s) / 4096MB)
fio-beegfs-write-unbuffered-block_128k-size_1G-threads_4: Laying out IO file(s) (4 file(s) / 4096MB)
fio-beegfs-write-unbuffered-block_128k-size_1G-threads_4: Laying out IO file(s) (4 file(s) / 4096MB)

fio-beegfs-write-unbuffered-block_128k-size_1G-threads_4: (groupid=0, jobs=4): err= 0: pid=9542: Fri Nov 23 19:12:36 2018
  write: io=89641MB, bw=382446KB/s, iops=2987, runt=240014msec
    clat (usec): min=474, max=41692, avg=1335.00, stdev=563.85
     lat (usec): min=476, max=41693, avg=1336.73, stdev=563.85
    clat percentiles (usec):
     |  1.00th=[  852],  5.00th=[  996], 10.00th=[ 1012], 20.00th=[ 1032],
     | 30.00th=[ 1064], 40.00th=[ 1080], 50.00th=[ 1112], 60.00th=[ 1160],
     | 70.00th=[ 1400], 80.00th=[ 1752], 90.00th=[ 1944], 95.00th=[ 2040],
     | 99.00th=[ 2864], 99.50th=[ 3344], 99.90th=[ 8032], 99.95th=[ 8512],
     | 99.99th=[12864]
    bw (KB  /s): min=62339, max=107776, per=25.03%, avg=95711.98, stdev=6787.20
    lat (usec) : 500=0.01%, 750=0.11%, 1000=6.26%
    lat (msec) : 2=86.99%, 4=6.31%, 10=0.31%, 20=0.02%, 50=0.01%
  cpu          : usr=0.40%, sys=5.25%, ctx=1314202, majf=0, minf=17282
  IO depths    : 1=100.0%, 2=0.0%, 4=0.0%, 8=0.0%, 16=0.0%, 32=0.0%, >=64=0.0%
     submit    : 0=0.0%, 4=100.0%, 8=0.0%, 16=0.0%, 32=0.0%, 64=0.0%, >=64=0.0%
     complete  : 0=0.0%, 4=100.0%, 8=0.0%, 16=0.0%, 32=0.0%, 64=0.0%, >=64=0.0%
     issued    : total=r=0/w=717128/d=0, short=r=0/w=0/d=0, drop=r=0/w=0/d=0
     latency   : target=0, window=0, percentile=100.00%, depth=1

Run status group 0 (all jobs):
  WRITE: io=89641MB, aggrb=382445KB/s, minb=382445KB/s, maxb=382445KB/s, mint=240014msec, maxt=240014msec

CPU idleness:
  system: 99.92%
  unit work: mean=56.29us, stddev=1.66
