fio-beegfs-write-unbuffered-block_512k-size_1G-threads_8: (g=0): rw=rw, bs=512K-512K/512K-512K/512K-512K, ioengine=psync, iodepth=1
...
fio-2.2.10
Starting 8 processes
fio-beegfs-write-unbuffered-block_512k-size_1G-threads_8: Laying out IO file(s) (4 file(s) / 4096MB)
fio-beegfs-write-unbuffered-block_512k-size_1G-threads_8: Laying out IO file(s) (4 file(s) / 4096MB)
fio-beegfs-write-unbuffered-block_512k-size_1G-threads_8: Laying out IO file(s) (4 file(s) / 4096MB)
fio-beegfs-write-unbuffered-block_512k-size_1G-threads_8: Laying out IO file(s) (4 file(s) / 4096MB)
fio-beegfs-write-unbuffered-block_512k-size_1G-threads_8: Laying out IO file(s) (4 file(s) / 4096MB)
fio-beegfs-write-unbuffered-block_512k-size_1G-threads_8: Laying out IO file(s) (4 file(s) / 4096MB)
fio-beegfs-write-unbuffered-block_512k-size_1G-threads_8: Laying out IO file(s) (4 file(s) / 4096MB)
fio-beegfs-write-unbuffered-block_512k-size_1G-threads_8: Laying out IO file(s) (4 file(s) / 4096MB)

fio-beegfs-write-unbuffered-block_512k-size_1G-threads_8: (groupid=0, jobs=8): err= 0: pid=14109: Sat Nov 24 07:21:05 2018
  write: io=89802MB, bw=383136KB/s, iops=748, runt=240011msec
    clat (msec): min=1, max=45, avg=10.68, stdev= 1.66
     lat (msec): min=1, max=45, avg=10.69, stdev= 1.66
    clat percentiles (usec):
     |  1.00th=[ 8256],  5.00th=[ 9408], 10.00th=[ 9536], 20.00th=[ 9664],
     | 30.00th=[ 9792], 40.00th=[ 9920], 50.00th=[10304], 60.00th=[10560],
     | 70.00th=[10816], 80.00th=[11328], 90.00th=[12352], 95.00th=[14272],
     | 99.00th=[16768], 99.50th=[17792], 99.90th=[20608], 99.95th=[22656],
     | 99.99th=[31360]
    bw (KB  /s): min=31751, max=52720, per=12.51%, avg=47940.39, stdev=3898.30
    lat (msec) : 2=0.01%, 4=0.10%, 10=41.97%, 20=57.81%, 50=0.12%
  cpu          : usr=0.12%, sys=2.61%, ctx=1176182, majf=0, minf=4508
  IO depths    : 1=100.0%, 2=0.0%, 4=0.0%, 8=0.0%, 16=0.0%, 32=0.0%, >=64=0.0%
     submit    : 0=0.0%, 4=100.0%, 8=0.0%, 16=0.0%, 32=0.0%, 64=0.0%, >=64=0.0%
     complete  : 0=0.0%, 4=100.0%, 8=0.0%, 16=0.0%, 32=0.0%, 64=0.0%, >=64=0.0%
     issued    : total=r=0/w=179603/d=0, short=r=0/w=0/d=0, drop=r=0/w=0/d=0
     latency   : target=0, window=0, percentile=100.00%, depth=1

Run status group 0 (all jobs):
  WRITE: io=89802MB, aggrb=383135KB/s, minb=383135KB/s, maxb=383135KB/s, mint=240011msec, maxt=240011msec

CPU idleness:
  system: 97.06%
  unit work: mean=54.61us, stddev=2.34
