fio-beegfs-write-buffered-block_128k-size_1G-threads_1: (g=0): rw=rw, bs=128K-128K/128K-128K/128K-128K, ioengine=psync, iodepth=1
fio-2.2.10
Starting 1 process
fio-beegfs-write-buffered-block_128k-size_1G-threads_1: Laying out IO file(s) (4 file(s) / 4096MB)

fio-beegfs-write-buffered-block_128k-size_1G-threads_1: (groupid=0, jobs=1): err= 0: pid=1125: Sun Nov 18 20:02:38 2018
  write: io=150226MB, bw=640962KB/s, iops=5007, runt=240001msec
    clat (usec): min=8, max=671054, avg=197.33, stdev=4443.94
     lat (usec): min=9, max=671056, avg=198.68, stdev=4443.95
    clat percentiles (usec):
     |  1.00th=[    9],  5.00th=[    9], 10.00th=[    9], 20.00th=[    9],
     | 30.00th=[   10], 40.00th=[   10], 50.00th=[   10], 60.00th=[   10],
     | 70.00th=[   12], 80.00th=[  540], 90.00th=[  572], 95.00th=[  580],
     | 99.00th=[  620], 99.50th=[  636], 99.90th=[  700], 99.95th=[  964],
     | 99.99th=[242688]
    bw (KB  /s): min=10173, max=885248, per=100.00%, avg=660098.29, stdev=314090.80
    lat (usec) : 10=29.11%, 20=45.79%, 50=0.09%, 100=0.01%, 250=0.01%
    lat (usec) : 500=2.34%, 750=22.59%, 1000=0.01%
    lat (msec) : 2=0.01%, 4=0.01%, 10=0.01%, 20=0.01%, 50=0.01%
    lat (msec) : 100=0.01%, 250=0.01%, 500=0.01%, 750=0.01%
  cpu          : usr=1.47%, sys=24.98%, ctx=1341141, majf=0, minf=19379
  IO depths    : 1=100.0%, 2=0.0%, 4=0.0%, 8=0.0%, 16=0.0%, 32=0.0%, >=64=0.0%
     submit    : 0=0.0%, 4=100.0%, 8=0.0%, 16=0.0%, 32=0.0%, 64=0.0%, >=64=0.0%
     complete  : 0=0.0%, 4=100.0%, 8=0.0%, 16=0.0%, 32=0.0%, 64=0.0%, >=64=0.0%
     issued    : total=r=0/w=1201808/d=0, short=r=0/w=0/d=0, drop=r=0/w=0/d=0
     latency   : target=0, window=0, percentile=100.00%, depth=1

Run status group 0 (all jobs):
  WRITE: io=150226MB, aggrb=640961KB/s, minb=640961KB/s, maxb=640961KB/s, mint=240001msec, maxt=240001msec

CPU idleness:
  system: 99.04%
  unit work: mean=55.81us, stddev=2.19
