fio-beegfs-write-unbuffered-block_512k-size_4G-threads_8: (g=0): rw=rw, bs=512K-512K/512K-512K/512K-512K, ioengine=psync, iodepth=1
...
fio-2.2.10
Starting 8 processes
fio-beegfs-write-unbuffered-block_512k-size_4G-threads_8: Laying out IO file(s) (4 file(s) / 16384MB)
fio-beegfs-write-unbuffered-block_512k-size_4G-threads_8: Laying out IO file(s) (4 file(s) / 16384MB)
fio-beegfs-write-unbuffered-block_512k-size_4G-threads_8: Laying out IO file(s) (4 file(s) / 16384MB)
fio-beegfs-write-unbuffered-block_512k-size_4G-threads_8: Laying out IO file(s) (4 file(s) / 16384MB)
fio-beegfs-write-unbuffered-block_512k-size_4G-threads_8: Laying out IO file(s) (4 file(s) / 16384MB)
fio-beegfs-write-unbuffered-block_512k-size_4G-threads_8: Laying out IO file(s) (4 file(s) / 16384MB)
fio-beegfs-write-unbuffered-block_512k-size_4G-threads_8: Laying out IO file(s) (4 file(s) / 16384MB)
fio-beegfs-write-unbuffered-block_512k-size_4G-threads_8: Laying out IO file(s) (4 file(s) / 16384MB)

fio-beegfs-write-unbuffered-block_512k-size_4G-threads_8: (groupid=0, jobs=8): err= 0: pid=17023: Sat Nov 24 22:05:13 2018
  write: io=92585MB, bw=395012KB/s, iops=771, runt=240009msec
    clat (msec): min=1, max=48, avg=10.36, stdev= 1.33
     lat (msec): min=1, max=48, avg=10.37, stdev= 1.33
    clat percentiles (usec):
     |  1.00th=[ 8160],  5.00th=[ 9408], 10.00th=[ 9408], 20.00th=[ 9536],
     | 30.00th=[ 9664], 40.00th=[ 9792], 50.00th=[10048], 60.00th=[10304],
     | 70.00th=[10560], 80.00th=[10944], 90.00th=[11584], 95.00th=[12352],
     | 99.00th=[15808], 99.50th=[16768], 99.90th=[18816], 99.95th=[20608],
     | 99.99th=[25472]
    bw (KB  /s): min=38374, max=53841, per=12.51%, avg=49430.69, stdev=2133.07
    lat (msec) : 2=0.01%, 4=0.08%, 10=48.59%, 20=51.26%, 50=0.06%
  cpu          : usr=0.13%, sys=2.66%, ctx=1153741, majf=0, minf=4576
  IO depths    : 1=100.0%, 2=0.0%, 4=0.0%, 8=0.0%, 16=0.0%, 32=0.0%, >=64=0.0%
     submit    : 0=0.0%, 4=100.0%, 8=0.0%, 16=0.0%, 32=0.0%, 64=0.0%, >=64=0.0%
     complete  : 0=0.0%, 4=100.0%, 8=0.0%, 16=0.0%, 32=0.0%, 64=0.0%, >=64=0.0%
     issued    : total=r=0/w=185169/d=0, short=r=0/w=0/d=0, drop=r=0/w=0/d=0
     latency   : target=0, window=0, percentile=100.00%, depth=1

Run status group 0 (all jobs):
  WRITE: io=92585MB, aggrb=395012KB/s, minb=395012KB/s, maxb=395012KB/s, mint=240009msec, maxt=240009msec

CPU idleness:
  system: 91.67%
  unit work: mean=51.60us, stddev=2.71
