fio-beegfs-read-buffered-block_512k-size_2G-threads_8: (g=0): rw=rw, bs=512K-512K/512K-512K/512K-512K, ioengine=psync, iodepth=1
...
fio-2.2.10
Starting 8 processes
fio-beegfs-read-buffered-block_512k-size_2G-threads_8: Laying out IO file(s) (4 file(s) / 8192MB)
fio-beegfs-read-buffered-block_512k-size_2G-threads_8: Laying out IO file(s) (4 file(s) / 8192MB)
fio-beegfs-read-buffered-block_512k-size_2G-threads_8: Laying out IO file(s) (4 file(s) / 8192MB)
fio-beegfs-read-buffered-block_512k-size_2G-threads_8: Laying out IO file(s) (4 file(s) / 8192MB)
fio-beegfs-read-buffered-block_512k-size_2G-threads_8: Laying out IO file(s) (4 file(s) / 8192MB)
fio-beegfs-read-buffered-block_512k-size_2G-threads_8: Laying out IO file(s) (4 file(s) / 8192MB)
fio-beegfs-read-buffered-block_512k-size_2G-threads_8: Laying out IO file(s) (4 file(s) / 8192MB)
fio-beegfs-read-buffered-block_512k-size_2G-threads_8: Laying out IO file(s) (4 file(s) / 8192MB)

fio-beegfs-read-buffered-block_512k-size_2G-threads_8: (groupid=0, jobs=8): err= 0: pid=15381: Tue Nov 20 01:12:10 2018
  read : io=707318MB, bw=2946.2MB/s, iops=5893, runt=240013msec
    clat (usec): min=430, max=78340, avg=1355.15, stdev=531.59
     lat (usec): min=430, max=78340, avg=1355.30, stdev=531.59
    clat percentiles (usec):
     |  1.00th=[  892],  5.00th=[ 1012], 10.00th=[ 1064], 20.00th=[ 1144],
     | 30.00th=[ 1192], 40.00th=[ 1224], 50.00th=[ 1272], 60.00th=[ 1320],
     | 70.00th=[ 1368], 80.00th=[ 1448], 90.00th=[ 1816], 95.00th=[ 1976],
     | 99.00th=[ 2416], 99.50th=[ 2576], 99.90th=[ 5152], 99.95th=[ 9408],
     | 99.99th=[18560]
    bw (KB  /s): min=302080, max=422912, per=12.51%, avg=377571.39, stdev=10492.64
    lat (usec) : 500=0.01%, 750=0.12%, 1000=4.22%
    lat (msec) : 2=91.19%, 4=4.35%, 10=0.09%, 20=0.04%, 50=0.01%
    lat (msec) : 100=0.01%
  cpu          : usr=0.24%, sys=45.13%, ctx=27201870, majf=0, minf=34338
  IO depths    : 1=100.0%, 2=0.0%, 4=0.0%, 8=0.0%, 16=0.0%, 32=0.0%, >=64=0.0%
     submit    : 0=0.0%, 4=100.0%, 8=0.0%, 16=0.0%, 32=0.0%, 64=0.0%, >=64=0.0%
     complete  : 0=0.0%, 4=100.0%, 8=0.0%, 16=0.0%, 32=0.0%, 64=0.0%, >=64=0.0%
     issued    : total=r=1414636/w=0/d=0, short=r=0/w=0/d=0, drop=r=0/w=0/d=0
     latency   : target=0, window=0, percentile=100.00%, depth=1

Run status group 0 (all jobs):
   READ: io=707318MB, aggrb=2946.2MB/s, minb=2946.2MB/s, maxb=2946.2MB/s, mint=240013msec, maxt=240013msec

CPU idleness:
  system: 91.74%
  unit work: mean=56.26us, stddev=2.06
