fio-beegfs-write-unbuffered-block_128k-size_2G-threads_1: (g=0): rw=rw, bs=128K-128K/128K-128K/128K-128K, ioengine=psync, iodepth=1
fio-2.2.10
Starting 1 process
fio-beegfs-write-unbuffered-block_128k-size_2G-threads_1: Laying out IO file(s) (4 file(s) / 8192MB)

fio-beegfs-write-unbuffered-block_128k-size_2G-threads_1: (groupid=0, jobs=1): err= 0: pid=2552: Fri Nov 23 08:57:20 2018
  write: io=59501MB, bw=253870KB/s, iops=1983, runt=240001msec
    clat (usec): min=410, max=35142, avg=500.49, stdev=196.98
     lat (usec): min=412, max=35144, avg=502.27, stdev=196.98
    clat percentiles (usec):
     |  1.00th=[  434],  5.00th=[  446], 10.00th=[  454], 20.00th=[  462],
     | 30.00th=[  470], 40.00th=[  478], 50.00th=[  486], 60.00th=[  494],
     | 70.00th=[  506], 80.00th=[  524], 90.00th=[  548], 95.00th=[  572],
     | 99.00th=[  652], 99.50th=[  684], 99.90th=[ 1656], 99.95th=[ 5152],
     | 99.99th=[ 8256]
    bw (KB  /s): min=177920, max=277504, per=100.00%, avg=253990.80, stdev=10380.82
    lat (usec) : 500=64.12%, 750=35.63%, 1000=0.09%
    lat (msec) : 2=0.06%, 4=0.01%, 10=0.07%, 20=0.01%, 50=0.01%
  cpu          : usr=1.27%, sys=12.43%, ctx=1718921, majf=0, minf=8084
  IO depths    : 1=100.0%, 2=0.0%, 4=0.0%, 8=0.0%, 16=0.0%, 32=0.0%, >=64=0.0%
     submit    : 0=0.0%, 4=100.0%, 8=0.0%, 16=0.0%, 32=0.0%, 64=0.0%, >=64=0.0%
     complete  : 0=0.0%, 4=100.0%, 8=0.0%, 16=0.0%, 32=0.0%, 64=0.0%, >=64=0.0%
     issued    : total=r=0/w=476009/d=0, short=r=0/w=0/d=0, drop=r=0/w=0/d=0
     latency   : target=0, window=0, percentile=100.00%, depth=1

Run status group 0 (all jobs):
  WRITE: io=59501MB, aggrb=253870KB/s, minb=253870KB/s, maxb=253870KB/s, mint=240001msec, maxt=240001msec

CPU idleness:
  system: 99.33%
  unit work: mean=55.85us, stddev=1.52
