fio-beegfs-write-unbuffered-block_128k-size_4G-threads_4: (g=0): rw=rw, bs=128K-128K/128K-128K/128K-128K, ioengine=psync, iodepth=1
...
fio-2.2.10
Starting 4 processes
fio-beegfs-write-unbuffered-block_128k-size_4G-threads_4: Laying out IO file(s) (4 file(s) / 16384MB)
fio-beegfs-write-unbuffered-block_128k-size_4G-threads_4: Laying out IO file(s) (4 file(s) / 16384MB)
fio-beegfs-write-unbuffered-block_128k-size_4G-threads_4: Laying out IO file(s) (4 file(s) / 16384MB)
fio-beegfs-write-unbuffered-block_128k-size_4G-threads_4: Laying out IO file(s) (4 file(s) / 16384MB)

fio-beegfs-write-unbuffered-block_128k-size_4G-threads_4: (groupid=0, jobs=4): err= 0: pid=12376: Sat Nov 24 02:32:47 2018
  write: io=87209MB, bw=372090KB/s, iops=2906, runt=240001msec
    clat (usec): min=485, max=36956, avg=1372.38, stdev=598.98
     lat (usec): min=487, max=36958, avg=1374.11, stdev=598.98
    clat percentiles (usec):
     |  1.00th=[  908],  5.00th=[  988], 10.00th=[ 1012], 20.00th=[ 1032],
     | 30.00th=[ 1048], 40.00th=[ 1080], 50.00th=[ 1112], 60.00th=[ 1192],
     | 70.00th=[ 1464], 80.00th=[ 1832], 90.00th=[ 1992], 95.00th=[ 2128],
     | 99.00th=[ 3248], 99.50th=[ 3792], 99.90th=[ 7968], 99.95th=[ 8512],
     | 99.99th=[12736]
    bw (KB  /s): min=38323, max=106027, per=25.02%, avg=93110.71, stdev=9746.54
    lat (usec) : 500=0.01%, 750=0.10%, 1000=7.35%
    lat (msec) : 2=83.15%, 4=8.97%, 10=0.41%, 20=0.02%, 50=0.01%
  cpu          : usr=0.37%, sys=5.46%, ctx=1843625, majf=0, minf=17055
  IO depths    : 1=100.0%, 2=0.0%, 4=0.0%, 8=0.0%, 16=0.0%, 32=0.0%, >=64=0.0%
     submit    : 0=0.0%, 4=100.0%, 8=0.0%, 16=0.0%, 32=0.0%, 64=0.0%, >=64=0.0%
     complete  : 0=0.0%, 4=100.0%, 8=0.0%, 16=0.0%, 32=0.0%, 64=0.0%, >=64=0.0%
     issued    : total=r=0/w=697671/d=0, short=r=0/w=0/d=0, drop=r=0/w=0/d=0
     latency   : target=0, window=0, percentile=100.00%, depth=1

Run status group 0 (all jobs):
  WRITE: io=87209MB, aggrb=372089KB/s, minb=372089KB/s, maxb=372089KB/s, mint=240001msec, maxt=240001msec

CPU idleness:
  system: 81.45%
  unit work: mean=45.88us, stddev=2.27
