fio-beegfs-read-unbuffered-block_1024k-size_2G-threads_8: (g=0): rw=rw, bs=1M-1M/1M-1M/1M-1M, ioengine=psync, iodepth=1
...
fio-2.2.10
Starting 8 processes
fio-beegfs-read-unbuffered-block_1024k-size_2G-threads_8: Laying out IO file(s) (4 file(s) / 8192MB)
fio-beegfs-read-unbuffered-block_1024k-size_2G-threads_8: Laying out IO file(s) (4 file(s) / 8192MB)
fio-beegfs-read-unbuffered-block_1024k-size_2G-threads_8: Laying out IO file(s) (4 file(s) / 8192MB)
fio-beegfs-read-unbuffered-block_1024k-size_2G-threads_8: Laying out IO file(s) (4 file(s) / 8192MB)
fio-beegfs-read-unbuffered-block_1024k-size_2G-threads_8: Laying out IO file(s) (4 file(s) / 8192MB)
fio-beegfs-read-unbuffered-block_1024k-size_2G-threads_8: Laying out IO file(s) (4 file(s) / 8192MB)
fio-beegfs-read-unbuffered-block_1024k-size_2G-threads_8: Laying out IO file(s) (4 file(s) / 8192MB)
fio-beegfs-read-unbuffered-block_1024k-size_2G-threads_8: Laying out IO file(s) (4 file(s) / 8192MB)

fio-beegfs-read-unbuffered-block_1024k-size_2G-threads_8: (groupid=0, jobs=8): err= 0: pid=15712: Sat Nov 24 13:07:05 2018
  read : io=119800MB, bw=511123KB/s, iops=499, runt=240011msec
    clat (msec): min=5, max=55, avg=16.02, stdev= 2.11
     lat (msec): min=5, max=55, avg=16.02, stdev= 2.11
    clat percentiles (usec):
     |  1.00th=[14272],  5.00th=[14912], 10.00th=[15168], 20.00th=[15296],
     | 30.00th=[15296], 40.00th=[15296], 50.00th=[15296], 60.00th=[15552],
     | 70.00th=[15552], 80.00th=[15680], 90.00th=[17536], 95.00th=[20864],
     | 99.00th=[25216], 99.50th=[26240], 99.90th=[31104], 99.95th=[34560],
     | 99.99th=[50432]
    bw (KB  /s): min=50097, max=69079, per=12.51%, avg=63955.24, stdev=2496.37
    lat (msec) : 10=0.03%, 20=94.12%, 50=5.84%, 100=0.01%
  cpu          : usr=0.03%, sys=4.21%, ctx=536519, majf=0, minf=2270
  IO depths    : 1=100.0%, 2=0.0%, 4=0.0%, 8=0.0%, 16=0.0%, 32=0.0%, >=64=0.0%
     submit    : 0=0.0%, 4=100.0%, 8=0.0%, 16=0.0%, 32=0.0%, 64=0.0%, >=64=0.0%
     complete  : 0=0.0%, 4=100.0%, 8=0.0%, 16=0.0%, 32=0.0%, 64=0.0%, >=64=0.0%
     issued    : total=r=119800/w=0/d=0, short=r=0/w=0/d=0, drop=r=0/w=0/d=0
     latency   : target=0, window=0, percentile=100.00%, depth=1

Run status group 0 (all jobs):
   READ: io=119800MB, aggrb=511123KB/s, minb=511123KB/s, maxb=511123KB/s, mint=240011msec, maxt=240011msec

CPU idleness:
  system: 91.00%
  unit work: mean=51.28us, stddev=2.36
