fio-beegfs-write-buffered-block_16k-size_4G-threads_2: (g=0): rw=rw, bs=16K-16K/16K-16K/16K-16K, ioengine=psync, iodepth=1
...
fio-2.2.10
Starting 2 processes
fio-beegfs-write-buffered-block_16k-size_4G-threads_2: Laying out IO file(s) (4 file(s) / 16384MB)
fio-beegfs-write-buffered-block_16k-size_4G-threads_2: Laying out IO file(s) (4 file(s) / 16384MB)

fio-beegfs-write-buffered-block_16k-size_4G-threads_2: (groupid=0, jobs=2): err= 0: pid=7532: Mon Nov 19 04:02:13 2018
  write: io=95674MB, bw=407631KB/s, iops=25476, runt=240340msec
    clat (usec): min=1, max=688703, avg=77.59, stdev=4882.16
     lat (usec): min=1, max=688703, avg=77.82, stdev=4882.16
    clat percentiles (usec):
     |  1.00th=[    1],  5.00th=[    1], 10.00th=[    2], 20.00th=[    2],
     | 30.00th=[    2], 40.00th=[    2], 50.00th=[    2], 60.00th=[    4],
     | 70.00th=[    5], 80.00th=[    5], 90.00th=[    5], 95.00th=[    6],
     | 99.00th=[  684], 99.50th=[  708], 99.90th=[  796], 99.95th=[  860],
     | 99.99th=[370688]
    bw (KB  /s): min= 3322, max=679936, per=52.30%, avg=213173.95, stdev=233541.31
    lat (usec) : 2=7.04%, 4=49.69%, 10=38.89%, 20=0.75%, 50=0.47%
    lat (usec) : 100=0.03%, 250=0.01%, 500=0.02%, 750=2.90%, 1000=0.18%
    lat (msec) : 2=0.01%, 4=0.01%, 10=0.01%, 20=0.01%, 50=0.01%
    lat (msec) : 100=0.01%, 250=0.01%, 500=0.01%, 750=0.01%
  cpu          : usr=1.44%, sys=13.28%, ctx=806061, majf=0, minf=82344
  IO depths    : 1=100.0%, 2=0.0%, 4=0.0%, 8=0.0%, 16=0.0%, 32=0.0%, >=64=0.0%
     submit    : 0=0.0%, 4=100.0%, 8=0.0%, 16=0.0%, 32=0.0%, 64=0.0%, >=64=0.0%
     complete  : 0=0.0%, 4=100.0%, 8=0.0%, 16=0.0%, 32=0.0%, 64=0.0%, >=64=0.0%
     issued    : total=r=0/w=6123131/d=0, short=r=0/w=0/d=0, drop=r=0/w=0/d=0
     latency   : target=0, window=0, percentile=100.00%, depth=1

Run status group 0 (all jobs):
  WRITE: io=95674MB, aggrb=407631KB/s, minb=407631KB/s, maxb=407631KB/s, mint=240340msec, maxt=240340msec

CPU idleness:
  system: 94.83%
  unit work: mean=53.36us, stddev=3.30
