fio-beegfs-write-buffered-block_16k-size_2G-threads_8: (g=0): rw=rw, bs=16K-16K/16K-16K/16K-16K, ioengine=psync, iodepth=1
...
fio-2.2.10
Starting 8 processes
fio-beegfs-write-buffered-block_16k-size_2G-threads_8: Laying out IO file(s) (4 file(s) / 8192MB)
fio-beegfs-write-buffered-block_16k-size_2G-threads_8: Laying out IO file(s) (4 file(s) / 8192MB)
fio-beegfs-write-buffered-block_16k-size_2G-threads_8: Laying out IO file(s) (4 file(s) / 8192MB)
fio-beegfs-write-buffered-block_16k-size_2G-threads_8: Laying out IO file(s) (4 file(s) / 8192MB)
fio-beegfs-write-buffered-block_16k-size_2G-threads_8: Laying out IO file(s) (4 file(s) / 8192MB)
fio-beegfs-write-buffered-block_16k-size_2G-threads_8: Laying out IO file(s) (4 file(s) / 8192MB)
fio-beegfs-write-buffered-block_16k-size_2G-threads_8: Laying out IO file(s) (4 file(s) / 8192MB)
fio-beegfs-write-buffered-block_16k-size_2G-threads_8: Laying out IO file(s) (4 file(s) / 8192MB)

fio-beegfs-write-buffered-block_16k-size_2G-threads_8: (groupid=0, jobs=8): err= 0: pid=3645149: Fri Nov  9 21:49:53 2018
  write: io=103108MB, bw=439815KB/s, iops=27488, runt=240061msec
    clat (usec): min=1, max=685294, avg=289.94, stdev=10522.53
     lat (usec): min=1, max=685295, avg=290.19, stdev=10522.54
    clat percentiles (usec):
     |  1.00th=[    1],  5.00th=[    2], 10.00th=[    2], 20.00th=[    2],
     | 30.00th=[    2], 40.00th=[    3], 50.00th=[    3], 60.00th=[    5],
     | 70.00th=[    5], 80.00th=[    5], 90.00th=[    6], 95.00th=[   16],
     | 99.00th=[ 1224], 99.50th=[ 1352], 99.90th=[ 1832], 99.95th=[313344],
     | 99.99th=[485376]
    bw (KB  /s): min=   30, max=389216, per=13.16%, avg=57859.24, stdev=73711.37
    lat (usec) : 2=2.36%, 4=50.27%, 10=40.47%, 20=2.57%, 50=1.14%
    lat (usec) : 100=0.06%, 250=0.01%, 500=0.01%, 750=0.23%, 1000=0.57%
    lat (msec) : 2=2.24%, 4=0.01%, 10=0.01%, 20=0.01%, 50=0.01%
    lat (msec) : 100=0.01%, 250=0.01%, 500=0.05%, 750=0.01%
  cpu          : usr=0.46%, sys=4.29%, ctx=2433448, majf=0, minf=119661
  IO depths    : 1=100.0%, 2=0.0%, 4=0.0%, 8=0.0%, 16=0.0%, 32=0.0%, >=64=0.0%
     submit    : 0=0.0%, 4=100.0%, 8=0.0%, 16=0.0%, 32=0.0%, 64=0.0%, >=64=0.0%
     complete  : 0=0.0%, 4=100.0%, 8=0.0%, 16=0.0%, 32=0.0%, 64=0.0%, >=64=0.0%
     issued    : total=r=0/w=6598901/d=0, short=r=0/w=0/d=0, drop=r=0/w=0/d=0
     latency   : target=0, window=0, percentile=100.00%, depth=1

Run status group 0 (all jobs):
  WRITE: io=103108MB, aggrb=439814KB/s, minb=439814KB/s, maxb=439814KB/s, mint=240061msec, maxt=240061msec

CPU idleness:
  system: 95.82%
  unit work: mean=53.97us, stddev=2.87
