fio-beegfs-write-unbuffered-block_64k-size_4G-threads_1: (g=0): rw=rw, bs=64K-64K/64K-64K/64K-64K, ioengine=psync, iodepth=1
fio-2.2.10
Starting 1 process
fio-beegfs-write-unbuffered-block_64k-size_4G-threads_1: Laying out IO file(s) (4 file(s) / 16384MB)

fio-beegfs-write-unbuffered-block_64k-size_4G-threads_1: (groupid=0, jobs=1): err= 0: pid=3389479: Wed Nov 21 06:43:31 2018
  write: io=42230MB, bw=180179KB/s, iops=2815, runt=240001msec
    clat (usec): min=269, max=34343, avg=352.57, stdev=91.02
     lat (usec): min=270, max=34344, avg=353.43, stdev=91.02
    clat percentiles (usec):
     |  1.00th=[  286],  5.00th=[  302], 10.00th=[  310], 20.00th=[  318],
     | 30.00th=[  330], 40.00th=[  338], 50.00th=[  346], 60.00th=[  354],
     | 70.00th=[  366], 80.00th=[  378], 90.00th=[  402], 95.00th=[  426],
     | 99.00th=[  478], 99.50th=[  490], 99.90th=[  572], 99.95th=[  788],
     | 99.99th=[ 4384]
    bw (KB  /s): min=164864, max=198272, per=100.00%, avg=180233.37, stdev=5669.51
    lat (usec) : 500=99.71%, 750=0.24%, 1000=0.01%
    lat (msec) : 2=0.01%, 4=0.02%, 10=0.02%, 50=0.01%
  cpu          : usr=1.20%, sys=11.88%, ctx=1895907, majf=0, minf=13210
  IO depths    : 1=100.0%, 2=0.0%, 4=0.0%, 8=0.0%, 16=0.0%, 32=0.0%, >=64=0.0%
     submit    : 0=0.0%, 4=100.0%, 8=0.0%, 16=0.0%, 32=0.0%, 64=0.0%, >=64=0.0%
     complete  : 0=0.0%, 4=100.0%, 8=0.0%, 16=0.0%, 32=0.0%, 64=0.0%, >=64=0.0%
     issued    : total=r=0/w=675675/d=0, short=r=0/w=0/d=0, drop=r=0/w=0/d=0
     latency   : target=0, window=0, percentile=100.00%, depth=1

Run status group 0 (all jobs):
  WRITE: io=42230MB, aggrb=180179KB/s, minb=180179KB/s, maxb=180179KB/s, mint=240001msec, maxt=240001msec

CPU idleness:
  system: 98.45%
  unit work: mean=55.41us, stddev=2.52
