fio-beegfs-read-unbuffered-block_1024k-size_2G-threads_2: (g=0): rw=rw, bs=1M-1M/1M-1M/1M-1M, ioengine=psync, iodepth=1
...
fio-2.2.10
Starting 2 processes
fio-beegfs-read-unbuffered-block_1024k-size_2G-threads_2: Laying out IO file(s) (4 file(s) / 8192MB)
fio-beegfs-read-unbuffered-block_1024k-size_2G-threads_2: Laying out IO file(s) (4 file(s) / 8192MB)

fio-beegfs-read-unbuffered-block_1024k-size_2G-threads_2: (groupid=0, jobs=2): err= 0: pid=3468353: Wed Nov 21 11:08:47 2018
  read : io=98738MB, bw=421275KB/s, iops=411, runt=240004msec
    clat (usec): min=3404, max=18760, avg=4859.44, stdev=674.21
     lat (usec): min=3404, max=18760, avg=4859.58, stdev=674.20
    clat percentiles (usec):
     |  1.00th=[ 4576],  5.00th=[ 4640], 10.00th=[ 4640], 20.00th=[ 4704],
     | 30.00th=[ 4704], 40.00th=[ 4704], 50.00th=[ 4768], 60.00th=[ 4768],
     | 70.00th=[ 4768], 80.00th=[ 4832], 90.00th=[ 4896], 95.00th=[ 5088],
     | 99.00th=[ 8384], 99.50th=[ 9920], 99.90th=[12736], 99.95th=[13504],
     | 99.99th=[14784]
    bw (KB  /s): min=191745, max=217829, per=50.05%, avg=210830.84, stdev=6313.03
    lat (msec) : 4=0.01%, 10=99.50%, 20=0.49%
  cpu          : usr=0.07%, sys=12.94%, ctx=496538, majf=0, minf=1945
  IO depths    : 1=100.0%, 2=0.0%, 4=0.0%, 8=0.0%, 16=0.0%, 32=0.0%, >=64=0.0%
     submit    : 0=0.0%, 4=100.0%, 8=0.0%, 16=0.0%, 32=0.0%, 64=0.0%, >=64=0.0%
     complete  : 0=0.0%, 4=100.0%, 8=0.0%, 16=0.0%, 32=0.0%, 64=0.0%, >=64=0.0%
     issued    : total=r=98738/w=0/d=0, short=r=0/w=0/d=0, drop=r=0/w=0/d=0
     latency   : target=0, window=0, percentile=100.00%, depth=1

Run status group 0 (all jobs):
   READ: io=98738MB, aggrb=421275KB/s, minb=421275KB/s, maxb=421275KB/s, mint=240004msec, maxt=240004msec

CPU idleness:
  system: 99.28%
  unit work: mean=55.90us, stddev=1.72
