fio-beegfs-read-buffered-block_128k-size_4G-threads_8: (g=0): rw=rw, bs=128K-128K/128K-128K/128K-128K, ioengine=psync, iodepth=1
...
fio-2.2.10
Starting 8 processes
fio-beegfs-read-buffered-block_128k-size_4G-threads_8: Laying out IO file(s) (4 file(s) / 16384MB)
fio-beegfs-read-buffered-block_128k-size_4G-threads_8: Laying out IO file(s) (4 file(s) / 16384MB)
fio-beegfs-read-buffered-block_128k-size_4G-threads_8: Laying out IO file(s) (4 file(s) / 16384MB)
fio-beegfs-read-buffered-block_128k-size_4G-threads_8: Laying out IO file(s) (4 file(s) / 16384MB)
fio-beegfs-read-buffered-block_128k-size_4G-threads_8: Laying out IO file(s) (4 file(s) / 16384MB)
fio-beegfs-read-buffered-block_128k-size_4G-threads_8: Laying out IO file(s) (4 file(s) / 16384MB)
fio-beegfs-read-buffered-block_128k-size_4G-threads_8: Laying out IO file(s) (4 file(s) / 16384MB)
fio-beegfs-read-buffered-block_128k-size_4G-threads_8: Laying out IO file(s) (4 file(s) / 16384MB)

fio-beegfs-read-buffered-block_128k-size_4G-threads_8: (groupid=0, jobs=8): err= 0: pid=3767742: Sat Nov 10 08:03:53 2018
  read : io=488874MB, bw=2034.8MB/s, iops=16278, runt=240261msec
    clat (usec): min=9, max=970490, avg=489.93, stdev=11353.32
     lat (usec): min=9, max=970490, avg=490.02, stdev=11353.33
    clat percentiles (usec):
     |  1.00th=[   10],  5.00th=[   10], 10.00th=[   10], 20.00th=[   11],
     | 30.00th=[   11], 40.00th=[   11], 50.00th=[   11], 60.00th=[   13],
     | 70.00th=[   23], 80.00th=[  540], 90.00th=[  620], 95.00th=[  676],
     | 99.00th=[  876], 99.50th=[ 1160], 99.90th=[50944], 99.95th=[284672],
     | 99.99th=[561152]
    bw (KB  /s): min=  168, max=881408, per=14.57%, avg=303647.37, stdev=325978.19
    lat (usec) : 10=0.21%, 20=66.30%, 50=8.03%, 100=0.42%, 250=0.02%
    lat (usec) : 500=1.18%, 750=21.61%, 1000=1.56%
    lat (msec) : 2=0.49%, 4=0.01%, 10=0.01%, 20=0.01%, 50=0.05%
    lat (msec) : 100=0.02%, 250=0.03%, 500=0.04%, 750=0.02%, 1000=0.01%
  cpu          : usr=0.31%, sys=24.63%, ctx=1955774, majf=0, minf=69713
  IO depths    : 1=100.0%, 2=0.0%, 4=0.0%, 8=0.0%, 16=0.0%, 32=0.0%, >=64=0.0%
     submit    : 0=0.0%, 4=100.0%, 8=0.0%, 16=0.0%, 32=0.0%, 64=0.0%, >=64=0.0%
     complete  : 0=0.0%, 4=100.0%, 8=0.0%, 16=0.0%, 32=0.0%, 64=0.0%, >=64=0.0%
     issued    : total=r=3910995/w=0/d=0, short=r=0/w=0/d=0, drop=r=0/w=0/d=0
     latency   : target=0, window=0, percentile=100.00%, depth=1

Run status group 0 (all jobs):
   READ: io=488874MB, aggrb=2034.8MB/s, minb=2034.8MB/s, maxb=2034.8MB/s, mint=240261msec, maxt=240261msec

CPU idleness:
  system: 93.56%
  unit work: mean=54.01us, stddev=2.20
