fio-beegfs-write-unbuffered-block_16k-size_1G-threads_4: (g=0): rw=rw, bs=16K-16K/16K-16K/16K-16K, ioengine=psync, iodepth=1
...
fio-2.2.10
Starting 4 processes
fio-beegfs-write-unbuffered-block_16k-size_1G-threads_4: Laying out IO file(s) (4 file(s) / 4096MB)
fio-beegfs-write-unbuffered-block_16k-size_1G-threads_4: Laying out IO file(s) (4 file(s) / 4096MB)
fio-beegfs-write-unbuffered-block_16k-size_1G-threads_4: Laying out IO file(s) (4 file(s) / 4096MB)
fio-beegfs-write-unbuffered-block_16k-size_1G-threads_4: Laying out IO file(s) (4 file(s) / 4096MB)

fio-beegfs-write-unbuffered-block_16k-size_1G-threads_4: (groupid=0, jobs=4): err= 0: pid=3536041: Wed Nov 21 15:01:03 2018
  write: io=66576MB, bw=284056KB/s, iops=17753, runt=240001msec
    clat (usec): min=144, max=176455, avg=223.41, stdev=195.89
     lat (usec): min=145, max=176455, avg=223.74, stdev=195.89
    clat percentiles (usec):
     |  1.00th=[  169],  5.00th=[  179], 10.00th=[  185], 20.00th=[  195],
     | 30.00th=[  203], 40.00th=[  211], 50.00th=[  217], 60.00th=[  223],
     | 70.00th=[  233], 80.00th=[  243], 90.00th=[  262], 95.00th=[  278],
     | 99.00th=[  326], 99.50th=[  354], 99.90th=[  948], 99.95th=[ 1576],
     | 99.99th=[ 5216]
    bw (KB  /s): min=51344, max=74144, per=25.01%, avg=71039.25, stdev=2072.66
    lat (usec) : 250=84.40%, 500=15.39%, 750=0.08%, 1000=0.03%
    lat (msec) : 2=0.06%, 4=0.01%, 10=0.03%, 20=0.01%, 250=0.01%
  cpu          : usr=1.41%, sys=14.92%, ctx=6391559, majf=0, minf=71095
  IO depths    : 1=100.0%, 2=0.0%, 4=0.0%, 8=0.0%, 16=0.0%, 32=0.0%, >=64=0.0%
     submit    : 0=0.0%, 4=100.0%, 8=0.0%, 16=0.0%, 32=0.0%, 64=0.0%, >=64=0.0%
     complete  : 0=0.0%, 4=100.0%, 8=0.0%, 16=0.0%, 32=0.0%, 64=0.0%, >=64=0.0%
     issued    : total=r=0/w=4260853/d=0, short=r=0/w=0/d=0, drop=r=0/w=0/d=0
     latency   : target=0, window=0, percentile=100.00%, depth=1

Run status group 0 (all jobs):
  WRITE: io=66576MB, aggrb=284055KB/s, minb=284055KB/s, maxb=284055KB/s, mint=240001msec, maxt=240001msec

CPU idleness:
  system: 95.96%
  unit work: mean=54.63us, stddev=2.68
