fio-beegfs-write-buffered-block_1024k-size_1G-threads_1: (g=0): rw=rw, bs=1M-1M/1M-1M/1M-1M, ioengine=psync, iodepth=1
fio-2.2.10
Starting 1 process
fio-beegfs-write-buffered-block_1024k-size_1G-threads_1: Laying out IO file(s) (4 file(s) / 4096MB)

fio-beegfs-write-buffered-block_1024k-size_1G-threads_1: (groupid=0, jobs=1): err= 0: pid=3317925: Thu Nov  8 19:39:41 2018
  write: io=139383MB, bw=594698KB/s, iops=580, runt=240001msec
    clat (usec): min=901, max=3358.4K, avg=1702.83, stdev=19990.78
     lat (usec): min=917, max=3358.4K, avg=1719.65, stdev=19993.09
    clat percentiles (usec):
     |  1.00th=[ 1004],  5.00th=[ 1064], 10.00th=[ 1096], 20.00th=[ 1128],
     | 30.00th=[ 1144], 40.00th=[ 1160], 50.00th=[ 1192], 60.00th=[ 1208],
     | 70.00th=[ 1240], 80.00th=[ 1272], 90.00th=[ 1320], 95.00th=[ 1352],
     | 99.00th=[ 1448], 99.50th=[ 1512], 99.90th=[181248], 99.95th=[428032],
     | 99.99th=[509952]
    bw (KB  /s): min= 2043, max=901120, per=100.00%, avg=634916.82, stdev=315866.09
    lat (usec) : 1000=0.92%
    lat (msec) : 2=98.80%, 4=0.07%, 10=0.04%, 20=0.03%, 50=0.02%
    lat (msec) : 100=0.01%, 250=0.02%, 500=0.08%, 750=0.01%, 2000=0.01%
    lat (msec) : >=2000=0.01%
  cpu          : usr=1.29%, sys=16.76%, ctx=1368531, majf=0, minf=3855
  IO depths    : 1=100.0%, 2=0.0%, 4=0.0%, 8=0.0%, 16=0.0%, 32=0.0%, >=64=0.0%
     submit    : 0=0.0%, 4=100.0%, 8=0.0%, 16=0.0%, 32=0.0%, 64=0.0%, >=64=0.0%
     complete  : 0=0.0%, 4=100.0%, 8=0.0%, 16=0.0%, 32=0.0%, 64=0.0%, >=64=0.0%
     issued    : total=r=0/w=139383/d=0, short=r=0/w=0/d=0, drop=r=0/w=0/d=0
     latency   : target=0, window=0, percentile=100.00%, depth=1

Run status group 0 (all jobs):
  WRITE: io=139383MB, aggrb=594698KB/s, minb=594698KB/s, maxb=594698KB/s, mint=240001msec, maxt=240001msec

CPU idleness:
  system: 86.60%
  unit work: mean=51.66us, stddev=4.60
