fio-beegfs-read-unbuffered-block_16k-size_4G-threads_1: (g=0): rw=rw, bs=16K-16K/16K-16K/16K-16K, ioengine=psync, iodepth=1
fio-2.2.10
Starting 1 process
fio-beegfs-read-unbuffered-block_16k-size_4G-threads_1: Laying out IO file(s) (4 file(s) / 16384MB)

fio-beegfs-read-unbuffered-block_16k-size_4G-threads_1: (groupid=0, jobs=1): err= 0: pid=3378679: Wed Nov 21 06:07:28 2018
  read : io=11112MB, bw=47411KB/s, iops=2963, runt=240001msec
    clat (usec): min=214, max=8122, avg=336.06, stdev=111.50
     lat (usec): min=214, max=8122, avg=336.17, stdev=111.50
    clat percentiles (usec):
     |  1.00th=[  227],  5.00th=[  247], 10.00th=[  270], 20.00th=[  294],
     | 30.00th=[  310], 40.00th=[  322], 50.00th=[  334], 60.00th=[  346],
     | 70.00th=[  354], 80.00th=[  370], 90.00th=[  390], 95.00th=[  406],
     | 99.00th=[  434], 99.50th=[  490], 99.90th=[ 2576], 99.95th=[ 2864],
     | 99.99th=[ 3152]
    bw (KB  /s): min=40384, max=56192, per=100.00%, avg=47442.32, stdev=2827.88
    lat (usec) : 250=5.72%, 500=93.80%, 750=0.16%, 1000=0.09%
    lat (msec) : 2=0.08%, 4=0.16%, 10=0.01%
  cpu          : usr=0.74%, sys=10.01%, ctx=715487, majf=0, minf=13625
  IO depths    : 1=100.0%, 2=0.0%, 4=0.0%, 8=0.0%, 16=0.0%, 32=0.0%, >=64=0.0%
     submit    : 0=0.0%, 4=100.0%, 8=0.0%, 16=0.0%, 32=0.0%, 64=0.0%, >=64=0.0%
     complete  : 0=0.0%, 4=100.0%, 8=0.0%, 16=0.0%, 32=0.0%, 64=0.0%, >=64=0.0%
     issued    : total=r=711170/w=0/d=0, short=r=0/w=0/d=0, drop=r=0/w=0/d=0
     latency   : target=0, window=0, percentile=100.00%, depth=1

Run status group 0 (all jobs):
   READ: io=11112MB, aggrb=47411KB/s, minb=47411KB/s, maxb=47411KB/s, mint=240001msec, maxt=240001msec

CPU idleness:
  system: 94.95%
  unit work: mean=53.34us, stddev=2.23
