fio-beegfs-read-buffered-block_16k-size_1G-threads_2: (g=0): rw=rw, bs=16K-16K/16K-16K/16K-16K, ioengine=psync, iodepth=1
...
fio-2.2.10
Starting 2 processes
fio-beegfs-read-buffered-block_16k-size_1G-threads_2: Laying out IO file(s) (4 file(s) / 4096MB)
fio-beegfs-read-buffered-block_16k-size_1G-threads_2: Laying out IO file(s) (4 file(s) / 4096MB)

fio-beegfs-read-buffered-block_16k-size_1G-threads_2: (groupid=0, jobs=2): err= 0: pid=3360540: Thu Nov  8 23:17:09 2018
  read : io=362620MB, bw=1510.1MB/s, iops=96698, runt=240001msec
    clat (usec): min=1, max=12393, avg=19.99, stdev=100.80
     lat (usec): min=1, max=12393, avg=20.06, stdev=100.81
    clat percentiles (usec):
     |  1.00th=[    1],  5.00th=[    1], 10.00th=[    1], 20.00th=[    2],
     | 30.00th=[    2], 40.00th=[    2], 50.00th=[    2], 60.00th=[    2],
     | 70.00th=[    2], 80.00th=[    2], 90.00th=[    3], 95.00th=[    4],
     | 99.00th=[  596], 99.50th=[  620], 99.90th=[  724], 99.95th=[  788],
     | 99.99th=[  932]
    bw (KB  /s): min=717280, max=802880, per=50.03%, avg=773985.87, stdev=12115.85
    lat (usec) : 2=17.27%, 4=77.39%, 10=1.97%, 20=0.16%, 50=0.07%
    lat (usec) : 100=0.01%, 250=0.01%, 500=0.20%, 750=2.86%, 1000=0.07%
    lat (msec) : 2=0.01%, 4=0.01%, 10=0.01%, 20=0.01%
  cpu          : usr=4.57%, sys=68.94%, ctx=1362768, majf=0, minf=282550
  IO depths    : 1=100.0%, 2=0.0%, 4=0.0%, 8=0.0%, 16=0.0%, 32=0.0%, >=64=0.0%
     submit    : 0=0.0%, 4=100.0%, 8=0.0%, 16=0.0%, 32=0.0%, 64=0.0%, >=64=0.0%
     complete  : 0=0.0%, 4=100.0%, 8=0.0%, 16=0.0%, 32=0.0%, 64=0.0%, >=64=0.0%
     issued    : total=r=23207684/w=0/d=0, short=r=0/w=0/d=0, drop=r=0/w=0/d=0
     latency   : target=0, window=0, percentile=100.00%, depth=1

Run status group 0 (all jobs):
   READ: io=362620MB, aggrb=1510.1MB/s, minb=1510.1MB/s, maxb=1510.1MB/s, mint=240001msec, maxt=240001msec

CPU idleness:
  system: 90.48%
  unit work: mean=51.81us, stddev=1.85
