fio-beegfs-read-buffered-block_512k-size_1G-threads_4: (g=0): rw=rw, bs=512K-512K/512K-512K/512K-512K, ioengine=psync, iodepth=1
...
fio-2.2.10
Starting 4 processes
fio-beegfs-read-buffered-block_512k-size_1G-threads_4: Laying out IO file(s) (4 file(s) / 4096MB)
fio-beegfs-read-buffered-block_512k-size_1G-threads_4: Laying out IO file(s) (4 file(s) / 4096MB)
fio-beegfs-read-buffered-block_512k-size_1G-threads_4: Laying out IO file(s) (4 file(s) / 4096MB)
fio-beegfs-read-buffered-block_512k-size_1G-threads_4: Laying out IO file(s) (4 file(s) / 4096MB)

fio-beegfs-read-buffered-block_512k-size_1G-threads_4: (groupid=0, jobs=4): err= 0: pid=3470922: Fri Nov  9 07:25:02 2018
  read : io=678630MB, bw=2827.5MB/s, iops=5654, runt=240015msec
    clat (usec): min=406, max=20489, avg=705.24, stdev=86.32
     lat (usec): min=406, max=20489, avg=705.38, stdev=86.33
    clat percentiles (usec):
     |  1.00th=[  580],  5.00th=[  620], 10.00th=[  636], 20.00th=[  660],
     | 30.00th=[  676], 40.00th=[  684], 50.00th=[  700], 60.00th=[  708],
     | 70.00th=[  724], 80.00th=[  740], 90.00th=[  764], 95.00th=[  804],
     | 99.00th=[  988], 99.50th=[ 1096], 99.90th=[ 1336], 99.95th=[ 1416],
     | 99.99th=[ 2008]
    bw (KB  /s): min=662528, max=759808, per=25.02%, avg=724407.55, stdev=10833.02
    lat (usec) : 500=0.02%, 750=84.67%, 1000=14.39%
    lat (msec) : 2=0.91%, 4=0.01%, 10=0.01%, 20=0.01%, 50=0.01%
  cpu          : usr=0.44%, sys=73.32%, ctx=3618325, majf=0, minf=29112
  IO depths    : 1=100.0%, 2=0.0%, 4=0.0%, 8=0.0%, 16=0.0%, 32=0.0%, >=64=0.0%
     submit    : 0=0.0%, 4=100.0%, 8=0.0%, 16=0.0%, 32=0.0%, 64=0.0%, >=64=0.0%
     complete  : 0=0.0%, 4=100.0%, 8=0.0%, 16=0.0%, 32=0.0%, 64=0.0%, >=64=0.0%
     issued    : total=r=1357260/w=0/d=0, short=r=0/w=0/d=0, drop=r=0/w=0/d=0
     latency   : target=0, window=0, percentile=100.00%, depth=1

Run status group 0 (all jobs):
   READ: io=678630MB, aggrb=2827.5MB/s, minb=2827.5MB/s, maxb=2827.5MB/s, mint=240015msec, maxt=240015msec

CPU idleness:
  system: 89.64%
  unit work: mean=52.53us, stddev=2.25
