fio-beegfs-write-buffered-block_64k-size_4G-threads_2: (g=0): rw=rw, bs=64K-64K/64K-64K/64K-64K, ioengine=psync, iodepth=1
...
fio-2.2.10
Starting 2 processes
fio-beegfs-write-buffered-block_64k-size_4G-threads_2: Laying out IO file(s) (4 file(s) / 16384MB)
fio-beegfs-write-buffered-block_64k-size_4G-threads_2: Laying out IO file(s) (4 file(s) / 16384MB)

fio-beegfs-write-buffered-block_64k-size_4G-threads_2: (groupid=0, jobs=2): err= 0: pid=3428413: Fri Nov  9 03:57:56 2018
  write: io=83278MB, bw=355198KB/s, iops=5549, runt=240081msec
    clat (usec): min=4, max=747140, avg=358.75, stdev=11052.54
     lat (usec): min=5, max=747141, avg=359.47, stdev=11052.55
    clat percentiles (usec):
     |  1.00th=[    5],  5.00th=[    5], 10.00th=[    5], 20.00th=[    5],
     | 30.00th=[    5], 40.00th=[    6], 50.00th=[   15], 60.00th=[   16],
     | 70.00th=[   16], 80.00th=[   17], 90.00th=[  604], 95.00th=[  676],
     | 99.00th=[  748], 99.50th=[  772], 99.90th=[ 1032], 99.95th=[399360],
     | 99.99th=[493568]
    bw (KB  /s): min=  179, max=724992, per=54.79%, avg=194597.63, stdev=255895.41
    lat (usec) : 10=47.92%, 20=37.76%, 50=1.65%, 100=0.16%, 250=0.01%
    lat (usec) : 500=0.01%, 750=11.62%, 1000=0.76%
    lat (msec) : 2=0.02%, 4=0.01%, 10=0.01%, 20=0.01%, 50=0.02%
    lat (msec) : 100=0.01%, 250=0.01%, 500=0.05%, 750=0.01%
  cpu          : usr=0.54%, sys=11.20%, ctx=734683, majf=0, minf=26200
  IO depths    : 1=100.0%, 2=0.0%, 4=0.0%, 8=0.0%, 16=0.0%, 32=0.0%, >=64=0.0%
     submit    : 0=0.0%, 4=100.0%, 8=0.0%, 16=0.0%, 32=0.0%, 64=0.0%, >=64=0.0%
     complete  : 0=0.0%, 4=100.0%, 8=0.0%, 16=0.0%, 32=0.0%, 64=0.0%, >=64=0.0%
     issued    : total=r=0/w=1332442/d=0, short=r=0/w=0/d=0, drop=r=0/w=0/d=0
     latency   : target=0, window=0, percentile=100.00%, depth=1

Run status group 0 (all jobs):
  WRITE: io=83278MB, aggrb=355197KB/s, minb=355197KB/s, maxb=355197KB/s, mint=240081msec, maxt=240081msec

CPU idleness:
  system: 87.94%
  unit work: mean=49.38us, stddev=2.48
