fio-beegfs-write-buffered-block_128k-size_2G-threads_2: (g=0): rw=rw, bs=128K-128K/128K-128K/128K-128K, ioengine=psync, iodepth=1
...
fio-2.2.10
Starting 2 processes
fio-beegfs-write-buffered-block_128k-size_2G-threads_2: Laying out IO file(s) (4 file(s) / 8192MB)
fio-beegfs-write-buffered-block_128k-size_2G-threads_2: Laying out IO file(s) (4 file(s) / 8192MB)

fio-beegfs-write-buffered-block_128k-size_2G-threads_2: (groupid=0, jobs=2): err= 0: pid=3400266: Fri Nov  9 01:48:21 2018
  write: io=84192MB, bw=359058KB/s, iops=2805, runt=240106msec
    clat (usec): min=8, max=711268, avg=710.23, stdev=15488.64
     lat (usec): min=9, max=711270, avg=711.85, stdev=15488.67
    clat percentiles (usec):
     |  1.00th=[    9],  5.00th=[    9], 10.00th=[   10], 20.00th=[   10],
     | 30.00th=[   11], 40.00th=[   24], 50.00th=[   31], 60.00th=[   31],
     | 70.00th=[   33], 80.00th=[  588], 90.00th=[  660], 95.00th=[  692],
     | 99.00th=[  748], 99.50th=[  796], 99.90th=[329728], 99.95th=[473088],
     | 99.99th=[509952]
    bw (KB  /s): min=  758, max=790272, per=55.04%, avg=197617.69, stdev=268668.62
    lat (usec) : 10=7.35%, 20=32.44%, 50=34.63%, 100=0.57%, 250=0.01%
    lat (usec) : 500=0.03%, 750=23.95%, 1000=0.80%
    lat (msec) : 2=0.04%, 4=0.01%, 10=0.01%, 20=0.01%, 50=0.03%
    lat (msec) : 100=0.01%, 250=0.01%, 500=0.10%, 750=0.01%
  cpu          : usr=0.50%, sys=11.39%, ctx=748324, majf=0, minf=14530
  IO depths    : 1=100.0%, 2=0.0%, 4=0.0%, 8=0.0%, 16=0.0%, 32=0.0%, >=64=0.0%
     submit    : 0=0.0%, 4=100.0%, 8=0.0%, 16=0.0%, 32=0.0%, 64=0.0%, >=64=0.0%
     complete  : 0=0.0%, 4=100.0%, 8=0.0%, 16=0.0%, 32=0.0%, 64=0.0%, >=64=0.0%
     issued    : total=r=0/w=673532/d=0, short=r=0/w=0/d=0, drop=r=0/w=0/d=0
     latency   : target=0, window=0, percentile=100.00%, depth=1

Run status group 0 (all jobs):
  WRITE: io=84192MB, aggrb=359058KB/s, minb=359058KB/s, maxb=359058KB/s, mint=240106msec, maxt=240106msec

CPU idleness:
  system: 94.21%
  unit work: mean=52.89us, stddev=3.88
