fio-beegfs-write-unbuffered-block_1024k-size_4G-threads_1: (g=0): rw=rw, bs=1M-1M/1M-1M/1M-1M, ioengine=psync, iodepth=1
fio-2.2.10
Starting 1 process
fio-beegfs-write-unbuffered-block_1024k-size_4G-threads_1: Laying out IO file(s) (4 file(s) / 16384MB)

fio-beegfs-write-unbuffered-block_1024k-size_4G-threads_1: (groupid=0, jobs=1): err= 0: pid=3410756: Wed Nov 21 07:55:32 2018
  write: io=78542MB, bw=335107KB/s, iops=327, runt=240004msec
    clat (usec): min=2679, max=12310, avg=3038.42, stdev=454.89
     lat (usec): min=2694, max=12326, avg=3053.73, stdev=454.90
    clat percentiles (usec):
     |  1.00th=[ 2800],  5.00th=[ 2832], 10.00th=[ 2864], 20.00th=[ 2896],
     | 30.00th=[ 2928], 40.00th=[ 2960], 50.00th=[ 2960], 60.00th=[ 2992],
     | 70.00th=[ 3024], 80.00th=[ 3056], 90.00th=[ 3120], 95.00th=[ 3248],
     | 99.00th=[ 4832], 99.50th=[ 6112], 99.90th=[ 9280], 99.95th=[ 9664],
     | 99.99th=[10432]
    bw (KB  /s): min=257520, max=352892, per=100.00%, avg=335516.68, stdev=12567.20
    lat (msec) : 4=98.30%, 10=1.68%, 20=0.02%
  cpu          : usr=0.87%, sys=12.54%, ctx=1192603, majf=0, minf=1606
  IO depths    : 1=100.0%, 2=0.0%, 4=0.0%, 8=0.0%, 16=0.0%, 32=0.0%, >=64=0.0%
     submit    : 0=0.0%, 4=100.0%, 8=0.0%, 16=0.0%, 32=0.0%, 64=0.0%, >=64=0.0%
     complete  : 0=0.0%, 4=100.0%, 8=0.0%, 16=0.0%, 32=0.0%, 64=0.0%, >=64=0.0%
     issued    : total=r=0/w=78542/d=0, short=r=0/w=0/d=0, drop=r=0/w=0/d=0
     latency   : target=0, window=0, percentile=100.00%, depth=1

Run status group 0 (all jobs):
  WRITE: io=78542MB, aggrb=335106KB/s, minb=335106KB/s, maxb=335106KB/s, mint=240004msec, maxt=240004msec

CPU idleness:
  system: 94.60%
  unit work: mean=53.18us, stddev=3.12
