fio-beegfs-write-unbuffered-block_1024k-size_2G-threads_8: (g=0): rw=rw, bs=1M-1M/1M-1M/1M-1M, ioengine=psync, iodepth=1
...
fio-2.2.10
Starting 8 processes
fio-beegfs-write-unbuffered-block_1024k-size_2G-threads_8: Laying out IO file(s) (4 file(s) / 8192MB)
fio-beegfs-write-unbuffered-block_1024k-size_2G-threads_8: Laying out IO file(s) (4 file(s) / 8192MB)
fio-beegfs-write-unbuffered-block_1024k-size_2G-threads_8: Laying out IO file(s) (4 file(s) / 8192MB)
fio-beegfs-write-unbuffered-block_1024k-size_2G-threads_8: Laying out IO file(s) (4 file(s) / 8192MB)
fio-beegfs-write-unbuffered-block_1024k-size_2G-threads_8: Laying out IO file(s) (4 file(s) / 8192MB)
fio-beegfs-write-unbuffered-block_1024k-size_2G-threads_8: Laying out IO file(s) (4 file(s) / 8192MB)
fio-beegfs-write-unbuffered-block_1024k-size_2G-threads_8: Laying out IO file(s) (4 file(s) / 8192MB)
fio-beegfs-write-unbuffered-block_1024k-size_2G-threads_8: Laying out IO file(s) (4 file(s) / 8192MB)

fio-beegfs-write-unbuffered-block_1024k-size_2G-threads_8: (groupid=0, jobs=8): err= 0: pid=3824656: Thu Nov 22 10:38:14 2018
  write: io=92345MB, bw=393979KB/s, iops=384, runt=240016msec
    clat (msec): min=5, max=60, avg=20.77, stdev= 2.01
     lat (msec): min=5, max=60, avg=20.79, stdev= 2.01
    clat percentiles (usec):
     |  1.00th=[16768],  5.00th=[18816], 10.00th=[19072], 20.00th=[19328],
     | 30.00th=[19584], 40.00th=[19840], 50.00th=[20352], 60.00th=[20608],
     | 70.00th=[21376], 80.00th=[22144], 90.00th=[23168], 95.00th=[24448],
     | 99.00th=[27520], 99.50th=[28800], 99.90th=[32640], 99.95th=[34560],
     | 99.99th=[39680]
    bw (KB  /s): min=37632, max=54105, per=12.51%, avg=49298.91, stdev=2054.25
    lat (msec) : 10=0.01%, 20=41.74%, 50=58.25%, 100=0.01%
  cpu          : usr=0.12%, sys=2.56%, ctx=1198012, majf=0, minf=1931
  IO depths    : 1=100.0%, 2=0.0%, 4=0.0%, 8=0.0%, 16=0.0%, 32=0.0%, >=64=0.0%
     submit    : 0=0.0%, 4=100.0%, 8=0.0%, 16=0.0%, 32=0.0%, 64=0.0%, >=64=0.0%
     complete  : 0=0.0%, 4=100.0%, 8=0.0%, 16=0.0%, 32=0.0%, 64=0.0%, >=64=0.0%
     issued    : total=r=0/w=92345/d=0, short=r=0/w=0/d=0, drop=r=0/w=0/d=0
     latency   : target=0, window=0, percentile=100.00%, depth=1

Run status group 0 (all jobs):
  WRITE: io=92345MB, aggrb=393979KB/s, minb=393979KB/s, maxb=393979KB/s, mint=240016msec, maxt=240016msec

CPU idleness:
  system: 97.98%
  unit work: mean=55.13us, stddev=1.88
