fio-beegfs-read-buffered-block_512k-size_2G-threads_8: (g=0): rw=rw, bs=512K-512K/512K-512K/512K-512K, ioengine=psync, iodepth=1
...
fio-2.2.10
Starting 8 processes
fio-beegfs-read-buffered-block_512k-size_2G-threads_8: Laying out IO file(s) (4 file(s) / 8192MB)
fio-beegfs-read-buffered-block_512k-size_2G-threads_8: Laying out IO file(s) (4 file(s) / 8192MB)
fio-beegfs-read-buffered-block_512k-size_2G-threads_8: Laying out IO file(s) (4 file(s) / 8192MB)
fio-beegfs-read-buffered-block_512k-size_2G-threads_8: Laying out IO file(s) (4 file(s) / 8192MB)
fio-beegfs-read-buffered-block_512k-size_2G-threads_8: Laying out IO file(s) (4 file(s) / 8192MB)
fio-beegfs-read-buffered-block_512k-size_2G-threads_8: Laying out IO file(s) (4 file(s) / 8192MB)
fio-beegfs-read-buffered-block_512k-size_2G-threads_8: Laying out IO file(s) (4 file(s) / 8192MB)
fio-beegfs-read-buffered-block_512k-size_2G-threads_8: Laying out IO file(s) (4 file(s) / 8192MB)

fio-beegfs-read-buffered-block_512k-size_2G-threads_8: (groupid=0, jobs=8): err= 0: pid=3680851: Sat Nov 10 00:48:33 2018
  read : io=707569MB, bw=2948.7MB/s, iops=5896, runt=240016msec
    clat (usec): min=554, max=36990, avg=1354.54, stdev=290.28
     lat (usec): min=554, max=36991, avg=1354.70, stdev=290.28
    clat percentiles (usec):
     |  1.00th=[  924],  5.00th=[ 1048], 10.00th=[ 1096], 20.00th=[ 1160],
     | 30.00th=[ 1208], 40.00th=[ 1240], 50.00th=[ 1288], 60.00th=[ 1336],
     | 70.00th=[ 1368], 80.00th=[ 1448], 90.00th=[ 1800], 95.00th=[ 1960],
     | 99.00th=[ 2352], 99.50th=[ 2480], 99.90th=[ 2704], 99.95th=[ 2768],
     | 99.99th=[ 3184]
    bw (KB  /s): min=344015, max=397312, per=12.51%, avg=377703.46, stdev=5659.29
    lat (usec) : 750=0.07%, 1000=2.86%
    lat (msec) : 2=93.10%, 4=3.96%, 10=0.01%, 20=0.01%, 50=0.01%
  cpu          : usr=0.25%, sys=40.98%, ctx=27278985, majf=0, minf=34327
  IO depths    : 1=100.0%, 2=0.0%, 4=0.0%, 8=0.0%, 16=0.0%, 32=0.0%, >=64=0.0%
     submit    : 0=0.0%, 4=100.0%, 8=0.0%, 16=0.0%, 32=0.0%, 64=0.0%, >=64=0.0%
     complete  : 0=0.0%, 4=100.0%, 8=0.0%, 16=0.0%, 32=0.0%, 64=0.0%, >=64=0.0%
     issued    : total=r=1415138/w=0/d=0, short=r=0/w=0/d=0, drop=r=0/w=0/d=0
     latency   : target=0, window=0, percentile=100.00%, depth=1

Run status group 0 (all jobs):
   READ: io=707569MB, aggrb=2948.7MB/s, minb=2948.7MB/s, maxb=2948.7MB/s, mint=240016msec, maxt=240016msec

CPU idleness:
  system: 91.32%
  unit work: mean=55.53us, stddev=2.16
