fio-beegfs-write-unbuffered-block_64k-size_1G-threads_2: (g=0): rw=rw, bs=64K-64K/64K-64K/64K-64K, ioengine=psync, iodepth=1
...
fio-2.2.10
Starting 2 processes
fio-beegfs-write-unbuffered-block_64k-size_1G-threads_2: Laying out IO file(s) (4 file(s) / 4096MB)
fio-beegfs-write-unbuffered-block_64k-size_1G-threads_2: Laying out IO file(s) (4 file(s) / 4096MB)

fio-beegfs-write-unbuffered-block_64k-size_1G-threads_2: (groupid=0, jobs=2): err= 0: pid=3421058: Wed Nov 21 08:29:43 2018
  write: io=84778MB, bw=361718KB/s, iops=5651, runt=240001msec
    clat (usec): min=276, max=65540, avg=351.26, stdev=170.88
     lat (usec): min=277, max=65541, avg=352.13, stdev=170.88
    clat percentiles (usec):
     |  1.00th=[  290],  5.00th=[  302], 10.00th=[  310], 20.00th=[  314],
     | 30.00th=[  322], 40.00th=[  326], 50.00th=[  334], 60.00th=[  342],
     | 70.00th=[  350], 80.00th=[  362], 90.00th=[  386], 95.00th=[  430],
     | 99.00th=[  692], 99.50th=[  796], 99.90th=[ 1768], 99.95th=[ 4704],
     | 99.99th=[ 6624]
    bw (KB  /s): min=155392, max=191616, per=50.01%, avg=180907.90, stdev=6636.09
    lat (usec) : 500=97.30%, 750=2.01%, 1000=0.49%
    lat (msec) : 2=0.12%, 4=0.03%, 10=0.05%, 20=0.01%, 100=0.01%
  cpu          : usr=1.18%, sys=13.49%, ctx=2643511, majf=0, minf=26481
  IO depths    : 1=100.0%, 2=0.0%, 4=0.0%, 8=0.0%, 16=0.0%, 32=0.0%, >=64=0.0%
     submit    : 0=0.0%, 4=100.0%, 8=0.0%, 16=0.0%, 32=0.0%, 64=0.0%, >=64=0.0%
     complete  : 0=0.0%, 4=100.0%, 8=0.0%, 16=0.0%, 32=0.0%, 64=0.0%, >=64=0.0%
     issued    : total=r=0/w=1356447/d=0, short=r=0/w=0/d=0, drop=r=0/w=0/d=0
     latency   : target=0, window=0, percentile=100.00%, depth=1

Run status group 0 (all jobs):
  WRITE: io=84778MB, aggrb=361717KB/s, minb=361717KB/s, maxb=361717KB/s, mint=240001msec, maxt=240001msec

CPU idleness:
  system: 95.32%
  unit work: mean=53.84us, stddev=3.36
