fio-beegfs-read-unbuffered-block_512k-size_2G-threads_8: (g=0): rw=rw, bs=512K-512K/512K-512K/512K-512K, ioengine=psync, iodepth=1
...
fio-2.2.10
Starting 8 processes
fio-beegfs-read-unbuffered-block_512k-size_2G-threads_8: Laying out IO file(s) (4 file(s) / 8192MB)
fio-beegfs-read-unbuffered-block_512k-size_2G-threads_8: Laying out IO file(s) (4 file(s) / 8192MB)
fio-beegfs-read-unbuffered-block_512k-size_2G-threads_8: Laying out IO file(s) (4 file(s) / 8192MB)
fio-beegfs-read-unbuffered-block_512k-size_2G-threads_8: Laying out IO file(s) (4 file(s) / 8192MB)
fio-beegfs-read-unbuffered-block_512k-size_2G-threads_8: Laying out IO file(s) (4 file(s) / 8192MB)
fio-beegfs-read-unbuffered-block_512k-size_2G-threads_8: Laying out IO file(s) (4 file(s) / 8192MB)
fio-beegfs-read-unbuffered-block_512k-size_2G-threads_8: Laying out IO file(s) (4 file(s) / 8192MB)
fio-beegfs-read-unbuffered-block_512k-size_2G-threads_8: Laying out IO file(s) (4 file(s) / 8192MB)

fio-beegfs-read-unbuffered-block_512k-size_2G-threads_8: (groupid=0, jobs=8): err= 0: pid=3803209: Thu Nov 22 08:55:11 2018
  read : io=122505MB, bw=522668KB/s, iops=1020, runt=240008msec
    clat (usec): min=2111, max=39580, avg=7834.42, stdev=795.64
     lat (usec): min=2112, max=39581, avg=7834.58, stdev=795.64
    clat percentiles (usec):
     |  1.00th=[ 7520],  5.00th=[ 7584], 10.00th=[ 7584], 20.00th=[ 7584],
     | 30.00th=[ 7648], 40.00th=[ 7648], 50.00th=[ 7648], 60.00th=[ 7648],
     | 70.00th=[ 7712], 80.00th=[ 7840], 90.00th=[ 8032], 95.00th=[ 8512],
     | 99.00th=[11584], 99.50th=[13760], 99.90th=[16768], 99.95th=[17536],
     | 99.99th=[19584]
    bw (KB  /s): min=58019, max=68063, per=12.51%, avg=65396.23, stdev=1658.40
    lat (msec) : 4=0.01%, 10=98.11%, 20=1.87%, 50=0.01%
  cpu          : usr=0.05%, sys=4.43%, ctx=539875, majf=0, minf=5262
  IO depths    : 1=100.0%, 2=0.0%, 4=0.0%, 8=0.0%, 16=0.0%, 32=0.0%, >=64=0.0%
     submit    : 0=0.0%, 4=100.0%, 8=0.0%, 16=0.0%, 32=0.0%, 64=0.0%, >=64=0.0%
     complete  : 0=0.0%, 4=100.0%, 8=0.0%, 16=0.0%, 32=0.0%, 64=0.0%, >=64=0.0%
     issued    : total=r=245009/w=0/d=0, short=r=0/w=0/d=0, drop=r=0/w=0/d=0
     latency   : target=0, window=0, percentile=100.00%, depth=1

Run status group 0 (all jobs):
   READ: io=122505MB, aggrb=522668KB/s, minb=522668KB/s, maxb=522668KB/s, mint=240008msec, maxt=240008msec

CPU idleness:
  system: 93.91%
  unit work: mean=52.89us, stddev=2.89
