fio-beegfs-write-buffered-block_16k-size_4G-threads_8: (g=0): rw=rw, bs=16K-16K/16K-16K/16K-16K, ioengine=psync, iodepth=1
...
fio-2.2.10
Starting 8 processes
fio-beegfs-write-buffered-block_16k-size_4G-threads_8: Laying out IO file(s) (4 file(s) / 16384MB)
fio-beegfs-write-buffered-block_16k-size_4G-threads_8: Laying out IO file(s) (4 file(s) / 16384MB)
fio-beegfs-write-buffered-block_16k-size_4G-threads_8: Laying out IO file(s) (4 file(s) / 16384MB)
fio-beegfs-write-buffered-block_16k-size_4G-threads_8: Laying out IO file(s) (4 file(s) / 16384MB)
fio-beegfs-write-buffered-block_16k-size_4G-threads_8: Laying out IO file(s) (4 file(s) / 16384MB)
fio-beegfs-write-buffered-block_16k-size_4G-threads_8: Laying out IO file(s) (4 file(s) / 16384MB)
fio-beegfs-write-buffered-block_16k-size_4G-threads_8: Laying out IO file(s) (4 file(s) / 16384MB)
fio-beegfs-write-buffered-block_16k-size_4G-threads_8: Laying out IO file(s) (4 file(s) / 16384MB)

fio-beegfs-write-buffered-block_16k-size_4G-threads_8: (groupid=0, jobs=8): err= 0: pid=3728087: Sat Nov 10 04:47:09 2018
  write: io=98664MB, bw=420652KB/s, iops=26290, runt=240179msec
    clat (usec): min=1, max=700700, avg=303.21, stdev=10937.72
     lat (usec): min=1, max=700700, avg=303.47, stdev=10937.73
    clat percentiles (usec):
     |  1.00th=[    1],  5.00th=[    2], 10.00th=[    2], 20.00th=[    2],
     | 30.00th=[    2], 40.00th=[    3], 50.00th=[    3], 60.00th=[    5],
     | 70.00th=[    5], 80.00th=[    5], 90.00th=[    6], 95.00th=[   15],
     | 99.00th=[ 1208], 99.50th=[ 1384], 99.90th=[ 2544], 99.95th=[407552],
     | 99.99th=[485376]
    bw (KB  /s): min=   24, max=397344, per=13.26%, avg=55761.65, stdev=70687.56
    lat (usec) : 2=2.29%, 4=51.35%, 10=39.83%, 20=2.24%, 50=1.08%
    lat (usec) : 100=0.09%, 250=0.01%, 500=0.01%, 750=0.13%, 1000=0.76%
    lat (msec) : 2=2.06%, 4=0.10%, 10=0.01%, 20=0.01%, 50=0.01%
    lat (msec) : 100=0.01%, 250=0.01%, 500=0.05%, 750=0.01%
  cpu          : usr=0.42%, sys=4.03%, ctx=1790794, majf=0, minf=116329
  IO depths    : 1=100.0%, 2=0.0%, 4=0.0%, 8=0.0%, 16=0.0%, 32=0.0%, >=64=0.0%
     submit    : 0=0.0%, 4=100.0%, 8=0.0%, 16=0.0%, 32=0.0%, 64=0.0%, >=64=0.0%
     complete  : 0=0.0%, 4=100.0%, 8=0.0%, 16=0.0%, 32=0.0%, 64=0.0%, >=64=0.0%
     issued    : total=r=0/w=6314481/d=0, short=r=0/w=0/d=0, drop=r=0/w=0/d=0
     latency   : target=0, window=0, percentile=100.00%, depth=1

Run status group 0 (all jobs):
  WRITE: io=98664MB, aggrb=420651KB/s, minb=420651KB/s, maxb=420651KB/s, mint=240179msec, maxt=240179msec

CPU idleness:
  system: 94.93%
  unit work: mean=53.47us, stddev=2.80
