fio-beegfs-write-buffered-block_128k-size_1G-threads_2: (g=0): rw=rw, bs=128K-128K/128K-128K/128K-128K, ioengine=psync, iodepth=1
...
fio-2.2.10
Starting 2 processes
fio-beegfs-write-buffered-block_128k-size_1G-threads_2: Laying out IO file(s) (4 file(s) / 4096MB)
fio-beegfs-write-buffered-block_128k-size_1G-threads_2: Laying out IO file(s) (4 file(s) / 4096MB)

fio-beegfs-write-buffered-block_128k-size_1G-threads_2: (groupid=0, jobs=2): err= 0: pid=3371067: Thu Nov  8 23:59:21 2018
  write: io=189915MB, bw=810302KB/s, iops=6330, runt=240001msec
    clat (usec): min=9, max=664123, avg=313.19, stdev=7778.33
     lat (usec): min=9, max=664130, avg=314.83, stdev=7778.34
    clat percentiles (usec):
     |  1.00th=[    9],  5.00th=[    9], 10.00th=[   10], 20.00th=[   10],
     | 30.00th=[   10], 40.00th=[   30], 50.00th=[   31], 60.00th=[   31],
     | 70.00th=[   32], 80.00th=[  564], 90.00th=[  636], 95.00th=[  668],
     | 99.00th=[  724], 99.50th=[  756], 99.90th=[  996], 99.95th=[19328],
     | 99.99th=[473088]
    bw (KB  /s): min=  231, max=803072, per=54.47%, avg=441399.85, stdev=331859.69
    lat (usec) : 10=8.80%, 20=30.67%, 50=34.88%, 100=0.66%, 250=0.01%
    lat (usec) : 500=0.05%, 750=24.41%, 1000=0.44%
    lat (msec) : 2=0.04%, 4=0.01%, 10=0.01%, 20=0.01%, 50=0.01%
    lat (msec) : 100=0.01%, 250=0.01%, 500=0.02%, 750=0.01%
  cpu          : usr=1.10%, sys=26.05%, ctx=1688696, majf=0, minf=28391
  IO depths    : 1=100.0%, 2=0.0%, 4=0.0%, 8=0.0%, 16=0.0%, 32=0.0%, >=64=0.0%
     submit    : 0=0.0%, 4=100.0%, 8=0.0%, 16=0.0%, 32=0.0%, 64=0.0%, >=64=0.0%
     complete  : 0=0.0%, 4=100.0%, 8=0.0%, 16=0.0%, 32=0.0%, 64=0.0%, >=64=0.0%
     issued    : total=r=0/w=1519323/d=0, short=r=0/w=0/d=0, drop=r=0/w=0/d=0
     latency   : target=0, window=0, percentile=100.00%, depth=1

Run status group 0 (all jobs):
  WRITE: io=189915MB, aggrb=810302KB/s, minb=810302KB/s, maxb=810302KB/s, mint=240001msec, maxt=240001msec

CPU idleness:
  system: 92.64%
  unit work: mean=52.29us, stddev=3.02
