fio-beegfs-write-buffered-block_512k-size_1G-threads_8: (g=0): rw=rw, bs=512K-512K/512K-512K/512K-512K, ioengine=psync, iodepth=1
...
fio-2.2.10
Starting 8 processes
fio-beegfs-write-buffered-block_512k-size_1G-threads_8: Laying out IO file(s) (4 file(s) / 4096MB)
fio-beegfs-write-buffered-block_512k-size_1G-threads_8: Laying out IO file(s) (4 file(s) / 4096MB)
fio-beegfs-write-buffered-block_512k-size_1G-threads_8: Laying out IO file(s) (4 file(s) / 4096MB)
fio-beegfs-write-buffered-block_512k-size_1G-threads_8: Laying out IO file(s) (4 file(s) / 4096MB)
fio-beegfs-write-buffered-block_512k-size_1G-threads_8: Laying out IO file(s) (4 file(s) / 4096MB)
fio-beegfs-write-buffered-block_512k-size_1G-threads_8: Laying out IO file(s) (4 file(s) / 4096MB)
fio-beegfs-write-buffered-block_512k-size_1G-threads_8: Laying out IO file(s) (4 file(s) / 4096MB)
fio-beegfs-write-buffered-block_512k-size_1G-threads_8: Laying out IO file(s) (4 file(s) / 4096MB)

fio-beegfs-write-buffered-block_512k-size_1G-threads_8: (groupid=0, jobs=8): err= 0: pid=3622568: Fri Nov  9 19:57:39 2018
  write: io=104547MB, bw=446010KB/s, iops=871, runt=240031msec
    clat (usec): min=486, max=967847, avg=9170.21, stdev=58006.39
     lat (usec): min=494, max=967853, avg=9180.72, stdev=58006.45
    clat percentiles (usec):
     |  1.00th=[  588],  5.00th=[  660], 10.00th=[  764], 20.00th=[ 1160],
     | 30.00th=[ 1224], 40.00th=[ 1288], 50.00th=[ 1320], 60.00th=[ 1336],
     | 70.00th=[ 1352], 80.00th=[ 1368], 90.00th=[ 1416], 95.00th=[ 1800],
     | 99.00th=[444416], 99.50th=[477184], 99.90th=[518144], 99.95th=[544768],
     | 99.99th=[634880]
    bw (KB  /s): min=  969, max=412672, per=13.19%, avg=58829.64, stdev=73942.70
    lat (usec) : 500=0.01%, 750=9.69%, 1000=2.75%
    lat (msec) : 2=83.75%, 4=1.39%, 10=0.02%, 20=0.06%, 50=0.36%
    lat (msec) : 100=0.09%, 250=0.25%, 500=1.39%, 750=0.24%, 1000=0.01%
  cpu          : usr=0.18%, sys=2.95%, ctx=3545893, majf=0, minf=4857
  IO depths    : 1=100.0%, 2=0.0%, 4=0.0%, 8=0.0%, 16=0.0%, 32=0.0%, >=64=0.0%
     submit    : 0=0.0%, 4=100.0%, 8=0.0%, 16=0.0%, 32=0.0%, 64=0.0%, >=64=0.0%
     complete  : 0=0.0%, 4=100.0%, 8=0.0%, 16=0.0%, 32=0.0%, 64=0.0%, >=64=0.0%
     issued    : total=r=0/w=209094/d=0, short=r=0/w=0/d=0, drop=r=0/w=0/d=0
     latency   : target=0, window=0, percentile=100.00%, depth=1

Run status group 0 (all jobs):
  WRITE: io=104547MB, aggrb=446009KB/s, minb=446009KB/s, maxb=446009KB/s, mint=240031msec, maxt=240031msec

CPU idleness:
  system: 96.75%
  unit work: mean=54.39us, stddev=3.77
