fio-beegfs-write-unbuffered-block_512k-size_4G-threads_1: (g=0): rw=rw, bs=512K-512K/512K-512K/512K-512K, ioengine=psync, iodepth=1
fio-2.2.10
Starting 1 process
fio-beegfs-write-unbuffered-block_512k-size_4G-threads_1: Laying out IO file(s) (4 file(s) / 16384MB)

fio-beegfs-write-unbuffered-block_512k-size_4G-threads_1: (groupid=0, jobs=1): err= 0: pid=3403672: Wed Nov 21 07:31:28 2018
  write: io=78819MB, bw=336293KB/s, iops=656, runt=240001msec
    clat (usec): min=1320, max=49253, avg=1513.25, stdev=324.68
     lat (usec): min=1328, max=49257, avg=1520.56, stdev=324.68
    clat percentiles (usec):
     |  1.00th=[ 1368],  5.00th=[ 1416], 10.00th=[ 1432], 20.00th=[ 1448],
     | 30.00th=[ 1464], 40.00th=[ 1464], 50.00th=[ 1480], 60.00th=[ 1496],
     | 70.00th=[ 1512], 80.00th=[ 1528], 90.00th=[ 1560], 95.00th=[ 1592],
     | 99.00th=[ 2128], 99.50th=[ 2992], 99.90th=[ 7136], 99.95th=[ 7712],
     | 99.99th=[ 8384]
    bw (KB  /s): min=236544, max=352256, per=100.00%, avg=336570.10, stdev=13113.37
    lat (msec) : 2=98.74%, 4=1.00%, 10=0.26%, 50=0.01%
  cpu          : usr=0.94%, sys=12.82%, ctx=1217511, majf=0, minf=4069
  IO depths    : 1=100.0%, 2=0.0%, 4=0.0%, 8=0.0%, 16=0.0%, 32=0.0%, >=64=0.0%
     submit    : 0=0.0%, 4=100.0%, 8=0.0%, 16=0.0%, 32=0.0%, 64=0.0%, >=64=0.0%
     complete  : 0=0.0%, 4=100.0%, 8=0.0%, 16=0.0%, 32=0.0%, 64=0.0%, >=64=0.0%
     issued    : total=r=0/w=157638/d=0, short=r=0/w=0/d=0, drop=r=0/w=0/d=0
     latency   : target=0, window=0, percentile=100.00%, depth=1

Run status group 0 (all jobs):
  WRITE: io=78819MB, aggrb=336292KB/s, minb=336292KB/s, maxb=336292KB/s, mint=240001msec, maxt=240001msec

CPU idleness:
  system: 93.80%
  unit work: mean=52.73us, stddev=4.10
