fio-beegfs-read-unbuffered-block_1024k-size_4G-threads_2: (g=0): rw=rw, bs=1M-1M/1M-1M/1M-1M, ioengine=psync, iodepth=1
...
fio-2.2.10
Starting 2 processes
fio-beegfs-read-unbuffered-block_1024k-size_4G-threads_2: Laying out IO file(s) (4 file(s) / 16384MB)
fio-beegfs-read-unbuffered-block_1024k-size_4G-threads_2: Laying out IO file(s) (4 file(s) / 16384MB)

fio-beegfs-read-unbuffered-block_1024k-size_4G-threads_2: (groupid=0, jobs=2): err= 0: pid=3522932: Wed Nov 21 14:16:21 2018
  read : io=98201MB, bw=418987KB/s, iops=409, runt=240002msec
    clat (usec): min=3758, max=16674, avg=4885.99, stdev=707.20
     lat (usec): min=3758, max=16674, avg=4886.14, stdev=707.20
    clat percentiles (usec):
     |  1.00th=[ 4576],  5.00th=[ 4640], 10.00th=[ 4640], 20.00th=[ 4704],
     | 30.00th=[ 4704], 40.00th=[ 4768], 50.00th=[ 4768], 60.00th=[ 4768],
     | 70.00th=[ 4832], 80.00th=[ 4832], 90.00th=[ 4896], 95.00th=[ 5088],
     | 99.00th=[ 8768], 99.50th=[10304], 99.90th=[12864], 99.95th=[13504],
     | 99.99th=[15168]
    bw (KB  /s): min=188952, max=217088, per=50.05%, avg=209694.82, stdev=6410.43
    lat (msec) : 4=0.01%, 10=99.43%, 20=0.56%
  cpu          : usr=0.07%, sys=12.76%, ctx=506284, majf=0, minf=1941
  IO depths    : 1=100.0%, 2=0.0%, 4=0.0%, 8=0.0%, 16=0.0%, 32=0.0%, >=64=0.0%
     submit    : 0=0.0%, 4=100.0%, 8=0.0%, 16=0.0%, 32=0.0%, 64=0.0%, >=64=0.0%
     complete  : 0=0.0%, 4=100.0%, 8=0.0%, 16=0.0%, 32=0.0%, 64=0.0%, >=64=0.0%
     issued    : total=r=98201/w=0/d=0, short=r=0/w=0/d=0, drop=r=0/w=0/d=0
     latency   : target=0, window=0, percentile=100.00%, depth=1

Run status group 0 (all jobs):
   READ: io=98201MB, aggrb=418987KB/s, minb=418987KB/s, maxb=418987KB/s, mint=240002msec, maxt=240002msec

CPU idleness:
  system: 98.72%
  unit work: mean=55.55us, stddev=2.32
