fio-beegfs-read-unbuffered-block_512k-size_1G-threads_2: (g=0): rw=rw, bs=512K-512K/512K-512K/512K-512K, ioengine=psync, iodepth=1
...
fio-2.2.10
Starting 2 processes
fio-beegfs-read-unbuffered-block_512k-size_1G-threads_2: Laying out IO file(s) (4 file(s) / 4096MB)
fio-beegfs-read-unbuffered-block_512k-size_1G-threads_2: Laying out IO file(s) (4 file(s) / 4096MB)

fio-beegfs-read-unbuffered-block_512k-size_1G-threads_2: (groupid=0, jobs=2): err= 0: pid=3428603: Wed Nov 21 08:54:49 2018
  read : io=93485MB, bw=398864KB/s, iops=779, runt=240003msec
    clat (msec): min=1, max=209, avg= 2.57, stdev= 5.90
     lat (msec): min=1, max=209, avg= 2.57, stdev= 5.90
    clat percentiles (usec):
     |  1.00th=[ 1672],  5.00th=[ 1736], 10.00th=[ 1784], 20.00th=[ 2288],
     | 30.00th=[ 2320], 40.00th=[ 2352], 50.00th=[ 2352], 60.00th=[ 2384],
     | 70.00th=[ 2384], 80.00th=[ 2416], 90.00th=[ 2448], 95.00th=[ 2544],
     | 99.00th=[ 5088], 99.50th=[ 7008], 99.90th=[18560], 99.95th=[205824],
     | 99.99th=[205824]
    bw (KB  /s): min=44201, max=277504, per=50.26%, avg=200469.43, stdev=36952.95
    lat (msec) : 2=11.76%, 4=86.25%, 10=1.61%, 20=0.28%, 50=0.01%
    lat (msec) : 250=0.08%
  cpu          : usr=0.11%, sys=12.87%, ctx=418157, majf=0, minf=3564
  IO depths    : 1=100.0%, 2=0.0%, 4=0.0%, 8=0.0%, 16=0.0%, 32=0.0%, >=64=0.0%
     submit    : 0=0.0%, 4=100.0%, 8=0.0%, 16=0.0%, 32=0.0%, 64=0.0%, >=64=0.0%
     complete  : 0=0.0%, 4=100.0%, 8=0.0%, 16=0.0%, 32=0.0%, 64=0.0%, >=64=0.0%
     issued    : total=r=186970/w=0/d=0, short=r=0/w=0/d=0, drop=r=0/w=0/d=0
     latency   : target=0, window=0, percentile=100.00%, depth=1

Run status group 0 (all jobs):
   READ: io=93485MB, aggrb=398864KB/s, minb=398864KB/s, maxb=398864KB/s, mint=240003msec, maxt=240003msec

CPU idleness:
  system: 97.36%
  unit work: mean=54.79us, stddev=3.24
