fio-beegfs-write-unbuffered-block_1024k-size_2G-threads_4: (g=0): rw=rw, bs=1M-1M/1M-1M/1M-1M, ioengine=psync, iodepth=1
...
fio-2.2.10
Starting 4 processes
fio-beegfs-write-unbuffered-block_1024k-size_2G-threads_4: Laying out IO file(s) (4 file(s) / 8192MB)
fio-beegfs-write-unbuffered-block_1024k-size_2G-threads_4: Laying out IO file(s) (4 file(s) / 8192MB)
fio-beegfs-write-unbuffered-block_1024k-size_2G-threads_4: Laying out IO file(s) (4 file(s) / 8192MB)
fio-beegfs-write-unbuffered-block_1024k-size_2G-threads_4: Laying out IO file(s) (4 file(s) / 8192MB)

fio-beegfs-write-unbuffered-block_1024k-size_2G-threads_4: (groupid=0, jobs=4): err= 0: pid=3621682: Wed Nov 21 19:53:51 2018
  write: io=90443MB, bw=385874KB/s, iops=376, runt=240010msec
    clat (msec): min=6, max=42, avg=10.60, stdev= 1.48
     lat (msec): min=6, max=42, avg=10.61, stdev= 1.48
    clat percentiles (usec):
     |  1.00th=[ 8640],  5.00th=[ 9408], 10.00th=[ 9536], 20.00th=[ 9536],
     | 30.00th=[ 9664], 40.00th=[ 9920], 50.00th=[10176], 60.00th=[10432],
     | 70.00th=[10816], 80.00th=[11200], 90.00th=[12096], 95.00th=[13888],
     | 99.00th=[16320], 99.50th=[17024], 99.90th=[18816], 99.95th=[19584],
     | 99.99th=[23168]
    bw (KB  /s): min=68670, max=107045, per=25.03%, avg=96582.04, stdev=7756.61
    lat (msec) : 10=44.42%, 20=55.54%, 50=0.04%
  cpu          : usr=0.19%, sys=4.83%, ctx=1053735, majf=0, minf=2260
  IO depths    : 1=100.0%, 2=0.0%, 4=0.0%, 8=0.0%, 16=0.0%, 32=0.0%, >=64=0.0%
     submit    : 0=0.0%, 4=100.0%, 8=0.0%, 16=0.0%, 32=0.0%, 64=0.0%, >=64=0.0%
     complete  : 0=0.0%, 4=100.0%, 8=0.0%, 16=0.0%, 32=0.0%, 64=0.0%, >=64=0.0%
     issued    : total=r=0/w=90443/d=0, short=r=0/w=0/d=0, drop=r=0/w=0/d=0
     latency   : target=0, window=0, percentile=100.00%, depth=1

Run status group 0 (all jobs):
  WRITE: io=90443MB, aggrb=385874KB/s, minb=385874KB/s, maxb=385874KB/s, mint=240010msec, maxt=240010msec

CPU idleness:
  system: 96.48%
  unit work: mean=54.29us, stddev=3.72
