fio-beegfs-write-buffered-block_1024k-size_2G-threads_8: (g=0): rw=rw, bs=1M-1M/1M-1M/1M-1M, ioengine=psync, iodepth=1
...
fio-2.2.10
Starting 8 processes
fio-beegfs-write-buffered-block_1024k-size_2G-threads_8: Laying out IO file(s) (4 file(s) / 8192MB)
fio-beegfs-write-buffered-block_1024k-size_2G-threads_8: Laying out IO file(s) (4 file(s) / 8192MB)
fio-beegfs-write-buffered-block_1024k-size_2G-threads_8: Laying out IO file(s) (4 file(s) / 8192MB)
fio-beegfs-write-buffered-block_1024k-size_2G-threads_8: Laying out IO file(s) (4 file(s) / 8192MB)
fio-beegfs-write-buffered-block_1024k-size_2G-threads_8: Laying out IO file(s) (4 file(s) / 8192MB)
fio-beegfs-write-buffered-block_1024k-size_2G-threads_8: Laying out IO file(s) (4 file(s) / 8192MB)
fio-beegfs-write-buffered-block_1024k-size_2G-threads_8: Laying out IO file(s) (4 file(s) / 8192MB)
fio-beegfs-write-buffered-block_1024k-size_2G-threads_8: Laying out IO file(s) (4 file(s) / 8192MB)

fio-beegfs-write-buffered-block_1024k-size_2G-threads_8: (groupid=0, jobs=8): err= 0: pid=3702064: Sat Nov 10 02:35:37 2018
  write: io=101593MB, bw=432679KB/s, iops=422, runt=240435msec
    clat (msec): min=1, max=1138, avg=18.90, stdev=84.54
     lat (msec): min=1, max=1138, avg=18.93, stdev=84.54
    clat percentiles (usec):
     |  1.00th=[ 1224],  5.00th=[ 1368], 10.00th=[ 1864], 20.00th=[ 2256],
     | 30.00th=[ 2416], 40.00th=[ 2512], 50.00th=[ 2576], 60.00th=[ 2640],
     | 70.00th=[ 2736], 80.00th=[ 2928], 90.00th=[ 3408], 95.00th=[ 4320],
     | 99.00th=[485376], 99.50th=[501760], 99.90th=[593920], 99.95th=[626688],
     | 99.99th=[724992]
    bw (KB  /s): min= 1410, max=445572, per=13.56%, avg=58676.61, stdev=82864.47
    lat (msec) : 2=11.53%, 4=82.62%, 10=1.43%, 20=0.05%, 50=0.56%
    lat (msec) : 100=0.07%, 250=0.29%, 500=2.91%, 750=0.53%, 1000=0.01%
    lat (msec) : 2000=0.01%
  cpu          : usr=0.19%, sys=2.87%, ctx=3216832, majf=0, minf=2059
  IO depths    : 1=100.0%, 2=0.0%, 4=0.0%, 8=0.0%, 16=0.0%, 32=0.0%, >=64=0.0%
     submit    : 0=0.0%, 4=100.0%, 8=0.0%, 16=0.0%, 32=0.0%, 64=0.0%, >=64=0.0%
     complete  : 0=0.0%, 4=100.0%, 8=0.0%, 16=0.0%, 32=0.0%, 64=0.0%, >=64=0.0%
     issued    : total=r=0/w=101593/d=0, short=r=0/w=0/d=0, drop=r=0/w=0/d=0
     latency   : target=0, window=0, percentile=100.00%, depth=1

Run status group 0 (all jobs):
  WRITE: io=101593MB, aggrb=432679KB/s, minb=432679KB/s, maxb=432679KB/s, mint=240435msec, maxt=240435msec

CPU idleness:
  system: 98.05%
  unit work: mean=55.15us, stddev=2.70
