fio-beegfs-write-unbuffered-block_16k-size_2G-threads_8: (g=0): rw=rw, bs=16K-16K/16K-16K/16K-16K, ioengine=psync, iodepth=1
...
fio-2.2.10
Starting 8 processes
fio-beegfs-write-unbuffered-block_16k-size_2G-threads_8: Laying out IO file(s) (4 file(s) / 8192MB)
fio-beegfs-write-unbuffered-block_16k-size_2G-threads_8: Laying out IO file(s) (4 file(s) / 8192MB)
fio-beegfs-write-unbuffered-block_16k-size_2G-threads_8: Laying out IO file(s) (4 file(s) / 8192MB)
fio-beegfs-write-unbuffered-block_16k-size_2G-threads_8: Laying out IO file(s) (4 file(s) / 8192MB)
fio-beegfs-write-unbuffered-block_16k-size_2G-threads_8: Laying out IO file(s) (4 file(s) / 8192MB)
fio-beegfs-write-unbuffered-block_16k-size_2G-threads_8: Laying out IO file(s) (4 file(s) / 8192MB)
fio-beegfs-write-unbuffered-block_16k-size_2G-threads_8: Laying out IO file(s) (4 file(s) / 8192MB)
fio-beegfs-write-unbuffered-block_16k-size_2G-threads_8: Laying out IO file(s) (4 file(s) / 8192MB)

fio-beegfs-write-unbuffered-block_16k-size_2G-threads_8: (groupid=0, jobs=8): err= 0: pid=3766885: Thu Nov 22 06:01:52 2018
  write: io=85920MB, bw=366592KB/s, iops=22912, runt=240001msec
    clat (usec): min=168, max=17465, avg=347.10, stdev=159.65
     lat (usec): min=168, max=17465, avg=347.48, stdev=159.65
    clat percentiles (usec):
     |  1.00th=[  262],  5.00th=[  278], 10.00th=[  290], 20.00th=[  302],
     | 30.00th=[  310], 40.00th=[  318], 50.00th=[  322], 60.00th=[  334],
     | 70.00th=[  346], 80.00th=[  362], 90.00th=[  398], 95.00th=[  462],
     | 99.00th=[  772], 99.50th=[  876], 99.90th=[ 1832], 99.95th=[ 4640],
     | 99.99th=[ 6496]
    bw (KB  /s): min=40736, max=48192, per=12.50%, avg=45841.11, stdev=1773.78
    lat (usec) : 250=0.28%, 500=95.76%, 750=2.80%, 1000=0.89%
    lat (msec) : 2=0.18%, 4=0.04%, 10=0.05%, 20=0.01%
  cpu          : usr=1.02%, sys=10.72%, ctx=10999122, majf=0, minf=106765
  IO depths    : 1=100.0%, 2=0.0%, 4=0.0%, 8=0.0%, 16=0.0%, 32=0.0%, >=64=0.0%
     submit    : 0=0.0%, 4=100.0%, 8=0.0%, 16=0.0%, 32=0.0%, 64=0.0%, >=64=0.0%
     complete  : 0=0.0%, 4=100.0%, 8=0.0%, 16=0.0%, 32=0.0%, 64=0.0%, >=64=0.0%
     issued    : total=r=0/w=5498909/d=0, short=r=0/w=0/d=0, drop=r=0/w=0/d=0
     latency   : target=0, window=0, percentile=100.00%, depth=1

Run status group 0 (all jobs):
  WRITE: io=85920MB, aggrb=366592KB/s, minb=366592KB/s, maxb=366592KB/s, mint=240001msec, maxt=240001msec

CPU idleness:
  system: 86.31%
  unit work: mean=49.42us, stddev=6.13
