fio-beegfs-read-buffered-block_128k-size_2G-threads_8: (g=0): rw=rw, bs=128K-128K/128K-128K/128K-128K, ioengine=psync, iodepth=1
...
fio-2.2.10
Starting 8 processes
fio-beegfs-read-buffered-block_128k-size_2G-threads_8: Laying out IO file(s) (4 file(s) / 8192MB)
fio-beegfs-read-buffered-block_128k-size_2G-threads_8: Laying out IO file(s) (4 file(s) / 8192MB)
fio-beegfs-read-buffered-block_128k-size_2G-threads_8: Laying out IO file(s) (4 file(s) / 8192MB)
fio-beegfs-read-buffered-block_128k-size_2G-threads_8: Laying out IO file(s) (4 file(s) / 8192MB)
fio-beegfs-read-buffered-block_128k-size_2G-threads_8: Laying out IO file(s) (4 file(s) / 8192MB)
fio-beegfs-read-buffered-block_128k-size_2G-threads_8: Laying out IO file(s) (4 file(s) / 8192MB)
fio-beegfs-read-buffered-block_128k-size_2G-threads_8: Laying out IO file(s) (4 file(s) / 8192MB)
fio-beegfs-read-buffered-block_128k-size_2G-threads_8: Laying out IO file(s) (4 file(s) / 8192MB)

fio-beegfs-read-buffered-block_128k-size_2G-threads_8: (groupid=0, jobs=8): err= 0: pid=3666589: Fri Nov  9 23:37:11 2018
  read : io=707125MB, bw=2946.4MB/s, iops=23570, runt=240002msec
    clat (usec): min=9, max=15149, avg=338.03, stdev=571.62
     lat (usec): min=9, max=15149, avg=338.13, stdev=571.64
    clat percentiles (usec):
     |  1.00th=[   10],  5.00th=[   10], 10.00th=[   10], 20.00th=[   11],
     | 30.00th=[   11], 40.00th=[   13], 50.00th=[   15], 60.00th=[   21],
     | 70.00th=[   27], 80.00th=[ 1128], 90.00th=[ 1288], 95.00th=[ 1416],
     | 99.00th=[ 1864], 99.50th=[ 1960], 99.90th=[ 2256], 99.95th=[ 2352],
     | 99.99th=[ 2608]
    bw (KB  /s): min=351808, max=408271, per=12.51%, avg=377449.05, stdev=4440.14
    lat (usec) : 10=0.06%, 20=57.12%, 50=17.13%, 100=0.63%, 250=0.04%
    lat (usec) : 500=0.01%, 750=0.02%, 1000=1.08%
    lat (msec) : 2=23.52%, 4=0.40%, 10=0.01%, 20=0.01%
  cpu          : usr=0.53%, sys=51.26%, ctx=23410958, majf=0, minf=108611
  IO depths    : 1=100.0%, 2=0.0%, 4=0.0%, 8=0.0%, 16=0.0%, 32=0.0%, >=64=0.0%
     submit    : 0=0.0%, 4=100.0%, 8=0.0%, 16=0.0%, 32=0.0%, 64=0.0%, >=64=0.0%
     complete  : 0=0.0%, 4=100.0%, 8=0.0%, 16=0.0%, 32=0.0%, 64=0.0%, >=64=0.0%
     issued    : total=r=5656996/w=0/d=0, short=r=0/w=0/d=0, drop=r=0/w=0/d=0
     latency   : target=0, window=0, percentile=100.00%, depth=1

Run status group 0 (all jobs):
   READ: io=707125MB, aggrb=2946.4MB/s, minb=2946.4MB/s, maxb=2946.4MB/s, mint=240002msec, maxt=240002msec

CPU idleness:
  system: 90.56%
  unit work: mean=55.39us, stddev=1.97
