fio-beegfs-write-buffered-block_64k-size_2G-threads_8: (g=0): rw=rw, bs=64K-64K/64K-64K/64K-64K, ioengine=psync, iodepth=1
...
fio-2.2.10
Starting 8 processes
fio-beegfs-write-buffered-block_64k-size_2G-threads_8: Laying out IO file(s) (4 file(s) / 8192MB)
fio-beegfs-write-buffered-block_64k-size_2G-threads_8: Laying out IO file(s) (4 file(s) / 8192MB)
fio-beegfs-write-buffered-block_64k-size_2G-threads_8: Laying out IO file(s) (4 file(s) / 8192MB)
fio-beegfs-write-buffered-block_64k-size_2G-threads_8: Laying out IO file(s) (4 file(s) / 8192MB)
fio-beegfs-write-buffered-block_64k-size_2G-threads_8: Laying out IO file(s) (4 file(s) / 8192MB)
fio-beegfs-write-buffered-block_64k-size_2G-threads_8: Laying out IO file(s) (4 file(s) / 8192MB)
fio-beegfs-write-buffered-block_64k-size_2G-threads_8: Laying out IO file(s) (4 file(s) / 8192MB)
fio-beegfs-write-buffered-block_64k-size_2G-threads_8: Laying out IO file(s) (4 file(s) / 8192MB)

fio-beegfs-write-buffered-block_64k-size_2G-threads_8: (groupid=0, jobs=8): err= 0: pid=3659348: Fri Nov  9 23:01:35 2018
  write: io=108688MB, bw=463346KB/s, iops=7239, runt=240201msec
    clat (usec): min=4, max=726817, avg=1102.96, stdev=20360.39
     lat (usec): min=5, max=726818, avg=1103.90, stdev=20360.43
    clat percentiles (usec):
     |  1.00th=[    4],  5.00th=[    5], 10.00th=[    5], 20.00th=[    7],
     | 30.00th=[    7], 40.00th=[    8], 50.00th=[   16], 60.00th=[   17],
     | 70.00th=[   18], 80.00th=[   23], 90.00th=[ 1020], 95.00th=[ 1240],
     | 99.00th=[ 1512], 99.50th=[ 1752], 99.90th=[456704], 99.95th=[481280],
     | 99.99th=[518144]
    bw (KB  /s): min=  127, max=392832, per=13.02%, avg=60345.48, stdev=72943.51
    lat (usec) : 10=43.61%, 20=31.96%, 50=11.21%, 100=0.69%, 250=0.02%
    lat (usec) : 500=0.02%, 750=1.04%, 1000=1.22%
    lat (msec) : 2=9.89%, 4=0.04%, 10=0.01%, 20=0.02%, 50=0.04%
    lat (msec) : 100=0.01%, 250=0.02%, 500=0.17%, 750=0.02%
  cpu          : usr=0.21%, sys=4.44%, ctx=2777393, majf=0, minf=38132
  IO depths    : 1=100.0%, 2=0.0%, 4=0.0%, 8=0.0%, 16=0.0%, 32=0.0%, >=64=0.0%
     submit    : 0=0.0%, 4=100.0%, 8=0.0%, 16=0.0%, 32=0.0%, 64=0.0%, >=64=0.0%
     complete  : 0=0.0%, 4=100.0%, 8=0.0%, 16=0.0%, 32=0.0%, 64=0.0%, >=64=0.0%
     issued    : total=r=0/w=1739001/d=0, short=r=0/w=0/d=0, drop=r=0/w=0/d=0
     latency   : target=0, window=0, percentile=100.00%, depth=1

Run status group 0 (all jobs):
  WRITE: io=108688MB, aggrb=463345KB/s, minb=463345KB/s, maxb=463345KB/s, mint=240201msec, maxt=240201msec

CPU idleness:
  system: 94.21%
  unit work: mean=53.04us, stddev=1.94
