fio-beegfs-read-unbuffered-block_1024k-size_2G-threads_4: (g=0): rw=rw, bs=1M-1M/1M-1M/1M-1M, ioengine=psync, iodepth=1
...
fio-2.2.10
Starting 4 processes
fio-beegfs-read-unbuffered-block_1024k-size_2G-threads_4: Laying out IO file(s) (4 file(s) / 8192MB)
fio-beegfs-read-unbuffered-block_1024k-size_2G-threads_4: Laying out IO file(s) (4 file(s) / 8192MB)
fio-beegfs-read-unbuffered-block_1024k-size_2G-threads_4: Laying out IO file(s) (4 file(s) / 8192MB)
fio-beegfs-read-unbuffered-block_1024k-size_2G-threads_4: Laying out IO file(s) (4 file(s) / 8192MB)

fio-beegfs-read-unbuffered-block_1024k-size_2G-threads_4: (groupid=0, jobs=4): err= 0: pid=3616083: Wed Nov 21 19:34:30 2018
  read : io=114501MB, bw=488525KB/s, iops=477, runt=240006msec
    clat (msec): min=4, max=31, avg= 8.38, stdev= 1.06
     lat (msec): min=4, max=31, avg= 8.38, stdev= 1.06
    clat percentiles (usec):
     |  1.00th=[ 7840],  5.00th=[ 7904], 10.00th=[ 7904], 20.00th=[ 7968],
     | 30.00th=[ 8032], 40.00th=[ 8160], 50.00th=[ 8256], 60.00th=[ 8256],
     | 70.00th=[ 8256], 80.00th=[ 8384], 90.00th=[ 8384], 95.00th=[ 9792],
     | 99.00th=[14400], 99.50th=[16064], 99.90th=[18048], 99.95th=[18816],
     | 99.99th=[20352]
    bw (KB  /s): min=111304, max=128509, per=25.02%, avg=122248.83, stdev=3810.70
    lat (msec) : 10=95.66%, 20=4.33%, 50=0.01%
  cpu          : usr=0.05%, sys=8.19%, ctx=558213, majf=0, minf=2538
  IO depths    : 1=100.0%, 2=0.0%, 4=0.0%, 8=0.0%, 16=0.0%, 32=0.0%, >=64=0.0%
     submit    : 0=0.0%, 4=100.0%, 8=0.0%, 16=0.0%, 32=0.0%, 64=0.0%, >=64=0.0%
     complete  : 0=0.0%, 4=100.0%, 8=0.0%, 16=0.0%, 32=0.0%, 64=0.0%, >=64=0.0%
     issued    : total=r=114501/w=0/d=0, short=r=0/w=0/d=0, drop=r=0/w=0/d=0
     latency   : target=0, window=0, percentile=100.00%, depth=1

Run status group 0 (all jobs):
   READ: io=114501MB, aggrb=488525KB/s, minb=488525KB/s, maxb=488525KB/s, mint=240006msec, maxt=240006msec

CPU idleness:
  system: 87.35%
  unit work: mean=49.20us, stddev=4.77
