fio-beegfs-read-buffered-block_64k-size_4G-threads_4: (g=0): rw=rw, bs=64K-64K/64K-64K/64K-64K, ioengine=psync, iodepth=1
...
fio-2.2.10
Starting 4 processes
fio-beegfs-read-buffered-block_64k-size_4G-threads_4: Laying out IO file(s) (4 file(s) / 16384MB)
fio-beegfs-read-buffered-block_64k-size_4G-threads_4: Laying out IO file(s) (4 file(s) / 16384MB)
fio-beegfs-read-buffered-block_64k-size_4G-threads_4: Laying out IO file(s) (4 file(s) / 16384MB)
fio-beegfs-read-buffered-block_64k-size_4G-threads_4: Laying out IO file(s) (4 file(s) / 16384MB)

fio-beegfs-read-buffered-block_64k-size_4G-threads_4: (groupid=0, jobs=4): err= 0: pid=3540907: Fri Nov  9 13:09:27 2018
  read : io=626759MB, bw=2611.5MB/s, iops=41783, runt=240001msec
    clat (usec): min=4, max=13517, avg=94.79, stdev=234.67
     lat (usec): min=4, max=13517, avg=94.87, stdev=234.69
    clat percentiles (usec):
     |  1.00th=[    5],  5.00th=[    5], 10.00th=[    5], 20.00th=[    5],
     | 30.00th=[    6], 40.00th=[    6], 50.00th=[    6], 60.00th=[    7],
     | 70.00th=[    8], 80.00th=[   12], 90.00th=[  636], 95.00th=[  716],
     | 99.00th=[  836], 99.50th=[  916], 99.90th=[ 1144], 99.95th=[ 1224],
     | 99.99th=[ 1368]
    bw (KB  /s): min=630400, max=684032, per=25.02%, avg=668994.71, stdev=5664.65
    lat (usec) : 10=73.52%, 20=12.71%, 50=1.08%, 100=0.18%, 250=0.01%
    lat (usec) : 500=0.02%, 750=9.60%, 1000=2.61%
    lat (msec) : 2=0.27%, 4=0.01%, 10=0.01%, 20=0.01%
  cpu          : usr=1.29%, sys=74.04%, ctx=2441109, majf=0, minf=138681
  IO depths    : 1=100.0%, 2=0.0%, 4=0.0%, 8=0.0%, 16=0.0%, 32=0.0%, >=64=0.0%
     submit    : 0=0.0%, 4=100.0%, 8=0.0%, 16=0.0%, 32=0.0%, 64=0.0%, >=64=0.0%
     complete  : 0=0.0%, 4=100.0%, 8=0.0%, 16=0.0%, 32=0.0%, 64=0.0%, >=64=0.0%
     issued    : total=r=10028139/w=0/d=0, short=r=0/w=0/d=0, drop=r=0/w=0/d=0
     latency   : target=0, window=0, percentile=100.00%, depth=1

Run status group 0 (all jobs):
   READ: io=626759MB, aggrb=2611.5MB/s, minb=2611.5MB/s, maxb=2611.5MB/s, mint=240001msec, maxt=240001msec

CPU idleness:
  system: 91.08%
  unit work: mean=53.31us, stddev=2.89
