fio-beegfs-write-buffered-block_16k-size_1G-threads_4: (g=0): rw=rw, bs=16K-16K/16K-16K/16K-16K, ioengine=psync, iodepth=1
...
fio-2.2.10
Starting 4 processes
fio-beegfs-write-buffered-block_16k-size_1G-threads_4: Laying out IO file(s) (4 file(s) / 4096MB)
fio-beegfs-write-buffered-block_16k-size_1G-threads_4: Laying out IO file(s) (4 file(s) / 4096MB)
fio-beegfs-write-buffered-block_16k-size_1G-threads_4: Laying out IO file(s) (4 file(s) / 4096MB)
fio-beegfs-write-buffered-block_16k-size_1G-threads_4: Laying out IO file(s) (4 file(s) / 4096MB)

fio-beegfs-write-buffered-block_16k-size_1G-threads_4: (groupid=0, jobs=4): err= 0: pid=3457830: Fri Nov  9 06:23:01 2018
  write: io=98188MB, bw=418384KB/s, iops=26149, runt=240316msec
    clat (usec): min=1, max=711350, avg=151.99, stdev=7404.54
     lat (usec): min=1, max=711350, avg=152.23, stdev=7404.54
    clat percentiles (usec):
     |  1.00th=[    1],  5.00th=[    2], 10.00th=[    2], 20.00th=[    2],
     | 30.00th=[    2], 40.00th=[    2], 50.00th=[    3], 60.00th=[    3],
     | 70.00th=[    5], 80.00th=[    5], 90.00th=[    5], 95.00th=[   10],
     | 99.00th=[  772], 99.50th=[  820], 99.90th=[  948], 99.95th=[ 1208],
     | 99.99th=[473088]
    bw (KB  /s): min=   25, max=602016, per=27.24%, avg=113961.92, stdev=168541.98
    lat (usec) : 2=2.70%, 4=57.96%, 10=34.20%, 20=1.16%, 50=0.81%
    lat (usec) : 100=0.05%, 250=0.01%, 500=0.01%, 750=1.81%, 1000=1.23%
    lat (msec) : 2=0.03%, 4=0.01%, 10=0.01%, 20=0.01%, 50=0.01%
    lat (msec) : 100=0.01%, 250=0.01%, 500=0.02%, 750=0.01%
  cpu          : usr=0.76%, sys=6.99%, ctx=961765, majf=0, minf=94809
  IO depths    : 1=100.0%, 2=0.0%, 4=0.0%, 8=0.0%, 16=0.0%, 32=0.0%, >=64=0.0%
     submit    : 0=0.0%, 4=100.0%, 8=0.0%, 16=0.0%, 32=0.0%, 64=0.0%, >=64=0.0%
     complete  : 0=0.0%, 4=100.0%, 8=0.0%, 16=0.0%, 32=0.0%, 64=0.0%, >=64=0.0%
     issued    : total=r=0/w=6284024/d=0, short=r=0/w=0/d=0, drop=r=0/w=0/d=0
     latency   : target=0, window=0, percentile=100.00%, depth=1

Run status group 0 (all jobs):
  WRITE: io=98188MB, aggrb=418384KB/s, minb=418384KB/s, maxb=418384KB/s, mint=240316msec, maxt=240316msec

CPU idleness:
  system: 93.46%
  unit work: mean=52.57us, stddev=3.44
