fio-beegfs-read-buffered-block_1024k-size_1G-threads_8: (g=0): rw=rw, bs=1M-1M/1M-1M/1M-1M, ioengine=psync, iodepth=1
...
fio-2.2.10
Starting 8 processes
fio-beegfs-read-buffered-block_1024k-size_1G-threads_8: Laying out IO file(s) (4 file(s) / 4096MB)
fio-beegfs-read-buffered-block_1024k-size_1G-threads_8: Laying out IO file(s) (4 file(s) / 4096MB)
fio-beegfs-read-buffered-block_1024k-size_1G-threads_8: Laying out IO file(s) (4 file(s) / 4096MB)
fio-beegfs-read-buffered-block_1024k-size_1G-threads_8: Laying out IO file(s) (4 file(s) / 4096MB)
fio-beegfs-read-buffered-block_1024k-size_1G-threads_8: Laying out IO file(s) (4 file(s) / 4096MB)
fio-beegfs-read-buffered-block_1024k-size_1G-threads_8: Laying out IO file(s) (4 file(s) / 4096MB)
fio-beegfs-read-buffered-block_1024k-size_1G-threads_8: Laying out IO file(s) (4 file(s) / 4096MB)
fio-beegfs-read-buffered-block_1024k-size_1G-threads_8: Laying out IO file(s) (4 file(s) / 4096MB)

fio-beegfs-read-buffered-block_1024k-size_1G-threads_8: (groupid=0, jobs=8): err= 0: pid=3626811: Fri Nov  9 20:17:42 2018
  read : io=707785MB, bw=2949.9MB/s, iops=2949, runt=240002msec
    clat (usec): min=1113, max=25273, avg=2710.43, stdev=440.32
     lat (usec): min=1113, max=25273, avg=2710.59, stdev=440.33
    clat percentiles (usec):
     |  1.00th=[ 1928],  5.00th=[ 2160], 10.00th=[ 2256], 20.00th=[ 2384],
     | 30.00th=[ 2480], 40.00th=[ 2544], 50.00th=[ 2608], 60.00th=[ 2704],
     | 70.00th=[ 2832], 80.00th=[ 3056], 90.00th=[ 3312], 95.00th=[ 3536],
     | 99.00th=[ 4048], 99.50th=[ 4256], 99.90th=[ 4896], 99.95th=[ 5088],
     | 99.99th=[ 5536]
    bw (KB  /s): min=339968, max=399808, per=12.51%, avg=377834.63, stdev=5602.94
    lat (msec) : 2=1.62%, 4=97.27%, 10=1.11%, 20=0.01%, 50=0.01%
  cpu          : usr=0.13%, sys=40.56%, ctx=28688326, majf=0, minf=13760
  IO depths    : 1=100.0%, 2=0.0%, 4=0.0%, 8=0.0%, 16=0.0%, 32=0.0%, >=64=0.0%
     submit    : 0=0.0%, 4=100.0%, 8=0.0%, 16=0.0%, 32=0.0%, 64=0.0%, >=64=0.0%
     complete  : 0=0.0%, 4=100.0%, 8=0.0%, 16=0.0%, 32=0.0%, 64=0.0%, >=64=0.0%
     issued    : total=r=707785/w=0/d=0, short=r=0/w=0/d=0, drop=r=0/w=0/d=0
     latency   : target=0, window=0, percentile=100.00%, depth=1

Run status group 0 (all jobs):
   READ: io=707785MB, aggrb=2949.9MB/s, minb=2949.9MB/s, maxb=2949.9MB/s, mint=240002msec, maxt=240002msec

CPU idleness:
  system: 90.83%
  unit work: mean=55.09us, stddev=2.61
