fio-beegfs-read-unbuffered-block_64k-size_4G-threads_8: (g=0): rw=rw, bs=64K-64K/64K-64K/64K-64K, ioengine=psync, iodepth=1
...
fio-2.2.10
Starting 8 processes
fio-beegfs-read-unbuffered-block_64k-size_4G-threads_8: Laying out IO file(s) (4 file(s) / 16384MB)
fio-beegfs-read-unbuffered-block_64k-size_4G-threads_8: Laying out IO file(s) (4 file(s) / 16384MB)
fio-beegfs-read-unbuffered-block_64k-size_4G-threads_8: Laying out IO file(s) (4 file(s) / 16384MB)
fio-beegfs-read-unbuffered-block_64k-size_4G-threads_8: Laying out IO file(s) (4 file(s) / 16384MB)
fio-beegfs-read-unbuffered-block_64k-size_4G-threads_8: Laying out IO file(s) (4 file(s) / 16384MB)
fio-beegfs-read-unbuffered-block_64k-size_4G-threads_8: Laying out IO file(s) (4 file(s) / 16384MB)
fio-beegfs-read-unbuffered-block_64k-size_4G-threads_8: Laying out IO file(s) (4 file(s) / 16384MB)
fio-beegfs-read-unbuffered-block_64k-size_4G-threads_8: Laying out IO file(s) (4 file(s) / 16384MB)

fio-beegfs-read-unbuffered-block_64k-size_4G-threads_8: (groupid=0, jobs=8): err= 0: pid=3864736: Thu Nov 22 13:52:39 2018
  read : io=102520MB, bw=437417KB/s, iops=6834, runt=240002msec
    clat (usec): min=411, max=323568, avg=1168.72, stdev=596.87
     lat (usec): min=411, max=323568, avg=1168.86, stdev=596.87
    clat percentiles (usec):
     |  1.00th=[  836],  5.00th=[  932], 10.00th=[  996], 20.00th=[ 1064],
     | 30.00th=[ 1096], 40.00th=[ 1128], 50.00th=[ 1160], 60.00th=[ 1176],
     | 70.00th=[ 1208], 80.00th=[ 1256], 90.00th=[ 1336], 95.00th=[ 1384],
     | 99.00th=[ 1544], 99.50th=[ 1848], 99.90th=[ 3536], 99.95th=[ 3952],
     | 99.99th=[ 9792]
    bw (KB  /s): min=19840, max=56704, per=12.51%, avg=54731.01, stdev=2073.53
    lat (usec) : 500=0.01%, 750=0.25%, 1000=10.55%
    lat (msec) : 2=88.73%, 4=0.42%, 10=0.04%, 20=0.01%, 50=0.01%
    lat (msec) : 100=0.01%, 250=0.01%, 500=0.01%
  cpu          : usr=0.26%, sys=5.39%, ctx=1915003, majf=0, minf=36972
  IO depths    : 1=100.0%, 2=0.0%, 4=0.0%, 8=0.0%, 16=0.0%, 32=0.0%, >=64=0.0%
     submit    : 0=0.0%, 4=100.0%, 8=0.0%, 16=0.0%, 32=0.0%, 64=0.0%, >=64=0.0%
     complete  : 0=0.0%, 4=100.0%, 8=0.0%, 16=0.0%, 32=0.0%, 64=0.0%, >=64=0.0%
     issued    : total=r=1640327/w=0/d=0, short=r=0/w=0/d=0, drop=r=0/w=0/d=0
     latency   : target=0, window=0, percentile=100.00%, depth=1

Run status group 0 (all jobs):
   READ: io=102520MB, aggrb=437416KB/s, minb=437416KB/s, maxb=437416KB/s, mint=240002msec, maxt=240002msec

CPU idleness:
  system: 99.26%
  unit work: mean=56.04us, stddev=2.30
