fio-beegfs-read-unbuffered-block_1024k-size_2G-threads_1: (g=0): rw=rw, bs=1M-1M/1M-1M/1M-1M, ioengine=psync, iodepth=1
fio-2.2.10
Starting 1 process
fio-beegfs-read-unbuffered-block_1024k-size_2G-threads_1: Laying out IO file(s) (4 file(s) / 8192MB)

fio-beegfs-read-unbuffered-block_1024k-size_2G-threads_1: (groupid=0, jobs=1): err= 0: pid=3363047: Wed Nov 21 05:46:52 2018
  read : io=67596MB, bw=288406KB/s, iops=281, runt=240003msec
    clat (usec): min=3199, max=12494, avg=3548.64, stdev=424.49
     lat (usec): min=3199, max=12494, avg=3548.78, stdev=424.49
    clat percentiles (usec):
     |  1.00th=[ 3312],  5.00th=[ 3344], 10.00th=[ 3376], 20.00th=[ 3408],
     | 30.00th=[ 3440], 40.00th=[ 3472], 50.00th=[ 3472], 60.00th=[ 3504],
     | 70.00th=[ 3536], 80.00th=[ 3568], 90.00th=[ 3600], 95.00th=[ 3664],
     | 99.00th=[ 5984], 99.50th=[ 6752], 99.90th=[ 7840], 99.95th=[ 8160],
     | 99.99th=[ 9152]
    bw (KB  /s): min=269796, max=299856, per=100.00%, avg=288672.69, stdev=7710.58
    lat (msec) : 4=96.74%, 10=3.25%, 20=0.01%
  cpu          : usr=0.10%, sys=19.33%, ctx=266803, majf=0, minf=1476
  IO depths    : 1=100.0%, 2=0.0%, 4=0.0%, 8=0.0%, 16=0.0%, 32=0.0%, >=64=0.0%
     submit    : 0=0.0%, 4=100.0%, 8=0.0%, 16=0.0%, 32=0.0%, 64=0.0%, >=64=0.0%
     complete  : 0=0.0%, 4=100.0%, 8=0.0%, 16=0.0%, 32=0.0%, 64=0.0%, >=64=0.0%
     issued    : total=r=67596/w=0/d=0, short=r=0/w=0/d=0, drop=r=0/w=0/d=0
     latency   : target=0, window=0, percentile=100.00%, depth=1

Run status group 0 (all jobs):
   READ: io=67596MB, aggrb=288405KB/s, minb=288405KB/s, maxb=288405KB/s, mint=240003msec, maxt=240003msec

CPU idleness:
  system: 98.72%
  unit work: mean=55.49us, stddev=2.79
