fio-beegfs-read-buffered-block_16k-size_1G-threads_1: (g=0): rw=rw, bs=16K-16K/16K-16K/16K-16K, ioengine=psync, iodepth=1
fio-2.2.10
Starting 1 process
fio-beegfs-read-buffered-block_16k-size_1G-threads_1: Laying out IO file(s) (4 file(s) / 4096MB)

fio-beegfs-read-buffered-block_16k-size_1G-threads_1: (groupid=0, jobs=1): err= 0: pid=3305951: Thu Nov  8 18:41:22 2018
  read : io=195300MB, bw=833277KB/s, iops=52079, runt=240001msec
    clat (usec): min=1, max=48052, avg=18.53, stdev=107.17
     lat (usec): min=1, max=48052, avg=18.59, stdev=107.27
    clat percentiles (usec):
     |  1.00th=[    1],  5.00th=[    1], 10.00th=[    1], 20.00th=[    1],
     | 30.00th=[    2], 40.00th=[    2], 50.00th=[    2], 60.00th=[    2],
     | 70.00th=[    2], 80.00th=[    2], 90.00th=[    2], 95.00th=[    2],
     | 99.00th=[  540], 99.50th=[  564], 99.90th=[  604], 99.95th=[  628],
     | 99.99th=[  804]
    bw (KB  /s): min=647153, max=877568, per=100.00%, avg=833836.01, stdev=37365.80
    lat (usec) : 2=22.37%, 4=74.24%, 10=0.23%, 20=0.01%, 50=0.01%
    lat (usec) : 100=0.01%, 250=0.01%, 500=0.69%, 750=2.42%, 1000=0.01%
    lat (msec) : 2=0.01%, 4=0.01%, 10=0.01%, 20=0.01%, 50=0.01%
  cpu          : usr=4.34%, sys=66.76%, ctx=867710, majf=0, minf=151765
  IO depths    : 1=100.0%, 2=0.0%, 4=0.0%, 8=0.0%, 16=0.0%, 32=0.0%, >=64=0.0%
     submit    : 0=0.0%, 4=100.0%, 8=0.0%, 16=0.0%, 32=0.0%, 64=0.0%, >=64=0.0%
     complete  : 0=0.0%, 4=100.0%, 8=0.0%, 16=0.0%, 32=0.0%, 64=0.0%, >=64=0.0%
     issued    : total=r=12499203/w=0/d=0, short=r=0/w=0/d=0, drop=r=0/w=0/d=0
     latency   : target=0, window=0, percentile=100.00%, depth=1

Run status group 0 (all jobs):
   READ: io=195300MB, aggrb=833276KB/s, minb=833276KB/s, maxb=833276KB/s, mint=240001msec, maxt=240001msec

CPU idleness:
  system: 84.40%
  unit work: mean=50.71us, stddev=4.89
