fio-beegfs-write-unbuffered-block_16k-size_2G-threads_1: (g=0): rw=rw, bs=16K-16K/16K-16K/16K-16K, ioengine=psync, iodepth=1
fio-2.2.10
Starting 1 process
fio-beegfs-write-unbuffered-block_16k-size_2G-threads_1: Laying out IO file(s) (4 file(s) / 8192MB)

fio-beegfs-write-unbuffered-block_16k-size_2G-threads_1: (groupid=0, jobs=1): err= 0: pid=3345546: Wed Nov 21 04:48:39 2018
  write: io=19294MB, bw=82321KB/s, iops=5145, runt=240001msec
    clat (usec): min=143, max=227367, avg=192.49, stdev=290.99
     lat (usec): min=143, max=227368, avg=192.82, stdev=290.99
    clat percentiles (usec):
     |  1.00th=[  151],  5.00th=[  157], 10.00th=[  165], 20.00th=[  169],
     | 30.00th=[  173], 40.00th=[  177], 50.00th=[  187], 60.00th=[  193],
     | 70.00th=[  201], 80.00th=[  215], 90.00th=[  231], 95.00th=[  247],
     | 99.00th=[  286], 99.50th=[  306], 99.90th=[  350], 99.95th=[  418],
     | 99.99th=[ 1020]
    bw (KB  /s): min=45920, max=91008, per=100.00%, avg=82336.20, stdev=3799.34
    lat (usec) : 250=95.63%, 500=4.34%, 750=0.02%, 1000=0.01%
    lat (msec) : 2=0.01%, 4=0.01%, 10=0.01%, 250=0.01%
  cpu          : usr=1.58%, sys=17.14%, ctx=2469723, majf=0, minf=19762
  IO depths    : 1=100.0%, 2=0.0%, 4=0.0%, 8=0.0%, 16=0.0%, 32=0.0%, >=64=0.0%
     submit    : 0=0.0%, 4=100.0%, 8=0.0%, 16=0.0%, 32=0.0%, 64=0.0%, >=64=0.0%
     complete  : 0=0.0%, 4=100.0%, 8=0.0%, 16=0.0%, 32=0.0%, 64=0.0%, >=64=0.0%
     issued    : total=r=0/w=1234825/d=0, short=r=0/w=0/d=0, drop=r=0/w=0/d=0
     latency   : target=0, window=0, percentile=100.00%, depth=1

Run status group 0 (all jobs):
  WRITE: io=19294MB, aggrb=82321KB/s, minb=82321KB/s, maxb=82321KB/s, mint=240001msec, maxt=240001msec

CPU idleness:
  system: 96.56%
  unit work: mean=54.35us, stddev=2.80
