fio-beegfs-write-buffered-block_16k-size_1G-threads_1: (g=0): rw=rw, bs=16K-16K/16K-16K/16K-16K, ioengine=psync, iodepth=1
fio-2.2.10
Starting 1 process
fio-beegfs-write-buffered-block_16k-size_1G-threads_1: Laying out IO file(s) (4 file(s) / 4096MB)

fio-beegfs-write-buffered-block_16k-size_1G-threads_1: (groupid=0, jobs=1): err= 0: pid=3307312: Thu Nov  8 18:47:51 2018
  write: io=125556MB, bw=535703KB/s, iops=33481, runt=240001msec
    clat (usec): min=1, max=3128.8K, avg=29.05, stdev=2572.29
     lat (usec): min=1, max=3128.8K, avg=29.24, stdev=2572.29
    clat percentiles (usec):
     |  1.00th=[    1],  5.00th=[    1], 10.00th=[    1], 20.00th=[    2],
     | 30.00th=[    2], 40.00th=[    2], 50.00th=[    2], 60.00th=[    2],
     | 70.00th=[    2], 80.00th=[    2], 90.00th=[    2], 95.00th=[    2],
     | 99.00th=[  620], 99.50th=[  652], 99.90th=[  716], 99.95th=[  740],
     | 99.99th=[ 1160]
    bw (KB  /s): min=   15, max=802720, per=100.00%, avg=570094.46, stdev=280796.81
    lat (usec) : 2=14.92%, 4=81.30%, 10=0.62%, 20=0.01%, 50=0.01%
    lat (usec) : 100=0.01%, 250=0.01%, 500=0.19%, 750=2.89%, 1000=0.03%
    lat (msec) : 2=0.01%, 4=0.01%, 10=0.01%, 20=0.01%, 50=0.01%
    lat (msec) : 100=0.01%, 250=0.01%, 500=0.01%, 750=0.01%, 1000=0.01%
    lat (msec) : 2000=0.01%, >=2000=0.01%
  cpu          : usr=3.67%, sys=20.80%, ctx=1238982, majf=0, minf=99460
  IO depths    : 1=100.0%, 2=0.0%, 4=0.0%, 8=0.0%, 16=0.0%, 32=0.0%, >=64=0.0%
     submit    : 0=0.0%, 4=100.0%, 8=0.0%, 16=0.0%, 32=0.0%, 64=0.0%, >=64=0.0%
     complete  : 0=0.0%, 4=100.0%, 8=0.0%, 16=0.0%, 32=0.0%, 64=0.0%, >=64=0.0%
     issued    : total=r=0/w=8035584/d=0, short=r=0/w=0/d=0, drop=r=0/w=0/d=0
     latency   : target=0, window=0, percentile=100.00%, depth=1

Run status group 0 (all jobs):
  WRITE: io=125556MB, aggrb=535703KB/s, minb=535703KB/s, maxb=535703KB/s, mint=240001msec, maxt=240001msec

CPU idleness:
  system: 86.87%
  unit work: mean=51.86us, stddev=4.81
