fio-beegfs-write-buffered-block_512k-size_1G-threads_4: (g=0): rw=rw, bs=512K-512K/512K-512K/512K-512K, ioengine=psync, iodepth=1
...
fio-2.2.10
Starting 4 processes
fio-beegfs-write-buffered-block_512k-size_1G-threads_4: Laying out IO file(s) (4 file(s) / 4096MB)
fio-beegfs-write-buffered-block_512k-size_1G-threads_4: Laying out IO file(s) (4 file(s) / 4096MB)
fio-beegfs-write-buffered-block_512k-size_1G-threads_4: Laying out IO file(s) (4 file(s) / 4096MB)
fio-beegfs-write-buffered-block_512k-size_1G-threads_4: Laying out IO file(s) (4 file(s) / 4096MB)

fio-beegfs-write-buffered-block_512k-size_1G-threads_4: (groupid=0, jobs=4): err= 0: pid=3473397: Fri Nov  9 07:37:28 2018
  write: io=99939MB, bw=426348KB/s, iops=832, runt=240033msec
    clat (usec): min=446, max=640699, avg=4791.66, stdev=41757.55
     lat (usec): min=454, max=640707, avg=4801.31, stdev=41757.55
    clat percentiles (usec):
     |  1.00th=[  564],  5.00th=[  612], 10.00th=[  636], 20.00th=[  668],
     | 30.00th=[  700], 40.00th=[  724], 50.00th=[  740], 60.00th=[  756],
     | 70.00th=[  780], 80.00th=[  796], 90.00th=[  836], 95.00th=[  876],
     | 99.00th=[41728], 99.50th=[452608], 99.90th=[509952], 99.95th=[522240],
     | 99.99th=[618496]
    bw (KB  /s): min=  973, max=701440, per=26.37%, avg=112418.40, stdev=162946.67
    lat (usec) : 500=0.10%, 750=54.29%, 1000=43.58%
    lat (msec) : 2=0.68%, 4=0.01%, 10=0.02%, 20=0.06%, 50=0.28%
    lat (msec) : 100=0.05%, 250=0.11%, 500=0.70%, 750=0.13%
  cpu          : usr=0.29%, sys=4.81%, ctx=1071353, majf=0, minf=3904
  IO depths    : 1=100.0%, 2=0.0%, 4=0.0%, 8=0.0%, 16=0.0%, 32=0.0%, >=64=0.0%
     submit    : 0=0.0%, 4=100.0%, 8=0.0%, 16=0.0%, 32=0.0%, 64=0.0%, >=64=0.0%
     complete  : 0=0.0%, 4=100.0%, 8=0.0%, 16=0.0%, 32=0.0%, 64=0.0%, >=64=0.0%
     issued    : total=r=0/w=199878/d=0, short=r=0/w=0/d=0, drop=r=0/w=0/d=0
     latency   : target=0, window=0, percentile=100.00%, depth=1

Run status group 0 (all jobs):
  WRITE: io=99939MB, aggrb=426347KB/s, minb=426347KB/s, maxb=426347KB/s, mint=240033msec, maxt=240033msec

CPU idleness:
  system: 97.93%
  unit work: mean=54.98us, stddev=2.26
