fio-beegfs-read-buffered-block_512k-size_4G-threads_4: (g=0): rw=rw, bs=512K-512K/512K-512K/512K-512K, ioengine=psync, iodepth=1
...
fio-2.2.10
Starting 4 processes
fio-beegfs-read-buffered-block_512k-size_4G-threads_4: Laying out IO file(s) (4 file(s) / 16384MB)
fio-beegfs-read-buffered-block_512k-size_4G-threads_4: Laying out IO file(s) (4 file(s) / 16384MB)
fio-beegfs-read-buffered-block_512k-size_4G-threads_4: Laying out IO file(s) (4 file(s) / 16384MB)
fio-beegfs-read-buffered-block_512k-size_4G-threads_4: Laying out IO file(s) (4 file(s) / 16384MB)

fio-beegfs-read-buffered-block_512k-size_4G-threads_4: (groupid=0, jobs=4): err= 0: pid=3568802: Fri Nov  9 15:29:28 2018
  read : io=678574MB, bw=2827.4MB/s, iops=5654, runt=240001msec
    clat (usec): min=406, max=21308, avg=705.30, stdev=93.70
     lat (usec): min=406, max=21309, avg=705.44, stdev=93.70
    clat percentiles (usec):
     |  1.00th=[  572],  5.00th=[  612], 10.00th=[  636], 20.00th=[  660],
     | 30.00th=[  676], 40.00th=[  684], 50.00th=[  700], 60.00th=[  708],
     | 70.00th=[  724], 80.00th=[  740], 90.00th=[  764], 95.00th=[  804],
     | 99.00th=[  996], 99.50th=[ 1112], 99.90th=[ 1352], 99.95th=[ 1432],
     | 99.99th=[ 1960]
    bw (KB  /s): min=658432, max=761856, per=25.02%, avg=724341.77, stdev=12043.39
    lat (usec) : 500=0.04%, 750=84.88%, 1000=14.10%
    lat (msec) : 2=0.98%, 4=0.01%, 10=0.01%, 20=0.01%, 50=0.01%
  cpu          : usr=0.44%, sys=73.37%, ctx=3638908, majf=0, minf=29113
  IO depths    : 1=100.0%, 2=0.0%, 4=0.0%, 8=0.0%, 16=0.0%, 32=0.0%, >=64=0.0%
     submit    : 0=0.0%, 4=100.0%, 8=0.0%, 16=0.0%, 32=0.0%, 64=0.0%, >=64=0.0%
     complete  : 0=0.0%, 4=100.0%, 8=0.0%, 16=0.0%, 32=0.0%, 64=0.0%, >=64=0.0%
     issued    : total=r=1357148/w=0/d=0, short=r=0/w=0/d=0, drop=r=0/w=0/d=0
     latency   : target=0, window=0, percentile=100.00%, depth=1

Run status group 0 (all jobs):
   READ: io=678574MB, aggrb=2827.4MB/s, minb=2827.4MB/s, maxb=2827.4MB/s, mint=240001msec, maxt=240001msec

CPU idleness:
  system: 85.22%
  unit work: mean=49.95us, stddev=2.52
