fio-beegfs-read-buffered-block_1024k-size_2G-threads_2: (g=0): rw=rw, bs=1M-1M/1M-1M/1M-1M, ioengine=psync, iodepth=1
...
fio-2.2.10
Starting 2 processes
fio-beegfs-read-buffered-block_1024k-size_2G-threads_2: Laying out IO file(s) (4 file(s) / 8192MB)
fio-beegfs-read-buffered-block_1024k-size_2G-threads_2: Laying out IO file(s) (4 file(s) / 8192MB)

fio-beegfs-read-buffered-block_1024k-size_2G-threads_2: (groupid=0, jobs=2): err= 0: pid=3409808: Fri Nov  9 02:25:36 2018
  read : io=455563MB, bw=1898.2MB/s, iops=1898, runt=240001msec
    clat (usec): min=780, max=9930, avg=1051.67, stdev=71.89
     lat (usec): min=780, max=9930, avg=1051.80, stdev=71.89
    clat percentiles (usec):
     |  1.00th=[  924],  5.00th=[  956], 10.00th=[  972], 20.00th=[  996],
     | 30.00th=[ 1012], 40.00th=[ 1032], 50.00th=[ 1048], 60.00th=[ 1064],
     | 70.00th=[ 1080], 80.00th=[ 1096], 90.00th=[ 1128], 95.00th=[ 1160],
     | 99.00th=[ 1256], 99.50th=[ 1320], 99.90th=[ 1464], 99.95th=[ 1496],
     | 99.99th=[ 1576]
    bw (KB  /s): min=929792, max=1024000, per=50.05%, avg=972766.81, stdev=14442.91
    lat (usec) : 1000=22.38%
    lat (msec) : 2=77.61%, 4=0.01%, 10=0.01%
  cpu          : usr=0.30%, sys=69.83%, ctx=1944496, majf=0, minf=9779
  IO depths    : 1=100.0%, 2=0.0%, 4=0.0%, 8=0.0%, 16=0.0%, 32=0.0%, >=64=0.0%
     submit    : 0=0.0%, 4=100.0%, 8=0.0%, 16=0.0%, 32=0.0%, 64=0.0%, >=64=0.0%
     complete  : 0=0.0%, 4=100.0%, 8=0.0%, 16=0.0%, 32=0.0%, 64=0.0%, >=64=0.0%
     issued    : total=r=455563/w=0/d=0, short=r=0/w=0/d=0, drop=r=0/w=0/d=0
     latency   : target=0, window=0, percentile=100.00%, depth=1

Run status group 0 (all jobs):
   READ: io=455563MB, aggrb=1898.2MB/s, minb=1898.2MB/s, maxb=1898.2MB/s, mint=240001msec, maxt=240001msec

CPU idleness:
  system: 90.50%
  unit work: mean=51.80us, stddev=4.52
