fio-beegfs-read-unbuffered-block_128k-size_1G-threads_4: (g=0): rw=rw, bs=128K-128K/128K-128K/128K-128K, ioengine=psync, iodepth=1
...
fio-2.2.10
Starting 4 processes
fio-beegfs-read-unbuffered-block_128k-size_1G-threads_4: Laying out IO file(s) (4 file(s) / 4096MB)
fio-beegfs-read-unbuffered-block_128k-size_1G-threads_4: Laying out IO file(s) (4 file(s) / 4096MB)
fio-beegfs-read-unbuffered-block_128k-size_1G-threads_4: Laying out IO file(s) (4 file(s) / 4096MB)
fio-beegfs-read-unbuffered-block_128k-size_1G-threads_4: Laying out IO file(s) (4 file(s) / 4096MB)

fio-beegfs-read-unbuffered-block_128k-size_1G-threads_4: (groupid=0, jobs=4): err= 0: pid=3546821: Wed Nov 21 15:37:30 2018
  read : io=95135MB, bw=405906KB/s, iops=3171, runt=240001msec
    clat (usec): min=595, max=21971, avg=1259.61, stdev=302.36
     lat (usec): min=595, max=21971, avg=1259.74, stdev=302.36
    clat percentiles (usec):
     |  1.00th=[  908],  5.00th=[ 1048], 10.00th=[ 1096], 20.00th=[ 1128],
     | 30.00th=[ 1160], 40.00th=[ 1176], 50.00th=[ 1208], 60.00th=[ 1240],
     | 70.00th=[ 1304], 80.00th=[ 1384], 90.00th=[ 1432], 95.00th=[ 1496],
     | 99.00th=[ 2736], 99.50th=[ 3440], 99.90th=[ 4320], 99.95th=[ 5152],
     | 99.99th=[ 6496]
    bw (KB  /s): min=90443, max=105984, per=25.02%, avg=101563.28, stdev=3135.09
    lat (usec) : 750=0.04%, 1000=3.30%
    lat (msec) : 2=95.29%, 4=1.20%, 10=0.17%, 20=0.01%, 50=0.01%
  cpu          : usr=0.23%, sys=8.02%, ctx=823821, majf=0, minf=17801
  IO depths    : 1=100.0%, 2=0.0%, 4=0.0%, 8=0.0%, 16=0.0%, 32=0.0%, >=64=0.0%
     submit    : 0=0.0%, 4=100.0%, 8=0.0%, 16=0.0%, 32=0.0%, 64=0.0%, >=64=0.0%
     complete  : 0=0.0%, 4=100.0%, 8=0.0%, 16=0.0%, 32=0.0%, 64=0.0%, >=64=0.0%
     issued    : total=r=761077/w=0/d=0, short=r=0/w=0/d=0, drop=r=0/w=0/d=0
     latency   : target=0, window=0, percentile=100.00%, depth=1

Run status group 0 (all jobs):
   READ: io=95135MB, aggrb=405906KB/s, minb=405906KB/s, maxb=405906KB/s, mint=240001msec, maxt=240001msec

CPU idleness:
  system: 95.95%
  unit work: mean=54.09us, stddev=3.37
