fio-beegfs-read-buffered-block_128k-size_4G-threads_1: (g=0): rw=rw, bs=128K-128K/128K-128K/128K-128K, ioengine=psync, iodepth=1
fio-2.2.10
Starting 1 process
fio-beegfs-read-buffered-block_128k-size_4G-threads_1: Laying out IO file(s) (4 file(s) / 16384MB)

fio-beegfs-read-buffered-block_128k-size_4G-threads_1: (groupid=0, jobs=1): err= 0: pid=3346607: Thu Nov  8 22:05:54 2018
  read : io=209571MB, bw=894164KB/s, iops=6985, runt=240001msec
    clat (usec): min=9, max=31039, avg=142.10, stdev=241.35
     lat (usec): min=9, max=31039, avg=142.18, stdev=241.37
    clat percentiles (usec):
     |  1.00th=[    9],  5.00th=[    9], 10.00th=[    9], 20.00th=[   10],
     | 30.00th=[   10], 40.00th=[   10], 50.00th=[   10], 60.00th=[   10],
     | 70.00th=[   12], 80.00th=[  506], 90.00th=[  540], 95.00th=[  564],
     | 99.00th=[  604], 99.50th=[  620], 99.90th=[  692], 99.95th=[  796],
     | 99.99th=[ 1800]
    bw (KB  /s): min=719968, max=942080, per=100.00%, avg=894614.97, stdev=23954.57
    lat (usec) : 10=16.46%, 20=58.45%, 50=0.07%, 100=0.01%, 250=0.01%
    lat (usec) : 500=3.63%, 750=21.31%, 1000=0.06%
    lat (msec) : 2=0.01%, 4=0.01%, 10=0.01%, 20=0.01%, 50=0.01%
  cpu          : usr=0.84%, sys=70.01%, ctx=921837, majf=0, minf=24937
  IO depths    : 1=100.0%, 2=0.0%, 4=0.0%, 8=0.0%, 16=0.0%, 32=0.0%, >=64=0.0%
     submit    : 0=0.0%, 4=100.0%, 8=0.0%, 16=0.0%, 32=0.0%, 64=0.0%, >=64=0.0%
     complete  : 0=0.0%, 4=100.0%, 8=0.0%, 16=0.0%, 32=0.0%, 64=0.0%, >=64=0.0%
     issued    : total=r=1676564/w=0/d=0, short=r=0/w=0/d=0, drop=r=0/w=0/d=0
     latency   : target=0, window=0, percentile=100.00%, depth=1

Run status group 0 (all jobs):
   READ: io=209571MB, aggrb=894163KB/s, minb=894163KB/s, maxb=894163KB/s, mint=240001msec, maxt=240001msec

CPU idleness:
  system: 86.83%
  unit work: mean=52.17us, stddev=5.07
