fio-beegfs-write-buffered-block_1024k-size_2G-threads_1: (g=0): rw=rw, bs=1M-1M/1M-1M/1M-1M, ioengine=psync, iodepth=1
fio-2.2.10
Starting 1 process
fio-beegfs-write-buffered-block_1024k-size_2G-threads_1: Laying out IO file(s) (4 file(s) / 8192MB)

fio-beegfs-write-buffered-block_1024k-size_2G-threads_1: (groupid=0, jobs=1): err= 0: pid=3334707: Thu Nov  8 21:04:24 2018
  write: io=136251MB, bw=580757KB/s, iops=567, runt=240240msec
    clat (usec): min=892, max=1638.5K, avg=1743.82, stdev=15469.10
     lat (usec): min=910, max=1638.5K, avg=1760.89, stdev=15469.21
    clat percentiles (usec):
     |  1.00th=[ 1004],  5.00th=[ 1064], 10.00th=[ 1080], 20.00th=[ 1112],
     | 30.00th=[ 1144], 40.00th=[ 1160], 50.00th=[ 1176], 60.00th=[ 1208],
     | 70.00th=[ 1224], 80.00th=[ 1272], 90.00th=[ 1320], 95.00th=[ 1368],
     | 99.00th=[ 1512], 99.50th=[ 2256], 99.90th=[333824], 99.95th=[444416],
     | 99.99th=[514048]
    bw (KB  /s): min= 4591, max=903409, per=100.00%, avg=596227.27, stdev=324014.13
    lat (usec) : 1000=0.85%
    lat (msec) : 2=98.57%, 4=0.23%, 10=0.09%, 20=0.08%, 50=0.04%
    lat (msec) : 100=0.01%, 250=0.02%, 500=0.10%, 750=0.01%, 1000=0.01%
    lat (msec) : 2000=0.01%
  cpu          : usr=1.34%, sys=16.39%, ctx=1331605, majf=0, minf=3819
  IO depths    : 1=100.0%, 2=0.0%, 4=0.0%, 8=0.0%, 16=0.0%, 32=0.0%, >=64=0.0%
     submit    : 0=0.0%, 4=100.0%, 8=0.0%, 16=0.0%, 32=0.0%, 64=0.0%, >=64=0.0%
     complete  : 0=0.0%, 4=100.0%, 8=0.0%, 16=0.0%, 32=0.0%, 64=0.0%, >=64=0.0%
     issued    : total=r=0/w=136251/d=0, short=r=0/w=0/d=0, drop=r=0/w=0/d=0
     latency   : target=0, window=0, percentile=100.00%, depth=1

Run status group 0 (all jobs):
  WRITE: io=136251MB, aggrb=580756KB/s, minb=580756KB/s, maxb=580756KB/s, mint=240240msec, maxt=240240msec

CPU idleness:
  system: 86.34%
  unit work: mean=51.50us, stddev=5.00
