fio-beegfs-write-buffered-block_64k-size_2G-threads_2: (g=0): rw=rw, bs=64K-64K/64K-64K/64K-64K, ioengine=psync, iodepth=1
...
fio-2.2.10
Starting 2 processes
fio-beegfs-write-buffered-block_64k-size_2G-threads_2: Laying out IO file(s) (4 file(s) / 8192MB)
fio-beegfs-write-buffered-block_64k-size_2G-threads_2: Laying out IO file(s) (4 file(s) / 8192MB)

fio-beegfs-write-buffered-block_64k-size_2G-threads_2: (groupid=0, jobs=2): err= 0: pid=3393744: Fri Nov  9 01:23:30 2018
  write: io=83398MB, bw=355285KB/s, iops=5551, runt=240369msec
    clat (usec): min=4, max=692369, avg=358.72, stdev=11033.87
     lat (usec): min=5, max=692373, avg=359.41, stdev=11033.88
    clat percentiles (usec):
     |  1.00th=[    5],  5.00th=[    5], 10.00th=[    5], 20.00th=[    5],
     | 30.00th=[    5], 40.00th=[    6], 50.00th=[   15], 60.00th=[   16],
     | 70.00th=[   16], 80.00th=[   17], 90.00th=[  564], 95.00th=[  644],
     | 99.00th=[  708], 99.50th=[  740], 99.90th=[ 1080], 99.95th=[399360],
     | 99.99th=[497664]
    bw (KB  /s): min= 3650, max=790784, per=55.78%, avg=198193.23, stdev=264452.81
    lat (usec) : 10=47.35%, 20=38.54%, 50=1.49%, 100=0.12%, 250=0.01%
    lat (usec) : 500=0.04%, 750=12.08%, 1000=0.28%
    lat (msec) : 2=0.02%, 4=0.01%, 10=0.01%, 20=0.01%, 50=0.02%
    lat (msec) : 100=0.01%, 250=0.01%, 500=0.05%, 750=0.01%
  cpu          : usr=0.56%, sys=11.29%, ctx=737859, majf=0, minf=26222
  IO depths    : 1=100.0%, 2=0.0%, 4=0.0%, 8=0.0%, 16=0.0%, 32=0.0%, >=64=0.0%
     submit    : 0=0.0%, 4=100.0%, 8=0.0%, 16=0.0%, 32=0.0%, 64=0.0%, >=64=0.0%
     complete  : 0=0.0%, 4=100.0%, 8=0.0%, 16=0.0%, 32=0.0%, 64=0.0%, >=64=0.0%
     issued    : total=r=0/w=1334367/d=0, short=r=0/w=0/d=0, drop=r=0/w=0/d=0
     latency   : target=0, window=0, percentile=100.00%, depth=1

Run status group 0 (all jobs):
  WRITE: io=83398MB, aggrb=355284KB/s, minb=355284KB/s, maxb=355284KB/s, mint=240369msec, maxt=240369msec

CPU idleness:
  system: 95.50%
  unit work: mean=53.62us, stddev=2.36
