fio-beegfs-write-buffered-block_16k-size_2G-threads_1: (g=0): rw=rw, bs=16K-16K/16K-16K/16K-16K, ioengine=psync, iodepth=1
fio-2.2.10
Starting 1 process
fio-beegfs-write-buffered-block_16k-size_2G-threads_1: Laying out IO file(s) (4 file(s) / 8192MB)

fio-beegfs-write-buffered-block_16k-size_2G-threads_1: (groupid=0, jobs=1): err= 0: pid=3321312: Thu Nov  8 19:56:59 2018
  write: io=123340MB, bw=526248KB/s, iops=32890, runt=240001msec
    clat (usec): min=1, max=2315.4K, avg=29.57, stdev=2116.81
     lat (usec): min=1, max=2315.4K, avg=29.77, stdev=2116.82
    clat percentiles (usec):
     |  1.00th=[    1],  5.00th=[    1], 10.00th=[    1], 20.00th=[    2],
     | 30.00th=[    2], 40.00th=[    2], 50.00th=[    2], 60.00th=[    2],
     | 70.00th=[    2], 80.00th=[    2], 90.00th=[    2], 95.00th=[    2],
     | 99.00th=[  612], 99.50th=[  644], 99.90th=[  708], 99.95th=[  732],
     | 99.99th=[ 1400]
    bw (KB  /s): min= 6903, max=806848, per=100.00%, avg=539670.73, stdev=293317.09
    lat (usec) : 2=14.80%, 4=81.38%, 10=0.67%, 20=0.01%, 50=0.01%
    lat (usec) : 100=0.01%, 250=0.01%, 500=0.22%, 750=2.87%, 1000=0.02%
    lat (msec) : 2=0.01%, 4=0.01%, 10=0.01%, 20=0.01%, 50=0.01%
    lat (msec) : 100=0.01%, 250=0.01%, 500=0.01%, 750=0.01%, 2000=0.01%
    lat (msec) : >=2000=0.01%
  cpu          : usr=3.85%, sys=20.28%, ctx=1210291, majf=0, minf=97798
  IO depths    : 1=100.0%, 2=0.0%, 4=0.0%, 8=0.0%, 16=0.0%, 32=0.0%, >=64=0.0%
     submit    : 0=0.0%, 4=100.0%, 8=0.0%, 16=0.0%, 32=0.0%, 64=0.0%, >=64=0.0%
     complete  : 0=0.0%, 4=100.0%, 8=0.0%, 16=0.0%, 32=0.0%, 64=0.0%, >=64=0.0%
     issued    : total=r=0/w=7893758/d=0, short=r=0/w=0/d=0, drop=r=0/w=0/d=0
     latency   : target=0, window=0, percentile=100.00%, depth=1

Run status group 0 (all jobs):
  WRITE: io=123340MB, aggrb=526248KB/s, minb=526248KB/s, maxb=526248KB/s, mint=240001msec, maxt=240001msec

CPU idleness:
  system: 82.13%
  unit work: mean=49.02us, stddev=4.30
