fio-beegfs-write-unbuffered-block_128k-size_1G-threads_2: (g=0): rw=rw, bs=128K-128K/128K-128K/128K-128K, ioengine=psync, iodepth=1
...
fio-2.2.10
Starting 2 processes
fio-beegfs-write-unbuffered-block_128k-size_1G-threads_2: Laying out IO file(s) (4 file(s) / 4096MB)
fio-beegfs-write-unbuffered-block_128k-size_1G-threads_2: Laying out IO file(s) (4 file(s) / 4096MB)

fio-beegfs-write-unbuffered-block_128k-size_1G-threads_2: (groupid=0, jobs=2): err= 0: pid=3426051: Wed Nov 21 08:46:22 2018
  write: io=88265MB, bw=376595KB/s, iops=2942, runt=240001msec
    clat (usec): min=436, max=69421, avg=676.20, stdev=322.80
     lat (usec): min=438, max=69423, avg=677.87, stdev=322.79
    clat percentiles (usec):
     |  1.00th=[  494],  5.00th=[  516], 10.00th=[  524], 20.00th=[  548],
     | 30.00th=[  564], 40.00th=[  580], 50.00th=[  596], 60.00th=[  612],
     | 70.00th=[  636], 80.00th=[  692], 90.00th=[  988], 95.00th=[ 1224],
     | 99.00th=[ 1464], 99.50th=[ 1864], 99.90th=[ 5152], 99.95th=[ 6304],
     | 99.99th=[ 7584]
    bw (KB  /s): min=134387, max=202412, per=50.03%, avg=188422.55, stdev=10661.22
    lat (usec) : 500=1.56%, 750=82.84%, 1000=5.83%
    lat (msec) : 2=9.34%, 4=0.32%, 10=0.11%, 20=0.01%, 100=0.01%
  cpu          : usr=0.74%, sys=10.91%, ctx=1506205, majf=0, minf=14718
  IO depths    : 1=100.0%, 2=0.0%, 4=0.0%, 8=0.0%, 16=0.0%, 32=0.0%, >=64=0.0%
     submit    : 0=0.0%, 4=100.0%, 8=0.0%, 16=0.0%, 32=0.0%, 64=0.0%, >=64=0.0%
     complete  : 0=0.0%, 4=100.0%, 8=0.0%, 16=0.0%, 32=0.0%, 64=0.0%, >=64=0.0%
     issued    : total=r=0/w=706118/d=0, short=r=0/w=0/d=0, drop=r=0/w=0/d=0
     latency   : target=0, window=0, percentile=100.00%, depth=1

Run status group 0 (all jobs):
  WRITE: io=88265MB, aggrb=376594KB/s, minb=376594KB/s, maxb=376594KB/s, mint=240001msec, maxt=240001msec

CPU idleness:
  system: 98.55%
  unit work: mean=55.52us, stddev=2.79
