fio-beegfs-write-buffered-block_1024k-size_4G-threads_1: (g=0): rw=rw, bs=1M-1M/1M-1M/1M-1M, ioengine=psync, iodepth=1
fio-2.2.10
Starting 1 process
fio-beegfs-write-buffered-block_1024k-size_4G-threads_1: Laying out IO file(s) (4 file(s) / 16384MB)

fio-beegfs-write-buffered-block_1024k-size_4G-threads_1: (groupid=0, jobs=1): err= 0: pid=3358604: Thu Nov  8 23:07:22 2018
  write: io=72138MB, bw=307559KB/s, iops=300, runt=240179msec
    clat (usec): min=889, max=987764, avg=3310.94, stdev=31744.07
     lat (usec): min=907, max=987782, avg=3327.35, stdev=31744.09
    clat percentiles (usec):
     |  1.00th=[  972],  5.00th=[ 1020], 10.00th=[ 1048], 20.00th=[ 1064],
     | 30.00th=[ 1080], 40.00th=[ 1096], 50.00th=[ 1112], 60.00th=[ 1128],
     | 70.00th=[ 1144], 80.00th=[ 1176], 90.00th=[ 1208], 95.00th=[ 1224],
     | 99.00th=[ 1352], 99.50th=[30848], 99.90th=[497664], 99.95th=[518144],
     | 99.99th=[626688]
    bw (KB  /s): min= 1563, max=927744, per=100.00%, avg=341444.72, stdev=384659.96
    lat (usec) : 1000=2.49%
    lat (msec) : 2=96.80%, 4=0.04%, 10=0.03%, 20=0.03%, 50=0.12%
    lat (msec) : 100=0.01%, 250=0.03%, 500=0.36%, 750=0.09%, 1000=0.01%
  cpu          : usr=0.54%, sys=8.89%, ctx=677789, majf=0, minf=1531
  IO depths    : 1=100.0%, 2=0.0%, 4=0.0%, 8=0.0%, 16=0.0%, 32=0.0%, >=64=0.0%
     submit    : 0=0.0%, 4=100.0%, 8=0.0%, 16=0.0%, 32=0.0%, 64=0.0%, >=64=0.0%
     complete  : 0=0.0%, 4=100.0%, 8=0.0%, 16=0.0%, 32=0.0%, 64=0.0%, >=64=0.0%
     issued    : total=r=0/w=72138/d=0, short=r=0/w=0/d=0, drop=r=0/w=0/d=0
     latency   : target=0, window=0, percentile=100.00%, depth=1

Run status group 0 (all jobs):
  WRITE: io=72138MB, aggrb=307559KB/s, minb=307559KB/s, maxb=307559KB/s, mint=240179msec, maxt=240179msec

CPU idleness:
  system: 94.83%
  unit work: mean=53.15us, stddev=3.12
