fio-beegfs-write-buffered-block_64k-size_1G-threads_4: (g=0): rw=rw, bs=64K-64K/64K-64K/64K-64K, ioengine=psync, iodepth=1
...
fio-2.2.10
Starting 4 processes
fio-beegfs-write-buffered-block_64k-size_1G-threads_4: Laying out IO file(s) (4 file(s) / 4096MB)
fio-beegfs-write-buffered-block_64k-size_1G-threads_4: Laying out IO file(s) (4 file(s) / 4096MB)
fio-beegfs-write-buffered-block_64k-size_1G-threads_4: Laying out IO file(s) (4 file(s) / 4096MB)
fio-beegfs-write-buffered-block_64k-size_1G-threads_4: Laying out IO file(s) (4 file(s) / 4096MB)

fio-beegfs-write-buffered-block_64k-size_1G-threads_4: (groupid=0, jobs=4): err= 0: pid=3463126: Fri Nov  9 06:48:04 2018
  write: io=101106MB, bw=430986KB/s, iops=6734, runt=240222msec
    clat (usec): min=4, max=576501, avg=592.20, stdev=14596.21
     lat (usec): min=5, max=576505, avg=592.99, stdev=14596.23
    clat percentiles (usec):
     |  1.00th=[    5],  5.00th=[    5], 10.00th=[    5], 20.00th=[    6],
     | 30.00th=[    7], 40.00th=[    7], 50.00th=[    8], 60.00th=[   16],
     | 70.00th=[   17], 80.00th=[   18], 90.00th=[  660], 95.00th=[  764],
     | 99.00th=[  860], 99.50th=[  908], 99.90th=[261120], 99.95th=[464896],
     | 99.99th=[501760]
    bw (KB  /s): min=  246, max=630400, per=26.72%, avg=115140.59, stdev=171654.41
    lat (usec) : 10=52.64%, 20=30.00%, 50=4.28%, 100=0.57%, 250=0.01%
    lat (usec) : 500=0.02%, 750=6.52%, 1000=5.69%
    lat (msec) : 2=0.11%, 4=0.01%, 10=0.01%, 20=0.01%, 50=0.03%
    lat (msec) : 100=0.01%, 250=0.01%, 500=0.09%, 750=0.01%
  cpu          : usr=0.35%, sys=6.82%, ctx=1046498, majf=0, minf=30647
  IO depths    : 1=100.0%, 2=0.0%, 4=0.0%, 8=0.0%, 16=0.0%, 32=0.0%, >=64=0.0%
     submit    : 0=0.0%, 4=100.0%, 8=0.0%, 16=0.0%, 32=0.0%, 64=0.0%, >=64=0.0%
     complete  : 0=0.0%, 4=100.0%, 8=0.0%, 16=0.0%, 32=0.0%, 64=0.0%, >=64=0.0%
     issued    : total=r=0/w=1617693/d=0, short=r=0/w=0/d=0, drop=r=0/w=0/d=0
     latency   : target=0, window=0, percentile=100.00%, depth=1

Run status group 0 (all jobs):
  WRITE: io=101106MB, aggrb=430986KB/s, minb=430986KB/s, maxb=430986KB/s, mint=240222msec, maxt=240222msec

CPU idleness:
  system: 86.55%
  unit work: mean=48.64us, stddev=3.10
