fio-beegfs-read-unbuffered-block_128k-size_2G-threads_2: (g=0): rw=rw, bs=128K-128K/128K-128K/128K-128K, ioengine=psync, iodepth=1
...
fio-2.2.10
Starting 2 processes
fio-beegfs-read-unbuffered-block_128k-size_2G-threads_2: Laying out IO file(s) (4 file(s) / 8192MB)
fio-beegfs-read-unbuffered-block_128k-size_2G-threads_2: Laying out IO file(s) (4 file(s) / 8192MB)

fio-beegfs-read-unbuffered-block_128k-size_2G-threads_2: (groupid=0, jobs=2): err= 0: pid=3454047: Wed Nov 21 10:20:32 2018
  read : io=70474MB, bw=300689KB/s, iops=2349, runt=240001msec
    clat (usec): min=560, max=10372, avg=849.67, stdev=181.09
     lat (usec): min=560, max=10373, avg=849.79, stdev=181.09
    clat percentiles (usec):
     |  1.00th=[  700],  5.00th=[  740], 10.00th=[  764], 20.00th=[  788],
     | 30.00th=[  804], 40.00th=[  820], 50.00th=[  836], 60.00th=[  852],
     | 70.00th=[  868], 80.00th=[  884], 90.00th=[  916], 95.00th=[  940],
     | 99.00th=[ 1096], 99.50th=[ 2096], 99.90th=[ 3472], 99.95th=[ 3664],
     | 99.99th=[ 4640]
    bw (KB  /s): min=134400, max=156416, per=50.04%, avg=150473.08, stdev=4435.15
    lat (usec) : 750=6.87%, 1000=91.69%
    lat (msec) : 2=0.92%, 4=0.50%, 10=0.02%, 20=0.01%
  cpu          : usr=0.36%, sys=11.20%, ctx=627380, majf=0, minf=13886
  IO depths    : 1=100.0%, 2=0.0%, 4=0.0%, 8=0.0%, 16=0.0%, 32=0.0%, >=64=0.0%
     submit    : 0=0.0%, 4=100.0%, 8=0.0%, 16=0.0%, 32=0.0%, 64=0.0%, >=64=0.0%
     complete  : 0=0.0%, 4=100.0%, 8=0.0%, 16=0.0%, 32=0.0%, 64=0.0%, >=64=0.0%
     issued    : total=r=563795/w=0/d=0, short=r=0/w=0/d=0, drop=r=0/w=0/d=0
     latency   : target=0, window=0, percentile=100.00%, depth=1

Run status group 0 (all jobs):
   READ: io=70474MB, aggrb=300689KB/s, minb=300689KB/s, maxb=300689KB/s, mint=240001msec, maxt=240001msec

CPU idleness:
  system: 97.85%
  unit work: mean=55.03us, stddev=2.61
