fio-beegfs-read-unbuffered-block_64k-size_1G-threads_1: (g=0): rw=rw, bs=64K-64K/64K-64K/64K-64K, ioengine=psync, iodepth=1
fio-2.2.10
Starting 1 process
fio-beegfs-read-unbuffered-block_64k-size_1G-threads_1: Laying out IO file(s) (4 file(s) / 4096MB)

fio-beegfs-read-unbuffered-block_64k-size_1G-threads_1: (groupid=0, jobs=1): err= 0: pid=3326835: Wed Nov 21 03:47:07 2018
  read : io=27675MB, bw=118078KB/s, iops=1844, runt=240001msec
    clat (usec): min=397, max=9904, avg=540.36, stdev=164.28
     lat (usec): min=397, max=9905, avg=540.48, stdev=164.28
    clat percentiles (usec):
     |  1.00th=[  442],  5.00th=[  462], 10.00th=[  478], 20.00th=[  494],
     | 30.00th=[  506], 40.00th=[  516], 50.00th=[  524], 60.00th=[  540],
     | 70.00th=[  548], 80.00th=[  564], 90.00th=[  580], 95.00th=[  604],
     | 99.00th=[  732], 99.50th=[ 1288], 99.90th=[ 3152], 99.95th=[ 3280],
     | 99.99th=[ 3472]
    bw (KB  /s): min=104064, max=131456, per=100.00%, avg=118132.60, stdev=4687.37
    lat (usec) : 500=25.21%, 750=73.82%, 1000=0.25%
    lat (msec) : 2=0.32%, 4=0.40%, 10=0.01%
  cpu          : usr=0.52%, sys=12.12%, ctx=552844, majf=0, minf=7884
  IO depths    : 1=100.0%, 2=0.0%, 4=0.0%, 8=0.0%, 16=0.0%, 32=0.0%, >=64=0.0%
     submit    : 0=0.0%, 4=100.0%, 8=0.0%, 16=0.0%, 32=0.0%, 64=0.0%, >=64=0.0%
     complete  : 0=0.0%, 4=100.0%, 8=0.0%, 16=0.0%, 32=0.0%, 64=0.0%, >=64=0.0%
     issued    : total=r=442794/w=0/d=0, short=r=0/w=0/d=0, drop=r=0/w=0/d=0
     latency   : target=0, window=0, percentile=100.00%, depth=1

Run status group 0 (all jobs):
   READ: io=27675MB, aggrb=118077KB/s, minb=118077KB/s, maxb=118077KB/s, mint=240001msec, maxt=240001msec

CPU idleness:
  system: 95.91%
  unit work: mean=53.89us, stddev=2.53
