fio-beegfs-write-unbuffered-block_512k-size_2G-threads_8: (g=0): rw=rw, bs=512K-512K/512K-512K/512K-512K, ioengine=psync, iodepth=1
...
fio-2.2.10
Starting 8 processes
fio-beegfs-write-unbuffered-block_512k-size_2G-threads_8: Laying out IO file(s) (4 file(s) / 8192MB)
fio-beegfs-write-unbuffered-block_512k-size_2G-threads_8: Laying out IO file(s) (4 file(s) / 8192MB)
fio-beegfs-write-unbuffered-block_512k-size_2G-threads_8: Laying out IO file(s) (4 file(s) / 8192MB)
fio-beegfs-write-unbuffered-block_512k-size_2G-threads_8: Laying out IO file(s) (4 file(s) / 8192MB)
fio-beegfs-write-unbuffered-block_512k-size_2G-threads_8: Laying out IO file(s) (4 file(s) / 8192MB)
fio-beegfs-write-unbuffered-block_512k-size_2G-threads_8: Laying out IO file(s) (4 file(s) / 8192MB)
fio-beegfs-write-unbuffered-block_512k-size_2G-threads_8: Laying out IO file(s) (4 file(s) / 8192MB)
fio-beegfs-write-unbuffered-block_512k-size_2G-threads_8: Laying out IO file(s) (4 file(s) / 8192MB)

fio-beegfs-write-unbuffered-block_512k-size_2G-threads_8: (groupid=0, jobs=8): err= 0: pid=3810348: Thu Nov 22 09:29:27 2018
  write: io=92540MB, bw=394819KB/s, iops=771, runt=240010msec
    clat (msec): min=1, max=42, avg=10.36, stdev= 1.30
     lat (msec): min=1, max=42, avg=10.37, stdev= 1.30
    clat percentiles (usec):
     |  1.00th=[ 7904],  5.00th=[ 9408], 10.00th=[ 9408], 20.00th=[ 9536],
     | 30.00th=[ 9664], 40.00th=[ 9792], 50.00th=[10048], 60.00th=[10432],
     | 70.00th=[10688], 80.00th=[10944], 90.00th=[11584], 95.00th=[12352],
     | 99.00th=[15680], 99.50th=[16512], 99.90th=[18560], 99.95th=[19584],
     | 99.99th=[22912]
    bw (KB  /s): min=41568, max=53628, per=12.51%, avg=49401.03, stdev=1860.11
    lat (msec) : 2=0.01%, 4=0.11%, 10=47.70%, 20=52.14%, 50=0.04%
  cpu          : usr=0.13%, sys=2.55%, ctx=1204998, majf=0, minf=4556
  IO depths    : 1=100.0%, 2=0.0%, 4=0.0%, 8=0.0%, 16=0.0%, 32=0.0%, >=64=0.0%
     submit    : 0=0.0%, 4=100.0%, 8=0.0%, 16=0.0%, 32=0.0%, 64=0.0%, >=64=0.0%
     complete  : 0=0.0%, 4=100.0%, 8=0.0%, 16=0.0%, 32=0.0%, 64=0.0%, >=64=0.0%
     issued    : total=r=0/w=185079/d=0, short=r=0/w=0/d=0, drop=r=0/w=0/d=0
     latency   : target=0, window=0, percentile=100.00%, depth=1

Run status group 0 (all jobs):
  WRITE: io=92540MB, aggrb=394818KB/s, minb=394818KB/s, maxb=394818KB/s, mint=240010msec, maxt=240010msec

CPU idleness:
  system: 91.17%
  unit work: mean=51.26us, stddev=1.71
