fio-beegfs-read-unbuffered-block_1024k-size_1G-threads_8: (g=0): rw=rw, bs=1M-1M/1M-1M/1M-1M, ioengine=psync, iodepth=1
...
fio-2.2.10
Starting 8 processes
fio-beegfs-read-unbuffered-block_1024k-size_1G-threads_8: Laying out IO file(s) (4 file(s) / 4096MB)
fio-beegfs-read-unbuffered-block_1024k-size_1G-threads_8: Laying out IO file(s) (4 file(s) / 4096MB)
fio-beegfs-read-unbuffered-block_1024k-size_1G-threads_8: Laying out IO file(s) (4 file(s) / 4096MB)
fio-beegfs-read-unbuffered-block_1024k-size_1G-threads_8: Laying out IO file(s) (4 file(s) / 4096MB)
fio-beegfs-read-unbuffered-block_1024k-size_1G-threads_8: Laying out IO file(s) (4 file(s) / 4096MB)
fio-beegfs-read-unbuffered-block_1024k-size_1G-threads_8: Laying out IO file(s) (4 file(s) / 4096MB)
fio-beegfs-read-unbuffered-block_1024k-size_1G-threads_8: Laying out IO file(s) (4 file(s) / 4096MB)
fio-beegfs-read-unbuffered-block_1024k-size_1G-threads_8: Laying out IO file(s) (4 file(s) / 4096MB)

fio-beegfs-read-unbuffered-block_1024k-size_1G-threads_8: (groupid=0, jobs=8): err= 0: pid=3748244: Thu Nov 22 04:32:32 2018
  read : io=121988MB, bw=520460KB/s, iops=508, runt=240010msec
    clat (msec): min=8, max=50, avg=15.74, stdev= 1.37
     lat (msec): min=8, max=50, avg=15.74, stdev= 1.37
    clat percentiles (usec):
     |  1.00th=[15168],  5.00th=[15168], 10.00th=[15168], 20.00th=[15296],
     | 30.00th=[15296], 40.00th=[15296], 50.00th=[15296], 60.00th=[15424],
     | 70.00th=[15552], 80.00th=[15680], 90.00th=[16192], 95.00th=[17536],
     | 99.00th=[23168], 99.50th=[24448], 99.90th=[26752], 99.95th=[28032],
     | 99.99th=[32128]
    bw (KB  /s): min=58000, max=68000, per=12.51%, avg=65123.68, stdev=1850.77
    lat (msec) : 10=0.01%, 20=97.55%, 50=2.43%, 100=0.01%
  cpu          : usr=0.02%, sys=4.40%, ctx=556269, majf=0, minf=2280
  IO depths    : 1=100.0%, 2=0.0%, 4=0.0%, 8=0.0%, 16=0.0%, 32=0.0%, >=64=0.0%
     submit    : 0=0.0%, 4=100.0%, 8=0.0%, 16=0.0%, 32=0.0%, 64=0.0%, >=64=0.0%
     complete  : 0=0.0%, 4=100.0%, 8=0.0%, 16=0.0%, 32=0.0%, 64=0.0%, >=64=0.0%
     issued    : total=r=121988/w=0/d=0, short=r=0/w=0/d=0, drop=r=0/w=0/d=0
     latency   : target=0, window=0, percentile=100.00%, depth=1

Run status group 0 (all jobs):
   READ: io=121988MB, aggrb=520460KB/s, minb=520460KB/s, maxb=520460KB/s, mint=240010msec, maxt=240010msec

CPU idleness:
  system: 92.22%
  unit work: mean=51.94us, stddev=2.61
