fio-beegfs-write-unbuffered-block_128k-size_2G-threads_1: (g=0): rw=rw, bs=128K-128K/128K-128K/128K-128K, ioengine=psync, iodepth=1
fio-2.2.10
Starting 1 process
fio-beegfs-write-unbuffered-block_128k-size_2G-threads_1: Laying out IO file(s) (4 file(s) / 8192MB)

fio-beegfs-write-unbuffered-block_128k-size_2G-threads_1: (groupid=0, jobs=1): err= 0: pid=3355541: Wed Nov 21 05:21:50 2018
  write: io=56405MB, bw=240661KB/s, iops=1880, runt=240001msec
    clat (usec): min=419, max=237788, avg=528.40, stdev=375.98
     lat (usec): min=421, max=237789, avg=530.04, stdev=375.98
    clat percentiles (usec):
     |  1.00th=[  442],  5.00th=[  458], 10.00th=[  470], 20.00th=[  482],
     | 30.00th=[  494], 40.00th=[  502], 50.00th=[  516], 60.00th=[  532],
     | 70.00th=[  548], 80.00th=[  564], 90.00th=[  596], 95.00th=[  628],
     | 99.00th=[  684], 99.50th=[  700], 99.90th=[  996], 99.95th=[ 4384],
     | 99.99th=[ 6048]
    bw (KB  /s): min=153600, max=266496, per=100.00%, avg=240846.10, stdev=10712.77
    lat (usec) : 500=37.26%, 750=62.56%, 1000=0.09%
    lat (msec) : 2=0.03%, 4=0.01%, 10=0.05%, 250=0.01%
  cpu          : usr=0.97%, sys=10.55%, ctx=1609597, majf=0, minf=7935
  IO depths    : 1=100.0%, 2=0.0%, 4=0.0%, 8=0.0%, 16=0.0%, 32=0.0%, >=64=0.0%
     submit    : 0=0.0%, 4=100.0%, 8=0.0%, 16=0.0%, 32=0.0%, 64=0.0%, >=64=0.0%
     complete  : 0=0.0%, 4=100.0%, 8=0.0%, 16=0.0%, 32=0.0%, 64=0.0%, >=64=0.0%
     issued    : total=r=0/w=451242/d=0, short=r=0/w=0/d=0, drop=r=0/w=0/d=0
     latency   : target=0, window=0, percentile=100.00%, depth=1

Run status group 0 (all jobs):
  WRITE: io=56405MB, aggrb=240661KB/s, minb=240661KB/s, maxb=240661KB/s, mint=240001msec, maxt=240001msec

CPU idleness:
  system: 96.80%
  unit work: mean=54.42us, stddev=2.57
