fio-beegfs-write-buffered-block_128k-size_4G-threads_8: (g=0): rw=rw, bs=128K-128K/128K-128K/128K-128K, ioengine=psync, iodepth=1
...
fio-2.2.10
Starting 8 processes
fio-beegfs-write-buffered-block_128k-size_4G-threads_8: Laying out IO file(s) (4 file(s) / 16384MB)
fio-beegfs-write-buffered-block_128k-size_4G-threads_8: Laying out IO file(s) (4 file(s) / 16384MB)
fio-beegfs-write-buffered-block_128k-size_4G-threads_8: Laying out IO file(s) (4 file(s) / 16384MB)
fio-beegfs-write-buffered-block_128k-size_4G-threads_8: Laying out IO file(s) (4 file(s) / 16384MB)
fio-beegfs-write-buffered-block_128k-size_4G-threads_8: Laying out IO file(s) (4 file(s) / 16384MB)
fio-beegfs-write-buffered-block_128k-size_4G-threads_8: Laying out IO file(s) (4 file(s) / 16384MB)
fio-beegfs-write-buffered-block_128k-size_4G-threads_8: Laying out IO file(s) (4 file(s) / 16384MB)
fio-beegfs-write-buffered-block_128k-size_4G-threads_8: Laying out IO file(s) (4 file(s) / 16384MB)

fio-beegfs-write-buffered-block_128k-size_4G-threads_8: (groupid=0, jobs=8): err= 0: pid=3780592: Sat Nov 10 09:09:39 2018
  write: io=104032MB, bw=443064KB/s, iops=3461, runt=240437msec
    clat (usec): min=8, max=1647.7K, avg=2306.93, stdev=30037.62
     lat (usec): min=9, max=1647.8K, avg=2309.46, stdev=30037.68
    clat percentiles (usec):
     |  1.00th=[    9],  5.00th=[   10], 10.00th=[   12], 20.00th=[   13],
     | 30.00th=[   14], 40.00th=[   22], 50.00th=[   33], 60.00th=[   35],
     | 70.00th=[   49], 80.00th=[ 1032], 90.00th=[ 1256], 95.00th=[ 1336],
     | 99.00th=[ 1736], 99.50th=[20608], 99.90th=[481280], 99.95th=[497664],
     | 99.99th=[528384]
    bw (KB  /s): min=  232, max=519680, per=13.03%, avg=57710.54, stdev=75392.87
    lat (usec) : 10=4.46%, 20=34.50%, 50=31.26%, 100=4.51%, 250=0.26%
    lat (usec) : 500=0.03%, 750=1.78%, 1000=2.52%
    lat (msec) : 2=20.06%, 4=0.09%, 10=0.01%, 20=0.02%, 50=0.06%
    lat (msec) : 100=0.01%, 250=0.01%, 500=0.38%, 750=0.05%, 1000=0.01%
    lat (msec) : 2000=0.01%
  cpu          : usr=0.20%, sys=4.17%, ctx=2615668, majf=0, minf=15228
  IO depths    : 1=100.0%, 2=0.0%, 4=0.0%, 8=0.0%, 16=0.0%, 32=0.0%, >=64=0.0%
     submit    : 0=0.0%, 4=100.0%, 8=0.0%, 16=0.0%, 32=0.0%, 64=0.0%, >=64=0.0%
     complete  : 0=0.0%, 4=100.0%, 8=0.0%, 16=0.0%, 32=0.0%, 64=0.0%, >=64=0.0%
     issued    : total=r=0/w=832257/d=0, short=r=0/w=0/d=0, drop=r=0/w=0/d=0
     latency   : target=0, window=0, percentile=100.00%, depth=1

Run status group 0 (all jobs):
  WRITE: io=104032MB, aggrb=443063KB/s, minb=443063KB/s, maxb=443063KB/s, mint=240437msec, maxt=240437msec

CPU idleness:
  system: 96.91%
  unit work: mean=54.54us, stddev=2.12
