fio-beegfs-read-buffered-block_128k-size_4G-threads_4: (g=0): rw=rw, bs=128K-128K/128K-128K/128K-128K, ioengine=psync, iodepth=1
...
fio-2.2.10
Starting 4 processes
fio-beegfs-read-buffered-block_128k-size_4G-threads_4: Laying out IO file(s) (4 file(s) / 16384MB)
fio-beegfs-read-buffered-block_128k-size_4G-threads_4: Laying out IO file(s) (4 file(s) / 16384MB)
fio-beegfs-read-buffered-block_128k-size_4G-threads_4: Laying out IO file(s) (4 file(s) / 16384MB)
fio-beegfs-read-buffered-block_128k-size_4G-threads_4: Laying out IO file(s) (4 file(s) / 16384MB)

fio-beegfs-read-buffered-block_128k-size_4G-threads_4: (groupid=0, jobs=4): err= 0: pid=3554881: Fri Nov  9 14:19:34 2018
  read : io=639040MB, bw=2662.7MB/s, iops=21301, runt=240001msec
    clat (usec): min=9, max=12734, avg=186.62, stdev=304.16
     lat (usec): min=9, max=12735, avg=186.71, stdev=304.19
    clat percentiles (usec):
     |  1.00th=[   10],  5.00th=[   10], 10.00th=[   10], 20.00th=[   11],
     | 30.00th=[   11], 40.00th=[   11], 50.00th=[   13], 60.00th=[   14],
     | 70.00th=[   24], 80.00th=[  636], 90.00th=[  708], 95.00th=[  756],
     | 99.00th=[  916], 99.50th=[ 1020], 99.90th=[ 1224], 99.95th=[ 1272],
     | 99.99th=[ 1400]
    bw (KB  /s): min=648960, max=700672, per=25.02%, avg=682095.31, stdev=6046.95
    lat (usec) : 10=0.08%, 20=65.21%, 50=9.09%, 100=0.59%, 250=0.01%
    lat (usec) : 500=0.03%, 750=19.71%, 1000=4.72%
    lat (msec) : 2=0.56%, 4=0.01%, 10=0.01%, 20=0.01%
  cpu          : usr=0.82%, sys=75.57%, ctx=2518099, majf=0, minf=81077
  IO depths    : 1=100.0%, 2=0.0%, 4=0.0%, 8=0.0%, 16=0.0%, 32=0.0%, >=64=0.0%
     submit    : 0=0.0%, 4=100.0%, 8=0.0%, 16=0.0%, 32=0.0%, 64=0.0%, >=64=0.0%
     complete  : 0=0.0%, 4=100.0%, 8=0.0%, 16=0.0%, 32=0.0%, 64=0.0%, >=64=0.0%
     issued    : total=r=5112316/w=0/d=0, short=r=0/w=0/d=0, drop=r=0/w=0/d=0
     latency   : target=0, window=0, percentile=100.00%, depth=1

Run status group 0 (all jobs):
   READ: io=639040MB, aggrb=2662.7MB/s, minb=2662.7MB/s, maxb=2662.7MB/s, mint=240001msec, maxt=240001msec

CPU idleness:
  system: 88.52%
  unit work: mean=51.87us, stddev=2.55
