fio-beegfs-write-unbuffered-block_128k-size_2G-threads_4: (g=0): rw=rw, bs=128K-128K/128K-128K/128K-128K, ioengine=psync, iodepth=1
...
fio-2.2.10
Starting 4 processes
fio-beegfs-write-unbuffered-block_128k-size_2G-threads_4: Laying out IO file(s) (4 file(s) / 8192MB)
fio-beegfs-write-unbuffered-block_128k-size_2G-threads_4: Laying out IO file(s) (4 file(s) / 8192MB)
fio-beegfs-write-unbuffered-block_128k-size_2G-threads_4: Laying out IO file(s) (4 file(s) / 8192MB)
fio-beegfs-write-unbuffered-block_128k-size_2G-threads_4: Laying out IO file(s) (4 file(s) / 8192MB)

fio-beegfs-write-unbuffered-block_128k-size_2G-threads_4: (groupid=0, jobs=4): err= 0: pid=3598950: Wed Nov 21 18:35:39 2018
  write: io=91476MB, bw=390292KB/s, iops=3049, runt=240002msec
    clat (usec): min=466, max=14757, avg=1308.35, stdev=467.11
     lat (usec): min=468, max=14759, avg=1310.00, stdev=467.11
    clat percentiles (usec):
     |  1.00th=[  964],  5.00th=[  996], 10.00th=[ 1012], 20.00th=[ 1032],
     | 30.00th=[ 1048], 40.00th=[ 1080], 50.00th=[ 1096], 60.00th=[ 1144],
     | 70.00th=[ 1352], 80.00th=[ 1720], 90.00th=[ 1928], 95.00th=[ 1992],
     | 99.00th=[ 2160], 99.50th=[ 2576], 99.90th=[ 7712], 99.95th=[ 8160],
     | 99.99th=[ 8640]
    bw (KB  /s): min=84822, max=103168, per=25.02%, avg=97662.61, stdev=3630.85
    lat (usec) : 500=0.01%, 750=0.02%, 1000=5.91%
    lat (msec) : 2=89.13%, 4=4.69%, 10=0.25%, 20=0.01%
  cpu          : usr=0.40%, sys=5.09%, ctx=1879055, majf=0, minf=17455
  IO depths    : 1=100.0%, 2=0.0%, 4=0.0%, 8=0.0%, 16=0.0%, 32=0.0%, >=64=0.0%
     submit    : 0=0.0%, 4=100.0%, 8=0.0%, 16=0.0%, 32=0.0%, 64=0.0%, >=64=0.0%
     complete  : 0=0.0%, 4=100.0%, 8=0.0%, 16=0.0%, 32=0.0%, 64=0.0%, >=64=0.0%
     issued    : total=r=0/w=731804/d=0, short=r=0/w=0/d=0, drop=r=0/w=0/d=0
     latency   : target=0, window=0, percentile=100.00%, depth=1

Run status group 0 (all jobs):
  WRITE: io=91476MB, aggrb=390292KB/s, minb=390292KB/s, maxb=390292KB/s, mint=240002msec, maxt=240002msec

CPU idleness:
  system: 95.66%
  unit work: mean=53.93us, stddev=2.81
