fio-beegfs-read-buffered-block_16k-size_4G-threads_8: (g=0): rw=rw, bs=16K-16K/16K-16K/16K-16K, ioengine=psync, iodepth=1
...
fio-2.2.10
Starting 8 processes
fio-beegfs-read-buffered-block_16k-size_4G-threads_8: Laying out IO file(s) (4 file(s) / 16384MB)
fio-beegfs-read-buffered-block_16k-size_4G-threads_8: Laying out IO file(s) (4 file(s) / 16384MB)
fio-beegfs-read-buffered-block_16k-size_4G-threads_8: Laying out IO file(s) (4 file(s) / 16384MB)
fio-beegfs-read-buffered-block_16k-size_4G-threads_8: Laying out IO file(s) (4 file(s) / 16384MB)
fio-beegfs-read-buffered-block_16k-size_4G-threads_8: Laying out IO file(s) (4 file(s) / 16384MB)
fio-beegfs-read-buffered-block_16k-size_4G-threads_8: Laying out IO file(s) (4 file(s) / 16384MB)
fio-beegfs-read-buffered-block_16k-size_4G-threads_8: Laying out IO file(s) (4 file(s) / 16384MB)
fio-beegfs-read-buffered-block_16k-size_4G-threads_8: Laying out IO file(s) (4 file(s) / 16384MB)

fio-beegfs-read-buffered-block_16k-size_4G-threads_8: (groupid=0, jobs=8): err= 0: pid=3715144: Sat Nov 10 03:41:29 2018
  read : io=317936MB, bw=1323.3MB/s, iops=84684, runt=240278msec
    clat (usec): min=1, max=1451.1K, avg=93.69, stdev=6112.91
     lat (usec): min=1, max=1451.1K, avg=93.76, stdev=6112.91
    clat percentiles (usec):
     |  1.00th=[    1],  5.00th=[    1], 10.00th=[    1], 20.00th=[    2],
     | 30.00th=[    2], 40.00th=[    2], 50.00th=[    2], 60.00th=[    2],
     | 70.00th=[    2], 80.00th=[    2], 90.00th=[    3], 95.00th=[    4],
     | 99.00th=[  572], 99.50th=[  628], 99.90th=[ 1012], 99.95th=[ 1416],
     | 99.99th=[321536]
    bw (KB  /s): min=   18, max=905216, per=15.69%, avg=212586.08, stdev=289748.33
    lat (usec) : 2=12.99%, 4=80.57%, 10=2.73%, 20=0.36%, 50=0.19%
    lat (usec) : 100=0.02%, 250=0.01%, 500=0.96%, 750=1.98%, 1000=0.08%
    lat (msec) : 2=0.07%, 4=0.01%, 10=0.01%, 20=0.01%, 50=0.01%
    lat (msec) : 100=0.01%, 250=0.01%, 500=0.01%, 750=0.01%, 1000=0.01%
    lat (msec) : 2000=0.01%
  cpu          : usr=1.00%, sys=14.62%, ctx=1331802, majf=0, minf=280762
  IO depths    : 1=100.0%, 2=0.0%, 4=0.0%, 8=0.0%, 16=0.0%, 32=0.0%, >=64=0.0%
     submit    : 0=0.0%, 4=100.0%, 8=0.0%, 16=0.0%, 32=0.0%, 64=0.0%, >=64=0.0%
     complete  : 0=0.0%, 4=100.0%, 8=0.0%, 16=0.0%, 32=0.0%, 64=0.0%, >=64=0.0%
     issued    : total=r=20347927/w=0/d=0, short=r=0/w=0/d=0, drop=r=0/w=0/d=0
     latency   : target=0, window=0, percentile=100.00%, depth=1

Run status group 0 (all jobs):
   READ: io=317936MB, aggrb=1323.3MB/s, minb=1323.3MB/s, maxb=1323.3MB/s, mint=240278msec, maxt=240278msec

CPU idleness:
  system: 96.74%
  unit work: mean=55.22us, stddev=2.44
