fio-beegfs-read-buffered-block_512k-size_1G-threads_2: (g=0): rw=rw, bs=512K-512K/512K-512K/512K-512K, ioengine=psync, iodepth=1
...
fio-2.2.10
Starting 2 processes
fio-beegfs-read-buffered-block_512k-size_1G-threads_2: Laying out IO file(s) (4 file(s) / 4096MB)
fio-beegfs-read-buffered-block_512k-size_1G-threads_2: Laying out IO file(s) (4 file(s) / 4096MB)

fio-beegfs-read-buffered-block_512k-size_1G-threads_2: (groupid=0, jobs=2): err= 0: pid=3373195: Fri Nov  9 00:07:55 2018
  read : io=447180MB, bw=1863.3MB/s, iops=3726, runt=240001msec
    clat (usec): min=352, max=11922, avg=534.75, stdev=48.56
     lat (usec): min=352, max=11922, avg=534.89, stdev=48.56
    clat percentiles (usec):
     |  1.00th=[  454],  5.00th=[  470], 10.00th=[  486], 20.00th=[  502],
     | 30.00th=[  516], 40.00th=[  524], 50.00th=[  532], 60.00th=[  540],
     | 70.00th=[  556], 80.00th=[  564], 90.00th=[  580], 95.00th=[  596],
     | 99.00th=[  652], 99.50th=[  716], 99.90th=[  868], 99.95th=[  900],
     | 99.99th=[  964]
    bw (KB  /s): min=909312, max=997376, per=50.03%, avg=954487.72, stdev=14796.61
    lat (usec) : 500=18.98%, 750=80.68%, 1000=0.33%
    lat (msec) : 2=0.01%, 4=0.01%, 10=0.01%, 20=0.01%
  cpu          : usr=0.56%, sys=68.87%, ctx=1929378, majf=0, minf=15819
  IO depths    : 1=100.0%, 2=0.0%, 4=0.0%, 8=0.0%, 16=0.0%, 32=0.0%, >=64=0.0%
     submit    : 0=0.0%, 4=100.0%, 8=0.0%, 16=0.0%, 32=0.0%, 64=0.0%, >=64=0.0%
     complete  : 0=0.0%, 4=100.0%, 8=0.0%, 16=0.0%, 32=0.0%, 64=0.0%, >=64=0.0%
     issued    : total=r=894359/w=0/d=0, short=r=0/w=0/d=0, drop=r=0/w=0/d=0
     latency   : target=0, window=0, percentile=100.00%, depth=1

Run status group 0 (all jobs):
   READ: io=447180MB, aggrb=1863.3MB/s, minb=1863.3MB/s, maxb=1863.3MB/s, mint=240001msec, maxt=240001msec

CPU idleness:
  system: 92.78%
  unit work: mean=53.06us, stddev=2.01
