fio-beegfs-read-buffered-block_1024k-size_2G-threads_1: (g=0): rw=rw, bs=1M-1M/1M-1M/1M-1M, ioengine=psync, iodepth=1
fio-2.2.10
Starting 1 process
fio-beegfs-read-buffered-block_1024k-size_2G-threads_1: Laying out IO file(s) (4 file(s) / 8192MB)

fio-beegfs-read-buffered-block_1024k-size_2G-threads_1: (groupid=0, jobs=1): err= 0: pid=3333056: Thu Nov  8 20:55:58 2018
  read : io=231559MB, bw=987981KB/s, iops=964, runt=240001msec
    clat (usec): min=713, max=32507, avg=1034.26, stdev=201.53
     lat (usec): min=713, max=32507, avg=1034.41, stdev=201.54
    clat percentiles (usec):
     |  1.00th=[  940],  5.00th=[  956], 10.00th=[  972], 20.00th=[  988],
     | 30.00th=[  996], 40.00th=[ 1012], 50.00th=[ 1020], 60.00th=[ 1032],
     | 70.00th=[ 1048], 80.00th=[ 1064], 90.00th=[ 1096], 95.00th=[ 1128],
     | 99.00th=[ 1208], 99.50th=[ 1288], 99.90th=[ 1800], 99.95th=[ 2768],
     | 99.99th=[11456]
    bw (KB  /s): min=833916, max=1040384, per=100.00%, avg=988962.74, stdev=24923.03
    lat (usec) : 750=0.01%, 1000=30.06%
    lat (msec) : 2=69.84%, 4=0.06%, 10=0.01%, 20=0.01%, 50=0.01%
  cpu          : usr=0.50%, sys=67.93%, ctx=1027633, majf=0, minf=4932
  IO depths    : 1=100.0%, 2=0.0%, 4=0.0%, 8=0.0%, 16=0.0%, 32=0.0%, >=64=0.0%
     submit    : 0=0.0%, 4=100.0%, 8=0.0%, 16=0.0%, 32=0.0%, 64=0.0%, >=64=0.0%
     complete  : 0=0.0%, 4=100.0%, 8=0.0%, 16=0.0%, 32=0.0%, 64=0.0%, >=64=0.0%
     issued    : total=r=231559/w=0/d=0, short=r=0/w=0/d=0, drop=r=0/w=0/d=0
     latency   : target=0, window=0, percentile=100.00%, depth=1

Run status group 0 (all jobs):
   READ: io=231559MB, aggrb=987980KB/s, minb=987980KB/s, maxb=987980KB/s, mint=240001msec, maxt=240001msec

CPU idleness:
  system: 87.81%
  unit work: mean=52.71us, stddev=4.51
