fio-beegfs-write-unbuffered-block_1024k-size_1G-threads_2: (g=0): rw=rw, bs=1M-1M/1M-1M/1M-1M, ioengine=psync, iodepth=1
...
fio-2.2.10
Starting 2 processes
fio-beegfs-write-unbuffered-block_1024k-size_1G-threads_2: Laying out IO file(s) (4 file(s) / 4096MB)
fio-beegfs-write-unbuffered-block_1024k-size_1G-threads_2: Laying out IO file(s) (4 file(s) / 4096MB)

fio-beegfs-write-unbuffered-block_1024k-size_1G-threads_2: (groupid=0, jobs=2): err= 0: pid=3436024: Wed Nov 21 09:19:29 2018
  write: io=91943MB, bw=392269KB/s, iops=383, runt=240013msec
    clat (usec): min=3470, max=16452, avg=5202.90, stdev=904.41
     lat (usec): min=3479, max=16461, avg=5218.69, stdev=904.43
    clat percentiles (usec):
     |  1.00th=[ 3952],  5.00th=[ 4016], 10.00th=[ 4128], 20.00th=[ 4576],
     | 30.00th=[ 4768], 40.00th=[ 4960], 50.00th=[ 5088], 60.00th=[ 5344],
     | 70.00th=[ 5600], 80.00th=[ 5792], 90.00th=[ 5984], 95.00th=[ 6240],
     | 99.00th=[ 8896], 99.50th=[10944], 99.90th=[11968], 99.95th=[12352],
     | 99.99th=[13248]
    bw (KB  /s): min=137216, max=208479, per=50.05%, avg=196341.69, stdev=8911.91
    lat (msec) : 4=4.85%, 10=94.46%, 20=0.69%
  cpu          : usr=0.43%, sys=10.81%, ctx=1069614, majf=0, minf=1905
  IO depths    : 1=100.0%, 2=0.0%, 4=0.0%, 8=0.0%, 16=0.0%, 32=0.0%, >=64=0.0%
     submit    : 0=0.0%, 4=100.0%, 8=0.0%, 16=0.0%, 32=0.0%, 64=0.0%, >=64=0.0%
     complete  : 0=0.0%, 4=100.0%, 8=0.0%, 16=0.0%, 32=0.0%, 64=0.0%, >=64=0.0%
     issued    : total=r=0/w=91943/d=0, short=r=0/w=0/d=0, drop=r=0/w=0/d=0
     latency   : target=0, window=0, percentile=100.00%, depth=1

Run status group 0 (all jobs):
  WRITE: io=91943MB, aggrb=392268KB/s, minb=392268KB/s, maxb=392268KB/s, mint=240013msec, maxt=240013msec

CPU idleness:
  system: 95.72%
  unit work: mean=53.83us, stddev=3.59
