fio-beegfs-write-unbuffered-block_128k-size_4G-threads_8: (g=0): rw=rw, bs=128K-128K/128K-128K/128K-128K, ioengine=psync, iodepth=1
...
fio-2.2.10
Starting 8 processes
fio-beegfs-write-unbuffered-block_128k-size_4G-threads_8: Laying out IO file(s) (4 file(s) / 16384MB)
fio-beegfs-write-unbuffered-block_128k-size_4G-threads_8: Laying out IO file(s) (4 file(s) / 16384MB)
fio-beegfs-write-unbuffered-block_128k-size_4G-threads_8: Laying out IO file(s) (4 file(s) / 16384MB)
fio-beegfs-write-unbuffered-block_128k-size_4G-threads_8: Laying out IO file(s) (4 file(s) / 16384MB)
fio-beegfs-write-unbuffered-block_128k-size_4G-threads_8: Laying out IO file(s) (4 file(s) / 16384MB)
fio-beegfs-write-unbuffered-block_128k-size_4G-threads_8: Laying out IO file(s) (4 file(s) / 16384MB)
fio-beegfs-write-unbuffered-block_128k-size_4G-threads_8: Laying out IO file(s) (4 file(s) / 16384MB)
fio-beegfs-write-unbuffered-block_128k-size_4G-threads_8: Laying out IO file(s) (4 file(s) / 16384MB)

fio-beegfs-write-unbuffered-block_128k-size_4G-threads_8: (groupid=0, jobs=8): err= 0: pid=3905321: Thu Nov 22 17:09:19 2018
  write: io=91319MB, bw=389626KB/s, iops=3043, runt=240002msec
    clat (usec): min=468, max=100042, avg=2624.42, stdev=665.76
     lat (usec): min=470, max=100043, avg=2626.19, stdev=665.76
    clat percentiles (usec):
     |  1.00th=[ 1960],  5.00th=[ 1992], 10.00th=[ 2024], 20.00th=[ 2064],
     | 30.00th=[ 2128], 40.00th=[ 2384], 50.00th=[ 2608], 60.00th=[ 2864],
     | 70.00th=[ 2960], 80.00th=[ 3024], 90.00th=[ 3152], 95.00th=[ 3344],
     | 99.00th=[ 4256], 99.50th=[ 5600], 99.90th=[ 9280], 99.95th=[ 9536],
     | 99.99th=[10048]
    bw (KB  /s): min=39600, max=51608, per=12.51%, avg=48750.49, stdev=2220.16
    lat (usec) : 500=0.01%, 750=0.01%, 1000=0.02%
    lat (msec) : 2=5.94%, 4=92.51%, 10=1.50%, 20=0.01%, 50=0.01%
    lat (msec) : 250=0.01%
  cpu          : usr=0.20%, sys=2.73%, ctx=2055430, majf=0, minf=14027
  IO depths    : 1=100.0%, 2=0.0%, 4=0.0%, 8=0.0%, 16=0.0%, 32=0.0%, >=64=0.0%
     submit    : 0=0.0%, 4=100.0%, 8=0.0%, 16=0.0%, 32=0.0%, 64=0.0%, >=64=0.0%
     complete  : 0=0.0%, 4=100.0%, 8=0.0%, 16=0.0%, 32=0.0%, 64=0.0%, >=64=0.0%
     issued    : total=r=0/w=730554/d=0, short=r=0/w=0/d=0, drop=r=0/w=0/d=0
     latency   : target=0, window=0, percentile=100.00%, depth=1

Run status group 0 (all jobs):
  WRITE: io=91319MB, aggrb=389625KB/s, minb=389625KB/s, maxb=389625KB/s, mint=240002msec, maxt=240002msec

CPU idleness:
  system: 98.80%
  unit work: mean=55.67us, stddev=2.85
