fio-beegfs-read-buffered-block_512k-size_2G-threads_4: (g=0): rw=rw, bs=512K-512K/512K-512K/512K-512K, ioengine=psync, iodepth=1
...
fio-2.2.10
Starting 4 processes
fio-beegfs-read-buffered-block_512k-size_2G-threads_4: Laying out IO file(s) (4 file(s) / 8192MB)
fio-beegfs-read-buffered-block_512k-size_2G-threads_4: Laying out IO file(s) (4 file(s) / 8192MB)
fio-beegfs-read-buffered-block_512k-size_2G-threads_4: Laying out IO file(s) (4 file(s) / 8192MB)
fio-beegfs-read-buffered-block_512k-size_2G-threads_4: Laying out IO file(s) (4 file(s) / 8192MB)

fio-beegfs-read-buffered-block_512k-size_2G-threads_4: (groupid=0, jobs=4): err= 0: pid=3507680: Fri Nov  9 10:23:32 2018
  read : io=677515MB, bw=2822.9MB/s, iops=5645, runt=240015msec
    clat (usec): min=386, max=15265, avg=706.43, stdev=83.59
     lat (usec): min=386, max=15265, avg=706.58, stdev=83.59
    clat percentiles (usec):
     |  1.00th=[  572],  5.00th=[  620], 10.00th=[  636], 20.00th=[  660],
     | 30.00th=[  676], 40.00th=[  684], 50.00th=[  700], 60.00th=[  708],
     | 70.00th=[  724], 80.00th=[  740], 90.00th=[  772], 95.00th=[  812],
     | 99.00th=[  996], 99.50th=[ 1096], 99.90th=[ 1352], 99.95th=[ 1432],
     | 99.99th=[ 2320]
    bw (KB  /s): min=662528, max=751616, per=25.02%, avg=723189.40, stdev=11335.39
    lat (usec) : 500=0.03%, 750=84.12%, 1000=14.86%
    lat (msec) : 2=0.98%, 4=0.01%, 10=0.01%, 20=0.01%
  cpu          : usr=0.46%, sys=72.85%, ctx=3649633, majf=0, minf=29101
  IO depths    : 1=100.0%, 2=0.0%, 4=0.0%, 8=0.0%, 16=0.0%, 32=0.0%, >=64=0.0%
     submit    : 0=0.0%, 4=100.0%, 8=0.0%, 16=0.0%, 32=0.0%, 64=0.0%, >=64=0.0%
     complete  : 0=0.0%, 4=100.0%, 8=0.0%, 16=0.0%, 32=0.0%, 64=0.0%, >=64=0.0%
     issued    : total=r=1355030/w=0/d=0, short=r=0/w=0/d=0, drop=r=0/w=0/d=0
     latency   : target=0, window=0, percentile=100.00%, depth=1

Run status group 0 (all jobs):
   READ: io=677515MB, aggrb=2822.9MB/s, minb=2822.9MB/s, maxb=2822.9MB/s, mint=240015msec, maxt=240015msec

CPU idleness:
  system: 92.90%
  unit work: mean=54.43us, stddev=1.82
