fio-beegfs-write-unbuffered-block_64k-size_2G-threads_1: (g=0): rw=rw, bs=64K-64K/64K-64K/64K-64K, ioengine=psync, iodepth=1
fio-2.2.10
Starting 1 process
fio-beegfs-write-unbuffered-block_64k-size_2G-threads_1: Laying out IO file(s) (4 file(s) / 8192MB)

fio-beegfs-write-unbuffered-block_64k-size_2G-threads_1: (groupid=0, jobs=1): err= 0: pid=3350510: Wed Nov 21 05:05:14 2018
  write: io=42815MB, bw=182676KB/s, iops=2854, runt=240001msec
    clat (usec): min=269, max=233183, avg=347.71, stdev=292.94
     lat (usec): min=270, max=233184, avg=348.55, stdev=292.94
    clat percentiles (usec):
     |  1.00th=[  282],  5.00th=[  298], 10.00th=[  306], 20.00th=[  314],
     | 30.00th=[  322], 40.00th=[  334], 50.00th=[  342], 60.00th=[  350],
     | 70.00th=[  358], 80.00th=[  374], 90.00th=[  398], 95.00th=[  422],
     | 99.00th=[  474], 99.50th=[  486], 99.90th=[  556], 99.95th=[  796],
     | 99.99th=[ 4576]
    bw (KB  /s): min=118468, max=203648, per=100.00%, avg=182763.57, stdev=6679.63
    lat (usec) : 500=99.76%, 750=0.19%, 1000=0.02%
    lat (msec) : 2=0.01%, 4=0.01%, 10=0.02%, 250=0.01%
  cpu          : usr=1.21%, sys=12.03%, ctx=1929677, majf=0, minf=13319
  IO depths    : 1=100.0%, 2=0.0%, 4=0.0%, 8=0.0%, 16=0.0%, 32=0.0%, >=64=0.0%
     submit    : 0=0.0%, 4=100.0%, 8=0.0%, 16=0.0%, 32=0.0%, 64=0.0%, >=64=0.0%
     complete  : 0=0.0%, 4=100.0%, 8=0.0%, 16=0.0%, 32=0.0%, 64=0.0%, >=64=0.0%
     issued    : total=r=0/w=685038/d=0, short=r=0/w=0/d=0, drop=r=0/w=0/d=0
     latency   : target=0, window=0, percentile=100.00%, depth=1

Run status group 0 (all jobs):
  WRITE: io=42815MB, aggrb=182676KB/s, minb=182676KB/s, maxb=182676KB/s, mint=240001msec, maxt=240001msec

CPU idleness:
  system: 99.36%
  unit work: mean=55.89us, stddev=2.41
