fio-beegfs-read-unbuffered-block_512k-size_2G-threads_2: (g=0): rw=rw, bs=512K-512K/512K-512K/512K-512K, ioengine=psync, iodepth=1
...
fio-2.2.10
Starting 2 processes
fio-beegfs-read-unbuffered-block_512k-size_2G-threads_2: Laying out IO file(s) (4 file(s) / 8192MB)
fio-beegfs-read-unbuffered-block_512k-size_2G-threads_2: Laying out IO file(s) (4 file(s) / 8192MB)

fio-beegfs-read-unbuffered-block_512k-size_2G-threads_2: (groupid=0, jobs=2): err= 0: pid=3461144: Wed Nov 21 10:44:37 2018
  read : io=99903MB, bw=426247KB/s, iops=832, runt=240002msec
    clat (usec): min=1565, max=24478, avg=2400.40, stdev=343.84
     lat (usec): min=1565, max=24478, avg=2400.54, stdev=343.84
    clat percentiles (usec):
     |  1.00th=[ 2224],  5.00th=[ 2288], 10.00th=[ 2288], 20.00th=[ 2320],
     | 30.00th=[ 2352], 40.00th=[ 2352], 50.00th=[ 2352], 60.00th=[ 2384],
     | 70.00th=[ 2384], 80.00th=[ 2416], 90.00th=[ 2448], 95.00th=[ 2480],
     | 99.00th=[ 4016], 99.50th=[ 4704], 99.90th=[ 6688], 99.95th=[ 7328],
     | 99.99th=[11840]
    bw (KB  /s): min=193536, max=220160, per=50.05%, avg=213336.94, stdev=4989.19
    lat (msec) : 2=0.27%, 4=98.72%, 10=1.00%, 20=0.01%, 50=0.01%
  cpu          : usr=0.13%, sys=13.03%, ctx=519691, majf=0, minf=3712
  IO depths    : 1=100.0%, 2=0.0%, 4=0.0%, 8=0.0%, 16=0.0%, 32=0.0%, >=64=0.0%
     submit    : 0=0.0%, 4=100.0%, 8=0.0%, 16=0.0%, 32=0.0%, 64=0.0%, >=64=0.0%
     complete  : 0=0.0%, 4=100.0%, 8=0.0%, 16=0.0%, 32=0.0%, 64=0.0%, >=64=0.0%
     issued    : total=r=199805/w=0/d=0, short=r=0/w=0/d=0, drop=r=0/w=0/d=0
     latency   : target=0, window=0, percentile=100.00%, depth=1

Run status group 0 (all jobs):
   READ: io=99903MB, aggrb=426247KB/s, minb=426247KB/s, maxb=426247KB/s, mint=240002msec, maxt=240002msec

CPU idleness:
  system: 98.97%
  unit work: mean=55.71us, stddev=2.12
