fio-beegfs-write-buffered-block_16k-size_4G-threads_4: (g=0): rw=rw, bs=16K-16K/16K-16K/16K-16K, ioengine=psync, iodepth=1
...
fio-2.2.10
Starting 4 processes
fio-beegfs-write-buffered-block_16k-size_4G-threads_4: Laying out IO file(s) (4 file(s) / 16384MB)
fio-beegfs-write-buffered-block_16k-size_4G-threads_4: Laying out IO file(s) (4 file(s) / 16384MB)
fio-beegfs-write-buffered-block_16k-size_4G-threads_4: Laying out IO file(s) (4 file(s) / 16384MB)
fio-beegfs-write-buffered-block_16k-size_4G-threads_4: Laying out IO file(s) (4 file(s) / 16384MB)

fio-beegfs-write-buffered-block_16k-size_4G-threads_4: (groupid=0, jobs=4): err= 0: pid=3533862: Fri Nov  9 12:34:27 2018
  write: io=94702MB, bw=404053KB/s, iops=25253, runt=240005msec
    clat (usec): min=1, max=647648, avg=157.41, stdev=7708.65
     lat (usec): min=1, max=647648, avg=157.66, stdev=7708.66
    clat percentiles (usec):
     |  1.00th=[    1],  5.00th=[    2], 10.00th=[    2], 20.00th=[    2],
     | 30.00th=[    2], 40.00th=[    2], 50.00th=[    3], 60.00th=[    3],
     | 70.00th=[    5], 80.00th=[    5], 90.00th=[    5], 95.00th=[   11],
     | 99.00th=[  772], 99.50th=[  812], 99.90th=[  948], 99.95th=[ 1160],
     | 99.99th=[468992]
    bw (KB  /s): min=   30, max=589824, per=26.79%, avg=108251.48, stdev=159285.47
    lat (usec) : 2=2.55%, 4=57.83%, 10=34.47%, 20=1.16%, 50=0.82%
    lat (usec) : 100=0.06%, 250=0.01%, 500=0.01%, 750=1.84%, 1000=1.22%
    lat (msec) : 2=0.03%, 4=0.01%, 10=0.01%, 20=0.01%, 50=0.01%
    lat (msec) : 100=0.01%, 250=0.01%, 500=0.03%, 750=0.01%
  cpu          : usr=0.74%, sys=6.78%, ctx=932691, majf=0, minf=92193
  IO depths    : 1=100.0%, 2=0.0%, 4=0.0%, 8=0.0%, 16=0.0%, 32=0.0%, >=64=0.0%
     submit    : 0=0.0%, 4=100.0%, 8=0.0%, 16=0.0%, 32=0.0%, 64=0.0%, >=64=0.0%
     complete  : 0=0.0%, 4=100.0%, 8=0.0%, 16=0.0%, 32=0.0%, 64=0.0%, >=64=0.0%
     issued    : total=r=0/w=6060922/d=0, short=r=0/w=0/d=0, drop=r=0/w=0/d=0
     latency   : target=0, window=0, percentile=100.00%, depth=1

Run status group 0 (all jobs):
  WRITE: io=94702MB, aggrb=404053KB/s, minb=404053KB/s, maxb=404053KB/s, mint=240005msec, maxt=240005msec

CPU idleness:
  system: 97.86%
  unit work: mean=55.03us, stddev=1.40
