fio-beegfs-write-unbuffered-block_512k-size_1G-threads_2: (g=0): rw=rw, bs=512K-512K/512K-512K/512K-512K, ioengine=psync, iodepth=1
...
fio-2.2.10
Starting 2 processes
fio-beegfs-write-unbuffered-block_512k-size_1G-threads_2: Laying out IO file(s) (4 file(s) / 4096MB)
fio-beegfs-write-unbuffered-block_512k-size_1G-threads_2: Laying out IO file(s) (4 file(s) / 4096MB)

fio-beegfs-write-unbuffered-block_512k-size_1G-threads_2: (groupid=0, jobs=2): err= 0: pid=3431011: Wed Nov 21 09:02:56 2018
  write: io=92079MB, bw=392865KB/s, iops=767, runt=240002msec
    clat (usec): min=1439, max=13776, avg=2596.93, stdev=648.09
     lat (usec): min=1445, max=13785, avg=2604.43, stdev=648.09
    clat percentiles (usec):
     |  1.00th=[ 1944],  5.00th=[ 1976], 10.00th=[ 1992], 20.00th=[ 2024],
     | 30.00th=[ 2064], 40.00th=[ 2320], 50.00th=[ 2608], 60.00th=[ 2832],
     | 70.00th=[ 2960], 80.00th=[ 3024], 90.00th=[ 3088], 95.00th=[ 3312],
     | 99.00th=[ 4080], 99.50th=[ 5280], 99.90th=[ 9280], 99.95th=[ 9536],
     | 99.99th=[10048]
    bw (KB  /s): min=172032, max=206435, per=50.06%, avg=196652.16, stdev=6827.94
    lat (msec) : 2=14.54%, 4=84.22%, 10=1.23%, 20=0.01%
  cpu          : usr=0.45%, sys=10.90%, ctx=1057429, majf=0, minf=3527
  IO depths    : 1=100.0%, 2=0.0%, 4=0.0%, 8=0.0%, 16=0.0%, 32=0.0%, >=64=0.0%
     submit    : 0=0.0%, 4=100.0%, 8=0.0%, 16=0.0%, 32=0.0%, 64=0.0%, >=64=0.0%
     complete  : 0=0.0%, 4=100.0%, 8=0.0%, 16=0.0%, 32=0.0%, 64=0.0%, >=64=0.0%
     issued    : total=r=0/w=184157/d=0, short=r=0/w=0/d=0, drop=r=0/w=0/d=0
     latency   : target=0, window=0, percentile=100.00%, depth=1

Run status group 0 (all jobs):
  WRITE: io=92079MB, aggrb=392864KB/s, minb=392864KB/s, maxb=392864KB/s, mint=240002msec, maxt=240002msec

CPU idleness:
  system: 96.62%
  unit work: mean=54.34us, stddev=2.84
