fio-beegfs-write-unbuffered-block_128k-size_1G-threads_8: (g=0): rw=rw, bs=128K-128K/128K-128K/128K-128K, ioengine=psync, iodepth=1
...
fio-2.2.10
Starting 8 processes
fio-beegfs-write-unbuffered-block_128k-size_1G-threads_8: Laying out IO file(s) (4 file(s) / 4096MB)
fio-beegfs-write-unbuffered-block_128k-size_1G-threads_8: Laying out IO file(s) (4 file(s) / 4096MB)
fio-beegfs-write-unbuffered-block_128k-size_1G-threads_8: Laying out IO file(s) (4 file(s) / 4096MB)
fio-beegfs-write-unbuffered-block_128k-size_1G-threads_8: Laying out IO file(s) (4 file(s) / 4096MB)
fio-beegfs-write-unbuffered-block_128k-size_1G-threads_8: Laying out IO file(s) (4 file(s) / 4096MB)
fio-beegfs-write-unbuffered-block_128k-size_1G-threads_8: Laying out IO file(s) (4 file(s) / 4096MB)
fio-beegfs-write-unbuffered-block_128k-size_1G-threads_8: Laying out IO file(s) (4 file(s) / 4096MB)
fio-beegfs-write-unbuffered-block_128k-size_1G-threads_8: Laying out IO file(s) (4 file(s) / 4096MB)

fio-beegfs-write-unbuffered-block_128k-size_1G-threads_8: (groupid=0, jobs=8): err= 0: pid=3735876: Thu Nov 22 03:33:53 2018
  write: io=91862MB, bw=391943KB/s, iops=3062, runt=240002msec
    clat (usec): min=481, max=28322, avg=2608.94, stdev=640.79
     lat (usec): min=483, max=28324, avg=2610.69, stdev=640.79
    clat percentiles (usec):
     |  1.00th=[ 1960],  5.00th=[ 2008], 10.00th=[ 2024], 20.00th=[ 2064],
     | 30.00th=[ 2128], 40.00th=[ 2320], 50.00th=[ 2576], 60.00th=[ 2800],
     | 70.00th=[ 2960], 80.00th=[ 3024], 90.00th=[ 3120], 95.00th=[ 3312],
     | 99.00th=[ 4128], 99.50th=[ 5536], 99.90th=[ 9280], 99.95th=[ 9536],
     | 99.99th=[10176]
    bw (KB  /s): min=42496, max=52270, per=12.51%, avg=49039.06, stdev=1896.17
    lat (usec) : 500=0.01%, 750=0.01%, 1000=0.02%
    lat (msec) : 2=4.17%, 4=94.57%, 10=1.22%, 20=0.01%, 50=0.01%
  cpu          : usr=0.21%, sys=2.56%, ctx=1339168, majf=0, minf=14084
  IO depths    : 1=100.0%, 2=0.0%, 4=0.0%, 8=0.0%, 16=0.0%, 32=0.0%, >=64=0.0%
     submit    : 0=0.0%, 4=100.0%, 8=0.0%, 16=0.0%, 32=0.0%, 64=0.0%, >=64=0.0%
     complete  : 0=0.0%, 4=100.0%, 8=0.0%, 16=0.0%, 32=0.0%, 64=0.0%, >=64=0.0%
     issued    : total=r=0/w=734899/d=0, short=r=0/w=0/d=0, drop=r=0/w=0/d=0
     latency   : target=0, window=0, percentile=100.00%, depth=1

Run status group 0 (all jobs):
  WRITE: io=91862MB, aggrb=391942KB/s, minb=391942KB/s, maxb=391942KB/s, mint=240002msec, maxt=240002msec

CPU idleness:
  system: 97.52%
  unit work: mean=54.89us, stddev=3.12
