fio-beegfs-write-unbuffered-block_64k-size_4G-threads_4: (g=0): rw=rw, bs=64K-64K/64K-64K/64K-64K, ioengine=psync, iodepth=1
...
fio-2.2.10
Starting 4 processes
fio-beegfs-write-unbuffered-block_64k-size_4G-threads_4: Laying out IO file(s) (4 file(s) / 16384MB)
fio-beegfs-write-unbuffered-block_64k-size_4G-threads_4: Laying out IO file(s) (4 file(s) / 16384MB)
fio-beegfs-write-unbuffered-block_64k-size_4G-threads_4: Laying out IO file(s) (4 file(s) / 16384MB)
fio-beegfs-write-unbuffered-block_64k-size_4G-threads_4: Laying out IO file(s) (4 file(s) / 16384MB)

fio-beegfs-write-unbuffered-block_64k-size_4G-threads_4: (groupid=0, jobs=4): err= 0: pid=3661233: Wed Nov 21 22:11:05 2018
  write: io=90313MB, bw=385334KB/s, iops=6020, runt=240001msec
    clat (usec): min=293, max=13349, avg=661.75, stdev=295.55
     lat (usec): min=294, max=13351, avg=662.61, stdev=295.55
    clat percentiles (usec):
     |  1.00th=[  478],  5.00th=[  502], 10.00th=[  516], 20.00th=[  532],
     | 30.00th=[  548], 40.00th=[  564], 50.00th=[  580], 60.00th=[  596],
     | 70.00th=[  620], 80.00th=[  668], 90.00th=[  972], 95.00th=[ 1256],
     | 99.00th=[ 1432], 99.50th=[ 1512], 99.90th=[ 5152], 99.95th=[ 6368],
     | 99.99th=[ 7584]
    bw (KB  /s): min=83584, max=101632, per=25.02%, avg=96408.43, stdev=3114.54
    lat (usec) : 500=4.07%, 750=81.52%, 1000=4.73%
    lat (msec) : 2=9.47%, 4=0.10%, 10=0.11%, 20=0.01%
  cpu          : usr=0.61%, sys=7.02%, ctx=3421906, majf=0, minf=29628
  IO depths    : 1=100.0%, 2=0.0%, 4=0.0%, 8=0.0%, 16=0.0%, 32=0.0%, >=64=0.0%
     submit    : 0=0.0%, 4=100.0%, 8=0.0%, 16=0.0%, 32=0.0%, 64=0.0%, >=64=0.0%
     complete  : 0=0.0%, 4=100.0%, 8=0.0%, 16=0.0%, 32=0.0%, 64=0.0%, >=64=0.0%
     issued    : total=r=0/w=1445009/d=0, short=r=0/w=0/d=0, drop=r=0/w=0/d=0
     latency   : target=0, window=0, percentile=100.00%, depth=1

Run status group 0 (all jobs):
  WRITE: io=90313MB, aggrb=385334KB/s, minb=385334KB/s, maxb=385334KB/s, mint=240001msec, maxt=240001msec

CPU idleness:
  system: 97.20%
  unit work: mean=54.91us, stddev=2.71
