fio-beegfs-write-unbuffered-block_128k-size_4G-threads_2: (g=0): rw=rw, bs=128K-128K/128K-128K/128K-128K, ioengine=psync, iodepth=1
...
fio-2.2.10
Starting 2 processes
fio-beegfs-write-unbuffered-block_128k-size_4G-threads_2: Laying out IO file(s) (4 file(s) / 16384MB)
fio-beegfs-write-unbuffered-block_128k-size_4G-threads_2: Laying out IO file(s) (4 file(s) / 16384MB)

fio-beegfs-write-unbuffered-block_128k-size_4G-threads_2: (groupid=0, jobs=2): err= 0: pid=3505922: Wed Nov 21 13:17:47 2018
  write: io=88477MB, bw=377501KB/s, iops=2949, runt=240001msec
    clat (usec): min=436, max=16207, avg=674.64, stdev=309.71
     lat (usec): min=437, max=16209, avg=676.29, stdev=309.71
    clat percentiles (usec):
     |  1.00th=[  490],  5.00th=[  510], 10.00th=[  516], 20.00th=[  532],
     | 30.00th=[  548], 40.00th=[  564], 50.00th=[  580], 60.00th=[  604],
     | 70.00th=[  628], 80.00th=[  692], 90.00th=[ 1032], 95.00th=[ 1272],
     | 99.00th=[ 1480], 99.50th=[ 1640], 99.90th=[ 5280], 99.95th=[ 6432],
     | 99.99th=[ 7648]
    bw (KB  /s): min=167424, max=201472, per=50.03%, avg=188865.63, stdev=9276.07
    lat (usec) : 500=2.31%, 750=81.05%, 1000=6.15%
    lat (msec) : 2=10.15%, 4=0.23%, 10=0.11%, 20=0.01%
  cpu          : usr=0.74%, sys=11.26%, ctx=2314315, majf=0, minf=14727
  IO depths    : 1=100.0%, 2=0.0%, 4=0.0%, 8=0.0%, 16=0.0%, 32=0.0%, >=64=0.0%
     submit    : 0=0.0%, 4=100.0%, 8=0.0%, 16=0.0%, 32=0.0%, 64=0.0%, >=64=0.0%
     complete  : 0=0.0%, 4=100.0%, 8=0.0%, 16=0.0%, 32=0.0%, 64=0.0%, >=64=0.0%
     issued    : total=r=0/w=707818/d=0, short=r=0/w=0/d=0, drop=r=0/w=0/d=0
     latency   : target=0, window=0, percentile=100.00%, depth=1

Run status group 0 (all jobs):
  WRITE: io=88477MB, aggrb=377501KB/s, minb=377501KB/s, maxb=377501KB/s, mint=240001msec, maxt=240001msec

CPU idleness:
  system: 96.97%
  unit work: mean=54.66us, stddev=2.91
