fio-beegfs-read-buffered-block_16k-size_4G-threads_2: (g=0): rw=rw, bs=16K-16K/16K-16K/16K-16K, ioengine=psync, iodepth=1
...
fio-2.2.10
Starting 2 processes
fio-beegfs-read-buffered-block_16k-size_4G-threads_2: Laying out IO file(s) (4 file(s) / 16384MB)
fio-beegfs-read-buffered-block_16k-size_4G-threads_2: Laying out IO file(s) (4 file(s) / 16384MB)

fio-beegfs-read-buffered-block_16k-size_4G-threads_2: (groupid=0, jobs=2): err= 0: pid=3416392: Fri Nov  9 02:58:13 2018
  read : io=365918MB, bw=1524.7MB/s, iops=97577, runt=240001msec
    clat (usec): min=1, max=10146, avg=19.81, stdev=99.36
     lat (usec): min=1, max=10146, avg=19.87, stdev=99.37
    clat percentiles (usec):
     |  1.00th=[    1],  5.00th=[    1], 10.00th=[    1], 20.00th=[    2],
     | 30.00th=[    2], 40.00th=[    2], 50.00th=[    2], 60.00th=[    2],
     | 70.00th=[    2], 80.00th=[    2], 90.00th=[    3], 95.00th=[    4],
     | 99.00th=[  588], 99.50th=[  612], 99.90th=[  724], 99.95th=[  780],
     | 99.99th=[  924]
    bw (KB  /s): min=733216, max=819168, per=50.03%, avg=781032.08, stdev=15530.60
    lat (usec) : 2=16.11%, 4=78.26%, 10=2.15%, 20=0.22%, 50=0.12%
    lat (usec) : 100=0.01%, 250=0.01%, 500=0.29%, 750=2.78%, 1000=0.06%
    lat (msec) : 2=0.01%, 4=0.01%, 10=0.01%, 20=0.01%
  cpu          : usr=4.58%, sys=69.81%, ctx=1372934, majf=0, minf=285023
  IO depths    : 1=100.0%, 2=0.0%, 4=0.0%, 8=0.0%, 16=0.0%, 32=0.0%, >=64=0.0%
     submit    : 0=0.0%, 4=100.0%, 8=0.0%, 16=0.0%, 32=0.0%, 64=0.0%, >=64=0.0%
     complete  : 0=0.0%, 4=100.0%, 8=0.0%, 16=0.0%, 32=0.0%, 64=0.0%, >=64=0.0%
     issued    : total=r=23418758/w=0/d=0, short=r=0/w=0/d=0, drop=r=0/w=0/d=0
     latency   : target=0, window=0, percentile=100.00%, depth=1

Run status group 0 (all jobs):
   READ: io=365918MB, aggrb=1524.7MB/s, minb=1524.7MB/s, maxb=1524.7MB/s, mint=240001msec, maxt=240001msec

CPU idleness:
  system: 96.19%
  unit work: mean=55.10us, stddev=2.80
