fio-beegfs-write-buffered-block_128k-size_2G-threads_4: (g=0): rw=rw, bs=128K-128K/128K-128K/128K-128K, ioengine=psync, iodepth=1
...
fio-2.2.10
Starting 4 processes
fio-beegfs-write-buffered-block_128k-size_2G-threads_4: Laying out IO file(s) (4 file(s) / 8192MB)
fio-beegfs-write-buffered-block_128k-size_2G-threads_4: Laying out IO file(s) (4 file(s) / 8192MB)
fio-beegfs-write-buffered-block_128k-size_2G-threads_4: Laying out IO file(s) (4 file(s) / 8192MB)
fio-beegfs-write-buffered-block_128k-size_2G-threads_4: Laying out IO file(s) (4 file(s) / 8192MB)

fio-beegfs-write-buffered-block_128k-size_2G-threads_4: (groupid=0, jobs=4): err= 0: pid=3503559: Fri Nov  9 10:03:34 2018
  write: io=92243MB, bw=393119KB/s, iops=3071, runt=240276msec
    clat (usec): min=8, max=648212, avg=1299.11, stdev=22155.66
     lat (usec): min=9, max=648215, avg=1301.10, stdev=22155.70
    clat percentiles (usec):
     |  1.00th=[    9],  5.00th=[    9], 10.00th=[   10], 20.00th=[   13],
     | 30.00th=[   13], 40.00th=[   15], 50.00th=[   32], 60.00th=[   33],
     | 70.00th=[   40], 80.00th=[  668], 90.00th=[  772], 95.00th=[  820],
     | 99.00th=[  916], 99.50th=[ 1048], 99.90th=[468992], 99.95th=[493568],
     | 99.99th=[528384]
    bw (KB  /s): min=  463, max=630528, per=27.45%, avg=107916.39, stdev=169683.19
    lat (usec) : 10=9.37%, 20=35.99%, 50=27.19%, 100=2.42%, 250=0.03%
    lat (usec) : 500=0.04%, 750=11.94%, 1000=12.44%
    lat (msec) : 2=0.25%, 4=0.01%, 10=0.01%, 20=0.02%, 50=0.06%
    lat (msec) : 100=0.01%, 250=0.02%, 500=0.19%, 750=0.04%
  cpu          : usr=0.28%, sys=6.16%, ctx=966465, majf=0, minf=17537
  IO depths    : 1=100.0%, 2=0.0%, 4=0.0%, 8=0.0%, 16=0.0%, 32=0.0%, >=64=0.0%
     submit    : 0=0.0%, 4=100.0%, 8=0.0%, 16=0.0%, 32=0.0%, 64=0.0%, >=64=0.0%
     complete  : 0=0.0%, 4=100.0%, 8=0.0%, 16=0.0%, 32=0.0%, 64=0.0%, >=64=0.0%
     issued    : total=r=0/w=737945/d=0, short=r=0/w=0/d=0, drop=r=0/w=0/d=0
     latency   : target=0, window=0, percentile=100.00%, depth=1

Run status group 0 (all jobs):
  WRITE: io=92243MB, aggrb=393118KB/s, minb=393118KB/s, maxb=393118KB/s, mint=240276msec, maxt=240276msec

CPU idleness:
  system: 85.69%
  unit work: mean=48.13us, stddev=2.56
