fio-beegfs-write-buffered-block_512k-size_2G-threads_8: (g=0): rw=rw, bs=512K-512K/512K-512K/512K-512K, ioengine=psync, iodepth=1
...
fio-2.2.10
Starting 8 processes
fio-beegfs-write-buffered-block_512k-size_2G-threads_8: Laying out IO file(s) (4 file(s) / 8192MB)
fio-beegfs-write-buffered-block_512k-size_2G-threads_8: Laying out IO file(s) (4 file(s) / 8192MB)
fio-beegfs-write-buffered-block_512k-size_2G-threads_8: Laying out IO file(s) (4 file(s) / 8192MB)
fio-beegfs-write-buffered-block_512k-size_2G-threads_8: Laying out IO file(s) (4 file(s) / 8192MB)
fio-beegfs-write-buffered-block_512k-size_2G-threads_8: Laying out IO file(s) (4 file(s) / 8192MB)
fio-beegfs-write-buffered-block_512k-size_2G-threads_8: Laying out IO file(s) (4 file(s) / 8192MB)
fio-beegfs-write-buffered-block_512k-size_2G-threads_8: Laying out IO file(s) (4 file(s) / 8192MB)
fio-beegfs-write-buffered-block_512k-size_2G-threads_8: Laying out IO file(s) (4 file(s) / 8192MB)

fio-beegfs-write-buffered-block_512k-size_2G-threads_8: (groupid=0, jobs=8): err= 0: pid=3687918: Sat Nov 10 01:24:22 2018
  write: io=103091MB, bw=439480KB/s, iops=858, runt=240205msec
    clat (usec): min=494, max=640094, avg=9306.41, stdev=59836.79
     lat (usec): min=502, max=640108, avg=9317.07, stdev=59836.84
    clat percentiles (usec):
     |  1.00th=[  588],  5.00th=[  668], 10.00th=[  764], 20.00th=[ 1176],
     | 30.00th=[ 1224], 40.00th=[ 1304], 50.00th=[ 1320], 60.00th=[ 1336],
     | 70.00th=[ 1352], 80.00th=[ 1368], 90.00th=[ 1400], 95.00th=[ 1736],
     | 99.00th=[448512], 99.50th=[477184], 99.90th=[522240], 99.95th=[569344],
     | 99.99th=[610304]
    bw (KB  /s): min=  944, max=420864, per=13.35%, avg=58649.62, stdev=78178.07
    lat (usec) : 500=0.01%, 750=9.64%, 1000=2.55%
    lat (msec) : 2=84.39%, 4=1.25%, 10=0.01%, 20=0.07%, 50=0.30%
    lat (msec) : 100=0.02%, 250=0.06%, 500=1.48%, 750=0.23%
  cpu          : usr=0.17%, sys=2.98%, ctx=3468255, majf=0, minf=4822
  IO depths    : 1=100.0%, 2=0.0%, 4=0.0%, 8=0.0%, 16=0.0%, 32=0.0%, >=64=0.0%
     submit    : 0=0.0%, 4=100.0%, 8=0.0%, 16=0.0%, 32=0.0%, 64=0.0%, >=64=0.0%
     complete  : 0=0.0%, 4=100.0%, 8=0.0%, 16=0.0%, 32=0.0%, 64=0.0%, >=64=0.0%
     issued    : total=r=0/w=206182/d=0, short=r=0/w=0/d=0, drop=r=0/w=0/d=0
     latency   : target=0, window=0, percentile=100.00%, depth=1

Run status group 0 (all jobs):
  WRITE: io=103091MB, aggrb=439479KB/s, minb=439479KB/s, maxb=439479KB/s, mint=240205msec, maxt=240205msec

CPU idleness:
  system: 97.99%
  unit work: mean=55.13us, stddev=2.61
