fio-beegfs-write-unbuffered-block_512k-size_2G-threads_2: (g=0): rw=rw, bs=512K-512K/512K-512K/512K-512K, ioengine=psync, iodepth=1
...
fio-2.2.10
Starting 2 processes
fio-beegfs-write-unbuffered-block_512k-size_2G-threads_2: Laying out IO file(s) (4 file(s) / 8192MB)
fio-beegfs-write-unbuffered-block_512k-size_2G-threads_2: Laying out IO file(s) (4 file(s) / 8192MB)

fio-beegfs-write-unbuffered-block_512k-size_2G-threads_2: (groupid=0, jobs=2): err= 0: pid=3464654: Wed Nov 21 10:56:31 2018
  write: io=90440MB, bw=385871KB/s, iops=753, runt=240004msec
    clat (usec): min=1419, max=12139, avg=2644.43, stdev=712.73
     lat (usec): min=1427, max=12147, avg=2651.69, stdev=712.73
    clat percentiles (usec):
     |  1.00th=[ 1944],  5.00th=[ 1976], 10.00th=[ 1992], 20.00th=[ 2024],
     | 30.00th=[ 2064], 40.00th=[ 2416], 50.00th=[ 2640], 60.00th=[ 2864],
     | 70.00th=[ 2960], 80.00th=[ 3024], 90.00th=[ 3152], 95.00th=[ 3600],
     | 99.00th=[ 5216], 99.50th=[ 6304], 99.90th=[ 9280], 99.95th=[ 9536],
     | 99.99th=[10176]
    bw (KB  /s): min=126470, max=209500, per=50.05%, avg=193114.74, stdev=13876.71
    lat (msec) : 2=14.70%, 4=82.68%, 10=2.60%, 20=0.02%
  cpu          : usr=0.44%, sys=10.51%, ctx=1103474, majf=0, minf=3487
  IO depths    : 1=100.0%, 2=0.0%, 4=0.0%, 8=0.0%, 16=0.0%, 32=0.0%, >=64=0.0%
     submit    : 0=0.0%, 4=100.0%, 8=0.0%, 16=0.0%, 32=0.0%, 64=0.0%, >=64=0.0%
     complete  : 0=0.0%, 4=100.0%, 8=0.0%, 16=0.0%, 32=0.0%, 64=0.0%, >=64=0.0%
     issued    : total=r=0/w=180880/d=0, short=r=0/w=0/d=0, drop=r=0/w=0/d=0
     latency   : target=0, window=0, percentile=100.00%, depth=1

Run status group 0 (all jobs):
  WRITE: io=90440MB, aggrb=385870KB/s, minb=385870KB/s, maxb=385870KB/s, mint=240004msec, maxt=240004msec

CPU idleness:
  system: 96.06%
  unit work: mean=54.07us, stddev=1.77
