fio-beegfs-write-buffered-block_128k-size_1G-threads_4: (g=0): rw=rw, bs=128K-128K/128K-128K/128K-128K, ioengine=psync, iodepth=1
...
fio-2.2.10
Starting 4 processes
fio-beegfs-write-buffered-block_128k-size_1G-threads_4: Laying out IO file(s) (4 file(s) / 4096MB)
fio-beegfs-write-buffered-block_128k-size_1G-threads_4: Laying out IO file(s) (4 file(s) / 4096MB)
fio-beegfs-write-buffered-block_128k-size_1G-threads_4: Laying out IO file(s) (4 file(s) / 4096MB)
fio-beegfs-write-buffered-block_128k-size_1G-threads_4: Laying out IO file(s) (4 file(s) / 4096MB)

fio-beegfs-write-buffered-block_128k-size_1G-threads_4: (groupid=0, jobs=4): err= 0: pid=3468350: Fri Nov  9 07:12:41 2018
  write: io=99315MB, bw=423742KB/s, iops=3310, runt=240001msec
    clat (usec): min=8, max=632196, avg=1205.01, stdev=20783.76
     lat (usec): min=9, max=632202, avg=1207.01, stdev=20783.80
    clat percentiles (usec):
     |  1.00th=[    9],  5.00th=[    9], 10.00th=[   10], 20.00th=[   13],
     | 30.00th=[   13], 40.00th=[   15], 50.00th=[   32], 60.00th=[   33],
     | 70.00th=[   40], 80.00th=[  676], 90.00th=[  772], 95.00th=[  820],
     | 99.00th=[  924], 99.50th=[ 1064], 99.90th=[460800], 99.95th=[481280],
     | 99.99th=[514048]
    bw (KB  /s): min=  502, max=627200, per=26.73%, avg=113251.89, stdev=168487.50
    lat (usec) : 10=9.12%, 20=36.27%, 50=27.23%, 100=2.36%, 250=0.03%
    lat (usec) : 500=0.04%, 750=12.10%, 1000=12.25%
    lat (msec) : 2=0.27%, 4=0.01%, 10=0.01%, 20=0.02%, 50=0.07%
    lat (msec) : 100=0.01%, 250=0.02%, 500=0.19%, 750=0.02%
  cpu          : usr=0.31%, sys=6.65%, ctx=1041870, majf=0, minf=18197
  IO depths    : 1=100.0%, 2=0.0%, 4=0.0%, 8=0.0%, 16=0.0%, 32=0.0%, >=64=0.0%
     submit    : 0=0.0%, 4=100.0%, 8=0.0%, 16=0.0%, 32=0.0%, 64=0.0%, >=64=0.0%
     complete  : 0=0.0%, 4=100.0%, 8=0.0%, 16=0.0%, 32=0.0%, 64=0.0%, >=64=0.0%
     issued    : total=r=0/w=794519/d=0, short=r=0/w=0/d=0, drop=r=0/w=0/d=0
     latency   : target=0, window=0, percentile=100.00%, depth=1

Run status group 0 (all jobs):
  WRITE: io=99315MB, aggrb=423741KB/s, minb=423741KB/s, maxb=423741KB/s, mint=240001msec, maxt=240001msec

CPU idleness:
  system: 97.76%
  unit work: mean=54.95us, stddev=2.75
