fio-beegfs-write-buffered-block_512k-size_2G-threads_1: (g=0): rw=rw, bs=512K-512K/512K-512K/512K-512K, ioengine=psync, iodepth=1
fio-2.2.10
Starting 1 process
fio-beegfs-write-buffered-block_512k-size_2G-threads_1: Laying out IO file(s) (4 file(s) / 8192MB)

fio-beegfs-write-buffered-block_512k-size_2G-threads_1: (groupid=0, jobs=1): err= 0: pid=3331372: Thu Nov  8 20:47:31 2018
  write: io=134018MB, bw=571806KB/s, iops=1116, runt=240001msec
    clat (usec): min=437, max=2916.1K, avg=885.18, stdev=12636.17
     lat (usec): min=443, max=2916.1K, avg=893.24, stdev=12636.25
    clat percentiles (usec):
     |  1.00th=[  474],  5.00th=[  498], 10.00th=[  524], 20.00th=[  556],
     | 30.00th=[  572], 40.00th=[  580], 50.00th=[  596], 60.00th=[  604],
     | 70.00th=[  620], 80.00th=[  644], 90.00th=[  668], 95.00th=[  700],
     | 99.00th=[  756], 99.50th=[  780], 99.90th=[ 6176], 99.95th=[378880],
     | 99.99th=[485376]
    bw (KB  /s): min= 2027, max=902144, per=100.00%, avg=592356.99, stdev=340627.34
    lat (usec) : 500=5.17%, 750=93.72%, 1000=0.96%
    lat (msec) : 2=0.03%, 4=0.02%, 10=0.01%, 20=0.01%, 50=0.01%
    lat (msec) : 100=0.01%, 250=0.01%, 500=0.05%, 750=0.01%, 1000=0.01%
    lat (msec) : 2000=0.01%, >=2000=0.01%
  cpu          : usr=1.64%, sys=16.36%, ctx=1300896, majf=0, minf=6862
  IO depths    : 1=100.0%, 2=0.0%, 4=0.0%, 8=0.0%, 16=0.0%, 32=0.0%, >=64=0.0%
     submit    : 0=0.0%, 4=100.0%, 8=0.0%, 16=0.0%, 32=0.0%, 64=0.0%, >=64=0.0%
     complete  : 0=0.0%, 4=100.0%, 8=0.0%, 16=0.0%, 32=0.0%, 64=0.0%, >=64=0.0%
     issued    : total=r=0/w=268035/d=0, short=r=0/w=0/d=0, drop=r=0/w=0/d=0
     latency   : target=0, window=0, percentile=100.00%, depth=1

Run status group 0 (all jobs):
  WRITE: io=134018MB, aggrb=571805KB/s, minb=571805KB/s, maxb=571805KB/s, mint=240001msec, maxt=240001msec

CPU idleness:
  system: 85.51%
  unit work: mean=51.00us, stddev=5.32
