fio-beegfs-write-buffered-block_512k-size_4G-threads_1: (g=0): rw=rw, bs=512K-512K/512K-512K/512K-512K, ioengine=psync, iodepth=1
fio-2.2.10
Starting 1 process
fio-beegfs-write-buffered-block_512k-size_4G-threads_1: Laying out IO file(s) (4 file(s) / 16384MB)

fio-beegfs-write-buffered-block_512k-size_4G-threads_1: (groupid=0, jobs=1): err= 0: pid=3353854: Thu Nov  8 22:42:58 2018
  write: io=76309MB, bw=325187KB/s, iops=635, runt=240292msec
    clat (usec): min=432, max=660633, avg=1564.56, stdev=21391.51
     lat (usec): min=441, max=660641, avg=1572.43, stdev=21391.51
    clat percentiles (usec):
     |  1.00th=[  466],  5.00th=[  486], 10.00th=[  502], 20.00th=[  524],
     | 30.00th=[  548], 40.00th=[  556], 50.00th=[  564], 60.00th=[  572],
     | 70.00th=[  580], 80.00th=[  596], 90.00th=[  620], 95.00th=[  636],
     | 99.00th=[  692], 99.50th=[  740], 99.90th=[468992], 99.95th=[489472],
     | 99.99th=[552960]
    bw (KB  /s): min= 2400, max=918528, per=100.00%, avg=362860.27, stdev=394696.89
    lat (usec) : 500=9.62%, 750=89.93%, 1000=0.12%
    lat (msec) : 2=0.02%, 4=0.01%, 10=0.01%, 20=0.01%, 50=0.05%
    lat (msec) : 100=0.01%, 250=0.02%, 500=0.17%, 750=0.03%
  cpu          : usr=0.82%, sys=9.48%, ctx=714464, majf=0, minf=4011
  IO depths    : 1=100.0%, 2=0.0%, 4=0.0%, 8=0.0%, 16=0.0%, 32=0.0%, >=64=0.0%
     submit    : 0=0.0%, 4=100.0%, 8=0.0%, 16=0.0%, 32=0.0%, 64=0.0%, >=64=0.0%
     complete  : 0=0.0%, 4=100.0%, 8=0.0%, 16=0.0%, 32=0.0%, 64=0.0%, >=64=0.0%
     issued    : total=r=0/w=152617/d=0, short=r=0/w=0/d=0, drop=r=0/w=0/d=0
     latency   : target=0, window=0, percentile=100.00%, depth=1

Run status group 0 (all jobs):
  WRITE: io=76309MB, aggrb=325187KB/s, minb=325187KB/s, maxb=325187KB/s, mint=240292msec, maxt=240292msec

CPU idleness:
  system: 90.59%
  unit work: mean=50.77us, stddev=2.87
