fio-beegfs-read-unbuffered-block_128k-size_1G-threads_1: (g=0): rw=rw, bs=128K-128K/128K-128K/128K-128K, ioengine=psync, iodepth=1
fio-2.2.10
Starting 1 process
fio-beegfs-read-unbuffered-block_128k-size_1G-threads_1: Laying out IO file(s) (4 file(s) / 4096MB)

fio-beegfs-read-unbuffered-block_128k-size_1G-threads_1: (groupid=0, jobs=1): err= 0: pid=3330735: Wed Nov 21 03:59:56 2018
  read : io=42321MB, bw=180569KB/s, iops=1410, runt=240001msec
    clat (usec): min=551, max=7372, avg=707.18, stdev=200.91
     lat (usec): min=551, max=7372, avg=707.29, stdev=200.91
    clat percentiles (usec):
     |  1.00th=[  596],  5.00th=[  612], 10.00th=[  628], 20.00th=[  652],
     | 30.00th=[  660], 40.00th=[  676], 50.00th=[  692], 60.00th=[  700],
     | 70.00th=[  716], 80.00th=[  724], 90.00th=[  748], 95.00th=[  772],
     | 99.00th=[ 1224], 99.50th=[ 2704], 99.90th=[ 3344], 99.95th=[ 3440],
     | 99.99th=[ 3600]
    bw (KB  /s): min=159232, max=203008, per=100.00%, avg=180688.64, stdev=8483.66
    lat (usec) : 750=90.25%, 1000=8.48%
    lat (msec) : 2=0.57%, 4=0.70%, 10=0.01%
  cpu          : usr=0.40%, sys=13.73%, ctx=344073, majf=0, minf=7273
  IO depths    : 1=100.0%, 2=0.0%, 4=0.0%, 8=0.0%, 16=0.0%, 32=0.0%, >=64=0.0%
     submit    : 0=0.0%, 4=100.0%, 8=0.0%, 16=0.0%, 32=0.0%, 64=0.0%, >=64=0.0%
     complete  : 0=0.0%, 4=100.0%, 8=0.0%, 16=0.0%, 32=0.0%, 64=0.0%, >=64=0.0%
     issued    : total=r=338568/w=0/d=0, short=r=0/w=0/d=0, drop=r=0/w=0/d=0
     latency   : target=0, window=0, percentile=100.00%, depth=1

Run status group 0 (all jobs):
   READ: io=42321MB, aggrb=180568KB/s, minb=180568KB/s, maxb=180568KB/s, mint=240001msec, maxt=240001msec

CPU idleness:
  system: 97.23%
  unit work: mean=54.63us, stddev=2.68
