fio-beegfs-read-unbuffered-block_64k-size_2G-threads_4: (g=0): rw=rw, bs=64K-64K/64K-64K/64K-64K, ioengine=psync, iodepth=1
...
fio-2.2.10
Starting 4 processes
fio-beegfs-read-unbuffered-block_64k-size_2G-threads_4: Laying out IO file(s) (4 file(s) / 8192MB)
fio-beegfs-read-unbuffered-block_64k-size_2G-threads_4: Laying out IO file(s) (4 file(s) / 8192MB)
fio-beegfs-read-unbuffered-block_64k-size_2G-threads_4: Laying out IO file(s) (4 file(s) / 8192MB)
fio-beegfs-read-unbuffered-block_64k-size_2G-threads_4: Laying out IO file(s) (4 file(s) / 8192MB)

fio-beegfs-read-unbuffered-block_64k-size_2G-threads_4: (groupid=0, jobs=4): err= 0: pid=3581912: Wed Nov 21 17:37:06 2018
  read : io=83751MB, bw=357335KB/s, iops=5583, runt=240001msec
    clat (usec): min=406, max=43515, avg=714.75, stdev=230.51
     lat (usec): min=406, max=43515, avg=714.88, stdev=230.51
    clat percentiles (usec):
     |  1.00th=[  524],  5.00th=[  572], 10.00th=[  596], 20.00th=[  628],
     | 30.00th=[  652], 40.00th=[  668], 50.00th=[  684], 60.00th=[  700],
     | 70.00th=[  724], 80.00th=[  764], 90.00th=[  836], 95.00th=[  892],
     | 99.00th=[ 1192], 99.50th=[ 2576], 99.90th=[ 3344], 99.95th=[ 3472],
     | 99.99th=[ 4320]
    bw (KB  /s): min=79744, max=94208, per=25.02%, avg=89397.80, stdev=3193.40
    lat (usec) : 500=0.35%, 750=76.15%, 1000=21.96%
    lat (msec) : 2=0.87%, 4=0.65%, 10=0.01%, 20=0.01%, 50=0.01%
  cpu          : usr=0.41%, sys=8.77%, ctx=1579747, majf=0, minf=29017
  IO depths    : 1=100.0%, 2=0.0%, 4=0.0%, 8=0.0%, 16=0.0%, 32=0.0%, >=64=0.0%
     submit    : 0=0.0%, 4=100.0%, 8=0.0%, 16=0.0%, 32=0.0%, 64=0.0%, >=64=0.0%
     complete  : 0=0.0%, 4=100.0%, 8=0.0%, 16=0.0%, 32=0.0%, 64=0.0%, >=64=0.0%
     issued    : total=r=1340010/w=0/d=0, short=r=0/w=0/d=0, drop=r=0/w=0/d=0
     latency   : target=0, window=0, percentile=100.00%, depth=1

Run status group 0 (all jobs):
   READ: io=83751MB, aggrb=357334KB/s, minb=357334KB/s, maxb=357334KB/s, mint=240001msec, maxt=240001msec

CPU idleness:
  system: 98.62%
  unit work: mean=55.62us, stddev=2.25
