fio-beegfs-read-buffered-block_128k-size_1G-threads_1: (g=0): rw=rw, bs=128K-128K/128K-128K/128K-128K, ioengine=psync, iodepth=1
fio-2.2.10
Starting 1 process
fio-beegfs-read-buffered-block_128k-size_1G-threads_1: Laying out IO file(s) (4 file(s) / 4096MB)

fio-beegfs-read-buffered-block_128k-size_1G-threads_1: (groupid=0, jobs=1): err= 0: pid=3311343: Thu Nov  8 19:07:29 2018
  read : io=207030MB, bw=883326KB/s, iops=6900, runt=240001msec
    clat (usec): min=9, max=33487, avg=143.83, stdev=266.00
     lat (usec): min=9, max=33487, avg=143.92, stdev=266.03
    clat percentiles (usec):
     |  1.00th=[    9],  5.00th=[    9], 10.00th=[    9], 20.00th=[   10],
     | 30.00th=[   10], 40.00th=[   10], 50.00th=[   10], 60.00th=[   11],
     | 70.00th=[   12], 80.00th=[  506], 90.00th=[  540], 95.00th=[  564],
     | 99.00th=[  604], 99.50th=[  628], 99.90th=[  772], 99.95th=[ 1096],
     | 99.99th=[ 4576]
    bw (KB  /s): min=704512, max=942080, per=100.00%, avg=883808.48, stdev=35528.30
    lat (usec) : 10=12.99%, 20=61.90%, 50=0.10%, 100=0.01%, 250=0.01%
    lat (usec) : 500=3.28%, 750=21.62%, 1000=0.06%
    lat (msec) : 2=0.02%, 4=0.02%, 10=0.01%, 20=0.01%, 50=0.01%
  cpu          : usr=1.39%, sys=68.60%, ctx=928681, majf=0, minf=24698
  IO depths    : 1=100.0%, 2=0.0%, 4=0.0%, 8=0.0%, 16=0.0%, 32=0.0%, >=64=0.0%
     submit    : 0=0.0%, 4=100.0%, 8=0.0%, 16=0.0%, 32=0.0%, 64=0.0%, >=64=0.0%
     complete  : 0=0.0%, 4=100.0%, 8=0.0%, 16=0.0%, 32=0.0%, 64=0.0%, >=64=0.0%
     issued    : total=r=1656243/w=0/d=0, short=r=0/w=0/d=0, drop=r=0/w=0/d=0
     latency   : target=0, window=0, percentile=100.00%, depth=1

Run status group 0 (all jobs):
   READ: io=207030MB, aggrb=883325KB/s, minb=883325KB/s, maxb=883325KB/s, mint=240001msec, maxt=240001msec

CPU idleness:
  system: 84.22%
  unit work: mean=50.61us, stddev=5.02
