fio-beegfs-read-buffered-block_128k-size_1G-threads_8: (g=0): rw=rw, bs=128K-128K/128K-128K/128K-128K, ioengine=psync, iodepth=1
...
fio-2.2.10
Starting 8 processes
fio-beegfs-read-buffered-block_128k-size_1G-threads_8: Laying out IO file(s) (4 file(s) / 4096MB)
fio-beegfs-read-buffered-block_128k-size_1G-threads_8: Laying out IO file(s) (4 file(s) / 4096MB)
fio-beegfs-read-buffered-block_128k-size_1G-threads_8: Laying out IO file(s) (4 file(s) / 4096MB)
fio-beegfs-read-buffered-block_128k-size_1G-threads_8: Laying out IO file(s) (4 file(s) / 4096MB)
fio-beegfs-read-buffered-block_128k-size_1G-threads_8: Laying out IO file(s) (4 file(s) / 4096MB)
fio-beegfs-read-buffered-block_128k-size_1G-threads_8: Laying out IO file(s) (4 file(s) / 4096MB)
fio-beegfs-read-buffered-block_128k-size_1G-threads_8: Laying out IO file(s) (4 file(s) / 4096MB)
fio-beegfs-read-buffered-block_128k-size_1G-threads_8: Laying out IO file(s) (4 file(s) / 4096MB)

fio-beegfs-read-buffered-block_128k-size_1G-threads_8: (groupid=0, jobs=8): err= 0: pid=3610391: Fri Nov  9 18:56:48 2018
  read : io=707132MB, bw=2946.4MB/s, iops=23570, runt=240001msec
    clat (usec): min=9, max=18001, avg=338.12, stdev=573.69
     lat (usec): min=9, max=18001, avg=338.22, stdev=573.72
    clat percentiles (usec):
     |  1.00th=[   10],  5.00th=[   10], 10.00th=[   10], 20.00th=[   11],
     | 30.00th=[   11], 40.00th=[   12], 50.00th=[   14], 60.00th=[   21],
     | 70.00th=[   25], 80.00th=[ 1128], 90.00th=[ 1304], 95.00th=[ 1432],
     | 99.00th=[ 1864], 99.50th=[ 1960], 99.90th=[ 2256], 99.95th=[ 2352],
     | 99.99th=[ 2608]
    bw (KB  /s): min=343888, max=393216, per=12.51%, avg=377445.33, stdev=4550.24
    lat (usec) : 10=0.08%, 20=58.63%, 50=15.78%, 100=0.47%, 250=0.02%
    lat (usec) : 500=0.01%, 750=0.02%, 1000=1.09%
    lat (msec) : 2=23.51%, 4=0.40%, 10=0.01%, 20=0.01%
  cpu          : usr=0.50%, sys=49.82%, ctx=24410254, majf=0, minf=108616
  IO depths    : 1=100.0%, 2=0.0%, 4=0.0%, 8=0.0%, 16=0.0%, 32=0.0%, >=64=0.0%
     submit    : 0=0.0%, 4=100.0%, 8=0.0%, 16=0.0%, 32=0.0%, 64=0.0%, >=64=0.0%
     complete  : 0=0.0%, 4=100.0%, 8=0.0%, 16=0.0%, 32=0.0%, 64=0.0%, >=64=0.0%
     issued    : total=r=5657056/w=0/d=0, short=r=0/w=0/d=0, drop=r=0/w=0/d=0
     latency   : target=0, window=0, percentile=100.00%, depth=1

Run status group 0 (all jobs):
   READ: io=707132MB, aggrb=2946.4MB/s, minb=2946.4MB/s, maxb=2946.4MB/s, mint=240001msec, maxt=240001msec

CPU idleness:
  system: 90.55%
  unit work: mean=55.15us, stddev=2.73
