fio-beegfs-read-buffered-block_512k-size_2G-threads_2: (g=0): rw=rw, bs=512K-512K/512K-512K/512K-512K, ioengine=psync, iodepth=1
...
fio-2.2.10
Starting 2 processes
fio-beegfs-read-buffered-block_512k-size_2G-threads_2: Laying out IO file(s) (4 file(s) / 8192MB)
fio-beegfs-read-buffered-block_512k-size_2G-threads_2: Laying out IO file(s) (4 file(s) / 8192MB)

fio-beegfs-read-buffered-block_512k-size_2G-threads_2: (groupid=0, jobs=2): err= 0: pid=3404654: Fri Nov  9 02:00:50 2018
  read : io=448192MB, bw=1867.5MB/s, iops=3734, runt=240001msec
    clat (usec): min=334, max=19675, avg=533.55, stdev=54.48
     lat (usec): min=334, max=19675, avg=533.68, stdev=54.49
    clat percentiles (usec):
     |  1.00th=[  454],  5.00th=[  470], 10.00th=[  482], 20.00th=[  498],
     | 30.00th=[  510], 40.00th=[  524], 50.00th=[  532], 60.00th=[  540],
     | 70.00th=[  556], 80.00th=[  564], 90.00th=[  580], 95.00th=[  596],
     | 99.00th=[  652], 99.50th=[  716], 99.90th=[  868], 99.95th=[  900],
     | 99.99th=[  956]
    bw (KB  /s): min=869376, max=1001472, per=50.03%, avg=956663.98, stdev=14405.60
    lat (usec) : 500=20.01%, 750=79.66%, 1000=0.33%
    lat (msec) : 2=0.01%, 4=0.01%, 10=0.01%, 20=0.01%
  cpu          : usr=0.55%, sys=69.01%, ctx=1934458, majf=0, minf=15832
  IO depths    : 1=100.0%, 2=0.0%, 4=0.0%, 8=0.0%, 16=0.0%, 32=0.0%, >=64=0.0%
     submit    : 0=0.0%, 4=100.0%, 8=0.0%, 16=0.0%, 32=0.0%, 64=0.0%, >=64=0.0%
     complete  : 0=0.0%, 4=100.0%, 8=0.0%, 16=0.0%, 32=0.0%, 64=0.0%, >=64=0.0%
     issued    : total=r=896384/w=0/d=0, short=r=0/w=0/d=0, drop=r=0/w=0/d=0
     latency   : target=0, window=0, percentile=100.00%, depth=1

Run status group 0 (all jobs):
   READ: io=448192MB, aggrb=1867.5MB/s, minb=1867.5MB/s, maxb=1867.5MB/s, mint=240001msec, maxt=240001msec

CPU idleness:
  system: 97.55%
  unit work: mean=55.80us, stddev=1.90
