fio-beegfs-write-unbuffered-block_512k-size_2G-threads_1: (g=0): rw=rw, bs=512K-512K/512K-512K/512K-512K, ioengine=psync, iodepth=1
fio-2.2.10
Starting 1 process
fio-beegfs-write-unbuffered-block_512k-size_2G-threads_1: Laying out IO file(s) (4 file(s) / 8192MB)

fio-beegfs-write-unbuffered-block_512k-size_2G-threads_1: (groupid=0, jobs=1): err= 0: pid=3360520: Wed Nov 21 05:38:25 2018
  write: io=80024MB, bw=341431KB/s, iops=666, runt=240002msec
    clat (usec): min=1319, max=9600, avg=1490.37, stdev=284.95
     lat (usec): min=1326, max=9605, avg=1497.63, stdev=284.96
    clat percentiles (usec):
     |  1.00th=[ 1368],  5.00th=[ 1400], 10.00th=[ 1416], 20.00th=[ 1432],
     | 30.00th=[ 1448], 40.00th=[ 1464], 50.00th=[ 1464], 60.00th=[ 1480],
     | 70.00th=[ 1480], 80.00th=[ 1496], 90.00th=[ 1544], 95.00th=[ 1560],
     | 99.00th=[ 1832], 99.50th=[ 2224], 99.90th=[ 7072], 99.95th=[ 7712],
     | 99.99th=[ 8640]
    bw (KB  /s): min=314368, max=354304, per=100.00%, avg=341695.89, stdev=8087.57
    lat (msec) : 2=99.30%, 4=0.46%, 10=0.24%
  cpu          : usr=0.82%, sys=13.15%, ctx=1235922, majf=0, minf=4096
  IO depths    : 1=100.0%, 2=0.0%, 4=0.0%, 8=0.0%, 16=0.0%, 32=0.0%, >=64=0.0%
     submit    : 0=0.0%, 4=100.0%, 8=0.0%, 16=0.0%, 32=0.0%, 64=0.0%, >=64=0.0%
     complete  : 0=0.0%, 4=100.0%, 8=0.0%, 16=0.0%, 32=0.0%, 64=0.0%, >=64=0.0%
     issued    : total=r=0/w=160047/d=0, short=r=0/w=0/d=0, drop=r=0/w=0/d=0
     latency   : target=0, window=0, percentile=100.00%, depth=1

Run status group 0 (all jobs):
  WRITE: io=80024MB, aggrb=341430KB/s, minb=341430KB/s, maxb=341430KB/s, mint=240002msec, maxt=240002msec

CPU idleness:
  system: 95.26%
  unit work: mean=53.55us, stddev=3.26
