fio-beegfs-write-buffered-block_1024k-size_4G-threads_2: (g=0): rw=rw, bs=1M-1M/1M-1M/1M-1M, ioengine=psync, iodepth=1
...
fio-2.2.10
Starting 2 processes
fio-beegfs-write-buffered-block_1024k-size_4G-threads_2: Laying out IO file(s) (4 file(s) / 16384MB)
fio-beegfs-write-buffered-block_1024k-size_4G-threads_2: Laying out IO file(s) (4 file(s) / 16384MB)

fio-beegfs-write-buffered-block_1024k-size_4G-threads_2: (groupid=0, jobs=2): err= 0: pid=3452482: Fri Nov  9 05:56:57 2018
  write: io=84373MB, bw=359283KB/s, iops=350, runt=240473msec
    clat (usec): min=928, max=534025, avg=5677.85, stdev=44554.80
     lat (usec): min=937, max=534042, avg=5697.81, stdev=44554.91
    clat percentiles (usec):
     |  1.00th=[ 1080],  5.00th=[ 1112], 10.00th=[ 1128], 20.00th=[ 1160],
     | 30.00th=[ 1192], 40.00th=[ 1224], 50.00th=[ 1240], 60.00th=[ 1272],
     | 70.00th=[ 1288], 80.00th=[ 1320], 90.00th=[ 1368], 95.00th=[ 1416],
     | 99.00th=[61184], 99.50th=[468992], 99.90th=[505856], 99.95th=[514048],
     | 99.99th=[528384]
    bw (KB  /s): min= 1961, max=872448, per=54.25%, avg=194917.75, stdev=286492.18
    lat (usec) : 1000=0.02%
    lat (msec) : 2=98.72%, 4=0.02%, 10=0.02%, 20=0.02%, 50=0.19%
    lat (msec) : 100=0.01%, 250=0.07%, 500=0.77%, 750=0.15%
  cpu          : usr=0.39%, sys=8.15%, ctx=759583, majf=0, minf=1865
  IO depths    : 1=100.0%, 2=0.0%, 4=0.0%, 8=0.0%, 16=0.0%, 32=0.0%, >=64=0.0%
     submit    : 0=0.0%, 4=100.0%, 8=0.0%, 16=0.0%, 32=0.0%, 64=0.0%, >=64=0.0%
     complete  : 0=0.0%, 4=100.0%, 8=0.0%, 16=0.0%, 32=0.0%, 64=0.0%, >=64=0.0%
     issued    : total=r=0/w=84373/d=0, short=r=0/w=0/d=0, drop=r=0/w=0/d=0
     latency   : target=0, window=0, percentile=100.00%, depth=1

Run status group 0 (all jobs):
  WRITE: io=84373MB, aggrb=359283KB/s, minb=359283KB/s, maxb=359283KB/s, mint=240473msec, maxt=240473msec

CPU idleness:
  system: 93.86%
  unit work: mean=52.68us, stddev=2.06
