fio-beegfs-read-unbuffered-block_16k-size_2G-threads_4: (g=0): rw=rw, bs=16K-16K/16K-16K/16K-16K, ioengine=psync, iodepth=1
...
fio-2.2.10
Starting 4 processes
fio-beegfs-read-unbuffered-block_16k-size_2G-threads_4: Laying out IO file(s) (4 file(s) / 8192MB)
fio-beegfs-read-unbuffered-block_16k-size_2G-threads_4: Laying out IO file(s) (4 file(s) / 8192MB)
fio-beegfs-read-unbuffered-block_16k-size_2G-threads_4: Laying out IO file(s) (4 file(s) / 8192MB)
fio-beegfs-read-unbuffered-block_16k-size_2G-threads_4: Laying out IO file(s) (4 file(s) / 8192MB)

fio-beegfs-read-unbuffered-block_16k-size_2G-threads_4: (groupid=0, jobs=4): err= 0: pid=3570501: Wed Nov 21 16:57:52 2018
  read : io=45452MB, bw=193926KB/s, iops=12120, runt=240001msec
    clat (usec): min=215, max=209354, avg=328.56, stdev=281.07
     lat (usec): min=215, max=209354, avg=328.67, stdev=281.07
    clat percentiles (usec):
     |  1.00th=[  243],  5.00th=[  258], 10.00th=[  270], 20.00th=[  282],
     | 30.00th=[  294], 40.00th=[  306], 50.00th=[  318], 60.00th=[  330],
     | 70.00th=[  342], 80.00th=[  358], 90.00th=[  378], 95.00th=[  398],
     | 99.00th=[  466], 99.50th=[  732], 99.90th=[ 2800], 99.95th=[ 2992],
     | 99.99th=[ 3216]
    bw (KB  /s): min=28064, max=52352, per=25.01%, avg=48497.76, stdev=2165.90
    lat (usec) : 250=2.27%, 500=96.94%, 750=0.29%, 1000=0.13%
    lat (msec) : 2=0.13%, 4=0.23%, 10=0.01%, 20=0.01%, 250=0.01%
  cpu          : usr=0.82%, sys=10.64%, ctx=2946058, majf=0, minf=55254
  IO depths    : 1=100.0%, 2=0.0%, 4=0.0%, 8=0.0%, 16=0.0%, 32=0.0%, >=64=0.0%
     submit    : 0=0.0%, 4=100.0%, 8=0.0%, 16=0.0%, 32=0.0%, 64=0.0%, >=64=0.0%
     complete  : 0=0.0%, 4=100.0%, 8=0.0%, 16=0.0%, 32=0.0%, 64=0.0%, >=64=0.0%
     issued    : total=r=2908907/w=0/d=0, short=r=0/w=0/d=0, drop=r=0/w=0/d=0
     latency   : target=0, window=0, percentile=100.00%, depth=1

Run status group 0 (all jobs):
   READ: io=45452MB, aggrb=193926KB/s, minb=193926KB/s, maxb=193926KB/s, mint=240001msec, maxt=240001msec

CPU idleness:
  system: 97.87%
  unit work: mean=55.38us, stddev=2.58
