fio-beegfs-read-unbuffered-block_128k-size_2G-threads_1: (g=0): rw=rw, bs=128K-128K/128K-128K/128K-128K, ioengine=psync, iodepth=1
fio-2.2.10
Starting 1 process
fio-beegfs-read-unbuffered-block_128k-size_2G-threads_1: Laying out IO file(s) (4 file(s) / 8192MB)

fio-beegfs-read-unbuffered-block_128k-size_2G-threads_1: (groupid=0, jobs=1): err= 0: pid=3353115: Wed Nov 21 05:13:43 2018
  read : io=43043MB, bw=183647KB/s, iops=1434, runt=240001msec
    clat (usec): min=552, max=7114, avg=695.27, stdev=109.67
     lat (usec): min=552, max=7114, avg=695.38, stdev=109.67
    clat percentiles (usec):
     |  1.00th=[  596],  5.00th=[  620], 10.00th=[  636], 20.00th=[  652],
     | 30.00th=[  668], 40.00th=[  676], 50.00th=[  692], 60.00th=[  700],
     | 70.00th=[  716], 80.00th=[  724], 90.00th=[  748], 95.00th=[  764],
     | 99.00th=[  812], 99.50th=[  860], 99.90th=[ 2928], 99.95th=[ 3216],
     | 99.99th=[ 3440]
    bw (KB  /s): min=163072, max=199424, per=100.00%, avg=183765.01, stdev=4130.45
    lat (usec) : 750=90.70%, 1000=8.94%
    lat (msec) : 2=0.17%, 4=0.18%, 10=0.01%
  cpu          : usr=0.48%, sys=13.89%, ctx=349437, majf=0, minf=7307
  IO depths    : 1=100.0%, 2=0.0%, 4=0.0%, 8=0.0%, 16=0.0%, 32=0.0%, >=64=0.0%
     submit    : 0=0.0%, 4=100.0%, 8=0.0%, 16=0.0%, 32=0.0%, 64=0.0%, >=64=0.0%
     complete  : 0=0.0%, 4=100.0%, 8=0.0%, 16=0.0%, 32=0.0%, 64=0.0%, >=64=0.0%
     issued    : total=r=344340/w=0/d=0, short=r=0/w=0/d=0, drop=r=0/w=0/d=0
     latency   : target=0, window=0, percentile=100.00%, depth=1

Run status group 0 (all jobs):
   READ: io=43043MB, aggrb=183647KB/s, minb=183647KB/s, maxb=183647KB/s, mint=240001msec, maxt=240001msec

CPU idleness:
  system: 96.61%
  unit work: mean=54.28us, stddev=2.01
