fio-beegfs-write-buffered-block_1024k-size_1G-threads_2: (g=0): rw=rw, bs=1M-1M/1M-1M/1M-1M, ioengine=psync, iodepth=1
...
fio-2.2.10
Starting 2 processes
fio-beegfs-write-buffered-block_1024k-size_1G-threads_2: Laying out IO file(s) (4 file(s) / 4096MB)
fio-beegfs-write-buffered-block_1024k-size_1G-threads_2: Laying out IO file(s) (4 file(s) / 4096MB)

fio-beegfs-write-buffered-block_1024k-size_1G-threads_2: (groupid=0, jobs=2): err= 0: pid=3382439: Fri Nov  9 00:33:24 2018
  write: io=236754MB, bw=986.42MB/s, iops=986, runt=240016msec
    clat (usec): min=893, max=761348, avg=2007.27, stdev=19128.87
     lat (usec): min=902, max=761365, avg=2025.44, stdev=19128.85
    clat percentiles (usec):
     |  1.00th=[ 1012],  5.00th=[ 1032], 10.00th=[ 1048], 20.00th=[ 1080],
     | 30.00th=[ 1096], 40.00th=[ 1112], 50.00th=[ 1128], 60.00th=[ 1160],
     | 70.00th=[ 1192], 80.00th=[ 1224], 90.00th=[ 1288], 95.00th=[ 1320],
     | 99.00th=[ 1432], 99.50th=[ 1560], 99.90th=[448512], 99.95th=[485376],
     | 99.99th=[561152]
    bw (KB  /s): min= 1838, max=946176, per=54.26%, avg=548099.00, stdev=391745.06
    lat (usec) : 1000=0.21%
    lat (msec) : 2=99.45%, 4=0.03%, 10=0.01%, 20=0.02%, 50=0.07%
    lat (msec) : 100=0.01%, 250=0.04%, 500=0.13%, 750=0.04%, 1000=0.01%
  cpu          : usr=1.18%, sys=23.52%, ctx=2157369, majf=0, minf=4147
  IO depths    : 1=100.0%, 2=0.0%, 4=0.0%, 8=0.0%, 16=0.0%, 32=0.0%, >=64=0.0%
     submit    : 0=0.0%, 4=100.0%, 8=0.0%, 16=0.0%, 32=0.0%, 64=0.0%, >=64=0.0%
     complete  : 0=0.0%, 4=100.0%, 8=0.0%, 16=0.0%, 32=0.0%, 64=0.0%, >=64=0.0%
     issued    : total=r=0/w=236754/d=0, short=r=0/w=0/d=0, drop=r=0/w=0/d=0
     latency   : target=0, window=0, percentile=100.00%, depth=1

Run status group 0 (all jobs):
  WRITE: io=236754MB, aggrb=986.42MB/s, minb=986.42MB/s, maxb=986.42MB/s, mint=240016msec, maxt=240016msec

CPU idleness:
  system: 91.26%
  unit work: mean=51.51us, stddev=2.86
