fio-beegfs-write-unbuffered-block_1024k-size_4G-threads_8: (g=0): rw=rw, bs=1M-1M/1M-1M/1M-1M, ioengine=psync, iodepth=1
...
fio-2.2.10
Starting 8 processes
fio-beegfs-write-unbuffered-block_1024k-size_4G-threads_8: Laying out IO file(s) (4 file(s) / 16384MB)
fio-beegfs-write-unbuffered-block_1024k-size_4G-threads_8: Laying out IO file(s) (4 file(s) / 16384MB)
fio-beegfs-write-unbuffered-block_1024k-size_4G-threads_8: Laying out IO file(s) (4 file(s) / 16384MB)
fio-beegfs-write-unbuffered-block_1024k-size_4G-threads_8: Laying out IO file(s) (4 file(s) / 16384MB)
fio-beegfs-write-unbuffered-block_1024k-size_4G-threads_8: Laying out IO file(s) (4 file(s) / 16384MB)
fio-beegfs-write-unbuffered-block_1024k-size_4G-threads_8: Laying out IO file(s) (4 file(s) / 16384MB)
fio-beegfs-write-unbuffered-block_1024k-size_4G-threads_8: Laying out IO file(s) (4 file(s) / 16384MB)
fio-beegfs-write-unbuffered-block_1024k-size_4G-threads_8: Laying out IO file(s) (4 file(s) / 16384MB)

fio-beegfs-write-unbuffered-block_1024k-size_4G-threads_8: (groupid=0, jobs=8): err= 0: pid=3959906: Thu Nov 22 21:31:33 2018
  write: io=91270MB, bw=389399KB/s, iops=380, runt=240012msec
    clat (msec): min=9, max=56, avg=21.02, stdev= 2.16
     lat (msec): min=9, max=56, avg=21.03, stdev= 2.16
    clat percentiles (usec):
     |  1.00th=[17536],  5.00th=[18816], 10.00th=[19072], 20.00th=[19328],
     | 30.00th=[19584], 40.00th=[20096], 50.00th=[20352], 60.00th=[21120],
     | 70.00th=[21888], 80.00th=[22656], 90.00th=[23680], 95.00th=[25216],
     | 99.00th=[27776], 99.50th=[28800], 99.90th=[31616], 99.95th=[33024],
     | 99.99th=[39168]
    bw (KB  /s): min=39158, max=54532, per=12.51%, avg=48724.75, stdev=2635.17
    lat (msec) : 10=0.01%, 20=39.77%, 50=60.22%, 100=0.01%
  cpu          : usr=0.13%, sys=2.54%, ctx=1176363, majf=0, minf=1918
  IO depths    : 1=100.0%, 2=0.0%, 4=0.0%, 8=0.0%, 16=0.0%, 32=0.0%, >=64=0.0%
     submit    : 0=0.0%, 4=100.0%, 8=0.0%, 16=0.0%, 32=0.0%, 64=0.0%, >=64=0.0%
     complete  : 0=0.0%, 4=100.0%, 8=0.0%, 16=0.0%, 32=0.0%, 64=0.0%, >=64=0.0%
     issued    : total=r=0/w=91270/d=0, short=r=0/w=0/d=0, drop=r=0/w=0/d=0
     latency   : target=0, window=0, percentile=100.00%, depth=1

Run status group 0 (all jobs):
  WRITE: io=91270MB, aggrb=389399KB/s, minb=389399KB/s, maxb=389399KB/s, mint=240012msec, maxt=240012msec

CPU idleness:
  system: 98.59%
  unit work: mean=55.48us, stddev=2.47
