fio-beegfs-write-buffered-block_1024k-size_2G-threads_4: (g=0): rw=rw, bs=1M-1M/1M-1M/1M-1M, ioengine=psync, iodepth=1
...
fio-2.2.10
Starting 4 processes
fio-beegfs-write-buffered-block_1024k-size_2G-threads_4: Laying out IO file(s) (4 file(s) / 8192MB)
fio-beegfs-write-buffered-block_1024k-size_2G-threads_4: Laying out IO file(s) (4 file(s) / 8192MB)
fio-beegfs-write-buffered-block_1024k-size_2G-threads_4: Laying out IO file(s) (4 file(s) / 8192MB)
fio-beegfs-write-buffered-block_1024k-size_2G-threads_4: Laying out IO file(s) (4 file(s) / 8192MB)

fio-beegfs-write-buffered-block_1024k-size_2G-threads_4: (groupid=0, jobs=4): err= 0: pid=3519716: Fri Nov  9 11:23:32 2018
  write: io=97037MB, bw=413425KB/s, iops=403, runt=240348msec
    clat (usec): min=916, max=635319, avg=9882.71, stdev=61439.05
     lat (usec): min=932, max=635329, avg=9904.68, stdev=61439.09
    clat percentiles (usec):
     |  1.00th=[ 1176],  5.00th=[ 1288], 10.00th=[ 1320], 20.00th=[ 1384],
     | 30.00th=[ 1416], 40.00th=[ 1448], 50.00th=[ 1480], 60.00th=[ 1496],
     | 70.00th=[ 1528], 80.00th=[ 1576], 90.00th=[ 1640], 95.00th=[ 1720],
     | 99.00th=[464896], 99.50th=[489472], 99.90th=[536576], 99.95th=[585728],
     | 99.99th=[626688]
    bw (KB  /s): min= 1741, max=696974, per=27.26%, avg=112682.20, stdev=184164.26
    lat (usec) : 1000=0.05%
    lat (msec) : 2=97.36%, 4=0.26%, 10=0.02%, 20=0.07%, 50=0.35%
    lat (msec) : 100=0.02%, 250=0.15%, 500=1.42%, 750=0.30%
  cpu          : usr=0.24%, sys=4.63%, ctx=1050635, majf=0, minf=2345
  IO depths    : 1=100.0%, 2=0.0%, 4=0.0%, 8=0.0%, 16=0.0%, 32=0.0%, >=64=0.0%
     submit    : 0=0.0%, 4=100.0%, 8=0.0%, 16=0.0%, 32=0.0%, 64=0.0%, >=64=0.0%
     complete  : 0=0.0%, 4=100.0%, 8=0.0%, 16=0.0%, 32=0.0%, 64=0.0%, >=64=0.0%
     issued    : total=r=0/w=97037/d=0, short=r=0/w=0/d=0, drop=r=0/w=0/d=0
     latency   : target=0, window=0, percentile=100.00%, depth=1

Run status group 0 (all jobs):
  WRITE: io=97037MB, aggrb=413425KB/s, minb=413425KB/s, maxb=413425KB/s, mint=240348msec, maxt=240348msec

CPU idleness:
  system: 94.74%
  unit work: mean=53.18us, stddev=3.23
