fio-beegfs-write-unbuffered-block_16k-size_2G-threads_2: (g=0): rw=rw, bs=16K-16K/16K-16K/16K-16K, ioengine=psync, iodepth=1
...
fio-2.2.10
Starting 2 processes
fio-beegfs-write-unbuffered-block_16k-size_2G-threads_2: Laying out IO file(s) (4 file(s) / 8192MB)
fio-beegfs-write-unbuffered-block_16k-size_2G-threads_2: Laying out IO file(s) (4 file(s) / 8192MB)

fio-beegfs-write-unbuffered-block_16k-size_2G-threads_2: (groupid=0, jobs=2): err= 0: pid=3443250: Wed Nov 21 09:44:04 2018
  write: io=37550MB, bw=160213KB/s, iops=10013, runt=240001msec
    clat (usec): min=145, max=87116, avg=197.82, stdev=92.72
     lat (usec): min=145, max=87117, avg=198.15, stdev=92.72
    clat percentiles (usec):
     |  1.00th=[  157],  5.00th=[  165], 10.00th=[  171], 20.00th=[  175],
     | 30.00th=[  179], 40.00th=[  187], 50.00th=[  195], 60.00th=[  201],
     | 70.00th=[  207], 80.00th=[  217], 90.00th=[  231], 95.00th=[  245],
     | 99.00th=[  282], 99.50th=[  298], 99.90th=[  362], 99.95th=[  470],
     | 99.99th=[ 2640]
    bw (KB  /s): min=64864, max=85280, per=50.01%, avg=80118.05, stdev=1724.60
    lat (usec) : 250=96.02%, 500=3.94%, 750=0.02%, 1000=0.01%
    lat (msec) : 2=0.01%, 4=0.01%, 10=0.01%, 20=0.01%, 100=0.01%
  cpu          : usr=1.73%, sys=17.67%, ctx=4806576, majf=0, minf=38747
  IO depths    : 1=100.0%, 2=0.0%, 4=0.0%, 8=0.0%, 16=0.0%, 32=0.0%, >=64=0.0%
     submit    : 0=0.0%, 4=100.0%, 8=0.0%, 16=0.0%, 32=0.0%, 64=0.0%, >=64=0.0%
     complete  : 0=0.0%, 4=100.0%, 8=0.0%, 16=0.0%, 32=0.0%, 64=0.0%, >=64=0.0%
     issued    : total=r=0/w=2403200/d=0, short=r=0/w=0/d=0, drop=r=0/w=0/d=0
     latency   : target=0, window=0, percentile=100.00%, depth=1

Run status group 0 (all jobs):
  WRITE: io=37550MB, aggrb=160212KB/s, minb=160212KB/s, maxb=160212KB/s, mint=240001msec, maxt=240001msec

CPU idleness:
  system: 93.37%
  unit work: mean=52.81us, stddev=2.80
