fio-beegfs-write-buffered-block_1024k-size_2G-threads_2: (g=0): rw=rw, bs=1M-1M/1M-1M/1M-1M, ioengine=psync, iodepth=1
...
fio-2.2.10
Starting 2 processes
fio-beegfs-write-buffered-block_1024k-size_2G-threads_2: Laying out IO file(s) (4 file(s) / 8192MB)
fio-beegfs-write-buffered-block_1024k-size_2G-threads_2: Laying out IO file(s) (4 file(s) / 8192MB)

fio-beegfs-write-buffered-block_1024k-size_2G-threads_2: (groupid=0, jobs=2): err= 0: pid=3412286: Fri Nov  9 02:37:49 2018
  write: io=81906MB, bw=349464KB/s, iops=341, runt=240001msec
    clat (usec): min=913, max=736320, avg=5839.75, stdev=46315.57
     lat (usec): min=930, max=736337, avg=5858.18, stdev=46315.61
    clat percentiles (usec):
     |  1.00th=[ 1032],  5.00th=[ 1064], 10.00th=[ 1080], 20.00th=[ 1112],
     | 30.00th=[ 1144], 40.00th=[ 1176], 50.00th=[ 1208], 60.00th=[ 1224],
     | 70.00th=[ 1240], 80.00th=[ 1272], 90.00th=[ 1304], 95.00th=[ 1352],
     | 99.00th=[168960], 99.50th=[468992], 99.90th=[522240], 99.95th=[585728],
     | 99.99th=[708608]
    bw (KB  /s): min= 1510, max=937984, per=56.04%, avg=195825.58, stdev=296634.62
    lat (usec) : 1000=0.07%
    lat (msec) : 2=98.63%, 4=0.03%, 10=0.02%, 20=0.02%, 50=0.20%
    lat (msec) : 100=0.01%, 250=0.07%, 500=0.74%, 750=0.20%
  cpu          : usr=0.41%, sys=8.09%, ctx=739833, majf=0, minf=1851
  IO depths    : 1=100.0%, 2=0.0%, 4=0.0%, 8=0.0%, 16=0.0%, 32=0.0%, >=64=0.0%
     submit    : 0=0.0%, 4=100.0%, 8=0.0%, 16=0.0%, 32=0.0%, 64=0.0%, >=64=0.0%
     complete  : 0=0.0%, 4=100.0%, 8=0.0%, 16=0.0%, 32=0.0%, 64=0.0%, >=64=0.0%
     issued    : total=r=0/w=81906/d=0, short=r=0/w=0/d=0, drop=r=0/w=0/d=0
     latency   : target=0, window=0, percentile=100.00%, depth=1

Run status group 0 (all jobs):
  WRITE: io=81906MB, aggrb=349464KB/s, minb=349464KB/s, maxb=349464KB/s, mint=240001msec, maxt=240001msec

CPU idleness:
  system: 88.45%
  unit work: mean=49.61us, stddev=2.91
