fio-beegfs-write-unbuffered-block_512k-size_4G-threads_8: (g=0): rw=rw, bs=512K-512K/512K-512K/512K-512K, ioengine=psync, iodepth=1
...
fio-2.2.10
Starting 8 processes
fio-beegfs-write-unbuffered-block_512k-size_4G-threads_8: Laying out IO file(s) (4 file(s) / 16384MB)
fio-beegfs-write-unbuffered-block_512k-size_4G-threads_8: Laying out IO file(s) (4 file(s) / 16384MB)
fio-beegfs-write-unbuffered-block_512k-size_4G-threads_8: Laying out IO file(s) (4 file(s) / 16384MB)
fio-beegfs-write-unbuffered-block_512k-size_4G-threads_8: Laying out IO file(s) (4 file(s) / 16384MB)
fio-beegfs-write-unbuffered-block_512k-size_4G-threads_8: Laying out IO file(s) (4 file(s) / 16384MB)
fio-beegfs-write-unbuffered-block_512k-size_4G-threads_8: Laying out IO file(s) (4 file(s) / 16384MB)
fio-beegfs-write-unbuffered-block_512k-size_4G-threads_8: Laying out IO file(s) (4 file(s) / 16384MB)
fio-beegfs-write-unbuffered-block_512k-size_4G-threads_8: Laying out IO file(s) (4 file(s) / 16384MB)

fio-beegfs-write-unbuffered-block_512k-size_4G-threads_8: (groupid=0, jobs=8): err= 0: pid=3932944: Thu Nov 22 19:20:41 2018
  write: io=88071MB, bw=375752KB/s, iops=733, runt=240010msec
    clat (msec): min=1, max=45, avg=10.89, stdev= 1.90
     lat (msec): min=1, max=45, avg=10.90, stdev= 1.90
    clat percentiles (usec):
     |  1.00th=[ 8384],  5.00th=[ 9408], 10.00th=[ 9536], 20.00th=[ 9664],
     | 30.00th=[ 9792], 40.00th=[10048], 50.00th=[10432], 60.00th=[10688],
     | 70.00th=[11072], 80.00th=[11712], 90.00th=[12864], 95.00th=[14400],
     | 99.00th=[17536], 99.50th=[19072], 99.90th=[29056], 99.95th=[31360],
     | 99.99th=[35072]
    bw (KB  /s): min=17454, max=57344, per=12.51%, avg=47016.30, stdev=4629.83
    lat (msec) : 2=0.01%, 4=0.09%, 10=36.66%, 20=62.85%, 50=0.40%
  cpu          : usr=0.12%, sys=2.41%, ctx=1143797, majf=0, minf=4455
  IO depths    : 1=100.0%, 2=0.0%, 4=0.0%, 8=0.0%, 16=0.0%, 32=0.0%, >=64=0.0%
     submit    : 0=0.0%, 4=100.0%, 8=0.0%, 16=0.0%, 32=0.0%, 64=0.0%, >=64=0.0%
     complete  : 0=0.0%, 4=100.0%, 8=0.0%, 16=0.0%, 32=0.0%, 64=0.0%, >=64=0.0%
     issued    : total=r=0/w=176141/d=0, short=r=0/w=0/d=0, drop=r=0/w=0/d=0
     latency   : target=0, window=0, percentile=100.00%, depth=1

Run status group 0 (all jobs):
  WRITE: io=88071MB, aggrb=375751KB/s, minb=375751KB/s, maxb=375751KB/s, mint=240010msec, maxt=240010msec

CPU idleness:
  system: 91.07%
  unit work: mean=51.18us, stddev=4.39
