fio-beegfs-write-buffered-block_512k-size_4G-threads_2: (g=0): rw=rw, bs=512K-512K/512K-512K/512K-512K, ioengine=psync, iodepth=1
...
fio-2.2.10
Starting 2 processes
fio-beegfs-write-buffered-block_512k-size_4G-threads_2: Laying out IO file(s) (4 file(s) / 16384MB)
fio-beegfs-write-buffered-block_512k-size_4G-threads_2: Laying out IO file(s) (4 file(s) / 16384MB)

fio-beegfs-write-buffered-block_512k-size_4G-threads_2: (groupid=0, jobs=2): err= 0: pid=3444480: Fri Nov  9 05:17:29 2018
  write: io=86474MB, bw=368822KB/s, iops=720, runt=240087msec
    clat (usec): min=460, max=786818, avg=2765.31, stdev=30821.61
     lat (usec): min=469, max=786827, avg=2774.17, stdev=30821.64
    clat percentiles (usec):
     |  1.00th=[  524],  5.00th=[  548], 10.00th=[  556], 20.00th=[  572],
     | 30.00th=[  588], 40.00th=[  604], 50.00th=[  628], 60.00th=[  644],
     | 70.00th=[  660], 80.00th=[  676], 90.00th=[  700], 95.00th=[  724],
     | 99.00th=[  836], 99.50th=[24192], 99.90th=[489472], 99.95th=[501760],
     | 99.99th=[518144]
    bw (KB  /s): min= 1976, max=865280, per=54.84%, avg=202279.24, stdev=285922.69
    lat (usec) : 500=0.05%, 750=96.89%, 1000=2.36%
    lat (msec) : 2=0.04%, 4=0.01%, 10=0.02%, 20=0.04%, 50=0.11%
    lat (msec) : 100=0.01%, 250=0.03%, 500=0.40%, 750=0.05%, 1000=0.01%
  cpu          : usr=0.43%, sys=8.43%, ctx=779019, majf=0, minf=3397
  IO depths    : 1=100.0%, 2=0.0%, 4=0.0%, 8=0.0%, 16=0.0%, 32=0.0%, >=64=0.0%
     submit    : 0=0.0%, 4=100.0%, 8=0.0%, 16=0.0%, 32=0.0%, 64=0.0%, >=64=0.0%
     complete  : 0=0.0%, 4=100.0%, 8=0.0%, 16=0.0%, 32=0.0%, 64=0.0%, >=64=0.0%
     issued    : total=r=0/w=172948/d=0, short=r=0/w=0/d=0, drop=r=0/w=0/d=0
     latency   : target=0, window=0, percentile=100.00%, depth=1

Run status group 0 (all jobs):
  WRITE: io=86474MB, aggrb=368822KB/s, minb=368822KB/s, maxb=368822KB/s, mint=240087msec, maxt=240087msec

CPU idleness:
  system: 94.98%
  unit work: mean=53.27us, stddev=3.45
