fio-beegfs-read-unbuffered-block_1024k-size_1G-threads_2: (g=0): rw=rw, bs=1M-1M/1M-1M/1M-1M, ioengine=psync, iodepth=1
...
fio-2.2.10
Starting 2 processes
fio-beegfs-read-unbuffered-block_1024k-size_1G-threads_2: Laying out IO file(s) (4 file(s) / 4096MB)
fio-beegfs-read-unbuffered-block_1024k-size_1G-threads_2: Laying out IO file(s) (4 file(s) / 4096MB)

fio-beegfs-read-unbuffered-block_1024k-size_1G-threads_2: (groupid=0, jobs=2): err= 0: pid=3433590: Wed Nov 21 09:11:21 2018
  read : io=99336MB, bw=423828KB/s, iops=413, runt=240003msec
    clat (usec): min=3349, max=15982, avg=4829.70, stdev=613.32
     lat (usec): min=3349, max=15982, avg=4829.85, stdev=613.32
    clat percentiles (usec):
     |  1.00th=[ 4576],  5.00th=[ 4640], 10.00th=[ 4640], 20.00th=[ 4640],
     | 30.00th=[ 4704], 40.00th=[ 4704], 50.00th=[ 4704], 60.00th=[ 4768],
     | 70.00th=[ 4768], 80.00th=[ 4832], 90.00th=[ 4896], 95.00th=[ 4960],
     | 99.00th=[ 7584], 99.50th=[ 9536], 99.90th=[12480], 99.95th=[13376],
     | 99.99th=[14528]
    bw (KB  /s): min=192127, max=218262, per=50.05%, avg=212113.79, stdev=6047.49
    lat (msec) : 4=0.03%, 10=99.56%, 20=0.42%
  cpu          : usr=0.07%, sys=13.68%, ctx=419362, majf=0, minf=1948
  IO depths    : 1=100.0%, 2=0.0%, 4=0.0%, 8=0.0%, 16=0.0%, 32=0.0%, >=64=0.0%
     submit    : 0=0.0%, 4=100.0%, 8=0.0%, 16=0.0%, 32=0.0%, 64=0.0%, >=64=0.0%
     complete  : 0=0.0%, 4=100.0%, 8=0.0%, 16=0.0%, 32=0.0%, 64=0.0%, >=64=0.0%
     issued    : total=r=99336/w=0/d=0, short=r=0/w=0/d=0, drop=r=0/w=0/d=0
     latency   : target=0, window=0, percentile=100.00%, depth=1

Run status group 0 (all jobs):
   READ: io=99336MB, aggrb=423828KB/s, minb=423828KB/s, maxb=423828KB/s, mint=240003msec, maxt=240003msec

CPU idleness:
  system: 98.18%
  unit work: mean=55.28us, stddev=2.25
