fio-beegfs-read-buffered-block_1024k-size_2G-threads_8: (g=0): rw=rw, bs=1M-1M/1M-1M/1M-1M, ioengine=psync, iodepth=1
...
fio-2.2.10
Starting 8 processes
fio-beegfs-read-buffered-block_1024k-size_2G-threads_8: Laying out IO file(s) (4 file(s) / 8192MB)
fio-beegfs-read-buffered-block_1024k-size_2G-threads_8: Laying out IO file(s) (4 file(s) / 8192MB)
fio-beegfs-read-buffered-block_1024k-size_2G-threads_8: Laying out IO file(s) (4 file(s) / 8192MB)
fio-beegfs-read-buffered-block_1024k-size_2G-threads_8: Laying out IO file(s) (4 file(s) / 8192MB)
fio-beegfs-read-buffered-block_1024k-size_2G-threads_8: Laying out IO file(s) (4 file(s) / 8192MB)
fio-beegfs-read-buffered-block_1024k-size_2G-threads_8: Laying out IO file(s) (4 file(s) / 8192MB)
fio-beegfs-read-buffered-block_1024k-size_2G-threads_8: Laying out IO file(s) (4 file(s) / 8192MB)
fio-beegfs-read-buffered-block_1024k-size_2G-threads_8: Laying out IO file(s) (4 file(s) / 8192MB)

fio-beegfs-read-buffered-block_1024k-size_2G-threads_8: (groupid=0, jobs=8): err= 0: pid=3695073: Sat Nov 10 01:59:56 2018
  read : io=707634MB, bw=2948.5MB/s, iops=2948, runt=240003msec
    clat (usec): min=840, max=17122, avg=2710.84, stdev=443.05
     lat (usec): min=840, max=17122, avg=2711.01, stdev=443.05
    clat percentiles (usec):
     |  1.00th=[ 1928],  5.00th=[ 2160], 10.00th=[ 2256], 20.00th=[ 2384],
     | 30.00th=[ 2448], 40.00th=[ 2544], 50.00th=[ 2608], 60.00th=[ 2704],
     | 70.00th=[ 2832], 80.00th=[ 3056], 90.00th=[ 3312], 95.00th=[ 3536],
     | 99.00th=[ 4048], 99.50th=[ 4256], 99.90th=[ 4832], 99.95th=[ 5024],
     | 99.99th=[ 5536]
    bw (KB  /s): min=353596, max=397312, per=12.51%, avg=377754.36, stdev=5721.46
    lat (usec) : 1000=0.01%
    lat (msec) : 2=1.64%, 4=97.24%, 10=1.12%, 20=0.01%
  cpu          : usr=0.13%, sys=41.11%, ctx=27896968, majf=0, minf=13748
  IO depths    : 1=100.0%, 2=0.0%, 4=0.0%, 8=0.0%, 16=0.0%, 32=0.0%, >=64=0.0%
     submit    : 0=0.0%, 4=100.0%, 8=0.0%, 16=0.0%, 32=0.0%, 64=0.0%, >=64=0.0%
     complete  : 0=0.0%, 4=100.0%, 8=0.0%, 16=0.0%, 32=0.0%, 64=0.0%, >=64=0.0%
     issued    : total=r=707634/w=0/d=0, short=r=0/w=0/d=0, drop=r=0/w=0/d=0
     latency   : target=0, window=0, percentile=100.00%, depth=1

Run status group 0 (all jobs):
   READ: io=707634MB, aggrb=2948.5MB/s, minb=2948.5MB/s, maxb=2948.5MB/s, mint=240003msec, maxt=240003msec

CPU idleness:
  system: 90.15%
  unit work: mean=54.79us, stddev=2.80
