fio-beegfs-write-buffered-block_16k-size_1G-threads_2: (g=0): rw=rw, bs=16K-16K/16K-16K/16K-16K, ioengine=psync, iodepth=1
...
fio-2.2.10
Starting 2 processes
fio-beegfs-write-buffered-block_16k-size_1G-threads_2: Laying out IO file(s) (4 file(s) / 4096MB)
fio-beegfs-write-buffered-block_16k-size_1G-threads_2: Laying out IO file(s) (4 file(s) / 4096MB)

fio-beegfs-write-buffered-block_16k-size_1G-threads_2: (groupid=0, jobs=2): err= 0: pid=3362276: Thu Nov  8 23:25:33 2018
  write: io=128800MB, bw=549215KB/s, iops=34325, runt=240145msec
    clat (usec): min=1, max=668468, avg=57.35, stdev=3854.90
     lat (usec): min=1, max=668469, avg=57.58, stdev=3854.90
    clat percentiles (usec):
     |  1.00th=[    1],  5.00th=[    1], 10.00th=[    2], 20.00th=[    2],
     | 30.00th=[    2], 40.00th=[    2], 50.00th=[    2], 60.00th=[    5],
     | 70.00th=[    5], 80.00th=[    5], 90.00th=[    5], 95.00th=[    6],
     | 99.00th=[  668], 99.50th=[  700], 99.90th=[  788], 99.95th=[  844],
     | 99.99th=[20608]
    bw (KB  /s): min=   88, max=700416, per=53.83%, avg=295623.56, stdev=293175.54
    lat (usec) : 2=6.20%, 4=46.15%, 10=43.10%, 20=0.93%, 50=0.48%
    lat (usec) : 100=0.02%, 250=0.01%, 500=0.01%, 750=2.93%, 1000=0.16%
    lat (msec) : 2=0.01%, 4=0.01%, 10=0.01%, 20=0.01%, 50=0.01%
    lat (msec) : 100=0.01%, 250=0.01%, 500=0.01%, 750=0.01%
  cpu          : usr=1.97%, sys=18.44%, ctx=1100183, majf=0, minf=107184
  IO depths    : 1=100.0%, 2=0.0%, 4=0.0%, 8=0.0%, 16=0.0%, 32=0.0%, >=64=0.0%
     submit    : 0=0.0%, 4=100.0%, 8=0.0%, 16=0.0%, 32=0.0%, 64=0.0%, >=64=0.0%
     complete  : 0=0.0%, 4=100.0%, 8=0.0%, 16=0.0%, 32=0.0%, 64=0.0%, >=64=0.0%
     issued    : total=r=0/w=8243195/d=0, short=r=0/w=0/d=0, drop=r=0/w=0/d=0
     latency   : target=0, window=0, percentile=100.00%, depth=1

Run status group 0 (all jobs):
  WRITE: io=128800MB, aggrb=549214KB/s, minb=549214KB/s, maxb=549214KB/s, mint=240145msec, maxt=240145msec

CPU idleness:
  system: 91.81%
  unit work: mean=51.70us, stddev=2.38
