fio-beegfs-read-unbuffered-block_512k-size_2G-threads_1: (g=0): rw=rw, bs=512K-512K/512K-512K/512K-512K, ioengine=psync, iodepth=1
fio-2.2.10
Starting 1 process
fio-beegfs-read-unbuffered-block_512k-size_2G-threads_1: Laying out IO file(s) (4 file(s) / 8192MB)

fio-beegfs-read-unbuffered-block_512k-size_2G-threads_1: (groupid=0, jobs=1): err= 0: pid=3358078: Wed Nov 21 05:30:18 2018
  read : io=67526MB, bw=288106KB/s, iops=562, runt=240002msec
    clat (usec): min=1585, max=7553, avg=1775.29, stdev=247.59
     lat (usec): min=1585, max=7554, avg=1775.41, stdev=247.59
    clat percentiles (usec):
     |  1.00th=[ 1640],  5.00th=[ 1656], 10.00th=[ 1672], 20.00th=[ 1704],
     | 30.00th=[ 1720], 40.00th=[ 1736], 50.00th=[ 1736], 60.00th=[ 1752],
     | 70.00th=[ 1768], 80.00th=[ 1784], 90.00th=[ 1816], 95.00th=[ 1848],
     | 99.00th=[ 3344], 99.50th=[ 3760], 99.90th=[ 4256], 99.95th=[ 4384],
     | 99.99th=[ 4640]
    bw (KB  /s): min=268774, max=300455, per=100.00%, avg=288369.86, stdev=8211.20
    lat (msec) : 2=97.27%, 4=2.47%, 10=0.26%
  cpu          : usr=0.15%, sys=19.55%, ctx=269602, majf=0, minf=3803
  IO depths    : 1=100.0%, 2=0.0%, 4=0.0%, 8=0.0%, 16=0.0%, 32=0.0%, >=64=0.0%
     submit    : 0=0.0%, 4=100.0%, 8=0.0%, 16=0.0%, 32=0.0%, 64=0.0%, >=64=0.0%
     complete  : 0=0.0%, 4=100.0%, 8=0.0%, 16=0.0%, 32=0.0%, 64=0.0%, >=64=0.0%
     issued    : total=r=135051/w=0/d=0, short=r=0/w=0/d=0, drop=r=0/w=0/d=0
     latency   : target=0, window=0, percentile=100.00%, depth=1

Run status group 0 (all jobs):
   READ: io=67526MB, aggrb=288106KB/s, minb=288106KB/s, maxb=288106KB/s, mint=240002msec, maxt=240002msec

CPU idleness:
  system: 88.24%
  unit work: mean=49.64us, stddev=2.87
