fio-beegfs-write-unbuffered-block_512k-size_1G-threads_8: (g=0): rw=rw, bs=512K-512K/512K-512K/512K-512K, ioengine=psync, iodepth=1
...
fio-2.2.10
Starting 8 processes
fio-beegfs-write-unbuffered-block_512k-size_1G-threads_8: Laying out IO file(s) (4 file(s) / 4096MB)
fio-beegfs-write-unbuffered-block_512k-size_1G-threads_8: Laying out IO file(s) (4 file(s) / 4096MB)
fio-beegfs-write-unbuffered-block_512k-size_1G-threads_8: Laying out IO file(s) (4 file(s) / 4096MB)
fio-beegfs-write-unbuffered-block_512k-size_1G-threads_8: Laying out IO file(s) (4 file(s) / 4096MB)
fio-beegfs-write-unbuffered-block_512k-size_1G-threads_8: Laying out IO file(s) (4 file(s) / 4096MB)
fio-beegfs-write-unbuffered-block_512k-size_1G-threads_8: Laying out IO file(s) (4 file(s) / 4096MB)
fio-beegfs-write-unbuffered-block_512k-size_1G-threads_8: Laying out IO file(s) (4 file(s) / 4096MB)
fio-beegfs-write-unbuffered-block_512k-size_1G-threads_8: Laying out IO file(s) (4 file(s) / 4096MB)

fio-beegfs-write-unbuffered-block_512k-size_1G-threads_8: (groupid=0, jobs=8): err= 0: pid=3744136: Thu Nov 22 04:12:49 2018
  write: io=89225MB, bw=380675KB/s, iops=743, runt=240010msec
    clat (msec): min=1, max=47, avg=10.75, stdev= 1.73
     lat (msec): min=1, max=47, avg=10.76, stdev= 1.73
    clat percentiles (usec):
     |  1.00th=[ 8032],  5.00th=[ 9408], 10.00th=[ 9536], 20.00th=[ 9664],
     | 30.00th=[ 9792], 40.00th=[ 9920], 50.00th=[10304], 60.00th=[10560],
     | 70.00th=[10944], 80.00th=[11456], 90.00th=[12736], 95.00th=[14528],
     | 99.00th=[17024], 99.50th=[18048], 99.90th=[20608], 99.95th=[22144],
     | 99.99th=[26752]
    bw (KB  /s): min=31182, max=52930, per=12.51%, avg=47631.10, stdev=4307.58
    lat (msec) : 2=0.01%, 4=0.11%, 10=41.26%, 20=58.50%, 50=0.14%
  cpu          : usr=0.12%, sys=2.51%, ctx=1173208, majf=0, minf=4481
  IO depths    : 1=100.0%, 2=0.0%, 4=0.0%, 8=0.0%, 16=0.0%, 32=0.0%, >=64=0.0%
     submit    : 0=0.0%, 4=100.0%, 8=0.0%, 16=0.0%, 32=0.0%, 64=0.0%, >=64=0.0%
     complete  : 0=0.0%, 4=100.0%, 8=0.0%, 16=0.0%, 32=0.0%, 64=0.0%, >=64=0.0%
     issued    : total=r=0/w=178449/d=0, short=r=0/w=0/d=0, drop=r=0/w=0/d=0
     latency   : target=0, window=0, percentile=100.00%, depth=1

Run status group 0 (all jobs):
  WRITE: io=89225MB, aggrb=380675KB/s, minb=380675KB/s, maxb=380675KB/s, mint=240010msec, maxt=240010msec

CPU idleness:
  system: 98.89%
  unit work: mean=55.61us, stddev=2.34
