fio-beegfs-write-unbuffered-block_1024k-size_1G-threads_1: (g=0): rw=rw, bs=1M-1M/1M-1M/1M-1M, ioengine=psync, iodepth=1
fio-2.2.10
Starting 1 process
fio-beegfs-write-unbuffered-block_1024k-size_1G-threads_1: Laying out IO file(s) (4 file(s) / 4096MB)

fio-beegfs-write-unbuffered-block_1024k-size_1G-threads_1: (groupid=0, jobs=1): err= 0: pid=3340469: Wed Nov 21 04:31:43 2018
  write: io=79939MB, bw=341070KB/s, iops=333, runt=240002msec
    clat (usec): min=2673, max=12639, avg=2984.91, stdev=414.79
     lat (usec): min=2690, max=12655, avg=3000.22, stdev=414.79
    clat percentiles (usec):
     |  1.00th=[ 2768],  5.00th=[ 2832], 10.00th=[ 2864], 20.00th=[ 2896],
     | 30.00th=[ 2896], 40.00th=[ 2928], 50.00th=[ 2928], 60.00th=[ 2960],
     | 70.00th=[ 2960], 80.00th=[ 2992], 90.00th=[ 3056], 95.00th=[ 3152],
     | 99.00th=[ 4016], 99.50th=[ 5536], 99.90th=[ 9152], 99.95th=[ 9536],
     | 99.99th=[10432]
    bw (KB  /s): min=313344, max=353596, per=100.00%, avg=341388.66, stdev=8896.68
    lat (msec) : 4=98.99%, 10=0.99%, 20=0.02%
  cpu          : usr=0.82%, sys=12.74%, ctx=1231483, majf=0, minf=1621
  IO depths    : 1=100.0%, 2=0.0%, 4=0.0%, 8=0.0%, 16=0.0%, 32=0.0%, >=64=0.0%
     submit    : 0=0.0%, 4=100.0%, 8=0.0%, 16=0.0%, 32=0.0%, 64=0.0%, >=64=0.0%
     complete  : 0=0.0%, 4=100.0%, 8=0.0%, 16=0.0%, 32=0.0%, 64=0.0%, >=64=0.0%
     issued    : total=r=0/w=79939/d=0, short=r=0/w=0/d=0, drop=r=0/w=0/d=0
     latency   : target=0, window=0, percentile=100.00%, depth=1

Run status group 0 (all jobs):
  WRITE: io=79939MB, aggrb=341070KB/s, minb=341070KB/s, maxb=341070KB/s, mint=240002msec, maxt=240002msec

CPU idleness:
  system: 95.06%
  unit work: mean=53.47us, stddev=2.14
