fio-beegfs-write-unbuffered-block_1024k-size_4G-threads_4: (g=0): rw=rw, bs=1M-1M/1M-1M/1M-1M, ioengine=psync, iodepth=1
...
fio-2.2.10
Starting 4 processes
fio-beegfs-write-unbuffered-block_1024k-size_4G-threads_4: Laying out IO file(s) (4 file(s) / 16384MB)
fio-beegfs-write-unbuffered-block_1024k-size_4G-threads_4: Laying out IO file(s) (4 file(s) / 16384MB)
fio-beegfs-write-unbuffered-block_1024k-size_4G-threads_4: Laying out IO file(s) (4 file(s) / 16384MB)
fio-beegfs-write-unbuffered-block_1024k-size_4G-threads_4: Laying out IO file(s) (4 file(s) / 16384MB)

fio-beegfs-write-unbuffered-block_1024k-size_4G-threads_4: (groupid=0, jobs=4): err= 0: pid=3710869: Thu Nov 22 01:35:51 2018
  write: io=92121MB, bw=393040KB/s, iops=383, runt=240006msec
    clat (msec): min=5, max=25, avg=10.40, stdev= 1.19
     lat (msec): min=5, max=26, avg=10.42, stdev= 1.19
    clat percentiles (usec):
     |  1.00th=[ 8512],  5.00th=[ 9408], 10.00th=[ 9536], 20.00th=[ 9536],
     | 30.00th=[ 9664], 40.00th=[ 9792], 50.00th=[10048], 60.00th=[10432],
     | 70.00th=[10688], 80.00th=[11072], 90.00th=[11712], 95.00th=[12352],
     | 99.00th=[15424], 99.50th=[16064], 99.90th=[17792], 99.95th=[18560],
     | 99.99th=[20096]
    bw (KB  /s): min=84996, max=105860, per=25.02%, avg=98354.61, stdev=4427.48
    lat (msec) : 10=46.76%, 20=53.23%, 50=0.01%
  cpu          : usr=0.20%, sys=4.91%, ctx=1094838, majf=0, minf=2279
  IO depths    : 1=100.0%, 2=0.0%, 4=0.0%, 8=0.0%, 16=0.0%, 32=0.0%, >=64=0.0%
     submit    : 0=0.0%, 4=100.0%, 8=0.0%, 16=0.0%, 32=0.0%, 64=0.0%, >=64=0.0%
     complete  : 0=0.0%, 4=100.0%, 8=0.0%, 16=0.0%, 32=0.0%, 64=0.0%, >=64=0.0%
     issued    : total=r=0/w=92121/d=0, short=r=0/w=0/d=0, drop=r=0/w=0/d=0
     latency   : target=0, window=0, percentile=100.00%, depth=1

Run status group 0 (all jobs):
  WRITE: io=92121MB, aggrb=393039KB/s, minb=393039KB/s, maxb=393039KB/s, mint=240006msec, maxt=240006msec

CPU idleness:
  system: 95.91%
  unit work: mean=53.96us, stddev=2.62
