fio-beegfs-write-unbuffered-block_512k-size_2G-threads_4: (g=0): rw=rw, bs=512K-512K/512K-512K/512K-512K, ioengine=psync, iodepth=1
...
fio-2.2.10
Starting 4 processes
fio-beegfs-write-unbuffered-block_512k-size_2G-threads_4: Laying out IO file(s) (4 file(s) / 8192MB)
fio-beegfs-write-unbuffered-block_512k-size_2G-threads_4: Laying out IO file(s) (4 file(s) / 8192MB)
fio-beegfs-write-unbuffered-block_512k-size_2G-threads_4: Laying out IO file(s) (4 file(s) / 8192MB)
fio-beegfs-write-unbuffered-block_512k-size_2G-threads_4: Laying out IO file(s) (4 file(s) / 8192MB)

fio-beegfs-write-unbuffered-block_512k-size_2G-threads_4: (groupid=0, jobs=4): err= 0: pid=3610351: Wed Nov 21 19:14:50 2018
  write: io=91860MB, bw=391924KB/s, iops=765, runt=240006msec
    clat (usec): min=1632, max=24595, avg=5216.11, stdev=937.98
     lat (usec): min=1639, max=24603, avg=5223.45, stdev=937.97
    clat percentiles (usec):
     |  1.00th=[ 3920],  5.00th=[ 3952], 10.00th=[ 4048], 20.00th=[ 4512],
     | 30.00th=[ 4768], 40.00th=[ 4960], 50.00th=[ 5088], 60.00th=[ 5408],
     | 70.00th=[ 5600], 80.00th=[ 5856], 90.00th=[ 6048], 95.00th=[ 6432],
     | 99.00th=[ 8768], 99.50th=[10816], 99.90th=[11968], 99.95th=[12224],
     | 99.99th=[13248]
    bw (KB  /s): min=84992, max=106071, per=25.03%, avg=98088.13, stdev=4526.30
    lat (msec) : 2=0.01%, 4=7.89%, 10=91.43%, 20=0.68%, 50=0.01%
  cpu          : usr=0.24%, sys=4.94%, ctx=1065311, majf=0, minf=3806
  IO depths    : 1=100.0%, 2=0.0%, 4=0.0%, 8=0.0%, 16=0.0%, 32=0.0%, >=64=0.0%
     submit    : 0=0.0%, 4=100.0%, 8=0.0%, 16=0.0%, 32=0.0%, 64=0.0%, >=64=0.0%
     complete  : 0=0.0%, 4=100.0%, 8=0.0%, 16=0.0%, 32=0.0%, 64=0.0%, >=64=0.0%
     issued    : total=r=0/w=183719/d=0, short=r=0/w=0/d=0, drop=r=0/w=0/d=0
     latency   : target=0, window=0, percentile=100.00%, depth=1

Run status group 0 (all jobs):
  WRITE: io=91860MB, aggrb=391924KB/s, minb=391924KB/s, maxb=391924KB/s, mint=240006msec, maxt=240006msec

CPU idleness:
  system: 92.41%
  unit work: mean=51.98us, stddev=2.63
