fio-beegfs-write-unbuffered-block_64k-size_1G-threads_8: (g=0): rw=rw, bs=64K-64K/64K-64K/64K-64K, ioengine=psync, iodepth=1
...
fio-2.2.10
Starting 8 processes
fio-beegfs-write-unbuffered-block_64k-size_1G-threads_8: Laying out IO file(s) (4 file(s) / 4096MB)
fio-beegfs-write-unbuffered-block_64k-size_1G-threads_8: Laying out IO file(s) (4 file(s) / 4096MB)
fio-beegfs-write-unbuffered-block_64k-size_1G-threads_8: Laying out IO file(s) (4 file(s) / 4096MB)
fio-beegfs-write-unbuffered-block_64k-size_1G-threads_8: Laying out IO file(s) (4 file(s) / 4096MB)
fio-beegfs-write-unbuffered-block_64k-size_1G-threads_8: Laying out IO file(s) (4 file(s) / 4096MB)
fio-beegfs-write-unbuffered-block_64k-size_1G-threads_8: Laying out IO file(s) (4 file(s) / 4096MB)
fio-beegfs-write-unbuffered-block_64k-size_1G-threads_8: Laying out IO file(s) (4 file(s) / 4096MB)
fio-beegfs-write-unbuffered-block_64k-size_1G-threads_8: Laying out IO file(s) (4 file(s) / 4096MB)

fio-beegfs-write-unbuffered-block_64k-size_1G-threads_8: (groupid=0, jobs=8): err= 0: pid=3727563: Thu Nov 22 02:54:54 2018
  write: io=91571MB, bw=390701KB/s, iops=6104, runt=240002msec
    clat (usec): min=300, max=20980, avg=1307.70, stdev=459.99
     lat (usec): min=301, max=20981, avg=1308.63, stdev=459.99
    clat percentiles (usec):
     |  1.00th=[  964],  5.00th=[  996], 10.00th=[ 1012], 20.00th=[ 1032],
     | 30.00th=[ 1048], 40.00th=[ 1080], 50.00th=[ 1096], 60.00th=[ 1160],
     | 70.00th=[ 1352], 80.00th=[ 1704], 90.00th=[ 1928], 95.00th=[ 1992],
     | 99.00th=[ 2160], 99.50th=[ 2448], 99.90th=[ 7456], 99.95th=[ 8032],
     | 99.99th=[ 8512]
    bw (KB  /s): min=42666, max=51968, per=12.51%, avg=48886.79, stdev=1429.86
    lat (usec) : 500=0.01%, 750=0.04%, 1000=5.67%
    lat (msec) : 2=89.51%, 4=4.52%, 10=0.24%, 20=0.01%, 50=0.01%
  cpu          : usr=0.33%, sys=3.52%, ctx=2495803, majf=0, minf=34917
  IO depths    : 1=100.0%, 2=0.0%, 4=0.0%, 8=0.0%, 16=0.0%, 32=0.0%, >=64=0.0%
     submit    : 0=0.0%, 4=100.0%, 8=0.0%, 16=0.0%, 32=0.0%, 64=0.0%, >=64=0.0%
     complete  : 0=0.0%, 4=100.0%, 8=0.0%, 16=0.0%, 32=0.0%, 64=0.0%, >=64=0.0%
     issued    : total=r=0/w=1465141/d=0, short=r=0/w=0/d=0, drop=r=0/w=0/d=0
     latency   : target=0, window=0, percentile=100.00%, depth=1

Run status group 0 (all jobs):
  WRITE: io=91571MB, aggrb=390701KB/s, minb=390701KB/s, maxb=390701KB/s, mint=240002msec, maxt=240002msec

CPU idleness:
  system: 99.41%
  unit work: mean=56.13us, stddev=2.41
