fio-beegfs-write-unbuffered-block_16k-size_4G-threads_2: (g=0): rw=rw, bs=16K-16K/16K-16K/16K-16K, ioengine=psync, iodepth=1
...
fio-2.2.10
Starting 2 processes
fio-beegfs-write-unbuffered-block_16k-size_4G-threads_2: Laying out IO file(s) (4 file(s) / 16384MB)
fio-beegfs-write-unbuffered-block_16k-size_4G-threads_2: Laying out IO file(s) (4 file(s) / 16384MB)

fio-beegfs-write-unbuffered-block_16k-size_4G-threads_2: (groupid=0, jobs=2): err= 0: pid=3483271: Wed Nov 21 12:00:05 2018
  write: io=37897MB, bw=161692KB/s, iops=10105, runt=240001msec
    clat (usec): min=144, max=125956, avg=196.05, stdev=203.48
     lat (usec): min=145, max=125956, avg=196.36, stdev=203.48
    clat percentiles (usec):
     |  1.00th=[  157],  5.00th=[  165], 10.00th=[  169], 20.00th=[  175],
     | 30.00th=[  179], 40.00th=[  183], 50.00th=[  189], 60.00th=[  197],
     | 70.00th=[  205], 80.00th=[  213], 90.00th=[  231], 95.00th=[  245],
     | 99.00th=[  278], 99.50th=[  298], 99.90th=[  366], 99.95th=[  494],
     | 99.99th=[ 2672]
    bw (KB  /s): min=58816, max=86368, per=50.01%, avg=80857.62, stdev=2280.15
    lat (usec) : 250=96.24%, 500=3.71%, 750=0.02%, 1000=0.01%
    lat (msec) : 2=0.01%, 4=0.01%, 10=0.01%, 20=0.01%, 250=0.01%
  cpu          : usr=1.68%, sys=17.24%, ctx=4851007, majf=0, minf=39008
  IO depths    : 1=100.0%, 2=0.0%, 4=0.0%, 8=0.0%, 16=0.0%, 32=0.0%, >=64=0.0%
     submit    : 0=0.0%, 4=100.0%, 8=0.0%, 16=0.0%, 32=0.0%, 64=0.0%, >=64=0.0%
     complete  : 0=0.0%, 4=100.0%, 8=0.0%, 16=0.0%, 32=0.0%, 64=0.0%, >=64=0.0%
     issued    : total=r=0/w=2425385/d=0, short=r=0/w=0/d=0, drop=r=0/w=0/d=0
     latency   : target=0, window=0, percentile=100.00%, depth=1

Run status group 0 (all jobs):
  WRITE: io=37897MB, aggrb=161691KB/s, minb=161691KB/s, maxb=161691KB/s, mint=240001msec, maxt=240001msec

CPU idleness:
  system: 97.35%
  unit work: mean=55.02us, stddev=2.43
