fio-beegfs-read-unbuffered-block_64k-size_1G-threads_4: (g=0): rw=rw, bs=64K-64K/64K-64K/64K-64K, ioengine=psync, iodepth=1
...
fio-2.2.10
Starting 4 processes
fio-beegfs-read-unbuffered-block_64k-size_1G-threads_4: Laying out IO file(s) (4 file(s) / 4096MB)
fio-beegfs-read-unbuffered-block_64k-size_1G-threads_4: Laying out IO file(s) (4 file(s) / 4096MB)
fio-beegfs-read-unbuffered-block_64k-size_1G-threads_4: Laying out IO file(s) (4 file(s) / 4096MB)
fio-beegfs-read-unbuffered-block_64k-size_1G-threads_4: Laying out IO file(s) (4 file(s) / 4096MB)

fio-beegfs-read-unbuffered-block_64k-size_1G-threads_4: (groupid=0, jobs=4): err= 0: pid=3539694: Wed Nov 21 15:13:21 2018
  read : io=83739MB, bw=357285KB/s, iops=5582, runt=240001msec
    clat (usec): min=401, max=16214, avg=714.86, stdev=211.42
     lat (usec): min=401, max=16214, avg=714.99, stdev=211.42
    clat percentiles (usec):
     |  1.00th=[  524],  5.00th=[  572], 10.00th=[  596], 20.00th=[  628],
     | 30.00th=[  644], 40.00th=[  668], 50.00th=[  684], 60.00th=[  700],
     | 70.00th=[  732], 80.00th=[  772], 90.00th=[  844], 95.00th=[  892],
     | 99.00th=[ 1176], 99.50th=[ 2512], 99.90th=[ 3344], 99.95th=[ 3472],
     | 99.99th=[ 4016]
    bw (KB  /s): min=79616, max=94336, per=25.02%, avg=89383.15, stdev=3051.04
    lat (usec) : 500=0.34%, 750=75.50%, 1000=22.66%
    lat (msec) : 2=0.88%, 4=0.62%, 10=0.01%, 20=0.01%
  cpu          : usr=0.40%, sys=8.88%, ctx=1617766, majf=0, minf=29016
  IO depths    : 1=100.0%, 2=0.0%, 4=0.0%, 8=0.0%, 16=0.0%, 32=0.0%, >=64=0.0%
     submit    : 0=0.0%, 4=100.0%, 8=0.0%, 16=0.0%, 32=0.0%, 64=0.0%, >=64=0.0%
     complete  : 0=0.0%, 4=100.0%, 8=0.0%, 16=0.0%, 32=0.0%, 64=0.0%, >=64=0.0%
     issued    : total=r=1339824/w=0/d=0, short=r=0/w=0/d=0, drop=r=0/w=0/d=0
     latency   : target=0, window=0, percentile=100.00%, depth=1

Run status group 0 (all jobs):
   READ: io=83739MB, aggrb=357284KB/s, minb=357284KB/s, maxb=357284KB/s, mint=240001msec, maxt=240001msec

CPU idleness:
  system: 96.07%
  unit work: mean=54.21us, stddev=1.74
