fio-beegfs-write-buffered-block_64k-size_4G-threads_1: (g=0): rw=rw, bs=64K-64K/64K-64K/64K-64K, ioengine=psync, iodepth=1
fio-2.2.10
Starting 1 process
fio-beegfs-write-buffered-block_64k-size_4G-threads_1: Laying out IO file(s) (4 file(s) / 16384MB)

fio-beegfs-write-buffered-block_64k-size_4G-threads_1: (groupid=0, jobs=1): err= 0: pid=3344221: Thu Nov  8 21:53:43 2018
  write: io=91866MB, bw=391960KB/s, iops=6124, runt=240001msec
    clat (usec): min=5, max=2488.8K, avg=161.87, stdev=6169.69
     lat (usec): min=5, max=2488.8K, avg=162.49, stdev=6169.70
    clat percentiles (usec):
     |  1.00th=[    5],  5.00th=[    5], 10.00th=[    5], 20.00th=[    5],
     | 30.00th=[    5], 40.00th=[    5], 50.00th=[    5], 60.00th=[    6],
     | 70.00th=[    6], 80.00th=[    6], 90.00th=[  564], 95.00th=[  612],
     | 99.00th=[  692], 99.50th=[  716], 99.90th=[  788], 99.95th=[  972],
     | 99.99th=[432128]
    bw (KB  /s): min= 2397, max=823168, per=100.00%, avg=406665.65, stdev=324371.52
    lat (usec) : 10=87.06%, 20=0.39%, 50=0.05%, 100=0.01%, 250=0.01%
    lat (usec) : 500=0.50%, 750=11.80%, 1000=0.15%
    lat (msec) : 2=0.01%, 4=0.01%, 10=0.01%, 20=0.01%, 50=0.01%
    lat (msec) : 100=0.01%, 250=0.01%, 500=0.02%, 750=0.01%, >=2000=0.01%
  cpu          : usr=1.17%, sys=14.49%, ctx=898872, majf=0, minf=22517
  IO depths    : 1=100.0%, 2=0.0%, 4=0.0%, 8=0.0%, 16=0.0%, 32=0.0%, >=64=0.0%
     submit    : 0=0.0%, 4=100.0%, 8=0.0%, 16=0.0%, 32=0.0%, 64=0.0%, >=64=0.0%
     complete  : 0=0.0%, 4=100.0%, 8=0.0%, 16=0.0%, 32=0.0%, 64=0.0%, >=64=0.0%
     issued    : total=r=0/w=1469855/d=0, short=r=0/w=0/d=0, drop=r=0/w=0/d=0
     latency   : target=0, window=0, percentile=100.00%, depth=1

Run status group 0 (all jobs):
  WRITE: io=91866MB, aggrb=391959KB/s, minb=391959KB/s, maxb=391959KB/s, mint=240001msec, maxt=240001msec

CPU idleness:
  system: 87.70%
  unit work: mean=52.24us, stddev=4.61
