fio-beegfs-write-buffered-block_16k-size_4G-threads_2: (g=0): rw=rw, bs=16K-16K/16K-16K/16K-16K, ioengine=psync, iodepth=1
...
fio-2.2.10
Starting 2 processes
fio-beegfs-write-buffered-block_16k-size_4G-threads_2: Laying out IO file(s) (4 file(s) / 16384MB)
fio-beegfs-write-buffered-block_16k-size_4G-threads_2: Laying out IO file(s) (4 file(s) / 16384MB)

fio-beegfs-write-buffered-block_16k-size_4G-threads_2: (groupid=0, jobs=2): err= 0: pid=3420431: Fri Nov  9 03:18:03 2018
  write: io=79396MB, bw=338299KB/s, iops=21143, runt=240324msec
    clat (usec): min=1, max=713139, avg=93.68, stdev=5688.44
     lat (usec): min=1, max=713139, avg=93.91, stdev=5688.44
    clat percentiles (usec):
     |  1.00th=[    1],  5.00th=[    1], 10.00th=[    2], 20.00th=[    2],
     | 30.00th=[    2], 40.00th=[    2], 50.00th=[    2], 60.00th=[    5],
     | 70.00th=[    5], 80.00th=[    5], 90.00th=[    5], 95.00th=[    6],
     | 99.00th=[  660], 99.50th=[  692], 99.90th=[  788], 99.95th=[  860],
     | 99.99th=[444416]
    bw (KB  /s): min=   30, max=704448, per=54.64%, avg=184843.83, stdev=247021.16
    lat (usec) : 2=5.64%, 4=45.99%, 10=43.86%, 20=0.95%, 50=0.40%
    lat (usec) : 100=0.03%, 250=0.01%, 500=0.03%, 750=2.94%, 1000=0.13%
    lat (msec) : 2=0.01%, 4=0.01%, 10=0.01%, 20=0.01%, 50=0.01%
    lat (msec) : 100=0.01%, 250=0.01%, 500=0.01%, 750=0.01%
  cpu          : usr=1.20%, sys=11.48%, ctx=668913, majf=0, minf=70133
  IO depths    : 1=100.0%, 2=0.0%, 4=0.0%, 8=0.0%, 16=0.0%, 32=0.0%, >=64=0.0%
     submit    : 0=0.0%, 4=100.0%, 8=0.0%, 16=0.0%, 32=0.0%, 64=0.0%, >=64=0.0%
     complete  : 0=0.0%, 4=100.0%, 8=0.0%, 16=0.0%, 32=0.0%, 64=0.0%, >=64=0.0%
     issued    : total=r=0/w=5081340/d=0, short=r=0/w=0/d=0, drop=r=0/w=0/d=0
     latency   : target=0, window=0, percentile=100.00%, depth=1

Run status group 0 (all jobs):
  WRITE: io=79396MB, aggrb=338299KB/s, minb=338299KB/s, maxb=338299KB/s, mint=240324msec, maxt=240324msec

CPU idleness:
  system: 88.11%
  unit work: mean=49.50us, stddev=4.23
