fio-beegfs-write-unbuffered-block_128k-size_2G-threads_2: (g=0): rw=rw, bs=128K-128K/128K-128K/128K-128K, ioengine=psync, iodepth=1
...
fio-2.2.10
Starting 2 processes
fio-beegfs-write-unbuffered-block_128k-size_2G-threads_2: Laying out IO file(s) (4 file(s) / 8192MB)
fio-beegfs-write-unbuffered-block_128k-size_2G-threads_2: Laying out IO file(s) (4 file(s) / 8192MB)

fio-beegfs-write-unbuffered-block_128k-size_2G-threads_2: (groupid=0, jobs=2): err= 0: pid=3457559: Wed Nov 21 10:32:24 2018
  write: io=89986MB, bw=383940KB/s, iops=2999, runt=240001msec
    clat (usec): min=434, max=9010, avg=663.33, stdev=286.94
     lat (usec): min=435, max=9012, avg=664.96, stdev=286.94
    clat percentiles (usec):
     |  1.00th=[  490],  5.00th=[  516], 10.00th=[  524], 20.00th=[  540],
     | 30.00th=[  556], 40.00th=[  572], 50.00th=[  588], 60.00th=[  604],
     | 70.00th=[  628], 80.00th=[  676], 90.00th=[  940], 95.00th=[ 1224],
     | 99.00th=[ 1432], 99.50th=[ 1496], 99.90th=[ 5152], 99.95th=[ 6304],
     | 99.99th=[ 7520]
    bw (KB  /s): min=168704, max=200960, per=50.03%, avg=192094.54, stdev=5866.73
    lat (usec) : 500=2.01%, 750=83.68%, 1000=5.10%
    lat (msec) : 2=9.00%, 4=0.10%, 10=0.11%
  cpu          : usr=0.77%, sys=11.19%, ctx=2323196, majf=0, minf=14798
  IO depths    : 1=100.0%, 2=0.0%, 4=0.0%, 8=0.0%, 16=0.0%, 32=0.0%, >=64=0.0%
     submit    : 0=0.0%, 4=100.0%, 8=0.0%, 16=0.0%, 32=0.0%, 64=0.0%, >=64=0.0%
     complete  : 0=0.0%, 4=100.0%, 8=0.0%, 16=0.0%, 32=0.0%, 64=0.0%, >=64=0.0%
     issued    : total=r=0/w=719891/d=0, short=r=0/w=0/d=0, drop=r=0/w=0/d=0
     latency   : target=0, window=0, percentile=100.00%, depth=1

Run status group 0 (all jobs):
  WRITE: io=89986MB, aggrb=383940KB/s, minb=383940KB/s, maxb=383940KB/s, mint=240001msec, maxt=240001msec

CPU idleness:
  system: 97.58%
  unit work: mean=54.97us, stddev=3.43
