fio-beegfs-read-unbuffered-block_16k-size_2G-threads_8: (g=0): rw=rw, bs=16K-16K/16K-16K/16K-16K, ioengine=psync, iodepth=1
...
fio-2.2.10
Starting 8 processes
fio-beegfs-read-unbuffered-block_16k-size_2G-threads_8: Laying out IO file(s) (4 file(s) / 8192MB)
fio-beegfs-read-unbuffered-block_16k-size_2G-threads_8: Laying out IO file(s) (4 file(s) / 8192MB)
fio-beegfs-read-unbuffered-block_16k-size_2G-threads_8: Laying out IO file(s) (4 file(s) / 8192MB)
fio-beegfs-read-unbuffered-block_16k-size_2G-threads_8: Laying out IO file(s) (4 file(s) / 8192MB)
fio-beegfs-read-unbuffered-block_16k-size_2G-threads_8: Laying out IO file(s) (4 file(s) / 8192MB)
fio-beegfs-read-unbuffered-block_16k-size_2G-threads_8: Laying out IO file(s) (4 file(s) / 8192MB)
fio-beegfs-read-unbuffered-block_16k-size_2G-threads_8: Laying out IO file(s) (4 file(s) / 8192MB)
fio-beegfs-read-unbuffered-block_16k-size_2G-threads_8: Laying out IO file(s) (4 file(s) / 8192MB)

fio-beegfs-read-unbuffered-block_16k-size_2G-threads_8: (groupid=0, jobs=8): err= 0: pid=3759691: Thu Nov 22 05:27:13 2018
  read : io=77244MB, bw=329574KB/s, iops=20598, runt=240001msec
    clat (usec): min=219, max=16034, avg=386.77, stdev=150.68
     lat (usec): min=220, max=16034, avg=386.91, stdev=150.68
    clat percentiles (usec):
     |  1.00th=[  274],  5.00th=[  298], 10.00th=[  310], 20.00th=[  330],
     | 30.00th=[  346], 40.00th=[  358], 50.00th=[  370], 60.00th=[  386],
     | 70.00th=[  402], 80.00th=[  422], 90.00th=[  458], 95.00th=[  490],
     | 99.00th=[  580], 99.50th=[  908], 99.90th=[ 2896], 99.95th=[ 3056],
     | 99.99th=[ 3280]
    bw (KB  /s): min=34112, max=43456, per=12.51%, avg=41213.21, stdev=1423.91
    lat (usec) : 250=0.05%, 500=96.08%, 750=3.25%, 1000=0.17%
    lat (msec) : 2=0.16%, 4=0.28%, 10=0.01%, 20=0.01%
  cpu          : usr=0.71%, sys=9.45%, ctx=5261303, majf=0, minf=100256
  IO depths    : 1=100.0%, 2=0.0%, 4=0.0%, 8=0.0%, 16=0.0%, 32=0.0%, >=64=0.0%
     submit    : 0=0.0%, 4=100.0%, 8=0.0%, 16=0.0%, 32=0.0%, 64=0.0%, >=64=0.0%
     complete  : 0=0.0%, 4=100.0%, 8=0.0%, 16=0.0%, 32=0.0%, 64=0.0%, >=64=0.0%
     issued    : total=r=4943626/w=0/d=0, short=r=0/w=0/d=0, drop=r=0/w=0/d=0
     latency   : target=0, window=0, percentile=100.00%, depth=1

Run status group 0 (all jobs):
   READ: io=77244MB, aggrb=329573KB/s, minb=329573KB/s, maxb=329573KB/s, mint=240001msec, maxt=240001msec

CPU idleness:
  system: 93.04%
  unit work: mean=52.94us, stddev=3.27
