fio-beegfs-write-buffered-block_128k-size_4G-threads_4: (g=0): rw=rw, bs=128K-128K/128K-128K/128K-128K, ioengine=psync, iodepth=1
...
fio-2.2.10
Starting 4 processes
fio-beegfs-write-buffered-block_128k-size_4G-threads_4: Laying out IO file(s) (4 file(s) / 16384MB)
fio-beegfs-write-buffered-block_128k-size_4G-threads_4: Laying out IO file(s) (4 file(s) / 16384MB)
fio-beegfs-write-buffered-block_128k-size_4G-threads_4: Laying out IO file(s) (4 file(s) / 16384MB)
fio-beegfs-write-buffered-block_128k-size_4G-threads_4: Laying out IO file(s) (4 file(s) / 16384MB)

fio-beegfs-write-buffered-block_128k-size_4G-threads_4: (groupid=0, jobs=4): err= 0: pid=3561749: Fri Nov  9 14:54:31 2018
  write: io=93763MB, bw=399622KB/s, iops=3122, runt=240261msec
    clat (usec): min=8, max=680555, avg=1277.90, stdev=22160.74
     lat (usec): min=9, max=680557, avg=1279.88, stdev=22160.78
    clat percentiles (usec):
     |  1.00th=[    9],  5.00th=[    9], 10.00th=[   10], 20.00th=[   13],
     | 30.00th=[   13], 40.00th=[   15], 50.00th=[   32], 60.00th=[   33],
     | 70.00th=[   39], 80.00th=[  676], 90.00th=[  764], 95.00th=[  812],
     | 99.00th=[  916], 99.50th=[ 1032], 99.90th=[468992], 99.95th=[485376],
     | 99.99th=[528384]
    bw (KB  /s): min=  253, max=634624, per=26.98%, avg=107801.39, stdev=161874.26
    lat (usec) : 10=7.52%, 20=37.62%, 50=27.53%, 100=2.30%, 250=0.03%
    lat (usec) : 500=0.03%, 750=13.50%, 1000=10.92%
    lat (msec) : 2=0.25%, 4=0.01%, 10=0.01%, 20=0.02%, 50=0.04%
    lat (msec) : 100=0.01%, 250=0.01%, 500=0.20%, 750=0.03%
  cpu          : usr=0.31%, sys=6.29%, ctx=972950, majf=0, minf=17677
  IO depths    : 1=100.0%, 2=0.0%, 4=0.0%, 8=0.0%, 16=0.0%, 32=0.0%, >=64=0.0%
     submit    : 0=0.0%, 4=100.0%, 8=0.0%, 16=0.0%, 32=0.0%, 64=0.0%, >=64=0.0%
     complete  : 0=0.0%, 4=100.0%, 8=0.0%, 16=0.0%, 32=0.0%, 64=0.0%, >=64=0.0%
     issued    : total=r=0/w=750106/d=0, short=r=0/w=0/d=0, drop=r=0/w=0/d=0
     latency   : target=0, window=0, percentile=100.00%, depth=1

Run status group 0 (all jobs):
  WRITE: io=93763MB, aggrb=399621KB/s, minb=399621KB/s, maxb=399621KB/s, mint=240261msec, maxt=240261msec

CPU idleness:
  system: 96.78%
  unit work: mean=54.37us, stddev=2.48
