fio-beegfs-read-buffered-block_64k-size_4G-threads_8: (g=0): rw=rw, bs=64K-64K/64K-64K/64K-64K, ioengine=psync, iodepth=1
...
fio-2.2.10
Starting 8 processes
fio-beegfs-read-buffered-block_64k-size_4G-threads_8: Laying out IO file(s) (4 file(s) / 16384MB)
fio-beegfs-read-buffered-block_64k-size_4G-threads_8: Laying out IO file(s) (4 file(s) / 16384MB)
fio-beegfs-read-buffered-block_64k-size_4G-threads_8: Laying out IO file(s) (4 file(s) / 16384MB)
fio-beegfs-read-buffered-block_64k-size_4G-threads_8: Laying out IO file(s) (4 file(s) / 16384MB)
fio-beegfs-read-buffered-block_64k-size_4G-threads_8: Laying out IO file(s) (4 file(s) / 16384MB)
fio-beegfs-read-buffered-block_64k-size_4G-threads_8: Laying out IO file(s) (4 file(s) / 16384MB)
fio-beegfs-read-buffered-block_64k-size_4G-threads_8: Laying out IO file(s) (4 file(s) / 16384MB)
fio-beegfs-read-buffered-block_64k-size_4G-threads_8: Laying out IO file(s) (4 file(s) / 16384MB)

fio-beegfs-read-buffered-block_64k-size_4G-threads_8: (groupid=0, jobs=8): err= 0: pid=3741050: Sat Nov 10 05:52:37 2018
  read : io=657990MB, bw=2739.4MB/s, iops=43829, runt=240200msec
    clat (usec): min=4, max=799395, avg=181.40, stdev=3629.53
     lat (usec): min=5, max=799395, avg=181.49, stdev=3629.53
    clat percentiles (usec):
     |  1.00th=[    5],  5.00th=[    5], 10.00th=[    5], 20.00th=[    5],
     | 30.00th=[    6], 40.00th=[    6], 50.00th=[    6], 60.00th=[    7],
     | 70.00th=[   10], 80.00th=[   13], 90.00th=[  700], 95.00th=[  868],
     | 99.00th=[ 1128], 99.50th=[ 1240], 99.90th=[ 3184], 99.95th=[29568],
     | 99.99th=[205824]
    bw (KB  /s): min=  213, max=774144, per=13.04%, avg=365869.70, stdev=210008.46
    lat (usec) : 10=69.07%, 20=16.23%, 50=1.93%, 100=0.25%, 250=0.01%
    lat (usec) : 500=0.04%, 750=3.88%, 1000=6.32%
    lat (msec) : 2=2.13%, 4=0.06%, 10=0.03%, 20=0.01%, 50=0.02%
    lat (msec) : 100=0.01%, 250=0.02%, 500=0.01%, 750=0.01%, 1000=0.01%
  cpu          : usr=0.71%, sys=43.45%, ctx=6550672, majf=0, minf=165695
  IO depths    : 1=100.0%, 2=0.0%, 4=0.0%, 8=0.0%, 16=0.0%, 32=0.0%, >=64=0.0%
     submit    : 0=0.0%, 4=100.0%, 8=0.0%, 16=0.0%, 32=0.0%, 64=0.0%, >=64=0.0%
     complete  : 0=0.0%, 4=100.0%, 8=0.0%, 16=0.0%, 32=0.0%, 64=0.0%, >=64=0.0%
     issued    : total=r=10527833/w=0/d=0, short=r=0/w=0/d=0, drop=r=0/w=0/d=0
     latency   : target=0, window=0, percentile=100.00%, depth=1

Run status group 0 (all jobs):
   READ: io=657990MB, aggrb=2739.4MB/s, minb=2739.4MB/s, maxb=2739.4MB/s, mint=240200msec, maxt=240200msec

CPU idleness:
  system: 86.66%
  unit work: mean=51.44us, stddev=5.37
