fio-beegfs-read-unbuffered-block_128k-size_1G-threads_2: (g=0): rw=rw, bs=128K-128K/128K-128K/128K-128K, ioengine=psync, iodepth=1
...
fio-2.2.10
Starting 2 processes
fio-beegfs-read-unbuffered-block_128k-size_1G-threads_2: Laying out IO file(s) (4 file(s) / 4096MB)
fio-beegfs-read-unbuffered-block_128k-size_1G-threads_2: Laying out IO file(s) (4 file(s) / 4096MB)

fio-beegfs-read-unbuffered-block_128k-size_1G-threads_2: (groupid=0, jobs=2): err= 0: pid=3423599: Wed Nov 21 08:38:12 2018
  read : io=69467MB, bw=296390KB/s, iops=2315, runt=240001msec
    clat (usec): min=574, max=20268, avg=861.91, stdev=241.86
     lat (usec): min=574, max=20268, avg=862.04, stdev=241.86
    clat percentiles (usec):
     |  1.00th=[  700],  5.00th=[  740], 10.00th=[  764], 20.00th=[  788],
     | 30.00th=[  804], 40.00th=[  820], 50.00th=[  836], 60.00th=[  852],
     | 70.00th=[  868], 80.00th=[  884], 90.00th=[  916], 95.00th=[  948],
     | 99.00th=[ 1736], 99.50th=[ 3088], 99.90th=[ 3696], 99.95th=[ 3920],
     | 99.99th=[ 5728]
    bw (KB  /s): min=133864, max=155136, per=50.04%, avg=148313.18, stdev=5412.69
    lat (usec) : 750=6.36%, 1000=91.41%
    lat (msec) : 2=1.30%, 4=0.88%, 10=0.04%, 50=0.01%
  cpu          : usr=0.32%, sys=11.41%, ctx=592211, majf=0, minf=13839
  IO depths    : 1=100.0%, 2=0.0%, 4=0.0%, 8=0.0%, 16=0.0%, 32=0.0%, >=64=0.0%
     submit    : 0=0.0%, 4=100.0%, 8=0.0%, 16=0.0%, 32=0.0%, 64=0.0%, >=64=0.0%
     complete  : 0=0.0%, 4=100.0%, 8=0.0%, 16=0.0%, 32=0.0%, 64=0.0%, >=64=0.0%
     issued    : total=r=555734/w=0/d=0, short=r=0/w=0/d=0, drop=r=0/w=0/d=0
     latency   : target=0, window=0, percentile=100.00%, depth=1

Run status group 0 (all jobs):
   READ: io=69467MB, aggrb=296390KB/s, minb=296390KB/s, maxb=296390KB/s, mint=240001msec, maxt=240001msec

CPU idleness:
  system: 91.11%
  unit work: mean=51.28us, stddev=3.00
