fio-beegfs-write-unbuffered-block_16k-size_1G-threads_8: (g=0): rw=rw, bs=16K-16K/16K-16K/16K-16K, ioengine=psync, iodepth=1
...
fio-2.2.10
Starting 8 processes
fio-beegfs-write-unbuffered-block_16k-size_1G-threads_8: Laying out IO file(s) (4 file(s) / 4096MB)
fio-beegfs-write-unbuffered-block_16k-size_1G-threads_8: Laying out IO file(s) (4 file(s) / 4096MB)
fio-beegfs-write-unbuffered-block_16k-size_1G-threads_8: Laying out IO file(s) (4 file(s) / 4096MB)
fio-beegfs-write-unbuffered-block_16k-size_1G-threads_8: Laying out IO file(s) (4 file(s) / 4096MB)
fio-beegfs-write-unbuffered-block_16k-size_1G-threads_8: Laying out IO file(s) (4 file(s) / 4096MB)
fio-beegfs-write-unbuffered-block_16k-size_1G-threads_8: Laying out IO file(s) (4 file(s) / 4096MB)
fio-beegfs-write-unbuffered-block_16k-size_1G-threads_8: Laying out IO file(s) (4 file(s) / 4096MB)
fio-beegfs-write-unbuffered-block_16k-size_1G-threads_8: Laying out IO file(s) (4 file(s) / 4096MB)

fio-beegfs-write-unbuffered-block_16k-size_1G-threads_8: (groupid=0, jobs=8): err= 0: pid=3719317: Thu Nov 22 02:15:49 2018
  write: io=86578MB, bw=369397KB/s, iops=23087, runt=240001msec
    clat (usec): min=164, max=22610, avg=344.44, stdev=153.92
     lat (usec): min=164, max=22610, avg=344.82, stdev=153.92
    clat percentiles (usec):
     |  1.00th=[  262],  5.00th=[  278], 10.00th=[  286], 20.00th=[  302],
     | 30.00th=[  310], 40.00th=[  318], 50.00th=[  322], 60.00th=[  334],
     | 70.00th=[  346], 80.00th=[  362], 90.00th=[  394], 95.00th=[  450],
     | 99.00th=[  740], 99.50th=[  828], 99.90th=[ 1592], 99.95th=[ 4640],
     | 99.99th=[ 6368]
    bw (KB  /s): min=38880, max=48416, per=12.50%, avg=46190.54, stdev=1522.96
    lat (usec) : 250=0.31%, 500=96.32%, 750=2.44%, 1000=0.74%
    lat (msec) : 2=0.11%, 4=0.03%, 10=0.05%, 20=0.01%, 50=0.01%
  cpu          : usr=0.97%, sys=10.39%, ctx=8319236, majf=0, minf=107248
  IO depths    : 1=100.0%, 2=0.0%, 4=0.0%, 8=0.0%, 16=0.0%, 32=0.0%, >=64=0.0%
     submit    : 0=0.0%, 4=100.0%, 8=0.0%, 16=0.0%, 32=0.0%, 64=0.0%, >=64=0.0%
     complete  : 0=0.0%, 4=100.0%, 8=0.0%, 16=0.0%, 32=0.0%, 64=0.0%, >=64=0.0%
     issued    : total=r=0/w=5540975/d=0, short=r=0/w=0/d=0, drop=r=0/w=0/d=0
     latency   : target=0, window=0, percentile=100.00%, depth=1

Run status group 0 (all jobs):
  WRITE: io=86578MB, aggrb=369396KB/s, minb=369396KB/s, maxb=369396KB/s, mint=240001msec, maxt=240001msec

CPU idleness:
  system: 96.68%
  unit work: mean=55.26us, stddev=2.80
