fio-beegfs-read-buffered-block_1024k-size_4G-threads_1: (g=0): rw=rw, bs=1M-1M/1M-1M/1M-1M, ioengine=psync, iodepth=1
fio-2.2.10
Starting 1 process
fio-beegfs-read-buffered-block_1024k-size_4G-threads_1: Laying out IO file(s) (4 file(s) / 16384MB)

fio-beegfs-read-buffered-block_1024k-size_4G-threads_1: (groupid=0, jobs=1): err= 0: pid=3356302: Thu Nov  8 22:55:15 2018
  read : io=235693MB, bw=982.51MB/s, iops=982, runt=240001msec
    clat (usec): min=860, max=4430, avg=1016.37, stdev=46.49
     lat (usec): min=860, max=4430, avg=1016.51, stdev=46.49
    clat percentiles (usec):
     |  1.00th=[  924],  5.00th=[  948], 10.00th=[  956], 20.00th=[  980],
     | 30.00th=[  988], 40.00th=[ 1004], 50.00th=[ 1012], 60.00th=[ 1032],
     | 70.00th=[ 1048], 80.00th=[ 1048], 90.00th=[ 1080], 95.00th=[ 1096],
     | 99.00th=[ 1128], 99.50th=[ 1144], 99.90th=[ 1208], 99.95th=[ 1272],
     | 99.99th=[ 1384]
    bw (KB  /s): min=968814, max=1054720, per=100.00%, avg=1006544.83, stdev=14841.97
    lat (usec) : 1000=37.42%
    lat (msec) : 2=62.58%, 4=0.01%, 10=0.01%
  cpu          : usr=0.30%, sys=68.34%, ctx=1013024, majf=0, minf=4980
  IO depths    : 1=100.0%, 2=0.0%, 4=0.0%, 8=0.0%, 16=0.0%, 32=0.0%, >=64=0.0%
     submit    : 0=0.0%, 4=100.0%, 8=0.0%, 16=0.0%, 32=0.0%, 64=0.0%, >=64=0.0%
     complete  : 0=0.0%, 4=100.0%, 8=0.0%, 16=0.0%, 32=0.0%, 64=0.0%, >=64=0.0%
     issued    : total=r=235693/w=0/d=0, short=r=0/w=0/d=0, drop=r=0/w=0/d=0
     latency   : target=0, window=0, percentile=100.00%, depth=1

Run status group 0 (all jobs):
   READ: io=235693MB, aggrb=982.51MB/s, minb=982.51MB/s, maxb=982.51MB/s, mint=240001msec, maxt=240001msec

CPU idleness:
  system: 94.58%
  unit work: mean=53.50us, stddev=3.60
