fio-beegfs-write-unbuffered-block_64k-size_1G-threads_1: (g=0): rw=rw, bs=64K-64K/64K-64K/64K-64K, ioengine=psync, iodepth=1
fio-2.2.10
Starting 1 process
fio-beegfs-write-unbuffered-block_64k-size_1G-threads_1: Laying out IO file(s) (4 file(s) / 4096MB)

fio-beegfs-write-unbuffered-block_64k-size_1G-threads_1: (groupid=0, jobs=1): err= 0: pid=3328737: Wed Nov 21 03:53:22 2018
  write: io=42517MB, bw=181406KB/s, iops=2834, runt=240001msec
    clat (usec): min=268, max=210424, avg=350.22, stdev=267.15
     lat (usec): min=269, max=210425, avg=351.06, stdev=267.15
    clat percentiles (usec):
     |  1.00th=[  282],  5.00th=[  298], 10.00th=[  306], 20.00th=[  314],
     | 30.00th=[  326], 40.00th=[  334], 50.00th=[  342], 60.00th=[  350],
     | 70.00th=[  362], 80.00th=[  378], 90.00th=[  406], 95.00th=[  426],
     | 99.00th=[  478], 99.50th=[  486], 99.90th=[  564], 99.95th=[  812],
     | 99.99th=[ 4512]
    bw (KB  /s): min=124873, max=204032, per=100.00%, avg=181505.70, stdev=6394.99
    lat (usec) : 500=99.73%, 750=0.21%, 1000=0.02%
    lat (msec) : 2=0.01%, 4=0.02%, 10=0.02%, 250=0.01%
  cpu          : usr=1.13%, sys=11.98%, ctx=1905465, majf=0, minf=13263
  IO depths    : 1=100.0%, 2=0.0%, 4=0.0%, 8=0.0%, 16=0.0%, 32=0.0%, >=64=0.0%
     submit    : 0=0.0%, 4=100.0%, 8=0.0%, 16=0.0%, 32=0.0%, 64=0.0%, >=64=0.0%
     complete  : 0=0.0%, 4=100.0%, 8=0.0%, 16=0.0%, 32=0.0%, 64=0.0%, >=64=0.0%
     issued    : total=r=0/w=680276/d=0, short=r=0/w=0/d=0, drop=r=0/w=0/d=0
     latency   : target=0, window=0, percentile=100.00%, depth=1

Run status group 0 (all jobs):
  WRITE: io=42517MB, aggrb=181406KB/s, minb=181406KB/s, maxb=181406KB/s, mint=240001msec, maxt=240001msec

CPU idleness:
  system: 100.05%
  unit work: mean=56.26us, stddev=0.64
