fio-beegfs-write-unbuffered-block_512k-size_1G-threads_1: (g=0): rw=rw, bs=512K-512K/512K-512K/512K-512K, ioengine=psync, iodepth=1
fio-2.2.10
Starting 1 process
fio-beegfs-write-unbuffered-block_512k-size_1G-threads_1: Laying out IO file(s) (4 file(s) / 4096MB)

fio-beegfs-write-unbuffered-block_512k-size_1G-threads_1: (groupid=0, jobs=1): err= 0: pid=3336579: Wed Nov 21 04:18:57 2018
  write: io=79050MB, bw=337277KB/s, iops=658, runt=240002msec
    clat (usec): min=1324, max=10572, avg=1508.78, stdev=322.52
     lat (usec): min=1331, max=10579, avg=1516.09, stdev=322.52
    clat percentiles (usec):
     |  1.00th=[ 1368],  5.00th=[ 1384], 10.00th=[ 1416], 20.00th=[ 1448],
     | 30.00th=[ 1448], 40.00th=[ 1464], 50.00th=[ 1480], 60.00th=[ 1480],
     | 70.00th=[ 1496], 80.00th=[ 1512], 90.00th=[ 1544], 95.00th=[ 1592],
     | 99.00th=[ 2672], 99.50th=[ 3280], 99.90th=[ 7136], 99.95th=[ 7712],
     | 99.99th=[ 8512]
    bw (KB  /s): min=250900, max=354618, per=100.00%, avg=337573.08, stdev=16987.42
    lat (msec) : 2=98.08%, 4=1.66%, 10=0.25%, 20=0.01%
  cpu          : usr=0.92%, sys=12.80%, ctx=1226613, majf=0, minf=4074
  IO depths    : 1=100.0%, 2=0.0%, 4=0.0%, 8=0.0%, 16=0.0%, 32=0.0%, >=64=0.0%
     submit    : 0=0.0%, 4=100.0%, 8=0.0%, 16=0.0%, 32=0.0%, 64=0.0%, >=64=0.0%
     complete  : 0=0.0%, 4=100.0%, 8=0.0%, 16=0.0%, 32=0.0%, 64=0.0%, >=64=0.0%
     issued    : total=r=0/w=158100/d=0, short=r=0/w=0/d=0, drop=r=0/w=0/d=0
     latency   : target=0, window=0, percentile=100.00%, depth=1

Run status group 0 (all jobs):
  WRITE: io=79050MB, aggrb=337277KB/s, minb=337277KB/s, maxb=337277KB/s, mint=240002msec, maxt=240002msec

CPU idleness:
  system: 99.01%
  unit work: mean=55.67us, stddev=2.56
