fio-beegfs-read-buffered-block_128k-size_2G-threads_2: (g=0): rw=rw, bs=128K-128K/128K-128K/128K-128K, ioengine=psync, iodepth=1
...
fio-2.2.10
Starting 2 processes
fio-beegfs-read-buffered-block_128k-size_2G-threads_2: Laying out IO file(s) (4 file(s) / 8192MB)
fio-beegfs-read-buffered-block_128k-size_2G-threads_2: Laying out IO file(s) (4 file(s) / 8192MB)

fio-beegfs-read-buffered-block_128k-size_2G-threads_2: (groupid=0, jobs=2): err= 0: pid=3396760: Fri Nov  9 01:35:58 2018
  read : io=389609MB, bw=1623.4MB/s, iops=12986, runt=240001msec
    clat (usec): min=8, max=14502, avg=152.94, stdev=247.83
     lat (usec): min=9, max=14502, avg=153.02, stdev=247.86
    clat percentiles (usec):
     |  1.00th=[    9],  5.00th=[    9], 10.00th=[    9], 20.00th=[   10],
     | 30.00th=[   10], 40.00th=[   10], 50.00th=[   10], 60.00th=[   12],
     | 70.00th=[   21], 80.00th=[  524], 90.00th=[  580], 95.00th=[  612],
     | 99.00th=[  732], 99.50th=[  788], 99.90th=[  972], 99.95th=[ 1032],
     | 99.99th=[ 1112]
    bw (KB  /s): min=786432, max=864768, per=50.03%, avg=831617.34, stdev=10550.26
    lat (usec) : 10=11.21%, 20=54.65%, 50=9.01%, 100=0.12%, 250=0.01%
    lat (usec) : 500=1.57%, 750=22.66%, 1000=0.70%
    lat (msec) : 2=0.07%, 4=0.01%, 10=0.01%, 20=0.01%
  cpu          : usr=0.96%, sys=71.44%, ctx=1551948, majf=0, minf=47106
  IO depths    : 1=100.0%, 2=0.0%, 4=0.0%, 8=0.0%, 16=0.0%, 32=0.0%, >=64=0.0%
     submit    : 0=0.0%, 4=100.0%, 8=0.0%, 16=0.0%, 32=0.0%, 64=0.0%, >=64=0.0%
     complete  : 0=0.0%, 4=100.0%, 8=0.0%, 16=0.0%, 32=0.0%, 64=0.0%, >=64=0.0%
     issued    : total=r=3116870/w=0/d=0, short=r=0/w=0/d=0, drop=r=0/w=0/d=0
     latency   : target=0, window=0, percentile=100.00%, depth=1

Run status group 0 (all jobs):
   READ: io=389609MB, aggrb=1623.4MB/s, minb=1623.4MB/s, maxb=1623.4MB/s, mint=240001msec, maxt=240001msec

CPU idleness:
  system: 97.95%
  unit work: mean=56.07us, stddev=1.43
