fio-beegfs-write-unbuffered-block_1024k-size_2G-threads_1: (g=0): rw=rw, bs=1M-1M/1M-1M/1M-1M, ioengine=psync, iodepth=1
fio-2.2.10
Starting 1 process
fio-beegfs-write-unbuffered-block_1024k-size_2G-threads_1: Laying out IO file(s) (4 file(s) / 8192MB)

fio-beegfs-write-unbuffered-block_1024k-size_2G-threads_1: (groupid=0, jobs=1): err= 0: pid=3365494: Wed Nov 21 05:55:01 2018
  write: io=79620MB, bw=339706KB/s, iops=331, runt=240004msec
    clat (usec): min=2671, max=11691, avg=2997.07, stdev=428.60
     lat (usec): min=2684, max=11708, avg=3012.37, stdev=428.61
    clat percentiles (usec):
     |  1.00th=[ 2768],  5.00th=[ 2832], 10.00th=[ 2864], 20.00th=[ 2896],
     | 30.00th=[ 2896], 40.00th=[ 2928], 50.00th=[ 2928], 60.00th=[ 2960],
     | 70.00th=[ 2992], 80.00th=[ 3024], 90.00th=[ 3088], 95.00th=[ 3184],
     | 99.00th=[ 4256], 99.50th=[ 5728], 99.90th=[ 9152], 99.95th=[ 9536],
     | 99.99th=[10304]
    bw (KB  /s): min=312095, max=354304, per=100.00%, avg=340083.61, stdev=9541.20
    lat (msec) : 4=98.85%, 10=1.13%, 20=0.02%
  cpu          : usr=0.92%, sys=12.65%, ctx=1225940, majf=0, minf=1617
  IO depths    : 1=100.0%, 2=0.0%, 4=0.0%, 8=0.0%, 16=0.0%, 32=0.0%, >=64=0.0%
     submit    : 0=0.0%, 4=100.0%, 8=0.0%, 16=0.0%, 32=0.0%, 64=0.0%, >=64=0.0%
     complete  : 0=0.0%, 4=100.0%, 8=0.0%, 16=0.0%, 32=0.0%, 64=0.0%, >=64=0.0%
     issued    : total=r=0/w=79620/d=0, short=r=0/w=0/d=0, drop=r=0/w=0/d=0
     latency   : target=0, window=0, percentile=100.00%, depth=1

Run status group 0 (all jobs):
  WRITE: io=79620MB, aggrb=339706KB/s, minb=339706KB/s, maxb=339706KB/s, mint=240004msec, maxt=240004msec

CPU idleness:
  system: 90.79%
  unit work: mean=51.02us, stddev=3.28
