fio-beegfs-read-unbuffered-block_128k-size_4G-threads_8: (g=0): rw=rw, bs=128K-128K/128K-128K/128K-128K, ioengine=psync, iodepth=1
...
fio-2.2.10
Starting 8 processes
fio-beegfs-read-unbuffered-block_128k-size_4G-threads_8: Laying out IO file(s) (4 file(s) / 16384MB)
fio-beegfs-read-unbuffered-block_128k-size_4G-threads_8: Laying out IO file(s) (4 file(s) / 16384MB)
fio-beegfs-read-unbuffered-block_128k-size_4G-threads_8: Laying out IO file(s) (4 file(s) / 16384MB)
fio-beegfs-read-unbuffered-block_128k-size_4G-threads_8: Laying out IO file(s) (4 file(s) / 16384MB)
fio-beegfs-read-unbuffered-block_128k-size_4G-threads_8: Laying out IO file(s) (4 file(s) / 16384MB)
fio-beegfs-read-unbuffered-block_128k-size_4G-threads_8: Laying out IO file(s) (4 file(s) / 16384MB)
fio-beegfs-read-unbuffered-block_128k-size_4G-threads_8: Laying out IO file(s) (4 file(s) / 16384MB)
fio-beegfs-read-unbuffered-block_128k-size_4G-threads_8: Laying out IO file(s) (4 file(s) / 16384MB)

fio-beegfs-read-unbuffered-block_128k-size_4G-threads_8: (groupid=0, jobs=8): err= 0: pid=3891709: Thu Nov 22 16:03:26 2018
  read : io=107232MB, bw=457517KB/s, iops=3574, runt=240003msec
    clat (usec): min=678, max=31786, avg=2236.27, stdev=412.90
     lat (usec): min=678, max=31787, avg=2236.42, stdev=412.90
    clat percentiles (usec):
     |  1.00th=[ 1640],  5.00th=[ 1816], 10.00th=[ 1912], 20.00th=[ 2040],
     | 30.00th=[ 2128], 40.00th=[ 2160], 50.00th=[ 2192], 60.00th=[ 2224],
     | 70.00th=[ 2256], 80.00th=[ 2384], 90.00th=[ 2512], 95.00th=[ 2672],
     | 99.00th=[ 4016], 99.50th=[ 4768], 99.90th=[ 6624], 99.95th=[ 7200],
     | 99.99th=[ 8512]
    bw (KB  /s): min=51712, max=60685, per=12.51%, avg=57250.44, stdev=1542.84
    lat (usec) : 750=0.01%, 1000=0.01%
    lat (msec) : 2=17.59%, 4=81.38%, 10=1.02%, 20=0.01%, 50=0.01%
  cpu          : usr=0.15%, sys=4.45%, ctx=894078, majf=0, minf=15512
  IO depths    : 1=100.0%, 2=0.0%, 4=0.0%, 8=0.0%, 16=0.0%, 32=0.0%, >=64=0.0%
     submit    : 0=0.0%, 4=100.0%, 8=0.0%, 16=0.0%, 32=0.0%, 64=0.0%, >=64=0.0%
     complete  : 0=0.0%, 4=100.0%, 8=0.0%, 16=0.0%, 32=0.0%, 64=0.0%, >=64=0.0%
     issued    : total=r=857856/w=0/d=0, short=r=0/w=0/d=0, drop=r=0/w=0/d=0
     latency   : target=0, window=0, percentile=100.00%, depth=1

Run status group 0 (all jobs):
   READ: io=107232MB, aggrb=457517KB/s, minb=457517KB/s, maxb=457517KB/s, mint=240003msec, maxt=240003msec

CPU idleness:
  system: 91.64%
  unit work: mean=51.68us, stddev=2.85
