fio-beegfs-write-unbuffered-block_64k-size_4G-threads_8: (g=0): rw=rw, bs=64K-64K/64K-64K/64K-64K, ioengine=psync, iodepth=1
...
fio-2.2.10
Starting 8 processes
fio-beegfs-write-unbuffered-block_64k-size_4G-threads_8: Laying out IO file(s) (4 file(s) / 16384MB)
fio-beegfs-write-unbuffered-block_64k-size_4G-threads_8: Laying out IO file(s) (4 file(s) / 16384MB)
fio-beegfs-write-unbuffered-block_64k-size_4G-threads_8: Laying out IO file(s) (4 file(s) / 16384MB)
fio-beegfs-write-unbuffered-block_64k-size_4G-threads_8: Laying out IO file(s) (4 file(s) / 16384MB)
fio-beegfs-write-unbuffered-block_64k-size_4G-threads_8: Laying out IO file(s) (4 file(s) / 16384MB)
fio-beegfs-write-unbuffered-block_64k-size_4G-threads_8: Laying out IO file(s) (4 file(s) / 16384MB)
fio-beegfs-write-unbuffered-block_64k-size_4G-threads_8: Laying out IO file(s) (4 file(s) / 16384MB)
fio-beegfs-write-unbuffered-block_64k-size_4G-threads_8: Laying out IO file(s) (4 file(s) / 16384MB)

fio-beegfs-write-unbuffered-block_64k-size_4G-threads_8: (groupid=0, jobs=8): err= 0: pid=3877976: Thu Nov 22 14:56:46 2018
  write: io=90565MB, bw=386407KB/s, iops=6037, runt=240001msec
    clat (usec): min=305, max=22307, avg=1322.29, stdev=474.73
     lat (usec): min=306, max=22309, avg=1323.22, stdev=474.73
    clat percentiles (usec):
     |  1.00th=[  972],  5.00th=[ 1004], 10.00th=[ 1020], 20.00th=[ 1048],
     | 30.00th=[ 1064], 40.00th=[ 1080], 50.00th=[ 1112], 60.00th=[ 1160],
     | 70.00th=[ 1400], 80.00th=[ 1752], 90.00th=[ 1928], 95.00th=[ 2008],
     | 99.00th=[ 2256], 99.50th=[ 2800], 99.90th=[ 7776], 99.95th=[ 8160],
     | 99.99th=[ 8512]
    bw (KB  /s): min=40159, max=51200, per=12.51%, avg=48347.59, stdev=2169.85
    lat (usec) : 500=0.01%, 750=0.02%, 1000=4.45%
    lat (msec) : 2=89.99%, 4=5.27%, 10=0.25%, 20=0.01%, 50=0.01%
  cpu          : usr=0.34%, sys=3.68%, ctx=3484686, majf=0, minf=34727
  IO depths    : 1=100.0%, 2=0.0%, 4=0.0%, 8=0.0%, 16=0.0%, 32=0.0%, >=64=0.0%
     submit    : 0=0.0%, 4=100.0%, 8=0.0%, 16=0.0%, 32=0.0%, 64=0.0%, >=64=0.0%
     complete  : 0=0.0%, 4=100.0%, 8=0.0%, 16=0.0%, 32=0.0%, 64=0.0%, >=64=0.0%
     issued    : total=r=0/w=1449034/d=0, short=r=0/w=0/d=0, drop=r=0/w=0/d=0
     latency   : target=0, window=0, percentile=100.00%, depth=1

Run status group 0 (all jobs):
  WRITE: io=90565MB, aggrb=386407KB/s, minb=386407KB/s, maxb=386407KB/s, mint=240001msec, maxt=240001msec

CPU idleness:
  system: 99.47%
  unit work: mean=56.15us, stddev=1.87
