fio-beegfs-write-buffered-block_128k-size_2G-threads_1: (g=0): rw=rw, bs=128K-128K/128K-128K/128K-128K, ioengine=psync, iodepth=1
fio-2.2.10
Starting 1 process
fio-beegfs-write-buffered-block_128k-size_2G-threads_1: Laying out IO file(s) (4 file(s) / 8192MB)

fio-beegfs-write-buffered-block_128k-size_2G-threads_1: (groupid=0, jobs=1): err= 0: pid=3328059: Thu Nov  8 20:30:37 2018
  write: io=118546MB, bw=505286KB/s, iops=3947, runt=240242msec
    clat (usec): min=9, max=3504.2K, avg=250.83, stdev=8603.45
     lat (usec): min=10, max=3504.2K, avg=252.24, stdev=8603.47
    clat percentiles (usec):
     |  1.00th=[    9],  5.00th=[    9], 10.00th=[    9], 20.00th=[   10],
     | 30.00th=[   10], 40.00th=[   10], 50.00th=[   10], 60.00th=[   10],
     | 70.00th=[   12], 80.00th=[  572], 90.00th=[  620], 95.00th=[  660],
     | 99.00th=[  724], 99.50th=[  748], 99.90th=[  828], 99.95th=[ 2128],
     | 99.99th=[436224]
    bw (KB  /s): min= 2913, max=844288, per=100.00%, avg=541649.24, stdev=317081.17
    lat (usec) : 10=12.03%, 20=62.83%, 50=0.14%, 100=0.01%, 250=0.01%
    lat (usec) : 500=0.73%, 750=23.81%, 1000=0.39%
    lat (msec) : 2=0.02%, 4=0.01%, 10=0.01%, 20=0.01%, 50=0.01%
    lat (msec) : 100=0.01%, 250=0.01%, 500=0.01%, 750=0.01%, 2000=0.01%
    lat (msec) : >=2000=0.01%
  cpu          : usr=1.21%, sys=18.74%, ctx=1155425, majf=0, minf=16405
  IO depths    : 1=100.0%, 2=0.0%, 4=0.0%, 8=0.0%, 16=0.0%, 32=0.0%, >=64=0.0%
     submit    : 0=0.0%, 4=100.0%, 8=0.0%, 16=0.0%, 32=0.0%, 64=0.0%, >=64=0.0%
     complete  : 0=0.0%, 4=100.0%, 8=0.0%, 16=0.0%, 32=0.0%, 64=0.0%, >=64=0.0%
     issued    : total=r=0/w=948366/d=0, short=r=0/w=0/d=0, drop=r=0/w=0/d=0
     latency   : target=0, window=0, percentile=100.00%, depth=1

Run status group 0 (all jobs):
  WRITE: io=118546MB, aggrb=505285KB/s, minb=505285KB/s, maxb=505285KB/s, mint=240242msec, maxt=240242msec

CPU idleness:
  system: 87.97%
  unit work: mean=52.50us, stddev=4.79
