fio-beegfs-write-buffered-block_512k-size_2G-threads_4: (g=0): rw=rw, bs=512K-512K/512K-512K/512K-512K, ioengine=psync, iodepth=1
...
fio-2.2.10
Starting 4 processes
fio-beegfs-write-buffered-block_512k-size_2G-threads_4: Laying out IO file(s) (4 file(s) / 8192MB)
fio-beegfs-write-buffered-block_512k-size_2G-threads_4: Laying out IO file(s) (4 file(s) / 8192MB)
fio-beegfs-write-buffered-block_512k-size_2G-threads_4: Laying out IO file(s) (4 file(s) / 8192MB)
fio-beegfs-write-buffered-block_512k-size_2G-threads_4: Laying out IO file(s) (4 file(s) / 8192MB)

fio-beegfs-write-buffered-block_512k-size_2G-threads_4: (groupid=0, jobs=4): err= 0: pid=3511593: Fri Nov  9 10:43:37 2018
  write: io=97645MB, bw=416615KB/s, iops=813, runt=240002msec
    clat (usec): min=450, max=947484, avg=4903.77, stdev=43214.92
     lat (usec): min=458, max=947497, avg=4913.53, stdev=43214.95
    clat percentiles (usec):
     |  1.00th=[  564],  5.00th=[  612], 10.00th=[  636], 20.00th=[  668],
     | 30.00th=[  700], 40.00th=[  724], 50.00th=[  748], 60.00th=[  764],
     | 70.00th=[  788], 80.00th=[  804], 90.00th=[  844], 95.00th=[  884],
     | 99.00th=[24448], 99.50th=[460800], 99.90th=[509952], 99.95th=[522240],
     | 99.99th=[602112]
    bw (KB  /s): min=  843, max=695296, per=26.71%, avg=111290.74, stdev=179126.79
    lat (usec) : 500=0.08%, 750=52.07%, 1000=45.84%
    lat (msec) : 2=0.78%, 4=0.02%, 10=0.01%, 20=0.05%, 50=0.21%
    lat (msec) : 100=0.01%, 250=0.10%, 500=0.69%, 750=0.14%, 1000=0.01%
  cpu          : usr=0.29%, sys=4.69%, ctx=1058346, majf=0, minf=3879
  IO depths    : 1=100.0%, 2=0.0%, 4=0.0%, 8=0.0%, 16=0.0%, 32=0.0%, >=64=0.0%
     submit    : 0=0.0%, 4=100.0%, 8=0.0%, 16=0.0%, 32=0.0%, 64=0.0%, >=64=0.0%
     complete  : 0=0.0%, 4=100.0%, 8=0.0%, 16=0.0%, 32=0.0%, 64=0.0%, >=64=0.0%
     issued    : total=r=0/w=195290/d=0, short=r=0/w=0/d=0, drop=r=0/w=0/d=0
     latency   : target=0, window=0, percentile=100.00%, depth=1

Run status group 0 (all jobs):
  WRITE: io=97645MB, aggrb=416615KB/s, minb=416615KB/s, maxb=416615KB/s, mint=240002msec, maxt=240002msec

CPU idleness:
  system: 94.48%
  unit work: mean=53.04us, stddev=1.85
