fio-beegfs-read-unbuffered-block_64k-size_4G-threads_2: (g=0): rw=rw, bs=64K-64K/64K-64K/64K-64K, ioengine=psync, iodepth=1
...
fio-2.2.10
Starting 2 processes
fio-beegfs-read-unbuffered-block_64k-size_4G-threads_2: Laying out IO file(s) (4 file(s) / 16384MB)
fio-beegfs-read-unbuffered-block_64k-size_4G-threads_2: Laying out IO file(s) (4 file(s) / 16384MB)

fio-beegfs-read-unbuffered-block_64k-size_4G-threads_2: (groupid=0, jobs=2): err= 0: pid=3489031: Wed Nov 21 12:19:45 2018
  read : io=50951MB, bw=217391KB/s, iops=3396, runt=240001msec
    clat (usec): min=386, max=7898, avg=587.18, stdev=181.53
     lat (usec): min=386, max=7898, avg=587.29, stdev=181.53
    clat percentiles (usec):
     |  1.00th=[  454],  5.00th=[  482], 10.00th=[  502], 20.00th=[  524],
     | 30.00th=[  540], 40.00th=[  556], 50.00th=[  572], 60.00th=[  588],
     | 70.00th=[  604], 80.00th=[  620], 90.00th=[  652], 95.00th=[  676],
     | 99.00th=[  924], 99.50th=[ 2008], 99.90th=[ 3216], 99.95th=[ 3344],
     | 99.99th=[ 3536]
    bw (KB  /s): min=94336, max=116480, per=50.03%, avg=108755.10, stdev=4350.68
    lat (usec) : 500=9.42%, 750=89.17%, 1000=0.49%
    lat (msec) : 2=0.41%, 4=0.50%, 10=0.01%
  cpu          : usr=0.47%, sys=10.30%, ctx=1232369, majf=0, minf=15360
  IO depths    : 1=100.0%, 2=0.0%, 4=0.0%, 8=0.0%, 16=0.0%, 32=0.0%, >=64=0.0%
     submit    : 0=0.0%, 4=100.0%, 8=0.0%, 16=0.0%, 32=0.0%, 64=0.0%, >=64=0.0%
     complete  : 0=0.0%, 4=100.0%, 8=0.0%, 16=0.0%, 32=0.0%, 64=0.0%, >=64=0.0%
     issued    : total=r=815218/w=0/d=0, short=r=0/w=0/d=0, drop=r=0/w=0/d=0
     latency   : target=0, window=0, percentile=100.00%, depth=1

Run status group 0 (all jobs):
   READ: io=50951MB, aggrb=217390KB/s, minb=217390KB/s, maxb=217390KB/s, mint=240001msec, maxt=240001msec

CPU idleness:
  system: 91.28%
  unit work: mean=51.37us, stddev=3.36
