fio-beegfs-read-unbuffered-block_64k-size_4G-threads_1: (g=0): rw=rw, bs=64K-64K/64K-64K/64K-64K, ioengine=psync, iodepth=1
fio-2.2.10
Starting 1 process
fio-beegfs-read-unbuffered-block_64k-size_4G-threads_1: Laying out IO file(s) (4 file(s) / 16384MB)

fio-beegfs-read-unbuffered-block_64k-size_4G-threads_1: (groupid=0, jobs=1): err= 0: pid=3386005: Wed Nov 21 06:31:40 2018
  read : io=27535MB, bw=117480KB/s, iops=1835, runt=240001msec
    clat (usec): min=395, max=7234, avg=543.15, stdev=168.62
     lat (usec): min=395, max=7234, avg=543.26, stdev=168.62
    clat percentiles (usec):
     |  1.00th=[  442],  5.00th=[  466], 10.00th=[  478], 20.00th=[  494],
     | 30.00th=[  510], 40.00th=[  516], 50.00th=[  532], 60.00th=[  540],
     | 70.00th=[  548], 80.00th=[  564], 90.00th=[  588], 95.00th=[  604],
     | 99.00th=[  788], 99.50th=[ 1688], 99.90th=[ 3120], 99.95th=[ 3248],
     | 99.99th=[ 3408]
    bw (KB  /s): min=103936, max=125568, per=100.00%, avg=117547.19, stdev=4826.85
    lat (usec) : 500=23.78%, 750=75.18%, 1000=0.26%
    lat (msec) : 2=0.33%, 4=0.46%, 10=0.01%
  cpu          : usr=0.51%, sys=12.15%, ctx=561277, majf=0, minf=7871
  IO depths    : 1=100.0%, 2=0.0%, 4=0.0%, 8=0.0%, 16=0.0%, 32=0.0%, >=64=0.0%
     submit    : 0=0.0%, 4=100.0%, 8=0.0%, 16=0.0%, 32=0.0%, 64=0.0%, >=64=0.0%
     complete  : 0=0.0%, 4=100.0%, 8=0.0%, 16=0.0%, 32=0.0%, 64=0.0%, >=64=0.0%
     issued    : total=r=440553/w=0/d=0, short=r=0/w=0/d=0, drop=r=0/w=0/d=0
     latency   : target=0, window=0, percentile=100.00%, depth=1

Run status group 0 (all jobs):
   READ: io=27535MB, aggrb=117480KB/s, minb=117480KB/s, maxb=117480KB/s, mint=240001msec, maxt=240001msec

CPU idleness:
  system: 97.21%
  unit work: mean=54.60us, stddev=2.38
