fio-beegfs-read-buffered-block_64k-size_1G-threads_8: (g=0): rw=rw, bs=64K-64K/64K-64K/64K-64K, ioengine=psync, iodepth=1
...
fio-2.2.10
Starting 8 processes
fio-beegfs-read-buffered-block_64k-size_1G-threads_8: Laying out IO file(s) (4 file(s) / 4096MB)
fio-beegfs-read-buffered-block_64k-size_1G-threads_8: Laying out IO file(s) (4 file(s) / 4096MB)
fio-beegfs-read-buffered-block_64k-size_1G-threads_8: Laying out IO file(s) (4 file(s) / 4096MB)
fio-beegfs-read-buffered-block_64k-size_1G-threads_8: Laying out IO file(s) (4 file(s) / 4096MB)
fio-beegfs-read-buffered-block_64k-size_1G-threads_8: Laying out IO file(s) (4 file(s) / 4096MB)
fio-beegfs-read-buffered-block_64k-size_1G-threads_8: Laying out IO file(s) (4 file(s) / 4096MB)
fio-beegfs-read-buffered-block_64k-size_1G-threads_8: Laying out IO file(s) (4 file(s) / 4096MB)
fio-beegfs-read-buffered-block_64k-size_1G-threads_8: Laying out IO file(s) (4 file(s) / 4096MB)

fio-beegfs-read-buffered-block_64k-size_1G-threads_8: (groupid=0, jobs=8): err= 0: pid=3602191: Fri Nov  9 18:16:15 2018
  read : io=706791MB, bw=2944.8MB/s, iops=47116, runt=240015msec
    clat (usec): min=4, max=33975, avg=168.75, stdev=435.07
     lat (usec): min=4, max=33975, avg=168.84, stdev=435.09
    clat percentiles (usec):
     |  1.00th=[    5],  5.00th=[    5], 10.00th=[    5], 20.00th=[    5],
     | 30.00th=[    6], 40.00th=[    6], 50.00th=[    6], 60.00th=[    7],
     | 70.00th=[   11], 80.00th=[   14], 90.00th=[ 1112], 95.00th=[ 1288],
     | 99.00th=[ 1720], 99.50th=[ 1864], 99.90th=[ 2160], 99.95th=[ 2256],
     | 99.99th=[ 2512]
    bw (KB  /s): min=339672, max=393344, per=12.51%, avg=377269.30, stdev=4774.10
    lat (usec) : 10=67.41%, 20=17.79%, 50=2.22%, 100=0.06%, 250=0.01%
    lat (usec) : 500=0.01%, 750=0.01%, 1000=0.68%
    lat (msec) : 2=11.61%, 4=0.20%, 10=0.01%, 20=0.01%, 50=0.01%
  cpu          : usr=0.74%, sys=50.06%, ctx=24159654, majf=0, minf=174845
  IO depths    : 1=100.0%, 2=0.0%, 4=0.0%, 8=0.0%, 16=0.0%, 32=0.0%, >=64=0.0%
     submit    : 0=0.0%, 4=100.0%, 8=0.0%, 16=0.0%, 32=0.0%, 64=0.0%, >=64=0.0%
     complete  : 0=0.0%, 4=100.0%, 8=0.0%, 16=0.0%, 32=0.0%, 64=0.0%, >=64=0.0%
     issued    : total=r=11308651/w=0/d=0, short=r=0/w=0/d=0, drop=r=0/w=0/d=0
     latency   : target=0, window=0, percentile=100.00%, depth=1

Run status group 0 (all jobs):
   READ: io=706791MB, aggrb=2944.8MB/s, minb=2944.8MB/s, maxb=2944.8MB/s, mint=240015msec, maxt=240015msec

CPU idleness:
  system: 91.54%
  unit work: mean=55.74us, stddev=1.89
