fio-beegfs-read-buffered-block_64k-size_2G-threads_1: (g=0): rw=rw, bs=64K-64K/64K-64K/64K-64K, ioengine=psync, iodepth=1
fio-2.2.10
Starting 1 process
fio-beegfs-read-buffered-block_64k-size_2G-threads_1: Laying out IO file(s) (4 file(s) / 8192MB)

fio-beegfs-read-buffered-block_64k-size_2G-threads_1: (groupid=0, jobs=1): err= 0: pid=3323045: Thu Nov  8 20:05:31 2018
  read : io=207185MB, bw=883986KB/s, iops=13812, runt=240001msec
    clat (usec): min=4, max=42407, avg=71.58, stdev=197.45
     lat (usec): min=4, max=42407, avg=71.65, stdev=197.52
    clat percentiles (usec):
     |  1.00th=[    4],  5.00th=[    4], 10.00th=[    4], 20.00th=[    5],
     | 30.00th=[    5], 40.00th=[    5], 50.00th=[    5], 60.00th=[    5],
     | 70.00th=[    5], 80.00th=[    6], 90.00th=[  502], 95.00th=[  540],
     | 99.00th=[  580], 99.50th=[  596], 99.90th=[  644], 99.95th=[  724],
     | 99.99th=[ 1416]
    bw (KB  /s): min=655104, max=929536, per=100.00%, avg=884400.13, stdev=30991.93
    lat (usec) : 10=87.36%, 20=0.11%, 50=0.03%, 100=0.01%, 250=0.01%
    lat (usec) : 500=2.08%, 750=10.38%, 1000=0.03%
    lat (msec) : 2=0.01%, 4=0.01%, 10=0.01%, 20=0.01%, 50=0.01%
  cpu          : usr=1.39%, sys=68.88%, ctx=911886, majf=0, minf=44136
  IO depths    : 1=100.0%, 2=0.0%, 4=0.0%, 8=0.0%, 16=0.0%, 32=0.0%, >=64=0.0%
     submit    : 0=0.0%, 4=100.0%, 8=0.0%, 16=0.0%, 32=0.0%, 64=0.0%, >=64=0.0%
     complete  : 0=0.0%, 4=100.0%, 8=0.0%, 16=0.0%, 32=0.0%, 64=0.0%, >=64=0.0%
     issued    : total=r=3314963/w=0/d=0, short=r=0/w=0/d=0, drop=r=0/w=0/d=0
     latency   : target=0, window=0, percentile=100.00%, depth=1

Run status group 0 (all jobs):
   READ: io=207185MB, aggrb=883986KB/s, minb=883986KB/s, maxb=883986KB/s, mint=240001msec, maxt=240001msec

CPU idleness:
  system: 83.08%
  unit work: mean=49.90us, stddev=4.42
