fio-beegfs-write-unbuffered-block_1024k-size_1G-threads_8: (g=0): rw=rw, bs=1M-1M/1M-1M/1M-1M, ioengine=psync, iodepth=1
...
fio-2.2.10
Starting 8 processes
fio-beegfs-write-unbuffered-block_1024k-size_1G-threads_8: Laying out IO file(s) (4 file(s) / 4096MB)
fio-beegfs-write-unbuffered-block_1024k-size_1G-threads_8: Laying out IO file(s) (4 file(s) / 4096MB)
fio-beegfs-write-unbuffered-block_1024k-size_1G-threads_8: Laying out IO file(s) (4 file(s) / 4096MB)
fio-beegfs-write-unbuffered-block_1024k-size_1G-threads_8: Laying out IO file(s) (4 file(s) / 4096MB)
fio-beegfs-write-unbuffered-block_1024k-size_1G-threads_8: Laying out IO file(s) (4 file(s) / 4096MB)
fio-beegfs-write-unbuffered-block_1024k-size_1G-threads_8: Laying out IO file(s) (4 file(s) / 4096MB)
fio-beegfs-write-unbuffered-block_1024k-size_1G-threads_8: Laying out IO file(s) (4 file(s) / 4096MB)
fio-beegfs-write-unbuffered-block_1024k-size_1G-threads_8: Laying out IO file(s) (4 file(s) / 4096MB)

fio-beegfs-write-unbuffered-block_1024k-size_1G-threads_8: (groupid=0, jobs=8): err= 0: pid=3752347: Thu Nov 22 04:51:51 2018
  write: io=91881MB, bw=391996KB/s, iops=382, runt=240018msec
    clat (msec): min=9, max=65, avg=20.88, stdev= 2.10
     lat (msec): min=9, max=65, avg=20.90, stdev= 2.10
    clat percentiles (usec):
     |  1.00th=[16768],  5.00th=[18816], 10.00th=[19072], 20.00th=[19328],
     | 30.00th=[19584], 40.00th=[19840], 50.00th=[20352], 60.00th=[20864],
     | 70.00th=[21632], 80.00th=[22400], 90.00th=[23424], 95.00th=[24960],
     | 99.00th=[27520], 99.50th=[28800], 99.90th=[31872], 99.95th=[34048],
     | 99.99th=[38144]
    bw (KB  /s): min=40394, max=53581, per=12.51%, avg=49047.48, stdev=2363.70
    lat (msec) : 10=0.01%, 20=41.41%, 50=58.58%, 100=0.01%
  cpu          : usr=0.12%, sys=2.56%, ctx=1201301, majf=0, minf=1930
  IO depths    : 1=100.0%, 2=0.0%, 4=0.0%, 8=0.0%, 16=0.0%, 32=0.0%, >=64=0.0%
     submit    : 0=0.0%, 4=100.0%, 8=0.0%, 16=0.0%, 32=0.0%, 64=0.0%, >=64=0.0%
     complete  : 0=0.0%, 4=100.0%, 8=0.0%, 16=0.0%, 32=0.0%, 64=0.0%, >=64=0.0%
     issued    : total=r=0/w=91881/d=0, short=r=0/w=0/d=0, drop=r=0/w=0/d=0
     latency   : target=0, window=0, percentile=100.00%, depth=1

Run status group 0 (all jobs):
  WRITE: io=91881MB, aggrb=391996KB/s, minb=391996KB/s, maxb=391996KB/s, mint=240018msec, maxt=240018msec

CPU idleness:
  system: 96.77%
  unit work: mean=54.42us, stddev=3.11
