fio-beegfs-read-buffered-block_1024k-size_1G-threads_2: (g=0): rw=rw, bs=1M-1M/1M-1M/1M-1M, ioengine=psync, iodepth=1
...
fio-2.2.10
Starting 2 processes
fio-beegfs-read-buffered-block_1024k-size_1G-threads_2: Laying out IO file(s) (4 file(s) / 4096MB)
fio-beegfs-read-buffered-block_1024k-size_1G-threads_2: Laying out IO file(s) (4 file(s) / 4096MB)

fio-beegfs-read-buffered-block_1024k-size_1G-threads_2: (groupid=0, jobs=2): err= 0: pid=3379336: Fri Nov  9 00:24:51 2018
  read : io=447877MB, bw=1866.2MB/s, iops=1866, runt=240001msec
    clat (usec): min=814, max=10879, avg=1069.72, stdev=80.13
     lat (usec): min=815, max=10879, avg=1069.86, stdev=80.13
    clat percentiles (usec):
     |  1.00th=[  932],  5.00th=[  964], 10.00th=[  980], 20.00th=[ 1012],
     | 30.00th=[ 1032], 40.00th=[ 1048], 50.00th=[ 1064], 60.00th=[ 1080],
     | 70.00th=[ 1112], 80.00th=[ 1128], 90.00th=[ 1160], 95.00th=[ 1176],
     | 99.00th=[ 1288], 99.50th=[ 1352], 99.90th=[ 1480], 99.95th=[ 1528],
     | 99.99th=[ 2736]
    bw (KB  /s): min=911584, max=1003520, per=50.05%, avg=956360.20, stdev=15950.33
    lat (usec) : 1000=16.28%
    lat (msec) : 2=83.71%, 4=0.01%, 10=0.01%, 20=0.01%
  cpu          : usr=0.27%, sys=68.77%, ctx=1913260, majf=0, minf=9691
  IO depths    : 1=100.0%, 2=0.0%, 4=0.0%, 8=0.0%, 16=0.0%, 32=0.0%, >=64=0.0%
     submit    : 0=0.0%, 4=100.0%, 8=0.0%, 16=0.0%, 32=0.0%, 64=0.0%, >=64=0.0%
     complete  : 0=0.0%, 4=100.0%, 8=0.0%, 16=0.0%, 32=0.0%, 64=0.0%, >=64=0.0%
     issued    : total=r=447877/w=0/d=0, short=r=0/w=0/d=0, drop=r=0/w=0/d=0
     latency   : target=0, window=0, percentile=100.00%, depth=1

Run status group 0 (all jobs):
   READ: io=447877MB, aggrb=1866.2MB/s, minb=1866.2MB/s, maxb=1866.2MB/s, mint=240001msec, maxt=240001msec

CPU idleness:
  system: 92.75%
  unit work: mean=53.06us, stddev=3.67
