fio-beegfs-write-unbuffered-block_1024k-size_1G-threads_4: (g=0): rw=rw, bs=1M-1M/1M-1M/1M-1M, ioengine=psync, iodepth=1
...
fio-2.2.10
Starting 4 processes
fio-beegfs-write-unbuffered-block_1024k-size_1G-threads_4: Laying out IO file(s) (4 file(s) / 4096MB)
fio-beegfs-write-unbuffered-block_1024k-size_1G-threads_4: Laying out IO file(s) (4 file(s) / 4096MB)
fio-beegfs-write-unbuffered-block_1024k-size_1G-threads_4: Laying out IO file(s) (4 file(s) / 4096MB)
fio-beegfs-write-unbuffered-block_1024k-size_1G-threads_4: Laying out IO file(s) (4 file(s) / 4096MB)

fio-beegfs-write-unbuffered-block_1024k-size_1G-threads_4: (groupid=0, jobs=4): err= 0: pid=3564607: Wed Nov 21 16:37:32 2018
  write: io=92103MB, bw=392950KB/s, iops=383, runt=240014msec
    clat (msec): min=5, max=31, avg=10.41, stdev= 1.17
     lat (msec): min=5, max=31, avg=10.42, stdev= 1.17
    clat percentiles (usec):
     |  1.00th=[ 8512],  5.00th=[ 9408], 10.00th=[ 9536], 20.00th=[ 9664],
     | 30.00th=[ 9664], 40.00th=[ 9792], 50.00th=[10048], 60.00th=[10432],
     | 70.00th=[10688], 80.00th=[10944], 90.00th=[11584], 95.00th=[12224],
     | 99.00th=[15424], 99.50th=[16192], 99.90th=[18048], 99.95th=[18816],
     | 99.99th=[25728]
    bw (KB  /s): min=85502, max=105233, per=25.03%, avg=98340.13, stdev=3810.34
    lat (msec) : 10=46.43%, 20=53.54%, 50=0.03%
  cpu          : usr=0.20%, sys=4.90%, ctx=1070839, majf=0, minf=2280
  IO depths    : 1=100.0%, 2=0.0%, 4=0.0%, 8=0.0%, 16=0.0%, 32=0.0%, >=64=0.0%
     submit    : 0=0.0%, 4=100.0%, 8=0.0%, 16=0.0%, 32=0.0%, 64=0.0%, >=64=0.0%
     complete  : 0=0.0%, 4=100.0%, 8=0.0%, 16=0.0%, 32=0.0%, 64=0.0%, >=64=0.0%
     issued    : total=r=0/w=92103/d=0, short=r=0/w=0/d=0, drop=r=0/w=0/d=0
     latency   : target=0, window=0, percentile=100.00%, depth=1

Run status group 0 (all jobs):
  WRITE: io=92103MB, aggrb=392949KB/s, minb=392949KB/s, maxb=392949KB/s, mint=240014msec, maxt=240014msec

CPU idleness:
  system: 94.55%
  unit work: mean=53.18us, stddev=3.12
