fio-beegfs-read-unbuffered-block_128k-size_4G-threads_4: (g=0): rw=rw, bs=128K-128K/128K-128K/128K-128K, ioengine=psync, iodepth=1
...
fio-2.2.10
Starting 4 processes
fio-beegfs-read-unbuffered-block_128k-size_4G-threads_4: Laying out IO file(s) (4 file(s) / 16384MB)
fio-beegfs-read-unbuffered-block_128k-size_4G-threads_4: Laying out IO file(s) (4 file(s) / 16384MB)
fio-beegfs-read-unbuffered-block_128k-size_4G-threads_4: Laying out IO file(s) (4 file(s) / 16384MB)
fio-beegfs-read-unbuffered-block_128k-size_4G-threads_4: Laying out IO file(s) (4 file(s) / 16384MB)

fio-beegfs-read-unbuffered-block_128k-size_4G-threads_4: (groupid=0, jobs=4): err= 0: pid=3671133: Wed Nov 21 22:45:37 2018
  read : io=95073MB, bw=405639KB/s, iops=3169, runt=240002msec
    clat (usec): min=609, max=10499, avg=1260.46, stdev=293.62
     lat (usec): min=609, max=10499, avg=1260.59, stdev=293.62
    clat percentiles (usec):
     |  1.00th=[  916],  5.00th=[ 1048], 10.00th=[ 1096], 20.00th=[ 1128],
     | 30.00th=[ 1160], 40.00th=[ 1176], 50.00th=[ 1208], 60.00th=[ 1240],
     | 70.00th=[ 1304], 80.00th=[ 1384], 90.00th=[ 1432], 95.00th=[ 1480],
     | 99.00th=[ 2768], 99.50th=[ 3440], 99.90th=[ 4448], 99.95th=[ 5216],
     | 99.99th=[ 6432]
    bw (KB  /s): min=91904, max=106240, per=25.02%, avg=101498.78, stdev=3201.34
    lat (usec) : 750=0.04%, 1000=3.21%
    lat (msec) : 2=95.36%, 4=1.21%, 10=0.18%, 20=0.01%
  cpu          : usr=0.24%, sys=8.07%, ctx=831125, majf=0, minf=17796
  IO depths    : 1=100.0%, 2=0.0%, 4=0.0%, 8=0.0%, 16=0.0%, 32=0.0%, >=64=0.0%
     submit    : 0=0.0%, 4=100.0%, 8=0.0%, 16=0.0%, 32=0.0%, 64=0.0%, >=64=0.0%
     complete  : 0=0.0%, 4=100.0%, 8=0.0%, 16=0.0%, 32=0.0%, 64=0.0%, >=64=0.0%
     issued    : total=r=760580/w=0/d=0, short=r=0/w=0/d=0, drop=r=0/w=0/d=0
     latency   : target=0, window=0, percentile=100.00%, depth=1

Run status group 0 (all jobs):
   READ: io=95073MB, aggrb=405639KB/s, minb=405639KB/s, maxb=405639KB/s, mint=240002msec, maxt=240002msec

CPU idleness:
  system: 96.49%
  unit work: mean=54.44us, stddev=2.71
