fio-beegfs-write-unbuffered-block_1024k-size_4G-threads_2: (g=0): rw=rw, bs=1M-1M/1M-1M/1M-1M, ioengine=psync, iodepth=1
...
fio-2.2.10
Starting 2 processes
fio-beegfs-write-unbuffered-block_1024k-size_4G-threads_2: Laying out IO file(s) (4 file(s) / 16384MB)
fio-beegfs-write-unbuffered-block_1024k-size_4G-threads_2: Laying out IO file(s) (4 file(s) / 16384MB)

fio-beegfs-write-unbuffered-block_1024k-size_4G-threads_2: (groupid=0, jobs=2): err= 0: pid=3528579: Wed Nov 21 14:35:47 2018
  write: io=93131MB, bw=397349KB/s, iops=388, runt=240006msec
    clat (usec): min=3481, max=14198, avg=5136.82, stdev=845.10
     lat (usec): min=3497, max=14215, avg=5152.14, stdev=845.12
    clat percentiles (usec):
     |  1.00th=[ 3952],  5.00th=[ 3984], 10.00th=[ 4080], 20.00th=[ 4512],
     | 30.00th=[ 4704], 40.00th=[ 4960], 50.00th=[ 5024], 60.00th=[ 5216],
     | 70.00th=[ 5536], 80.00th=[ 5728], 90.00th=[ 5984], 95.00th=[ 6112],
     | 99.00th=[ 7712], 99.50th=[10560], 99.90th=[11712], 99.95th=[12096],
     | 99.99th=[12736]
    bw (KB  /s): min=173386, max=209685, per=50.05%, avg=198862.32, stdev=4562.13
    lat (msec) : 4=5.27%, 10=94.09%, 20=0.64%
  cpu          : usr=0.39%, sys=10.91%, ctx=1173032, majf=0, minf=1910
  IO depths    : 1=100.0%, 2=0.0%, 4=0.0%, 8=0.0%, 16=0.0%, 32=0.0%, >=64=0.0%
     submit    : 0=0.0%, 4=100.0%, 8=0.0%, 16=0.0%, 32=0.0%, 64=0.0%, >=64=0.0%
     complete  : 0=0.0%, 4=100.0%, 8=0.0%, 16=0.0%, 32=0.0%, 64=0.0%, >=64=0.0%
     issued    : total=r=0/w=93131/d=0, short=r=0/w=0/d=0, drop=r=0/w=0/d=0
     latency   : target=0, window=0, percentile=100.00%, depth=1

Run status group 0 (all jobs):
  WRITE: io=93131MB, aggrb=397348KB/s, minb=397348KB/s, maxb=397348KB/s, mint=240006msec, maxt=240006msec

CPU idleness:
  system: 99.29%
  unit work: mean=55.88us, stddev=2.20
