fio-beegfs-read-unbuffered-block_16k-size_2G-threads_2: (g=0): rw=rw, bs=16K-16K/16K-16K/16K-16K, ioengine=psync, iodepth=1
...
fio-2.2.10
Starting 2 processes
fio-beegfs-read-unbuffered-block_16k-size_2G-threads_2: Laying out IO file(s) (4 file(s) / 8192MB)
fio-beegfs-read-unbuffered-block_16k-size_2G-threads_2: Laying out IO file(s) (4 file(s) / 8192MB)

fio-beegfs-read-unbuffered-block_16k-size_2G-threads_2: (groupid=0, jobs=2): err= 0: pid=3439723: Wed Nov 21 09:32:02 2018
  read : io=23247MB, bw=99187KB/s, iops=6199, runt=240001msec
    clat (usec): min=213, max=20251, avg=321.13, stdev=130.25
     lat (usec): min=213, max=20252, avg=321.25, stdev=130.25
    clat percentiles (usec):
     |  1.00th=[  235],  5.00th=[  251], 10.00th=[  262], 20.00th=[  282],
     | 30.00th=[  294], 40.00th=[  302], 50.00th=[  314], 60.00th=[  322],
     | 70.00th=[  334], 80.00th=[  346], 90.00th=[  362], 95.00th=[  378],
     | 99.00th=[  438], 99.50th=[  700], 99.90th=[ 2800], 99.95th=[ 2992],
     | 99.99th=[ 3216]
    bw (KB  /s): min=43872, max=54976, per=50.02%, avg=49608.06, stdev=2259.29
    lat (usec) : 250=4.39%, 500=94.91%, 750=0.23%, 1000=0.13%
    lat (msec) : 2=0.11%, 4=0.23%, 10=0.01%, 20=0.01%, 50=0.01%
  cpu          : usr=0.82%, sys=10.78%, ctx=1491889, majf=0, minf=28019
  IO depths    : 1=100.0%, 2=0.0%, 4=0.0%, 8=0.0%, 16=0.0%, 32=0.0%, >=64=0.0%
     submit    : 0=0.0%, 4=100.0%, 8=0.0%, 16=0.0%, 32=0.0%, 64=0.0%, >=64=0.0%
     complete  : 0=0.0%, 4=100.0%, 8=0.0%, 16=0.0%, 32=0.0%, 64=0.0%, >=64=0.0%
     issued    : total=r=1487806/w=0/d=0, short=r=0/w=0/d=0, drop=r=0/w=0/d=0
     latency   : target=0, window=0, percentile=100.00%, depth=1

Run status group 0 (all jobs):
   READ: io=23247MB, aggrb=99186KB/s, minb=99186KB/s, maxb=99186KB/s, mint=240001msec, maxt=240001msec

CPU idleness:
  system: 97.83%
  unit work: mean=55.04us, stddev=3.20
