fio-beegfs-write-buffered-block_16k-size_2G-threads_4: (g=0): rw=rw, bs=16K-16K/16K-16K/16K-16K, ioengine=psync, iodepth=1
...
fio-2.2.10
Starting 4 processes
fio-beegfs-write-buffered-block_16k-size_2G-threads_4: Laying out IO file(s) (4 file(s) / 8192MB)
fio-beegfs-write-buffered-block_16k-size_2G-threads_4: Laying out IO file(s) (4 file(s) / 8192MB)
fio-beegfs-write-buffered-block_16k-size_2G-threads_4: Laying out IO file(s) (4 file(s) / 8192MB)
fio-beegfs-write-buffered-block_16k-size_2G-threads_4: Laying out IO file(s) (4 file(s) / 8192MB)

fio-beegfs-write-buffered-block_16k-size_2G-threads_4: (groupid=0, jobs=4): err= 0: pid=3486782: Fri Nov  9 08:43:06 2018
  write: io=96602MB, bw=411731KB/s, iops=25733, runt=240255msec
    clat (usec): min=1, max=942994, avg=154.45, stdev=7586.62
     lat (usec): min=1, max=942994, avg=154.70, stdev=7586.62
    clat percentiles (usec):
     |  1.00th=[    1],  5.00th=[    2], 10.00th=[    2], 20.00th=[    2],
     | 30.00th=[    2], 40.00th=[    2], 50.00th=[    3], 60.00th=[    3],
     | 70.00th=[    5], 80.00th=[    5], 90.00th=[    5], 95.00th=[   10],
     | 99.00th=[  772], 99.50th=[  820], 99.90th=[  956], 99.95th=[ 1240],
     | 99.99th=[477184]
    bw (KB  /s): min=   30, max=595552, per=26.95%, avg=110946.56, stdev=168727.41
    lat (usec) : 2=2.76%, 4=57.72%, 10=34.39%, 20=1.15%, 50=0.80%
    lat (usec) : 100=0.06%, 250=0.01%, 500=0.01%, 750=1.79%, 1000=1.26%
    lat (msec) : 2=0.03%, 4=0.01%, 10=0.01%, 20=0.01%, 50=0.01%
    lat (msec) : 100=0.01%, 250=0.01%, 500=0.02%, 750=0.01%, 1000=0.01%
  cpu          : usr=0.78%, sys=6.87%, ctx=943918, majf=0, minf=93620
  IO depths    : 1=100.0%, 2=0.0%, 4=0.0%, 8=0.0%, 16=0.0%, 32=0.0%, >=64=0.0%
     submit    : 0=0.0%, 4=100.0%, 8=0.0%, 16=0.0%, 32=0.0%, 64=0.0%, >=64=0.0%
     complete  : 0=0.0%, 4=100.0%, 8=0.0%, 16=0.0%, 32=0.0%, 64=0.0%, >=64=0.0%
     issued    : total=r=0/w=6182523/d=0, short=r=0/w=0/d=0, drop=r=0/w=0/d=0
     latency   : target=0, window=0, percentile=100.00%, depth=1

Run status group 0 (all jobs):
  WRITE: io=96602MB, aggrb=411730KB/s, minb=411730KB/s, maxb=411730KB/s, mint=240255msec, maxt=240255msec

CPU idleness:
  system: 99.07%
  unit work: mean=55.69us, stddev=1.60
