fio-beegfs-read-unbuffered-block_512k-size_4G-threads_2: (g=0): rw=rw, bs=512K-512K/512K-512K/512K-512K, ioengine=psync, iodepth=1
...
fio-2.2.10
Starting 2 processes
fio-beegfs-read-unbuffered-block_512k-size_4G-threads_2: Laying out IO file(s) (4 file(s) / 16384MB)
fio-beegfs-read-unbuffered-block_512k-size_4G-threads_2: Laying out IO file(s) (4 file(s) / 16384MB)

fio-beegfs-read-unbuffered-block_512k-size_4G-threads_2: (groupid=0, jobs=2): err= 0: pid=3511572: Wed Nov 21 13:37:24 2018
  read : io=98935MB, bw=422121KB/s, iops=824, runt=240001msec
    clat (usec): min=1571, max=12674, avg=2424.03, stdev=432.85
     lat (usec): min=1571, max=12674, avg=2424.16, stdev=432.85
    clat percentiles (usec):
     |  1.00th=[ 2224],  5.00th=[ 2288], 10.00th=[ 2288], 20.00th=[ 2320],
     | 30.00th=[ 2320], 40.00th=[ 2352], 50.00th=[ 2352], 60.00th=[ 2384],
     | 70.00th=[ 2384], 80.00th=[ 2416], 90.00th=[ 2448], 95.00th=[ 2512],
     | 99.00th=[ 4704], 99.50th=[ 5792], 99.90th=[ 7456], 99.95th=[ 8384],
     | 99.99th=[10048]
    bw (KB  /s): min=191105, max=218262, per=50.04%, avg=211249.26, stdev=6683.05
    lat (msec) : 2=0.20%, 4=98.08%, 10=1.71%, 20=0.01%
  cpu          : usr=0.14%, sys=12.89%, ctx=505628, majf=0, minf=3688
  IO depths    : 1=100.0%, 2=0.0%, 4=0.0%, 8=0.0%, 16=0.0%, 32=0.0%, >=64=0.0%
     submit    : 0=0.0%, 4=100.0%, 8=0.0%, 16=0.0%, 32=0.0%, 64=0.0%, >=64=0.0%
     complete  : 0=0.0%, 4=100.0%, 8=0.0%, 16=0.0%, 32=0.0%, 64=0.0%, >=64=0.0%
     issued    : total=r=197870/w=0/d=0, short=r=0/w=0/d=0, drop=r=0/w=0/d=0
     latency   : target=0, window=0, percentile=100.00%, depth=1

Run status group 0 (all jobs):
   READ: io=98935MB, aggrb=422120KB/s, minb=422120KB/s, maxb=422120KB/s, mint=240001msec, maxt=240001msec

CPU idleness:
  system: 93.91%
  unit work: mean=52.85us, stddev=2.56
