fio-beegfs-write-buffered-block_64k-size_1G-threads_1: (g=0): rw=rw, bs=64K-64K/64K-64K/64K-64K, ioengine=psync, iodepth=1
fio-2.2.10
Starting 1 process
fio-beegfs-write-buffered-block_64k-size_1G-threads_1: Laying out IO file(s) (4 file(s) / 4096MB)

fio-beegfs-write-buffered-block_64k-size_1G-threads_1: (groupid=0, jobs=1): err= 0: pid=3309969: Thu Nov  8 19:00:52 2018
  write: io=151544MB, bw=646033KB/s, iops=10094, runt=240206msec
    clat (usec): min=5, max=3295.3K, avg=97.67, stdev=3460.33
     lat (usec): min=5, max=3295.3K, avg=98.28, stdev=3460.34
    clat percentiles (usec):
     |  1.00th=[    5],  5.00th=[    5], 10.00th=[    5], 20.00th=[    5],
     | 30.00th=[    5], 40.00th=[    5], 50.00th=[    5], 60.00th=[    6],
     | 70.00th=[    6], 80.00th=[    6], 90.00th=[  564], 95.00th=[  620],
     | 99.00th=[  692], 99.50th=[  716], 99.90th=[  772], 99.95th=[  796],
     | 99.99th=[ 3504]
    bw (KB  /s): min= 3276, max=831616, per=100.00%, avg=670905.53, stdev=236080.49
    lat (usec) : 10=87.33%, 20=0.13%, 50=0.03%, 100=0.01%, 250=0.01%
    lat (usec) : 500=0.50%, 750=11.82%, 1000=0.16%
    lat (msec) : 2=0.01%, 4=0.01%, 10=0.01%, 20=0.01%, 50=0.01%
    lat (msec) : 100=0.01%, 250=0.01%, 500=0.01%, 750=0.01%, 1000=0.01%
    lat (msec) : 2000=0.01%, >=2000=0.01%
  cpu          : usr=2.00%, sys=23.61%, ctx=1488383, majf=0, minf=33707
  IO depths    : 1=100.0%, 2=0.0%, 4=0.0%, 8=0.0%, 16=0.0%, 32=0.0%, >=64=0.0%
     submit    : 0=0.0%, 4=100.0%, 8=0.0%, 16=0.0%, 32=0.0%, 64=0.0%, >=64=0.0%
     complete  : 0=0.0%, 4=100.0%, 8=0.0%, 16=0.0%, 32=0.0%, 64=0.0%, >=64=0.0%
     issued    : total=r=0/w=2424704/d=0, short=r=0/w=0/d=0, drop=r=0/w=0/d=0
     latency   : target=0, window=0, percentile=100.00%, depth=1

Run status group 0 (all jobs):
  WRITE: io=151544MB, aggrb=646033KB/s, minb=646033KB/s, maxb=646033KB/s, mint=240206msec, maxt=240206msec

CPU idleness:
  system: 83.65%
  unit work: mean=49.99us, stddev=4.72
