fio-beegfs-write-unbuffered-block_64k-size_1G-threads_4: (g=0): rw=rw, bs=64K-64K/64K-64K/64K-64K, ioengine=psync, iodepth=1
...
fio-2.2.10
Starting 4 processes
fio-beegfs-write-unbuffered-block_64k-size_1G-threads_4: Laying out IO file(s) (4 file(s) / 4096MB)
fio-beegfs-write-unbuffered-block_64k-size_1G-threads_4: Laying out IO file(s) (4 file(s) / 4096MB)
fio-beegfs-write-unbuffered-block_64k-size_1G-threads_4: Laying out IO file(s) (4 file(s) / 4096MB)
fio-beegfs-write-unbuffered-block_64k-size_1G-threads_4: Laying out IO file(s) (4 file(s) / 4096MB)

fio-beegfs-write-unbuffered-block_64k-size_1G-threads_4: (groupid=0, jobs=4): err= 0: pid=3543200: Wed Nov 21 15:25:14 2018
  write: io=90156MB, bw=384662KB/s, iops=6010, runt=240001msec
    clat (usec): min=292, max=17539, avg=662.89, stdev=300.06
     lat (usec): min=293, max=17540, avg=663.76, stdev=300.07
    clat percentiles (usec):
     |  1.00th=[  478],  5.00th=[  506], 10.00th=[  516], 20.00th=[  532],
     | 30.00th=[  548], 40.00th=[  564], 50.00th=[  580], 60.00th=[  596],
     | 70.00th=[  620], 80.00th=[  668], 90.00th=[  980], 95.00th=[ 1256],
     | 99.00th=[ 1432], 99.50th=[ 1512], 99.90th=[ 5216], 99.95th=[ 6368],
     | 99.99th=[ 7712]
    bw (KB  /s): min=84480, max=100864, per=25.02%, avg=96230.37, stdev=3113.55
    lat (usec) : 500=3.78%, 750=81.58%, 1000=4.85%
    lat (msec) : 2=9.57%, 4=0.12%, 10=0.11%, 20=0.01%
  cpu          : usr=0.60%, sys=6.67%, ctx=2416409, majf=0, minf=29617
  IO depths    : 1=100.0%, 2=0.0%, 4=0.0%, 8=0.0%, 16=0.0%, 32=0.0%, >=64=0.0%
     submit    : 0=0.0%, 4=100.0%, 8=0.0%, 16=0.0%, 32=0.0%, 64=0.0%, >=64=0.0%
     complete  : 0=0.0%, 4=100.0%, 8=0.0%, 16=0.0%, 32=0.0%, 64=0.0%, >=64=0.0%
     issued    : total=r=0/w=1442490/d=0, short=r=0/w=0/d=0, drop=r=0/w=0/d=0
     latency   : target=0, window=0, percentile=100.00%, depth=1

Run status group 0 (all jobs):
  WRITE: io=90156MB, aggrb=384662KB/s, minb=384662KB/s, maxb=384662KB/s, mint=240001msec, maxt=240001msec

CPU idleness:
  system: 94.60%
  unit work: mean=53.42us, stddev=2.68
