fio-beegfs-write-buffered-block_64k-size_1G-threads_8: (g=0): rw=rw, bs=64K-64K/64K-64K/64K-64K, ioengine=psync, iodepth=1
...
fio-2.2.10
Starting 8 processes
fio-beegfs-write-buffered-block_64k-size_1G-threads_8: Laying out IO file(s) (4 file(s) / 4096MB)
fio-beegfs-write-buffered-block_64k-size_1G-threads_8: Laying out IO file(s) (4 file(s) / 4096MB)
fio-beegfs-write-buffered-block_64k-size_1G-threads_8: Laying out IO file(s) (4 file(s) / 4096MB)
fio-beegfs-write-buffered-block_64k-size_1G-threads_8: Laying out IO file(s) (4 file(s) / 4096MB)
fio-beegfs-write-buffered-block_64k-size_1G-threads_8: Laying out IO file(s) (4 file(s) / 4096MB)
fio-beegfs-write-buffered-block_64k-size_1G-threads_8: Laying out IO file(s) (4 file(s) / 4096MB)
fio-beegfs-write-buffered-block_64k-size_1G-threads_8: Laying out IO file(s) (4 file(s) / 4096MB)
fio-beegfs-write-buffered-block_64k-size_1G-threads_8: Laying out IO file(s) (4 file(s) / 4096MB)

fio-beegfs-write-buffered-block_64k-size_1G-threads_8: (groupid=0, jobs=8): err= 0: pid=3606202: Fri Nov  9 18:36:40 2018
  write: io=106717MB, bw=454586KB/s, iops=7102, runt=240391msec
    clat (usec): min=4, max=722941, avg=1124.33, stdev=20387.80
     lat (usec): min=5, max=722942, avg=1125.19, stdev=20387.84
    clat percentiles (usec):
     |  1.00th=[    4],  5.00th=[    5], 10.00th=[    5], 20.00th=[    7],
     | 30.00th=[    7], 40.00th=[    8], 50.00th=[   16], 60.00th=[   17],
     | 70.00th=[   17], 80.00th=[   21], 90.00th=[ 1012], 95.00th=[ 1240],
     | 99.00th=[ 1560], 99.50th=[ 1768], 99.90th=[456704], 99.95th=[481280],
     | 99.99th=[514048]
    bw (KB  /s): min=  123, max=388096, per=12.99%, avg=59039.17, stdev=73129.88
    lat (usec) : 10=45.65%, 20=32.69%, 50=8.60%, 100=0.55%, 250=0.01%
    lat (usec) : 500=0.02%, 750=1.07%, 1000=1.21%
    lat (msec) : 2=9.87%, 4=0.05%, 10=0.01%, 20=0.01%, 50=0.03%
    lat (msec) : 100=0.01%, 250=0.04%, 500=0.18%, 750=0.02%
  cpu          : usr=0.20%, sys=4.19%, ctx=2724708, majf=0, minf=37764
  IO depths    : 1=100.0%, 2=0.0%, 4=0.0%, 8=0.0%, 16=0.0%, 32=0.0%, >=64=0.0%
     submit    : 0=0.0%, 4=100.0%, 8=0.0%, 16=0.0%, 32=0.0%, 64=0.0%, >=64=0.0%
     complete  : 0=0.0%, 4=100.0%, 8=0.0%, 16=0.0%, 32=0.0%, 64=0.0%, >=64=0.0%
     issued    : total=r=0/w=1707476/d=0, short=r=0/w=0/d=0, drop=r=0/w=0/d=0
     latency   : target=0, window=0, percentile=100.00%, depth=1

Run status group 0 (all jobs):
  WRITE: io=106717MB, aggrb=454586KB/s, minb=454586KB/s, maxb=454586KB/s, mint=240391msec, maxt=240391msec

CPU idleness:
  system: 96.23%
  unit work: mean=54.14us, stddev=1.99
