fio-beegfs-write-unbuffered-block_16k-size_1G-threads_2: (g=0): rw=rw, bs=16K-16K/16K-16K/16K-16K, ioengine=psync, iodepth=1
...
fio-2.2.10
Starting 2 processes
fio-beegfs-write-unbuffered-block_16k-size_1G-threads_2: Laying out IO file(s) (4 file(s) / 4096MB)
fio-beegfs-write-unbuffered-block_16k-size_1G-threads_2: Laying out IO file(s) (4 file(s) / 4096MB)

fio-beegfs-write-unbuffered-block_16k-size_1G-threads_2: (groupid=0, jobs=2): err= 0: pid=3416057: Wed Nov 21 08:13:08 2018
  write: io=37376MB, bw=159470KB/s, iops=9966, runt=240001msec
    clat (usec): min=145, max=61022, avg=198.77, stdev=73.71
     lat (usec): min=145, max=61022, avg=199.09, stdev=73.71
    clat percentiles (usec):
     |  1.00th=[  155],  5.00th=[  165], 10.00th=[  169], 20.00th=[  175],
     | 30.00th=[  179], 40.00th=[  187], 50.00th=[  195], 60.00th=[  201],
     | 70.00th=[  209], 80.00th=[  219], 90.00th=[  235], 95.00th=[  249],
     | 99.00th=[  290], 99.50th=[  306], 99.90th=[  374], 99.95th=[  490],
     | 99.99th=[ 2672]
    bw (KB  /s): min=72064, max=84128, per=50.01%, avg=79746.71, stdev=1674.33
    lat (usec) : 250=95.10%, 500=4.85%, 750=0.02%, 1000=0.01%
    lat (msec) : 2=0.01%, 4=0.01%, 10=0.01%, 20=0.01%, 100=0.01%
  cpu          : usr=1.61%, sys=16.98%, ctx=3589389, majf=0, minf=38615
  IO depths    : 1=100.0%, 2=0.0%, 4=0.0%, 8=0.0%, 16=0.0%, 32=0.0%, >=64=0.0%
     submit    : 0=0.0%, 4=100.0%, 8=0.0%, 16=0.0%, 32=0.0%, 64=0.0%, >=64=0.0%
     complete  : 0=0.0%, 4=100.0%, 8=0.0%, 16=0.0%, 32=0.0%, 64=0.0%, >=64=0.0%
     issued    : total=r=0/w=2392057/d=0, short=r=0/w=0/d=0, drop=r=0/w=0/d=0
     latency   : target=0, window=0, percentile=100.00%, depth=1

Run status group 0 (all jobs):
  WRITE: io=37376MB, aggrb=159469KB/s, minb=159469KB/s, maxb=159469KB/s, mint=240001msec, maxt=240001msec

CPU idleness:
  system: 90.84%
  unit work: mean=51.34us, stddev=3.35
