fio-beegfs-read-buffered-block_16k-size_1G-threads_4: (g=0): rw=rw, bs=16K-16K/16K-16K/16K-16K, ioengine=psync, iodepth=1
...
fio-2.2.10
Starting 4 processes
fio-beegfs-read-buffered-block_16k-size_1G-threads_4: Laying out IO file(s) (4 file(s) / 4096MB)
fio-beegfs-read-buffered-block_16k-size_1G-threads_4: Laying out IO file(s) (4 file(s) / 4096MB)
fio-beegfs-read-buffered-block_16k-size_1G-threads_4: Laying out IO file(s) (4 file(s) / 4096MB)
fio-beegfs-read-buffered-block_16k-size_1G-threads_4: Laying out IO file(s) (4 file(s) / 4096MB)

fio-beegfs-read-buffered-block_16k-size_1G-threads_4: (groupid=0, jobs=4): err= 0: pid=3455281: Fri Nov  9 06:10:30 2018
  read : io=582358MB, bw=2426.5MB/s, iops=155294, runt=240001msec
    clat (usec): min=1, max=207276, avg=24.99, stdev=303.83
     lat (usec): min=1, max=207276, avg=25.06, stdev=303.83
    clat percentiles (usec):
     |  1.00th=[    1],  5.00th=[    1], 10.00th=[    2], 20.00th=[    2],
     | 30.00th=[    2], 40.00th=[    2], 50.00th=[    2], 60.00th=[    2],
     | 70.00th=[    2], 80.00th=[    3], 90.00th=[    3], 95.00th=[    5],
     | 99.00th=[  732], 99.50th=[  788], 99.90th=[  964], 99.95th=[ 1064],
     | 99.99th=[ 1368]
    bw (KB  /s): min=102432, max=688224, per=25.04%, avg=622203.76, stdev=52884.32
    lat (usec) : 2=8.68%, 4=81.46%, 10=5.28%, 20=1.00%, 50=0.42%
    lat (usec) : 100=0.03%, 250=0.01%, 500=0.03%, 750=2.29%, 1000=0.74%
    lat (msec) : 2=0.07%, 4=0.01%, 10=0.01%, 20=0.01%, 50=0.01%
    lat (msec) : 250=0.01%
  cpu          : usr=3.58%, sys=69.81%, ctx=2129742, majf=0, minf=457932
  IO depths    : 1=100.0%, 2=0.0%, 4=0.0%, 8=0.0%, 16=0.0%, 32=0.0%, >=64=0.0%
     submit    : 0=0.0%, 4=100.0%, 8=0.0%, 16=0.0%, 32=0.0%, 64=0.0%, >=64=0.0%
     complete  : 0=0.0%, 4=100.0%, 8=0.0%, 16=0.0%, 32=0.0%, 64=0.0%, >=64=0.0%
     issued    : total=r=37270923/w=0/d=0, short=r=0/w=0/d=0, drop=r=0/w=0/d=0
     latency   : target=0, window=0, percentile=100.00%, depth=1

Run status group 0 (all jobs):
   READ: io=582358MB, aggrb=2426.5MB/s, minb=2426.5MB/s, maxb=2426.5MB/s, mint=240001msec, maxt=240001msec

CPU idleness:
  system: 90.47%
  unit work: mean=52.86us, stddev=2.31
