fio-beegfs-read-unbuffered-block_16k-size_1G-threads_1: (g=0): rw=rw, bs=16K-16K/16K-16K/16K-16K, ioengine=psync, iodepth=1
fio-2.2.10
Starting 1 process
fio-beegfs-read-unbuffered-block_16k-size_1G-threads_1: Laying out IO file(s) (4 file(s) / 4096MB)

fio-beegfs-read-unbuffered-block_16k-size_1G-threads_1: (groupid=0, jobs=1): err= 0: pid=3322931: Wed Nov 21 03:34:18 2018
  read : io=11095MB, bw=47339KB/s, iops=2958, runt=240001msec
    clat (usec): min=214, max=205400, avg=336.54, stdev=274.49
     lat (usec): min=214, max=205400, avg=336.65, stdev=274.49
    clat percentiles (usec):
     |  1.00th=[  227],  5.00th=[  247], 10.00th=[  270], 20.00th=[  294],
     | 30.00th=[  306], 40.00th=[  322], 50.00th=[  330], 60.00th=[  342],
     | 70.00th=[  354], 80.00th=[  370], 90.00th=[  390], 95.00th=[  406],
     | 99.00th=[  442], 99.50th=[  620], 99.90th=[ 2736], 99.95th=[ 2992],
     | 99.99th=[ 3216]
    bw (KB  /s): min=24512, max=60096, per=100.00%, avg=47347.01, stdev=3170.36
    lat (usec) : 250=5.94%, 500=93.45%, 750=0.17%, 1000=0.11%
    lat (msec) : 2=0.12%, 4=0.20%, 10=0.01%, 20=0.01%, 250=0.01%
  cpu          : usr=0.74%, sys=9.91%, ctx=714527, majf=0, minf=13612
  IO depths    : 1=100.0%, 2=0.0%, 4=0.0%, 8=0.0%, 16=0.0%, 32=0.0%, >=64=0.0%
     submit    : 0=0.0%, 4=100.0%, 8=0.0%, 16=0.0%, 32=0.0%, 64=0.0%, >=64=0.0%
     complete  : 0=0.0%, 4=100.0%, 8=0.0%, 16=0.0%, 32=0.0%, 64=0.0%, >=64=0.0%
     issued    : total=r=710085/w=0/d=0, short=r=0/w=0/d=0, drop=r=0/w=0/d=0
     latency   : target=0, window=0, percentile=100.00%, depth=1

Run status group 0 (all jobs):
   READ: io=11095MB, aggrb=47338KB/s, minb=47338KB/s, maxb=47338KB/s, mint=240001msec, maxt=240001msec

CPU idleness:
  system: 99.12%
  unit work: mean=55.66us, stddev=2.47
