fio-beegfs-read-buffered-block_128k-size_1G-threads_4: (g=0): rw=rw, bs=128K-128K/128K-128K/128K-128K, ioengine=psync, iodepth=1
...
fio-2.2.10
Starting 4 processes
fio-beegfs-read-buffered-block_128k-size_1G-threads_4: Laying out IO file(s) (4 file(s) / 4096MB)
fio-beegfs-read-buffered-block_128k-size_1G-threads_4: Laying out IO file(s) (4 file(s) / 4096MB)
fio-beegfs-read-buffered-block_128k-size_1G-threads_4: Laying out IO file(s) (4 file(s) / 4096MB)
fio-beegfs-read-buffered-block_128k-size_1G-threads_4: Laying out IO file(s) (4 file(s) / 4096MB)

fio-beegfs-read-buffered-block_128k-size_1G-threads_4: (groupid=0, jobs=4): err= 0: pid=3465831: Fri Nov  9 07:00:28 2018
  read : io=635332MB, bw=2647.3MB/s, iops=21177, runt=240001msec
    clat (usec): min=9, max=17575, avg=187.73, stdev=306.24
     lat (usec): min=9, max=17575, avg=187.82, stdev=306.26
    clat percentiles (usec):
     |  1.00th=[   10],  5.00th=[   10], 10.00th=[   10], 20.00th=[   11],
     | 30.00th=[   11], 40.00th=[   11], 50.00th=[   13], 60.00th=[   14],
     | 70.00th=[   24], 80.00th=[  636], 90.00th=[  716], 95.00th=[  756],
     | 99.00th=[  924], 99.50th=[ 1032], 99.90th=[ 1224], 99.95th=[ 1272],
     | 99.99th=[ 1384]
    bw (KB  /s): min=646697, max=696064, per=25.02%, avg=678139.94, stdev=6085.68
    lat (usec) : 10=0.09%, 20=65.36%, 50=8.99%, 100=0.53%, 250=0.01%
    lat (usec) : 500=0.02%, 750=19.26%, 1000=5.15%
    lat (msec) : 2=0.58%, 4=0.01%, 10=0.01%, 20=0.01%
  cpu          : usr=0.81%, sys=74.85%, ctx=2504914, majf=0, minf=80727
  IO depths    : 1=100.0%, 2=0.0%, 4=0.0%, 8=0.0%, 16=0.0%, 32=0.0%, >=64=0.0%
     submit    : 0=0.0%, 4=100.0%, 8=0.0%, 16=0.0%, 32=0.0%, 64=0.0%, >=64=0.0%
     complete  : 0=0.0%, 4=100.0%, 8=0.0%, 16=0.0%, 32=0.0%, 64=0.0%, >=64=0.0%
     issued    : total=r=5082653/w=0/d=0, short=r=0/w=0/d=0, drop=r=0/w=0/d=0
     latency   : target=0, window=0, percentile=100.00%, depth=1

Run status group 0 (all jobs):
   READ: io=635332MB, aggrb=2647.3MB/s, minb=2647.3MB/s, maxb=2647.3MB/s, mint=240001msec, maxt=240001msec

CPU idleness:
  system: 93.13%
  unit work: mean=54.56us, stddev=3.24
