fio-beegfs-write-unbuffered-block_16k-size_1G-threads_1: (g=0): rw=rw, bs=16K-16K/16K-16K/16K-16K, ioengine=psync, iodepth=1
fio-2.2.10
Starting 1 process
fio-beegfs-write-unbuffered-block_16k-size_1G-threads_1: Laying out IO file(s) (4 file(s) / 4096MB)

fio-beegfs-write-unbuffered-block_16k-size_1G-threads_1: (groupid=0, jobs=1): err= 0: pid=3324848: Wed Nov 21 03:40:33 2018
  write: io=19214MB, bw=81980KB/s, iops=5123, runt=240001msec
    clat (usec): min=142, max=32977, avg=193.30, stdev=45.56
     lat (usec): min=142, max=32977, avg=193.63, stdev=45.56
    clat percentiles (usec):
     |  1.00th=[  149],  5.00th=[  159], 10.00th=[  165], 20.00th=[  171],
     | 30.00th=[  173], 40.00th=[  181], 50.00th=[  189], 60.00th=[  197],
     | 70.00th=[  203], 80.00th=[  215], 90.00th=[  229], 95.00th=[  243],
     | 99.00th=[  290], 99.50th=[  306], 99.90th=[  346], 99.95th=[  398],
     | 99.99th=[  700]
    bw (KB  /s): min=71648, max=91936, per=100.00%, avg=82005.78, stdev=3144.16
    lat (usec) : 250=96.03%, 500=3.94%, 750=0.02%, 1000=0.01%
    lat (msec) : 2=0.01%, 4=0.01%, 10=0.01%, 20=0.01%, 50=0.01%
  cpu          : usr=1.67%, sys=16.96%, ctx=2459474, majf=0, minf=19702
  IO depths    : 1=100.0%, 2=0.0%, 4=0.0%, 8=0.0%, 16=0.0%, 32=0.0%, >=64=0.0%
     submit    : 0=0.0%, 4=100.0%, 8=0.0%, 16=0.0%, 32=0.0%, 64=0.0%, >=64=0.0%
     complete  : 0=0.0%, 4=100.0%, 8=0.0%, 16=0.0%, 32=0.0%, 64=0.0%, >=64=0.0%
     issued    : total=r=0/w=1229699/d=0, short=r=0/w=0/d=0, drop=r=0/w=0/d=0
     latency   : target=0, window=0, percentile=100.00%, depth=1

Run status group 0 (all jobs):
  WRITE: io=19214MB, aggrb=81979KB/s, minb=81979KB/s, maxb=81979KB/s, mint=240001msec, maxt=240001msec

CPU idleness:
  system: 98.86%
  unit work: mean=55.63us, stddev=2.35
