fio-beegfs-read-buffered-block_1024k-size_4G-threads_4: (g=0): rw=rw, bs=1M-1M/1M-1M/1M-1M, ioengine=psync, iodepth=1
...
fio-2.2.10
Starting 4 processes
fio-beegfs-read-buffered-block_1024k-size_4G-threads_4: Laying out IO file(s) (4 file(s) / 16384MB)
fio-beegfs-read-buffered-block_1024k-size_4G-threads_4: Laying out IO file(s) (4 file(s) / 16384MB)
fio-beegfs-read-buffered-block_1024k-size_4G-threads_4: Laying out IO file(s) (4 file(s) / 16384MB)
fio-beegfs-read-buffered-block_1024k-size_4G-threads_4: Laying out IO file(s) (4 file(s) / 16384MB)

fio-beegfs-read-buffered-block_1024k-size_4G-threads_4: (groupid=0, jobs=4): err= 0: pid=3582729: Fri Nov  9 16:39:28 2018
  read : io=675252MB, bw=2813.4MB/s, iops=2813, runt=240016msec
    clat (usec): min=888, max=15900, avg=1419.55, stdev=154.27
     lat (usec): min=888, max=15901, avg=1419.70, stdev=154.28
    clat percentiles (usec):
     |  1.00th=[ 1176],  5.00th=[ 1240], 10.00th=[ 1288], 20.00th=[ 1320],
     | 30.00th=[ 1352], 40.00th=[ 1384], 50.00th=[ 1400], 60.00th=[ 1416],
     | 70.00th=[ 1448], 80.00th=[ 1480], 90.00th=[ 1544], 95.00th=[ 1688],
     | 99.00th=[ 2024], 99.50th=[ 2192], 99.90th=[ 2512], 99.95th=[ 2704],
     | 99.99th=[ 3248]
    bw (KB  /s): min=604160, max=770048, per=25.02%, avg=720886.47, stdev=16348.75
    lat (usec) : 1000=0.01%
    lat (msec) : 2=98.90%, 4=1.09%, 10=0.01%, 20=0.01%
  cpu          : usr=0.25%, sys=71.47%, ctx=3790112, majf=0, minf=16795
  IO depths    : 1=100.0%, 2=0.0%, 4=0.0%, 8=0.0%, 16=0.0%, 32=0.0%, >=64=0.0%
     submit    : 0=0.0%, 4=100.0%, 8=0.0%, 16=0.0%, 32=0.0%, 64=0.0%, >=64=0.0%
     complete  : 0=0.0%, 4=100.0%, 8=0.0%, 16=0.0%, 32=0.0%, 64=0.0%, >=64=0.0%
     issued    : total=r=675252/w=0/d=0, short=r=0/w=0/d=0, drop=r=0/w=0/d=0
     latency   : target=0, window=0, percentile=100.00%, depth=1

Run status group 0 (all jobs):
   READ: io=675252MB, aggrb=2813.4MB/s, minb=2813.4MB/s, maxb=2813.4MB/s, mint=240016msec, maxt=240016msec

CPU idleness:
  system: 94.04%
  unit work: mean=55.10us, stddev=2.61
