fio-beegfs-read-unbuffered-block_128k-size_2G-threads_8: (g=0): rw=rw, bs=128K-128K/128K-128K/128K-128K, ioengine=psync, iodepth=1
...
fio-2.2.10
Starting 8 processes
fio-beegfs-read-unbuffered-block_128k-size_2G-threads_8: Laying out IO file(s) (4 file(s) / 8192MB)
fio-beegfs-read-unbuffered-block_128k-size_2G-threads_8: Laying out IO file(s) (4 file(s) / 8192MB)
fio-beegfs-read-unbuffered-block_128k-size_2G-threads_8: Laying out IO file(s) (4 file(s) / 8192MB)
fio-beegfs-read-unbuffered-block_128k-size_2G-threads_8: Laying out IO file(s) (4 file(s) / 8192MB)
fio-beegfs-read-unbuffered-block_128k-size_2G-threads_8: Laying out IO file(s) (4 file(s) / 8192MB)
fio-beegfs-read-unbuffered-block_128k-size_2G-threads_8: Laying out IO file(s) (4 file(s) / 8192MB)
fio-beegfs-read-unbuffered-block_128k-size_2G-threads_8: Laying out IO file(s) (4 file(s) / 8192MB)
fio-beegfs-read-unbuffered-block_128k-size_2G-threads_8: Laying out IO file(s) (4 file(s) / 8192MB)

fio-beegfs-read-unbuffered-block_128k-size_2G-threads_8: (groupid=0, jobs=8): err= 0: pid=3788774: Thu Nov 22 07:45:55 2018
  read : io=106209MB, bw=453152KB/s, iops=3540, runt=240003msec
    clat (usec): min=708, max=24849, avg=2257.84, stdev=437.09
     lat (usec): min=708, max=24849, avg=2257.99, stdev=437.09
    clat percentiles (usec):
     |  1.00th=[ 1640],  5.00th=[ 1832], 10.00th=[ 1912], 20.00th=[ 2064],
     | 30.00th=[ 2128], 40.00th=[ 2160], 50.00th=[ 2192], 60.00th=[ 2224],
     | 70.00th=[ 2288], 80.00th=[ 2416], 90.00th=[ 2544], 95.00th=[ 2736],
     | 99.00th=[ 4192], 99.50th=[ 4896], 99.90th=[ 6688], 99.95th=[ 7264],
     | 99.99th=[ 8896]
    bw (KB  /s): min=51250, max=59528, per=12.51%, avg=56694.08, stdev=1643.70
    lat (usec) : 750=0.01%, 1000=0.01%
    lat (msec) : 2=15.90%, 4=82.92%, 10=1.17%, 20=0.01%, 50=0.01%
  cpu          : usr=0.14%, sys=4.46%, ctx=904265, majf=0, minf=15427
  IO depths    : 1=100.0%, 2=0.0%, 4=0.0%, 8=0.0%, 16=0.0%, 32=0.0%, >=64=0.0%
     submit    : 0=0.0%, 4=100.0%, 8=0.0%, 16=0.0%, 32=0.0%, 64=0.0%, >=64=0.0%
     complete  : 0=0.0%, 4=100.0%, 8=0.0%, 16=0.0%, 32=0.0%, 64=0.0%, >=64=0.0%
     issued    : total=r=849671/w=0/d=0, short=r=0/w=0/d=0, drop=r=0/w=0/d=0
     latency   : target=0, window=0, percentile=100.00%, depth=1

Run status group 0 (all jobs):
   READ: io=106209MB, aggrb=453152KB/s, minb=453152KB/s, maxb=453152KB/s, mint=240003msec, maxt=240003msec

CPU idleness:
  system: 97.94%
  unit work: mean=55.22us, stddev=2.51
