fio-beegfs-write-unbuffered-block_128k-size_4G-threads_1: (g=0): rw=rw, bs=128K-128K/128K-128K/128K-128K, ioengine=psync, iodepth=1
fio-2.2.10
Starting 1 process
fio-beegfs-write-unbuffered-block_128k-size_4G-threads_1: Laying out IO file(s) (4 file(s) / 16384MB)

fio-beegfs-write-unbuffered-block_128k-size_4G-threads_1: (groupid=0, jobs=1): err= 0: pid=3396530: Wed Nov 21 07:07:30 2018
  write: io=55654MB, bw=237456KB/s, iops=1855, runt=240001msec
    clat (usec): min=424, max=42544, avg=535.54, stdev=150.62
     lat (usec): min=426, max=42545, avg=537.18, stdev=150.62
    clat percentiles (usec):
     |  1.00th=[  450],  5.00th=[  466], 10.00th=[  478], 20.00th=[  490],
     | 30.00th=[  502], 40.00th=[  510], 50.00th=[  524], 60.00th=[  532],
     | 70.00th=[  548], 80.00th=[  572], 90.00th=[  604], 95.00th=[  636],
     | 99.00th=[  692], 99.50th=[  708], 99.90th=[  964], 99.95th=[ 3792],
     | 99.99th=[ 5664]
    bw (KB  /s): min=218112, max=259584, per=100.00%, avg=237605.00, stdev=8096.59
    lat (usec) : 500=29.02%, 750=70.78%, 1000=0.10%
    lat (msec) : 2=0.03%, 4=0.02%, 10=0.05%, 50=0.01%
  cpu          : usr=0.96%, sys=10.46%, ctx=1564272, majf=0, minf=7900
  IO depths    : 1=100.0%, 2=0.0%, 4=0.0%, 8=0.0%, 16=0.0%, 32=0.0%, >=64=0.0%
     submit    : 0=0.0%, 4=100.0%, 8=0.0%, 16=0.0%, 32=0.0%, 64=0.0%, >=64=0.0%
     complete  : 0=0.0%, 4=100.0%, 8=0.0%, 16=0.0%, 32=0.0%, 64=0.0%, >=64=0.0%
     issued    : total=r=0/w=445231/d=0, short=r=0/w=0/d=0, drop=r=0/w=0/d=0
     latency   : target=0, window=0, percentile=100.00%, depth=1

Run status group 0 (all jobs):
  WRITE: io=55654MB, aggrb=237455KB/s, minb=237455KB/s, maxb=237455KB/s, mint=240001msec, maxt=240001msec

CPU idleness:
  system: 96.92%
  unit work: mean=54.52us, stddev=3.22
