fio-beegfs-write-buffered-block_128k-size_2G-threads_8: (g=0): rw=rw, bs=128K-128K/128K-128K/128K-128K, ioengine=psync, iodepth=1
...
fio-2.2.10
Starting 8 processes
fio-beegfs-write-buffered-block_128k-size_2G-threads_8: Laying out IO file(s) (4 file(s) / 8192MB)
fio-beegfs-write-buffered-block_128k-size_2G-threads_8: Laying out IO file(s) (4 file(s) / 8192MB)
fio-beegfs-write-buffered-block_128k-size_2G-threads_8: Laying out IO file(s) (4 file(s) / 8192MB)
fio-beegfs-write-buffered-block_128k-size_2G-threads_8: Laying out IO file(s) (4 file(s) / 8192MB)
fio-beegfs-write-buffered-block_128k-size_2G-threads_8: Laying out IO file(s) (4 file(s) / 8192MB)
fio-beegfs-write-buffered-block_128k-size_2G-threads_8: Laying out IO file(s) (4 file(s) / 8192MB)
fio-beegfs-write-buffered-block_128k-size_2G-threads_8: Laying out IO file(s) (4 file(s) / 8192MB)
fio-beegfs-write-buffered-block_128k-size_2G-threads_8: Laying out IO file(s) (4 file(s) / 8192MB)

fio-beegfs-write-buffered-block_128k-size_2G-threads_8: (groupid=0, jobs=8): err= 0: pid=3673615: Sat Nov 10 00:13:04 2018
  write: io=110379MB, bw=470786KB/s, iops=3678, runt=240083msec
    clat (usec): min=8, max=619459, avg=2170.92, stdev=28529.18
     lat (usec): min=9, max=619462, avg=2173.46, stdev=28529.25
    clat percentiles (usec):
     |  1.00th=[    9],  5.00th=[    9], 10.00th=[   12], 20.00th=[   13],
     | 30.00th=[   15], 40.00th=[   26], 50.00th=[   33], 60.00th=[   36],
     | 70.00th=[   49], 80.00th=[ 1032], 90.00th=[ 1256], 95.00th=[ 1368],
     | 99.00th=[ 1768], 99.50th=[20096], 99.90th=[473088], 99.95th=[489472],
     | 99.99th=[536576]
    bw (KB  /s): min=  246, max=406016, per=13.21%, avg=62205.85, stdev=79729.97
    lat (usec) : 10=5.20%, 20=31.70%, 50=33.24%, 100=4.66%, 250=0.19%
    lat (usec) : 500=0.03%, 750=1.89%, 1000=2.17%
    lat (msec) : 2=20.27%, 4=0.11%, 10=0.01%, 20=0.03%, 50=0.07%
    lat (msec) : 100=0.01%, 250=0.04%, 500=0.36%, 750=0.04%
  cpu          : usr=0.20%, sys=4.49%, ctx=2887719, majf=0, minf=15817
  IO depths    : 1=100.0%, 2=0.0%, 4=0.0%, 8=0.0%, 16=0.0%, 32=0.0%, >=64=0.0%
     submit    : 0=0.0%, 4=100.0%, 8=0.0%, 16=0.0%, 32=0.0%, 64=0.0%, >=64=0.0%
     complete  : 0=0.0%, 4=100.0%, 8=0.0%, 16=0.0%, 32=0.0%, 64=0.0%, >=64=0.0%
     issued    : total=r=0/w=883029/d=0, short=r=0/w=0/d=0, drop=r=0/w=0/d=0
     latency   : target=0, window=0, percentile=100.00%, depth=1

Run status group 0 (all jobs):
  WRITE: io=110379MB, aggrb=470785KB/s, minb=470785KB/s, maxb=470785KB/s, mint=240083msec, maxt=240083msec

CPU idleness:
  system: 99.57%
  unit work: mean=56.07us, stddev=2.09
