fio-beegfs-write-unbuffered-block_16k-size_4G-threads_8: (g=0): rw=rw, bs=16K-16K/16K-16K/16K-16K, ioengine=psync, iodepth=1
...
fio-2.2.10
Starting 8 processes
fio-beegfs-write-unbuffered-block_16k-size_4G-threads_8: Laying out IO file(s) (4 file(s) / 16384MB)
fio-beegfs-write-unbuffered-block_16k-size_4G-threads_8: Laying out IO file(s) (4 file(s) / 16384MB)
fio-beegfs-write-unbuffered-block_16k-size_4G-threads_8: Laying out IO file(s) (4 file(s) / 16384MB)
fio-beegfs-write-unbuffered-block_16k-size_4G-threads_8: Laying out IO file(s) (4 file(s) / 16384MB)
fio-beegfs-write-unbuffered-block_16k-size_4G-threads_8: Laying out IO file(s) (4 file(s) / 16384MB)
fio-beegfs-write-unbuffered-block_16k-size_4G-threads_8: Laying out IO file(s) (4 file(s) / 16384MB)
fio-beegfs-write-unbuffered-block_16k-size_4G-threads_8: Laying out IO file(s) (4 file(s) / 16384MB)
fio-beegfs-write-unbuffered-block_16k-size_4G-threads_8: Laying out IO file(s) (4 file(s) / 16384MB)

fio-beegfs-write-unbuffered-block_16k-size_4G-threads_8: (groupid=0, jobs=8): err= 0: pid=3851381: Thu Nov 22 12:47:53 2018
  write: io=86729MB, bw=370044KB/s, iops=23127, runt=240001msec
    clat (usec): min=166, max=20288, avg=343.79, stdev=151.69
     lat (usec): min=166, max=20289, avg=344.18, stdev=151.69
    clat percentiles (usec):
     |  1.00th=[  262],  5.00th=[  278], 10.00th=[  286], 20.00th=[  302],
     | 30.00th=[  310], 40.00th=[  318], 50.00th=[  326], 60.00th=[  334],
     | 70.00th=[  346], 80.00th=[  358], 90.00th=[  390], 95.00th=[  438],
     | 99.00th=[  732], 99.50th=[  828], 99.90th=[ 1544], 99.95th=[ 4704],
     | 99.99th=[ 6432]
    bw (KB  /s): min=40768, max=48512, per=12.51%, avg=46280.57, stdev=1509.92
    lat (usec) : 250=0.30%, 500=96.53%, 750=2.26%, 1000=0.72%
    lat (msec) : 2=0.11%, 4=0.02%, 10=0.05%, 20=0.01%, 50=0.01%
  cpu          : usr=1.08%, sys=11.04%, ctx=11102755, majf=0, minf=107374
  IO depths    : 1=100.0%, 2=0.0%, 4=0.0%, 8=0.0%, 16=0.0%, 32=0.0%, >=64=0.0%
     submit    : 0=0.0%, 4=100.0%, 8=0.0%, 16=0.0%, 32=0.0%, 64=0.0%, >=64=0.0%
     complete  : 0=0.0%, 4=100.0%, 8=0.0%, 16=0.0%, 32=0.0%, 64=0.0%, >=64=0.0%
     issued    : total=r=0/w=5550683/d=0, short=r=0/w=0/d=0, drop=r=0/w=0/d=0
     latency   : target=0, window=0, percentile=100.00%, depth=1

Run status group 0 (all jobs):
  WRITE: io=86729MB, aggrb=370043KB/s, minb=370043KB/s, maxb=370043KB/s, mint=240001msec, maxt=240001msec

CPU idleness:
  system: 96.16%
  unit work: mean=55.11us, stddev=2.70
