fio-beegfs-read-unbuffered-block_512k-size_1G-threads_8: (g=0): rw=rw, bs=512K-512K/512K-512K/512K-512K, ioengine=psync, iodepth=1
...
fio-2.2.10
Starting 8 processes
fio-beegfs-read-unbuffered-block_512k-size_1G-threads_8: Laying out IO file(s) (4 file(s) / 4096MB)
fio-beegfs-read-unbuffered-block_512k-size_1G-threads_8: Laying out IO file(s) (4 file(s) / 4096MB)
fio-beegfs-read-unbuffered-block_512k-size_1G-threads_8: Laying out IO file(s) (4 file(s) / 4096MB)
fio-beegfs-read-unbuffered-block_512k-size_1G-threads_8: Laying out IO file(s) (4 file(s) / 4096MB)
fio-beegfs-read-unbuffered-block_512k-size_1G-threads_8: Laying out IO file(s) (4 file(s) / 4096MB)
fio-beegfs-read-unbuffered-block_512k-size_1G-threads_8: Laying out IO file(s) (4 file(s) / 4096MB)
fio-beegfs-read-unbuffered-block_512k-size_1G-threads_8: Laying out IO file(s) (4 file(s) / 4096MB)
fio-beegfs-read-unbuffered-block_512k-size_1G-threads_8: Laying out IO file(s) (4 file(s) / 4096MB)

fio-beegfs-read-unbuffered-block_512k-size_1G-threads_8: (groupid=0, jobs=8): err= 0: pid=3739996: Thu Nov 22 03:53:36 2018
  read : io=121397MB, bw=517943KB/s, iops=1011, runt=240008msec
    clat (msec): min=2, max=216, avg= 7.91, stdev= 4.48
     lat (msec): min=2, max=216, avg= 7.91, stdev= 4.48
    clat percentiles (msec):
     |  1.00th=[    7],  5.00th=[    7], 10.00th=[    8], 20.00th=[    8],
     | 30.00th=[    8], 40.00th=[    8], 50.00th=[    8], 60.00th=[    8],
     | 70.00th=[    8], 80.00th=[    8], 90.00th=[    9], 95.00th=[   10],
     | 99.00th=[   14], 99.50th=[   16], 99.90th=[   23], 99.95th=[   29],
     | 99.99th=[  212]
    bw (KB  /s): min=13180, max=79779, per=12.52%, avg=64861.31, stdev=5279.47
    lat (msec) : 4=0.02%, 10=97.05%, 20=2.81%, 50=0.08%, 250=0.05%
  cpu          : usr=0.04%, sys=4.35%, ctx=582832, majf=0, minf=5238
  IO depths    : 1=100.0%, 2=0.0%, 4=0.0%, 8=0.0%, 16=0.0%, 32=0.0%, >=64=0.0%
     submit    : 0=0.0%, 4=100.0%, 8=0.0%, 16=0.0%, 32=0.0%, 64=0.0%, >=64=0.0%
     complete  : 0=0.0%, 4=100.0%, 8=0.0%, 16=0.0%, 32=0.0%, 64=0.0%, >=64=0.0%
     issued    : total=r=242794/w=0/d=0, short=r=0/w=0/d=0, drop=r=0/w=0/d=0
     latency   : target=0, window=0, percentile=100.00%, depth=1

Run status group 0 (all jobs):
   READ: io=121397MB, aggrb=517943KB/s, minb=517943KB/s, maxb=517943KB/s, mint=240008msec, maxt=240008msec

CPU idleness:
  system: 99.14%
  unit work: mean=55.80us, stddev=2.19
