fio-beegfs-read-buffered-block_1024k-size_2G-threads_4: (g=0): rw=rw, bs=1M-1M/1M-1M/1M-1M, ioengine=psync, iodepth=1
...
fio-2.2.10
Starting 4 processes
fio-beegfs-read-buffered-block_1024k-size_2G-threads_4: Laying out IO file(s) (4 file(s) / 8192MB)
fio-beegfs-read-buffered-block_1024k-size_2G-threads_4: Laying out IO file(s) (4 file(s) / 8192MB)
fio-beegfs-read-buffered-block_1024k-size_2G-threads_4: Laying out IO file(s) (4 file(s) / 8192MB)
fio-beegfs-read-buffered-block_1024k-size_2G-threads_4: Laying out IO file(s) (4 file(s) / 8192MB)

fio-beegfs-read-buffered-block_1024k-size_2G-threads_4: (groupid=0, jobs=4): err= 0: pid=3515739: Fri Nov  9 11:03:33 2018
  read : io=675420MB, bw=2814.3MB/s, iops=2814, runt=240002msec
    clat (usec): min=923, max=16369, avg=1419.21, stdev=163.81
     lat (usec): min=923, max=16369, avg=1419.35, stdev=163.82
    clat percentiles (usec):
     |  1.00th=[ 1160],  5.00th=[ 1240], 10.00th=[ 1272], 20.00th=[ 1320],
     | 30.00th=[ 1352], 40.00th=[ 1384], 50.00th=[ 1400], 60.00th=[ 1416],
     | 70.00th=[ 1448], 80.00th=[ 1480], 90.00th=[ 1560], 95.00th=[ 1688],
     | 99.00th=[ 2040], 99.50th=[ 2224], 99.90th=[ 2544], 99.95th=[ 2736],
     | 99.99th=[ 3248]
    bw (KB  /s): min=632832, max=768000, per=25.02%, avg=721060.61, stdev=16779.22
    lat (usec) : 1000=0.01%
    lat (msec) : 2=98.79%, 4=1.20%, 10=0.01%, 20=0.01%
  cpu          : usr=0.24%, sys=71.28%, ctx=3813040, majf=0, minf=16796
  IO depths    : 1=100.0%, 2=0.0%, 4=0.0%, 8=0.0%, 16=0.0%, 32=0.0%, >=64=0.0%
     submit    : 0=0.0%, 4=100.0%, 8=0.0%, 16=0.0%, 32=0.0%, 64=0.0%, >=64=0.0%
     complete  : 0=0.0%, 4=100.0%, 8=0.0%, 16=0.0%, 32=0.0%, 64=0.0%, >=64=0.0%
     issued    : total=r=675420/w=0/d=0, short=r=0/w=0/d=0, drop=r=0/w=0/d=0
     latency   : target=0, window=0, percentile=100.00%, depth=1

Run status group 0 (all jobs):
   READ: io=675420MB, aggrb=2814.3MB/s, minb=2814.3MB/s, maxb=2814.3MB/s, mint=240002msec, maxt=240002msec

CPU idleness:
  system: 94.99%
  unit work: mean=55.64us, stddev=2.15
