fio-beegfs-write-buffered-block_1024k-size_4G-threads_4: (g=0): rw=rw, bs=1M-1M/1M-1M/1M-1M, ioengine=psync, iodepth=1
...
fio-2.2.10
Starting 4 processes
fio-beegfs-write-buffered-block_1024k-size_4G-threads_4: Laying out IO file(s) (4 file(s) / 16384MB)
fio-beegfs-write-buffered-block_1024k-size_4G-threads_4: Laying out IO file(s) (4 file(s) / 16384MB)
fio-beegfs-write-buffered-block_1024k-size_4G-threads_4: Laying out IO file(s) (4 file(s) / 16384MB)
fio-beegfs-write-buffered-block_1024k-size_4G-threads_4: Laying out IO file(s) (4 file(s) / 16384MB)

fio-beegfs-write-buffered-block_1024k-size_4G-threads_4: (groupid=0, jobs=4): err= 0: pid=3589626: Fri Nov  9 17:14:27 2018
  write: io=96912MB, bw=412755KB/s, iops=403, runt=240428msec
    clat (msec): min=1, max=736, avg= 9.90, stdev=62.27
     lat (msec): min=1, max=737, avg= 9.92, stdev=62.27
    clat percentiles (usec):
     |  1.00th=[ 1208],  5.00th=[ 1288], 10.00th=[ 1320], 20.00th=[ 1368],
     | 30.00th=[ 1400], 40.00th=[ 1432], 50.00th=[ 1448], 60.00th=[ 1480],
     | 70.00th=[ 1512], 80.00th=[ 1544], 90.00th=[ 1608], 95.00th=[ 1704],
     | 99.00th=[460800], 99.50th=[485376], 99.90th=[522240], 99.95th=[659456],
     | 99.99th=[724992]
    bw (KB  /s): min= 1961, max=713325, per=27.35%, avg=112876.86, stdev=181941.48
    lat (msec) : 2=97.52%, 4=0.21%, 10=0.02%, 20=0.10%, 50=0.31%
    lat (msec) : 100=0.03%, 250=0.05%, 500=1.45%, 750=0.30%
  cpu          : usr=0.29%, sys=4.67%, ctx=1041579, majf=0, minf=2344
  IO depths    : 1=100.0%, 2=0.0%, 4=0.0%, 8=0.0%, 16=0.0%, 32=0.0%, >=64=0.0%
     submit    : 0=0.0%, 4=100.0%, 8=0.0%, 16=0.0%, 32=0.0%, 64=0.0%, >=64=0.0%
     complete  : 0=0.0%, 4=100.0%, 8=0.0%, 16=0.0%, 32=0.0%, 64=0.0%, >=64=0.0%
     issued    : total=r=0/w=96912/d=0, short=r=0/w=0/d=0, drop=r=0/w=0/d=0
     latency   : target=0, window=0, percentile=100.00%, depth=1

Run status group 0 (all jobs):
  WRITE: io=96912MB, aggrb=412755KB/s, minb=412755KB/s, maxb=412755KB/s, mint=240428msec, maxt=240428msec

CPU idleness:
  system: 98.49%
  unit work: mean=55.32us, stddev=2.56
