fio-beegfs-read-unbuffered-block_16k-size_2G-threads_1: (g=0): rw=rw, bs=16K-16K/16K-16K/16K-16K, ioengine=psync, iodepth=1
fio-2.2.10
Starting 1 process
fio-beegfs-read-unbuffered-block_16k-size_2G-threads_1: Laying out IO file(s) (4 file(s) / 8192MB)

fio-beegfs-read-unbuffered-block_16k-size_2G-threads_1: (groupid=0, jobs=1): err= 0: pid=3343106: Wed Nov 21 04:40:31 2018
  read : io=10999MB, bw=46928KB/s, iops=2932, runt=240001msec
    clat (usec): min=215, max=225308, avg=339.47, stdev=310.16
     lat (usec): min=215, max=225308, avg=339.58, stdev=310.16
    clat percentiles (usec):
     |  1.00th=[  227],  5.00th=[  247], 10.00th=[  270], 20.00th=[  294],
     | 30.00th=[  310], 40.00th=[  322], 50.00th=[  334], 60.00th=[  342],
     | 70.00th=[  354], 80.00th=[  370], 90.00th=[  390], 95.00th=[  406],
     | 99.00th=[  450], 99.50th=[  772], 99.90th=[ 2768], 99.95th=[ 3024],
     | 99.99th=[ 3248]
    bw (KB  /s): min=25504, max=58240, per=100.00%, avg=46944.89, stdev=3103.44
    lat (usec) : 250=5.62%, 500=93.66%, 750=0.21%, 1000=0.12%
    lat (msec) : 2=0.14%, 4=0.25%, 10=0.01%, 20=0.01%, 50=0.01%
    lat (msec) : 250=0.01%
  cpu          : usr=0.72%, sys=9.92%, ctx=712221, majf=0, minf=13540
  IO depths    : 1=100.0%, 2=0.0%, 4=0.0%, 8=0.0%, 16=0.0%, 32=0.0%, >=64=0.0%
     submit    : 0=0.0%, 4=100.0%, 8=0.0%, 16=0.0%, 32=0.0%, 64=0.0%, >=64=0.0%
     complete  : 0=0.0%, 4=100.0%, 8=0.0%, 16=0.0%, 32=0.0%, 64=0.0%, >=64=0.0%
     issued    : total=r=703921/w=0/d=0, short=r=0/w=0/d=0, drop=r=0/w=0/d=0
     latency   : target=0, window=0, percentile=100.00%, depth=1

Run status group 0 (all jobs):
   READ: io=10999MB, aggrb=46927KB/s, minb=46927KB/s, maxb=46927KB/s, mint=240001msec, maxt=240001msec

CPU idleness:
  system: 96.98%
  unit work: mean=54.51us, stddev=2.40
