fio-beegfs-write-buffered-block_64k-size_2G-threads_1: (g=0): rw=rw, bs=64K-64K/64K-64K/64K-64K, ioengine=psync, iodepth=1
fio-2.2.10
Starting 1 process
fio-beegfs-write-buffered-block_64k-size_2G-threads_1: Laying out IO file(s) (4 file(s) / 8192MB)

fio-beegfs-write-buffered-block_64k-size_2G-threads_1: (groupid=0, jobs=1): err= 0: pid=3324706: Thu Nov  8 20:13:53 2018
  write: io=123926MB, bw=528748KB/s, iops=8261, runt=240001msec
    clat (usec): min=5, max=2700.4K, avg=119.61, stdev=4600.89
     lat (usec): min=5, max=2700.4K, avg=120.23, stdev=4600.91
    clat percentiles (usec):
     |  1.00th=[    5],  5.00th=[    5], 10.00th=[    5], 20.00th=[    5],
     | 30.00th=[    5], 40.00th=[    5], 50.00th=[    5], 60.00th=[    6],
     | 70.00th=[    6], 80.00th=[    6], 90.00th=[  564], 95.00th=[  620],
     | 99.00th=[  692], 99.50th=[  724], 99.90th=[  788], 99.95th=[  828],
     | 99.99th=[22144]
    bw (KB  /s): min= 1835, max=827008, per=100.00%, avg=545004.65, stdev=311723.68
    lat (usec) : 10=87.19%, 20=0.26%, 50=0.04%, 100=0.01%, 250=0.01%
    lat (usec) : 500=0.47%, 750=11.79%, 1000=0.21%
    lat (msec) : 2=0.01%, 4=0.01%, 10=0.01%, 20=0.01%, 50=0.01%
    lat (msec) : 100=0.01%, 250=0.01%, 500=0.01%, 750=0.01%, 1000=0.01%
    lat (msec) : 2000=0.01%, >=2000=0.01%
  cpu          : usr=1.52%, sys=19.56%, ctx=1218526, majf=0, minf=28529
  IO depths    : 1=100.0%, 2=0.0%, 4=0.0%, 8=0.0%, 16=0.0%, 32=0.0%, >=64=0.0%
     submit    : 0=0.0%, 4=100.0%, 8=0.0%, 16=0.0%, 32=0.0%, 64=0.0%, >=64=0.0%
     complete  : 0=0.0%, 4=100.0%, 8=0.0%, 16=0.0%, 32=0.0%, 64=0.0%, >=64=0.0%
     issued    : total=r=0/w=1982815/d=0, short=r=0/w=0/d=0, drop=r=0/w=0/d=0
     latency   : target=0, window=0, percentile=100.00%, depth=1

Run status group 0 (all jobs):
  WRITE: io=123926MB, aggrb=528748KB/s, minb=528748KB/s, maxb=528748KB/s, mint=240001msec, maxt=240001msec

CPU idleness:
  system: 86.88%
  unit work: mean=51.86us, stddev=4.76
