fio-beegfs-write-unbuffered-block_512k-size_1G-threads_4: (g=0): rw=rw, bs=512K-512K/512K-512K/512K-512K, ioengine=psync, iodepth=1
...
fio-2.2.10
Starting 4 processes
fio-beegfs-write-unbuffered-block_512k-size_1G-threads_4: Laying out IO file(s) (4 file(s) / 4096MB)
fio-beegfs-write-unbuffered-block_512k-size_1G-threads_4: Laying out IO file(s) (4 file(s) / 4096MB)
fio-beegfs-write-unbuffered-block_512k-size_1G-threads_4: Laying out IO file(s) (4 file(s) / 4096MB)
fio-beegfs-write-unbuffered-block_512k-size_1G-threads_4: Laying out IO file(s) (4 file(s) / 4096MB)

fio-beegfs-write-unbuffered-block_512k-size_1G-threads_4: (groupid=0, jobs=4): err= 0: pid=3557488: Wed Nov 21 16:13:28 2018
  write: io=90023MB, bw=384085KB/s, iops=750, runt=240007msec
    clat (msec): min=1, max=17, avg= 5.32, stdev= 1.06
     lat (msec): min=1, max=17, avg= 5.33, stdev= 1.06
    clat percentiles (usec):
     |  1.00th=[ 3920],  5.00th=[ 3952], 10.00th=[ 4080], 20.00th=[ 4576],
     | 30.00th=[ 4832], 40.00th=[ 4960], 50.00th=[ 5152], 60.00th=[ 5536],
     | 70.00th=[ 5664], 80.00th=[ 5920], 90.00th=[ 6176], 95.00th=[ 6880],
     | 99.00th=[ 9792], 99.50th=[10944], 99.90th=[12224], 99.95th=[12608],
     | 99.99th=[13760]
    bw (KB  /s): min=67584, max=105261, per=25.02%, avg=96116.99, stdev=7422.75
    lat (msec) : 2=0.01%, 4=7.35%, 10=91.74%, 20=0.92%
  cpu          : usr=0.23%, sys=4.82%, ctx=1043869, majf=0, minf=3786
  IO depths    : 1=100.0%, 2=0.0%, 4=0.0%, 8=0.0%, 16=0.0%, 32=0.0%, >=64=0.0%
     submit    : 0=0.0%, 4=100.0%, 8=0.0%, 16=0.0%, 32=0.0%, 64=0.0%, >=64=0.0%
     complete  : 0=0.0%, 4=100.0%, 8=0.0%, 16=0.0%, 32=0.0%, 64=0.0%, >=64=0.0%
     issued    : total=r=0/w=180045/d=0, short=r=0/w=0/d=0, drop=r=0/w=0/d=0
     latency   : target=0, window=0, percentile=100.00%, depth=1

Run status group 0 (all jobs):
  WRITE: io=90023MB, aggrb=384084KB/s, minb=384084KB/s, maxb=384084KB/s, mint=240007msec, maxt=240007msec

CPU idleness:
  system: 93.70%
  unit work: mean=52.73us, stddev=4.38
