fio-beegfs-read-unbuffered-block_128k-size_2G-threads_4: (g=0): rw=rw, bs=128K-128K/128K-128K/128K-128K, ioengine=psync, iodepth=1
...
fio-2.2.10
Starting 4 processes
fio-beegfs-read-unbuffered-block_128k-size_2G-threads_4: Laying out IO file(s) (4 file(s) / 8192MB)
fio-beegfs-read-unbuffered-block_128k-size_2G-threads_4: Laying out IO file(s) (4 file(s) / 8192MB)
fio-beegfs-read-unbuffered-block_128k-size_2G-threads_4: Laying out IO file(s) (4 file(s) / 8192MB)
fio-beegfs-read-unbuffered-block_128k-size_2G-threads_4: Laying out IO file(s) (4 file(s) / 8192MB)

fio-beegfs-read-unbuffered-block_128k-size_2G-threads_4: (groupid=0, jobs=4): err= 0: pid=3593336: Wed Nov 21 18:16:20 2018
  read : io=96042MB, bw=409777KB/s, iops=3201, runt=240001msec
    clat (usec): min=590, max=22861, avg=1247.69, stdev=262.44
     lat (usec): min=590, max=22861, avg=1247.83, stdev=262.44
    clat percentiles (usec):
     |  1.00th=[  916],  5.00th=[ 1048], 10.00th=[ 1096], 20.00th=[ 1128],
     | 30.00th=[ 1144], 40.00th=[ 1176], 50.00th=[ 1192], 60.00th=[ 1224],
     | 70.00th=[ 1288], 80.00th=[ 1368], 90.00th=[ 1432], 95.00th=[ 1480],
     | 99.00th=[ 2024], 99.50th=[ 3216], 99.90th=[ 4128], 99.95th=[ 4576],
     | 99.99th=[ 6176]
    bw (KB  /s): min=91648, max=106538, per=25.02%, avg=102533.11, stdev=2845.36
    lat (usec) : 750=0.03%, 1000=3.29%
    lat (msec) : 2=95.68%, 4=0.89%, 10=0.12%, 20=0.01%, 50=0.01%
  cpu          : usr=0.24%, sys=8.13%, ctx=832825, majf=0, minf=17891
  IO depths    : 1=100.0%, 2=0.0%, 4=0.0%, 8=0.0%, 16=0.0%, 32=0.0%, >=64=0.0%
     submit    : 0=0.0%, 4=100.0%, 8=0.0%, 16=0.0%, 32=0.0%, 64=0.0%, >=64=0.0%
     complete  : 0=0.0%, 4=100.0%, 8=0.0%, 16=0.0%, 32=0.0%, 64=0.0%, >=64=0.0%
     issued    : total=r=768335/w=0/d=0, short=r=0/w=0/d=0, drop=r=0/w=0/d=0
     latency   : target=0, window=0, percentile=100.00%, depth=1

Run status group 0 (all jobs):
   READ: io=96042MB, aggrb=409776KB/s, minb=409776KB/s, maxb=409776KB/s, mint=240001msec, maxt=240001msec

CPU idleness:
  system: 98.64%
  unit work: mean=55.58us, stddev=2.43
