fio-beegfs-write-buffered-block_1024k-size_1G-threads_4: (g=0): rw=rw, bs=1M-1M/1M-1M/1M-1M, ioengine=psync, iodepth=1
...
fio-2.2.10
Starting 4 processes
fio-beegfs-write-buffered-block_1024k-size_1G-threads_4: Laying out IO file(s) (4 file(s) / 4096MB)
fio-beegfs-write-buffered-block_1024k-size_1G-threads_4: Laying out IO file(s) (4 file(s) / 4096MB)
fio-beegfs-write-buffered-block_1024k-size_1G-threads_4: Laying out IO file(s) (4 file(s) / 4096MB)
fio-beegfs-write-buffered-block_1024k-size_1G-threads_4: Laying out IO file(s) (4 file(s) / 4096MB)

fio-beegfs-write-buffered-block_1024k-size_1G-threads_4: (groupid=0, jobs=4): err= 0: pid=3478493: Fri Nov  9 08:02:04 2018
  write: io=96795MB, bw=412579KB/s, iops=402, runt=240240msec
    clat (usec): min=921, max=1005.2K, avg=9902.48, stdev=60496.66
     lat (usec): min=935, max=1005.2K, avg=9924.89, stdev=60496.69
    clat percentiles (usec):
     |  1.00th=[ 1160],  5.00th=[ 1288], 10.00th=[ 1320], 20.00th=[ 1368],
     | 30.00th=[ 1400], 40.00th=[ 1432], 50.00th=[ 1464], 60.00th=[ 1480],
     | 70.00th=[ 1512], 80.00th=[ 1560], 90.00th=[ 1624], 95.00th=[ 1720],
     | 99.00th=[464896], 99.50th=[485376], 99.90th=[522240], 99.95th=[536576],
     | 99.99th=[643072]
    bw (KB  /s): min= 1924, max=703105, per=26.92%, avg=111058.11, stdev=177733.35
    lat (usec) : 1000=0.07%
    lat (msec) : 2=97.18%, 4=0.18%, 10=0.02%, 20=0.07%, 50=0.42%
    lat (msec) : 100=0.08%, 250=0.21%, 500=1.45%, 750=0.30%, 1000=0.01%
    lat (msec) : 2000=0.01%
  cpu          : usr=0.27%, sys=4.65%, ctx=1037409, majf=0, minf=2338
  IO depths    : 1=100.0%, 2=0.0%, 4=0.0%, 8=0.0%, 16=0.0%, 32=0.0%, >=64=0.0%
     submit    : 0=0.0%, 4=100.0%, 8=0.0%, 16=0.0%, 32=0.0%, 64=0.0%, >=64=0.0%
     complete  : 0=0.0%, 4=100.0%, 8=0.0%, 16=0.0%, 32=0.0%, 64=0.0%, >=64=0.0%
     issued    : total=r=0/w=96795/d=0, short=r=0/w=0/d=0, drop=r=0/w=0/d=0
     latency   : target=0, window=0, percentile=100.00%, depth=1

Run status group 0 (all jobs):
  WRITE: io=96795MB, aggrb=412579KB/s, minb=412579KB/s, maxb=412579KB/s, mint=240240msec, maxt=240240msec

CPU idleness:
  system: 99.58%
  unit work: mean=55.92us, stddev=2.18
