fio-beegfs-write-buffered-block_64k-size_4G-threads_8: (g=0): rw=rw, bs=64K-64K/64K-64K/64K-64K, ioengine=psync, iodepth=1
...
fio-2.2.10
Starting 8 processes
fio-beegfs-write-buffered-block_64k-size_4G-threads_8: Laying out IO file(s) (4 file(s) / 16384MB)
fio-beegfs-write-buffered-block_64k-size_4G-threads_8: Laying out IO file(s) (4 file(s) / 16384MB)
fio-beegfs-write-buffered-block_64k-size_4G-threads_8: Laying out IO file(s) (4 file(s) / 16384MB)
fio-beegfs-write-buffered-block_64k-size_4G-threads_8: Laying out IO file(s) (4 file(s) / 16384MB)
fio-beegfs-write-buffered-block_64k-size_4G-threads_8: Laying out IO file(s) (4 file(s) / 16384MB)
fio-beegfs-write-buffered-block_64k-size_4G-threads_8: Laying out IO file(s) (4 file(s) / 16384MB)
fio-beegfs-write-buffered-block_64k-size_4G-threads_8: Laying out IO file(s) (4 file(s) / 16384MB)
fio-beegfs-write-buffered-block_64k-size_4G-threads_8: Laying out IO file(s) (4 file(s) / 16384MB)

fio-beegfs-write-buffered-block_64k-size_4G-threads_8: (groupid=0, jobs=8): err= 0: pid=3754784: Sat Nov 10 06:58:37 2018
  write: io=100177MB, bw=427275KB/s, iops=6676, runt=240083msec
    clat (usec): min=4, max=729506, avg=1196.24, stdev=21836.84
     lat (usec): min=5, max=729507, avg=1197.17, stdev=21836.87
    clat percentiles (usec):
     |  1.00th=[    4],  5.00th=[    5], 10.00th=[    5], 20.00th=[    7],
     | 30.00th=[    7], 40.00th=[    8], 50.00th=[   16], 60.00th=[   17],
     | 70.00th=[   18], 80.00th=[   23], 90.00th=[ 1048], 95.00th=[ 1240],
     | 99.00th=[ 1496], 99.50th=[ 1720], 99.90th=[456704], 99.95th=[477184],
     | 99.99th=[552960]
    bw (KB  /s): min=  123, max=389120, per=13.28%, avg=56739.82, stdev=73260.99
    lat (usec) : 10=45.27%, 20=30.52%, 50=10.96%, 100=0.71%, 250=0.04%
    lat (usec) : 500=0.02%, 750=0.71%, 1000=1.18%
    lat (msec) : 2=10.28%, 4=0.04%, 10=0.01%, 20=0.01%, 50=0.03%
    lat (msec) : 100=0.01%, 250=0.01%, 500=0.20%, 750=0.02%
  cpu          : usr=0.20%, sys=4.00%, ctx=2291364, majf=0, minf=36538
  IO depths    : 1=100.0%, 2=0.0%, 4=0.0%, 8=0.0%, 16=0.0%, 32=0.0%, >=64=0.0%
     submit    : 0=0.0%, 4=100.0%, 8=0.0%, 16=0.0%, 32=0.0%, 64=0.0%, >=64=0.0%
     complete  : 0=0.0%, 4=100.0%, 8=0.0%, 16=0.0%, 32=0.0%, 64=0.0%, >=64=0.0%
     issued    : total=r=0/w=1602836/d=0, short=r=0/w=0/d=0, drop=r=0/w=0/d=0
     latency   : target=0, window=0, percentile=100.00%, depth=1

Run status group 0 (all jobs):
  WRITE: io=100177MB, aggrb=427275KB/s, minb=427275KB/s, maxb=427275KB/s, mint=240083msec, maxt=240083msec

CPU idleness:
  system: 99.44%
  unit work: mean=55.99us, stddev=2.20
