fio-beegfs-write-buffered-block_16k-size_4G-threads_1: (g=0): rw=rw, bs=16K-16K/16K-16K/16K-16K, ioengine=psync, iodepth=1
fio-2.2.10
Starting 1 process
fio-beegfs-write-buffered-block_16k-size_4G-threads_1: Laying out IO file(s) (4 file(s) / 16384MB)

fio-beegfs-write-buffered-block_16k-size_4G-threads_1: (groupid=0, jobs=1): err= 0: pid=3339507: Thu Nov  8 21:29:09 2018
  write: io=106022MB, bw=452359KB/s, iops=28272, runt=240001msec
    clat (usec): min=1, max=680045, avg=34.55, stdev=2440.12
     lat (usec): min=1, max=680045, avg=34.75, stdev=2440.12
    clat percentiles (usec):
     |  1.00th=[    1],  5.00th=[    1], 10.00th=[    1], 20.00th=[    2],
     | 30.00th=[    2], 40.00th=[    2], 50.00th=[    2], 60.00th=[    2],
     | 70.00th=[    2], 80.00th=[    2], 90.00th=[    2], 95.00th=[    2],
     | 99.00th=[  612], 99.50th=[  652], 99.90th=[  716], 99.95th=[  748],
     | 99.99th=[ 1608]
    bw (KB  /s): min=24576, max=810944, per=100.00%, avg=464214.83, stdev=311348.39
    lat (usec) : 2=14.85%, 4=81.31%, 10=0.69%, 20=0.01%, 50=0.01%
    lat (usec) : 100=0.01%, 250=0.01%, 500=0.21%, 750=2.87%, 1000=0.03%
    lat (msec) : 2=0.01%, 4=0.01%, 10=0.01%, 20=0.01%, 50=0.01%
    lat (msec) : 100=0.01%, 250=0.01%, 500=0.01%, 750=0.01%
  cpu          : usr=3.25%, sys=17.46%, ctx=1041764, majf=0, minf=84810
  IO depths    : 1=100.0%, 2=0.0%, 4=0.0%, 8=0.0%, 16=0.0%, 32=0.0%, >=64=0.0%
     submit    : 0=0.0%, 4=100.0%, 8=0.0%, 16=0.0%, 32=0.0%, 64=0.0%, >=64=0.0%
     complete  : 0=0.0%, 4=100.0%, 8=0.0%, 16=0.0%, 32=0.0%, 64=0.0%, >=64=0.0%
     issued    : total=r=0/w=6785406/d=0, short=r=0/w=0/d=0, drop=r=0/w=0/d=0
     latency   : target=0, window=0, percentile=100.00%, depth=1

Run status group 0 (all jobs):
  WRITE: io=106022MB, aggrb=452358KB/s, minb=452358KB/s, maxb=452358KB/s, mint=240001msec, maxt=240001msec

CPU idleness:
  system: 87.34%
  unit work: mean=52.15us, stddev=4.81
