fio-beegfs-write-buffered-block_128k-size_1G-threads_8: (g=0): rw=rw, bs=128K-128K/128K-128K/128K-128K, ioengine=psync, iodepth=1
...
fio-2.2.10
Starting 8 processes
fio-beegfs-write-buffered-block_128k-size_1G-threads_8: Laying out IO file(s) (4 file(s) / 4096MB)
fio-beegfs-write-buffered-block_128k-size_1G-threads_8: Laying out IO file(s) (4 file(s) / 4096MB)
fio-beegfs-write-buffered-block_128k-size_1G-threads_8: Laying out IO file(s) (4 file(s) / 4096MB)
fio-beegfs-write-buffered-block_128k-size_1G-threads_8: Laying out IO file(s) (4 file(s) / 4096MB)
fio-beegfs-write-buffered-block_128k-size_1G-threads_8: Laying out IO file(s) (4 file(s) / 4096MB)
fio-beegfs-write-buffered-block_128k-size_1G-threads_8: Laying out IO file(s) (4 file(s) / 4096MB)
fio-beegfs-write-buffered-block_128k-size_1G-threads_8: Laying out IO file(s) (4 file(s) / 4096MB)
fio-beegfs-write-buffered-block_128k-size_1G-threads_8: Laying out IO file(s) (4 file(s) / 4096MB)

fio-beegfs-write-buffered-block_128k-size_1G-threads_8: (groupid=0, jobs=8): err= 0: pid=3614412: Fri Nov  9 19:17:11 2018
  write: io=108174MB, bw=461225KB/s, iops=3603, runt=240166msec
    clat (usec): min=8, max=669493, avg=2216.50, stdev=28440.46
     lat (usec): min=9, max=669494, avg=2218.78, stdev=28440.52
    clat percentiles (usec):
     |  1.00th=[    9],  5.00th=[    9], 10.00th=[   12], 20.00th=[   13],
     | 30.00th=[   14], 40.00th=[   23], 50.00th=[   33], 60.00th=[   34],
     | 70.00th=[   46], 80.00th=[ 1032], 90.00th=[ 1256], 95.00th=[ 1368],
     | 99.00th=[ 1784], 99.50th=[24448], 99.90th=[477184], 99.95th=[493568],
     | 99.99th=[528384]
    bw (KB  /s): min=  245, max=384512, per=13.37%, avg=61653.18, stdev=75060.43
    lat (usec) : 10=6.18%, 20=32.69%, 50=32.42%, 100=3.63%, 250=0.07%
    lat (usec) : 500=0.03%, 750=2.00%, 1000=2.24%
    lat (msec) : 2=20.06%, 4=0.12%, 10=0.01%, 20=0.02%, 50=0.07%
    lat (msec) : 100=0.01%, 250=0.06%, 500=0.37%, 750=0.03%
  cpu          : usr=0.19%, sys=4.23%, ctx=2809592, majf=0, minf=15622
  IO depths    : 1=100.0%, 2=0.0%, 4=0.0%, 8=0.0%, 16=0.0%, 32=0.0%, >=64=0.0%
     submit    : 0=0.0%, 4=100.0%, 8=0.0%, 16=0.0%, 32=0.0%, 64=0.0%, >=64=0.0%
     complete  : 0=0.0%, 4=100.0%, 8=0.0%, 16=0.0%, 32=0.0%, 64=0.0%, >=64=0.0%
     issued    : total=r=0/w=865395/d=0, short=r=0/w=0/d=0, drop=r=0/w=0/d=0
     latency   : target=0, window=0, percentile=100.00%, depth=1

Run status group 0 (all jobs):
  WRITE: io=108174MB, aggrb=461224KB/s, minb=461224KB/s, maxb=461224KB/s, mint=240166msec, maxt=240166msec

CPU idleness:
  system: 98.04%
  unit work: mean=55.22us, stddev=2.84
