fio-beegfs-read-buffered-block_512k-size_4G-threads_2: (g=0): rw=rw, bs=512K-512K/512K-512K/512K-512K, ioengine=psync, iodepth=1
...
fio-2.2.10
Starting 2 processes
fio-beegfs-read-buffered-block_512k-size_4G-threads_2: Laying out IO file(s) (4 file(s) / 16384MB)
fio-beegfs-read-buffered-block_512k-size_4G-threads_2: Laying out IO file(s) (4 file(s) / 16384MB)

fio-beegfs-read-buffered-block_512k-size_4G-threads_2: (groupid=0, jobs=2): err= 0: pid=3440534: Fri Nov  9 04:57:46 2018
  read : io=452264MB, bw=1884.5MB/s, iops=3768, runt=240001msec
    clat (usec): min=348, max=12795, avg=528.76, stdev=52.45
     lat (usec): min=348, max=12795, avg=528.89, stdev=52.45
    clat percentiles (usec):
     |  1.00th=[  450],  5.00th=[  466], 10.00th=[  478], 20.00th=[  494],
     | 30.00th=[  506], 40.00th=[  516], 50.00th=[  524], 60.00th=[  540],
     | 70.00th=[  548], 80.00th=[  564], 90.00th=[  580], 95.00th=[  596],
     | 99.00th=[  644], 99.50th=[  716], 99.90th=[  860], 99.95th=[  900],
     | 99.99th=[  948]
    bw (KB  /s): min=918528, max=1011712, per=50.03%, avg=965350.88, stdev=14070.35
    lat (usec) : 500=24.90%, 750=74.78%, 1000=0.32%
    lat (msec) : 2=0.01%, 4=0.01%, 10=0.01%, 20=0.01%
  cpu          : usr=0.61%, sys=69.53%, ctx=1969884, majf=0, minf=15881
  IO depths    : 1=100.0%, 2=0.0%, 4=0.0%, 8=0.0%, 16=0.0%, 32=0.0%, >=64=0.0%
     submit    : 0=0.0%, 4=100.0%, 8=0.0%, 16=0.0%, 32=0.0%, 64=0.0%, >=64=0.0%
     complete  : 0=0.0%, 4=100.0%, 8=0.0%, 16=0.0%, 32=0.0%, 64=0.0%, >=64=0.0%
     issued    : total=r=904528/w=0/d=0, short=r=0/w=0/d=0, drop=r=0/w=0/d=0
     latency   : target=0, window=0, percentile=100.00%, depth=1

Run status group 0 (all jobs):
   READ: io=452264MB, aggrb=1884.5MB/s, minb=1884.5MB/s, maxb=1884.5MB/s, mint=240001msec, maxt=240001msec

CPU idleness:
  system: 87.29%
  unit work: mean=49.96us, stddev=4.45
