fio-beegfs-write-buffered-block_1024k-size_1G-threads_8: (g=0): rw=rw, bs=1M-1M/1M-1M/1M-1M, ioengine=psync, iodepth=1
...
fio-2.2.10
Starting 8 processes
fio-beegfs-write-buffered-block_1024k-size_1G-threads_8: Laying out IO file(s) (4 file(s) / 4096MB)
fio-beegfs-write-buffered-block_1024k-size_1G-threads_8: Laying out IO file(s) (4 file(s) / 4096MB)
fio-beegfs-write-buffered-block_1024k-size_1G-threads_8: Laying out IO file(s) (4 file(s) / 4096MB)
fio-beegfs-write-buffered-block_1024k-size_1G-threads_8: Laying out IO file(s) (4 file(s) / 4096MB)
fio-beegfs-write-buffered-block_1024k-size_1G-threads_8: Laying out IO file(s) (4 file(s) / 4096MB)
fio-beegfs-write-buffered-block_1024k-size_1G-threads_8: Laying out IO file(s) (4 file(s) / 4096MB)
fio-beegfs-write-buffered-block_1024k-size_1G-threads_8: Laying out IO file(s) (4 file(s) / 4096MB)
fio-beegfs-write-buffered-block_1024k-size_1G-threads_8: Laying out IO file(s) (4 file(s) / 4096MB)

fio-beegfs-write-buffered-block_1024k-size_1G-threads_8: (groupid=0, jobs=8): err= 0: pid=3630782: Fri Nov  9 20:38:02 2018
  write: io=101313MB, bw=431900KB/s, iops=421, runt=240205msec
    clat (msec): min=1, max=993, avg=18.94, stdev=83.97
     lat (msec): min=1, max=993, avg=18.96, stdev=83.97
    clat percentiles (usec):
     |  1.00th=[ 1192],  5.00th=[ 1320], 10.00th=[ 1512], 20.00th=[ 2384],
     | 30.00th=[ 2544], 40.00th=[ 2608], 50.00th=[ 2672], 60.00th=[ 2704],
     | 70.00th=[ 2704], 80.00th=[ 2768], 90.00th=[ 2864], 95.00th=[ 4128],
     | 99.00th=[481280], 99.50th=[501760], 99.90th=[569344], 99.95th=[593920],
     | 99.99th=[651264]
    bw (KB  /s): min= 1607, max=421045, per=13.36%, avg=57698.47, stdev=72219.17
    lat (msec) : 2=11.57%, 4=82.96%, 10=0.86%, 20=0.07%, 50=0.63%
    lat (msec) : 100=0.20%, 250=0.17%, 500=2.97%, 750=0.56%, 1000=0.01%
  cpu          : usr=0.17%, sys=2.88%, ctx=3534452, majf=0, minf=2050
  IO depths    : 1=100.0%, 2=0.0%, 4=0.0%, 8=0.0%, 16=0.0%, 32=0.0%, >=64=0.0%
     submit    : 0=0.0%, 4=100.0%, 8=0.0%, 16=0.0%, 32=0.0%, 64=0.0%, >=64=0.0%
     complete  : 0=0.0%, 4=100.0%, 8=0.0%, 16=0.0%, 32=0.0%, 64=0.0%, >=64=0.0%
     issued    : total=r=0/w=101313/d=0, short=r=0/w=0/d=0, drop=r=0/w=0/d=0
     latency   : target=0, window=0, percentile=100.00%, depth=1

Run status group 0 (all jobs):
  WRITE: io=101313MB, aggrb=431899KB/s, minb=431899KB/s, maxb=431899KB/s, mint=240205msec, maxt=240205msec

CPU idleness:
  system: 98.37%
  unit work: mean=55.36us, stddev=2.53
