fio-beegfs-write-buffered-block_512k-size_2G-threads_2: (g=0): rw=rw, bs=512K-512K/512K-512K/512K-512K, ioengine=psync, iodepth=1
...
fio-2.2.10
Starting 2 processes
fio-beegfs-write-buffered-block_512k-size_2G-threads_2: Laying out IO file(s) (4 file(s) / 8192MB)
fio-beegfs-write-buffered-block_512k-size_2G-threads_2: Laying out IO file(s) (4 file(s) / 8192MB)

fio-beegfs-write-buffered-block_512k-size_2G-threads_2: (groupid=0, jobs=2): err= 0: pid=3407206: Fri Nov  9 02:13:14 2018
  write: io=85892MB, bw=366295KB/s, iops=715, runt=240116msec
    clat (usec): min=457, max=725714, avg=2784.99, stdev=31376.12
     lat (usec): min=465, max=725722, avg=2793.45, stdev=31376.12
    clat percentiles (usec):
     |  1.00th=[  510],  5.00th=[  524], 10.00th=[  540], 20.00th=[  548],
     | 30.00th=[  564], 40.00th=[  596], 50.00th=[  620], 60.00th=[  628],
     | 70.00th=[  644], 80.00th=[  660], 90.00th=[  684], 95.00th=[  708],
     | 99.00th=[  820], 99.50th=[25728], 99.90th=[489472], 99.95th=[505856],
     | 99.99th=[659456]
    bw (KB  /s): min= 1021, max=920576, per=53.53%, avg=196077.03, stdev=289075.74
    lat (usec) : 500=0.21%, 750=97.88%, 1000=1.22%
    lat (msec) : 2=0.04%, 4=0.01%, 10=0.01%, 20=0.03%, 50=0.13%
    lat (msec) : 100=0.01%, 250=0.03%, 500=0.39%, 750=0.06%
  cpu          : usr=0.48%, sys=8.51%, ctx=771008, majf=0, minf=3387
  IO depths    : 1=100.0%, 2=0.0%, 4=0.0%, 8=0.0%, 16=0.0%, 32=0.0%, >=64=0.0%
     submit    : 0=0.0%, 4=100.0%, 8=0.0%, 16=0.0%, 32=0.0%, 64=0.0%, >=64=0.0%
     complete  : 0=0.0%, 4=100.0%, 8=0.0%, 16=0.0%, 32=0.0%, 64=0.0%, >=64=0.0%
     issued    : total=r=0/w=171784/d=0, short=r=0/w=0/d=0, drop=r=0/w=0/d=0
     latency   : target=0, window=0, percentile=100.00%, depth=1

Run status group 0 (all jobs):
  WRITE: io=85892MB, aggrb=366295KB/s, minb=366295KB/s, maxb=366295KB/s, mint=240116msec, maxt=240116msec

CPU idleness:
  system: 93.47%
  unit work: mean=52.46us, stddev=2.80
