fio-beegfs-write-unbuffered-block_1024k-size_2G-threads_2: (g=0): rw=rw, bs=1M-1M/1M-1M/1M-1M, ioengine=psync, iodepth=1
...
fio-2.2.10
Starting 2 processes
fio-beegfs-write-unbuffered-block_1024k-size_2G-threads_2: Laying out IO file(s) (4 file(s) / 8192MB)
fio-beegfs-write-unbuffered-block_1024k-size_2G-threads_2: Laying out IO file(s) (4 file(s) / 8192MB)

fio-beegfs-write-unbuffered-block_1024k-size_2G-threads_2: (groupid=0, jobs=2): err= 0: pid=3471877: Wed Nov 21 11:20:44 2018
  write: io=90128MB, bw=384541KB/s, iops=375, runt=240003msec
    clat (msec): min=2, max=15, avg= 5.31, stdev= 1.04
     lat (msec): min=2, max=15, avg= 5.32, stdev= 1.04
    clat percentiles (usec):
     |  1.00th=[ 3952],  5.00th=[ 4016], 10.00th=[ 4128], 20.00th=[ 4576],
     | 30.00th=[ 4832], 40.00th=[ 5024], 50.00th=[ 5088], 60.00th=[ 5472],
     | 70.00th=[ 5664], 80.00th=[ 5856], 90.00th=[ 6112], 95.00th=[ 6752],
     | 99.00th=[ 9792], 99.50th=[11072], 99.90th=[12224], 99.95th=[12736],
     | 99.99th=[13888]
    bw (KB  /s): min=136126, max=209685, per=50.05%, avg=192471.68, stdev=14857.35
    lat (msec) : 4=4.50%, 10=94.59%, 20=0.91%
  cpu          : usr=0.36%, sys=10.46%, ctx=1111085, majf=0, minf=1892
  IO depths    : 1=100.0%, 2=0.0%, 4=0.0%, 8=0.0%, 16=0.0%, 32=0.0%, >=64=0.0%
     submit    : 0=0.0%, 4=100.0%, 8=0.0%, 16=0.0%, 32=0.0%, 64=0.0%, >=64=0.0%
     complete  : 0=0.0%, 4=100.0%, 8=0.0%, 16=0.0%, 32=0.0%, 64=0.0%, >=64=0.0%
     issued    : total=r=0/w=90128/d=0, short=r=0/w=0/d=0, drop=r=0/w=0/d=0
     latency   : target=0, window=0, percentile=100.00%, depth=1

Run status group 0 (all jobs):
  WRITE: io=90128MB, aggrb=384541KB/s, minb=384541KB/s, maxb=384541KB/s, mint=240003msec, maxt=240003msec

CPU idleness:
  system: 98.23%
  unit work: mean=55.26us, stddev=2.39
