fio-beegfs-read-buffered-block_512k-size_1G-threads_8: (g=0): rw=rw, bs=512K-512K/512K-512K/512K-512K, ioengine=psync, iodepth=1
...
fio-2.2.10
Starting 8 processes
fio-beegfs-read-buffered-block_512k-size_1G-threads_8: Laying out IO file(s) (4 file(s) / 4096MB)
fio-beegfs-read-buffered-block_512k-size_1G-threads_8: Laying out IO file(s) (4 file(s) / 4096MB)
fio-beegfs-read-buffered-block_512k-size_1G-threads_8: Laying out IO file(s) (4 file(s) / 4096MB)
fio-beegfs-read-buffered-block_512k-size_1G-threads_8: Laying out IO file(s) (4 file(s) / 4096MB)
fio-beegfs-read-buffered-block_512k-size_1G-threads_8: Laying out IO file(s) (4 file(s) / 4096MB)
fio-beegfs-read-buffered-block_512k-size_1G-threads_8: Laying out IO file(s) (4 file(s) / 4096MB)
fio-beegfs-read-buffered-block_512k-size_1G-threads_8: Laying out IO file(s) (4 file(s) / 4096MB)
fio-beegfs-read-buffered-block_512k-size_1G-threads_8: Laying out IO file(s) (4 file(s) / 4096MB)

fio-beegfs-read-buffered-block_512k-size_1G-threads_8: (groupid=0, jobs=8): err= 0: pid=3618563: Fri Nov  9 19:37:14 2018
  read : io=707473MB, bw=2947.9MB/s, iops=5895, runt=240001msec
    clat (usec): min=556, max=13342, avg=1354.71, stdev=292.59
     lat (usec): min=556, max=13342, avg=1354.87, stdev=292.59
    clat percentiles (usec):
     |  1.00th=[  916],  5.00th=[ 1032], 10.00th=[ 1096], 20.00th=[ 1160],
     | 30.00th=[ 1208], 40.00th=[ 1240], 50.00th=[ 1288], 60.00th=[ 1320],
     | 70.00th=[ 1368], 80.00th=[ 1464], 90.00th=[ 1816], 95.00th=[ 1960],
     | 99.00th=[ 2352], 99.50th=[ 2448], 99.90th=[ 2704], 99.95th=[ 2800],
     | 99.99th=[ 3152]
    bw (KB  /s): min=356972, max=396288, per=12.51%, avg=377647.71, stdev=5318.44
    lat (usec) : 750=0.07%, 1000=3.10%
    lat (msec) : 2=92.75%, 4=4.08%, 10=0.01%, 20=0.01%
  cpu          : usr=0.24%, sys=40.61%, ctx=28553638, majf=0, minf=34329
  IO depths    : 1=100.0%, 2=0.0%, 4=0.0%, 8=0.0%, 16=0.0%, 32=0.0%, >=64=0.0%
     submit    : 0=0.0%, 4=100.0%, 8=0.0%, 16=0.0%, 32=0.0%, 64=0.0%, >=64=0.0%
     complete  : 0=0.0%, 4=100.0%, 8=0.0%, 16=0.0%, 32=0.0%, 64=0.0%, >=64=0.0%
     issued    : total=r=1414945/w=0/d=0, short=r=0/w=0/d=0, drop=r=0/w=0/d=0
     latency   : target=0, window=0, percentile=100.00%, depth=1

Run status group 0 (all jobs):
   READ: io=707473MB, aggrb=2947.9MB/s, minb=2947.9MB/s, maxb=2947.9MB/s, mint=240001msec, maxt=240001msec

CPU idleness:
  system: 91.96%
  unit work: mean=55.76us, stddev=1.53
