fio-beegfs-write-buffered-block_512k-size_1G-threads_1: (g=0): rw=rw, bs=512K-512K/512K-512K/512K-512K, ioengine=psync, iodepth=1
fio-2.2.10
Starting 1 process
fio-beegfs-write-buffered-block_512k-size_1G-threads_1: Laying out IO file(s) (4 file(s) / 4096MB)

fio-beegfs-write-buffered-block_512k-size_1G-threads_1: (groupid=0, jobs=1): err= 0: pid=3315291: Thu Nov  8 19:26:47 2018
  write: io=141952MB, bw=605659KB/s, iops=1182, runt=240001msec
    clat (usec): min=441, max=2246.5K, avg=835.22, stdev=11468.58
     lat (usec): min=449, max=2246.6K, avg=843.15, stdev=11468.62
    clat percentiles (usec):
     |  1.00th=[  478],  5.00th=[  502], 10.00th=[  524], 20.00th=[  556],
     | 30.00th=[  572], 40.00th=[  588], 50.00th=[  596], 60.00th=[  612],
     | 70.00th=[  628], 80.00th=[  652], 90.00th=[  676], 95.00th=[  700],
     | 99.00th=[  764], 99.50th=[  788], 99.90th=[ 3408], 99.95th=[148480],
     | 99.99th=[485376]
    bw (KB  /s): min= 1013, max=892928, per=100.00%, avg=632721.28, stdev=315247.17
    lat (usec) : 500=4.72%, 750=93.93%, 1000=1.21%
    lat (msec) : 2=0.03%, 4=0.02%, 10=0.01%, 20=0.02%, 50=0.01%
    lat (msec) : 100=0.01%, 250=0.01%, 500=0.04%, 750=0.01%, 1000=0.01%
    lat (msec) : 2000=0.01%, >=2000=0.01%
  cpu          : usr=1.25%, sys=17.66%, ctx=1386746, majf=0, minf=6955
  IO depths    : 1=100.0%, 2=0.0%, 4=0.0%, 8=0.0%, 16=0.0%, 32=0.0%, >=64=0.0%
     submit    : 0=0.0%, 4=100.0%, 8=0.0%, 16=0.0%, 32=0.0%, 64=0.0%, >=64=0.0%
     complete  : 0=0.0%, 4=100.0%, 8=0.0%, 16=0.0%, 32=0.0%, 64=0.0%, >=64=0.0%
     issued    : total=r=0/w=283904/d=0, short=r=0/w=0/d=0, drop=r=0/w=0/d=0
     latency   : target=0, window=0, percentile=100.00%, depth=1

Run status group 0 (all jobs):
  WRITE: io=141952MB, aggrb=605659KB/s, minb=605659KB/s, maxb=605659KB/s, mint=240001msec, maxt=240001msec

CPU idleness:
  system: 85.87%
  unit work: mean=51.26us, stddev=4.38
