fio-beegfs-write-buffered-block_128k-size_4G-threads_1: (g=0): rw=rw, bs=128K-128K/128K-128K/128K-128K, ioengine=psync, iodepth=1
fio-2.2.10
Starting 1 process
fio-beegfs-write-buffered-block_128k-size_4G-threads_1: Laying out IO file(s) (4 file(s) / 16384MB)

fio-beegfs-write-buffered-block_128k-size_4G-threads_1: (groupid=0, jobs=1): err= 0: pid=3349052: Thu Nov  8 22:18:25 2018
  write: io=76562MB, bw=326662KB/s, iops=2552, runt=240001msec
    clat (usec): min=9, max=747880, avg=389.46, stdev=10304.68
     lat (usec): min=10, max=747882, avg=390.84, stdev=10304.69
    clat percentiles (usec):
     |  1.00th=[    9],  5.00th=[    9], 10.00th=[    9], 20.00th=[   10],
     | 30.00th=[   10], 40.00th=[   10], 50.00th=[   10], 60.00th=[   10],
     | 70.00th=[   12], 80.00th=[  540], 90.00th=[  580], 95.00th=[  604],
     | 99.00th=[  652], 99.50th=[  668], 99.90th=[  812], 99.95th=[234496],
     | 99.99th=[493568]
    bw (KB  /s): min=  245, max=864256, per=100.00%, avg=350732.35, stdev=357972.38
    lat (usec) : 10=15.79%, 20=59.15%, 50=0.06%, 250=0.01%, 500=1.37%
    lat (usec) : 750=23.50%, 1000=0.04%
    lat (msec) : 2=0.01%, 4=0.01%, 10=0.01%, 20=0.01%, 50=0.02%
    lat (msec) : 100=0.01%, 250=0.01%, 500=0.04%, 750=0.01%
  cpu          : usr=0.76%, sys=12.19%, ctx=711614, majf=0, minf=12469
  IO depths    : 1=100.0%, 2=0.0%, 4=0.0%, 8=0.0%, 16=0.0%, 32=0.0%, >=64=0.0%
     submit    : 0=0.0%, 4=100.0%, 8=0.0%, 16=0.0%, 32=0.0%, 64=0.0%, >=64=0.0%
     complete  : 0=0.0%, 4=100.0%, 8=0.0%, 16=0.0%, 32=0.0%, 64=0.0%, >=64=0.0%
     issued    : total=r=0/w=612494/d=0, short=r=0/w=0/d=0, drop=r=0/w=0/d=0
     latency   : target=0, window=0, percentile=100.00%, depth=1

Run status group 0 (all jobs):
  WRITE: io=76562MB, aggrb=326662KB/s, minb=326662KB/s, maxb=326662KB/s, mint=240001msec, maxt=240001msec

CPU idleness:
  system: 93.73%
  unit work: mean=52.57us, stddev=4.59
