fio-beegfs-read-buffered-block_512k-size_4G-threads_8: (g=0): rw=rw, bs=512K-512K/512K-512K/512K-512K, ioengine=psync, iodepth=1
...
fio-2.2.10
Starting 8 processes
fio-beegfs-read-buffered-block_512k-size_4G-threads_8: Laying out IO file(s) (4 file(s) / 16384MB)
fio-beegfs-read-buffered-block_512k-size_4G-threads_8: Laying out IO file(s) (4 file(s) / 16384MB)
fio-beegfs-read-buffered-block_512k-size_4G-threads_8: Laying out IO file(s) (4 file(s) / 16384MB)
fio-beegfs-read-buffered-block_512k-size_4G-threads_8: Laying out IO file(s) (4 file(s) / 16384MB)
fio-beegfs-read-buffered-block_512k-size_4G-threads_8: Laying out IO file(s) (4 file(s) / 16384MB)
fio-beegfs-read-buffered-block_512k-size_4G-threads_8: Laying out IO file(s) (4 file(s) / 16384MB)
fio-beegfs-read-buffered-block_512k-size_4G-threads_8: Laying out IO file(s) (4 file(s) / 16384MB)
fio-beegfs-read-buffered-block_512k-size_4G-threads_8: Laying out IO file(s) (4 file(s) / 16384MB)

fio-beegfs-read-buffered-block_512k-size_4G-threads_8: (groupid=0, jobs=8): err= 0: pid=3793649: Sat Nov 10 10:14:58 2018
  read : io=689459MB, bw=2871.2MB/s, iops=5742, runt=240136msec
    clat (usec): min=367, max=555447, avg=1390.41, stdev=7951.31
     lat (usec): min=367, max=555447, avg=1390.56, stdev=7951.31
    clat percentiles (usec):
     |  1.00th=[  572],  5.00th=[  668], 10.00th=[  724], 20.00th=[  804],
     | 30.00th=[  860], 40.00th=[  908], 50.00th=[  964], 60.00th=[ 1012],
     | 70.00th=[ 1048], 80.00th=[ 1128], 90.00th=[ 1224], 95.00th=[ 1384],
     | 99.00th=[ 2512], 99.50th=[ 9792], 99.90th=[140288], 99.95th=[195584],
     | 99.99th=[309248]
    bw (KB  /s): min=  922, max=740352, per=12.84%, avg=377476.20, stdev=185009.40
    lat (usec) : 500=0.13%, 750=12.91%, 1000=44.52%
    lat (msec) : 2=40.92%, 4=0.74%, 10=0.28%, 20=0.09%, 50=0.18%
    lat (msec) : 100=0.08%, 250=0.12%, 500=0.03%, 750=0.01%
  cpu          : usr=0.25%, sys=39.67%, ctx=13575565, majf=0, minf=29296
  IO depths    : 1=100.0%, 2=0.0%, 4=0.0%, 8=0.0%, 16=0.0%, 32=0.0%, >=64=0.0%
     submit    : 0=0.0%, 4=100.0%, 8=0.0%, 16=0.0%, 32=0.0%, 64=0.0%, >=64=0.0%
     complete  : 0=0.0%, 4=100.0%, 8=0.0%, 16=0.0%, 32=0.0%, 64=0.0%, >=64=0.0%
     issued    : total=r=1378918/w=0/d=0, short=r=0/w=0/d=0, drop=r=0/w=0/d=0
     latency   : target=0, window=0, percentile=100.00%, depth=1

Run status group 0 (all jobs):
   READ: io=689459MB, aggrb=2871.2MB/s, minb=2871.2MB/s, maxb=2871.2MB/s, mint=240136msec, maxt=240136msec

CPU idleness:
  system: 86.33%
  unit work: mean=51.50us, stddev=4.65
