fio-beegfs-write-unbuffered-block_16k-size_4G-threads_1: (g=0): rw=rw, bs=16K-16K/16K-16K/16K-16K, ioengine=psync, iodepth=1
fio-2.2.10
Starting 1 process
fio-beegfs-write-unbuffered-block_16k-size_4G-threads_1: Laying out IO file(s) (4 file(s) / 16384MB)

fio-beegfs-write-unbuffered-block_16k-size_4G-threads_1: (groupid=0, jobs=1): err= 0: pid=3382237: Wed Nov 21 06:19:22 2018
  write: io=19386MB, bw=82714KB/s, iops=5169, runt=240001msec
    clat (usec): min=143, max=10663, avg=191.53, stdev=40.03
     lat (usec): min=143, max=10663, avg=191.86, stdev=40.03
    clat percentiles (usec):
     |  1.00th=[  151],  5.00th=[  155], 10.00th=[  163], 20.00th=[  169],
     | 30.00th=[  173], 40.00th=[  175], 50.00th=[  185], 60.00th=[  193],
     | 70.00th=[  201], 80.00th=[  213], 90.00th=[  233], 95.00th=[  247],
     | 99.00th=[  290], 99.50th=[  306], 99.90th=[  350], 99.95th=[  414],
     | 99.99th=[  804]
    bw (KB  /s): min=68192, max=90400, per=100.00%, avg=82724.34, stdev=3388.18
    lat (usec) : 250=95.51%, 500=4.46%, 750=0.02%, 1000=0.01%
    lat (msec) : 2=0.01%, 4=0.01%, 10=0.01%, 20=0.01%
  cpu          : usr=1.70%, sys=17.14%, ctx=2481521, majf=0, minf=19830
  IO depths    : 1=100.0%, 2=0.0%, 4=0.0%, 8=0.0%, 16=0.0%, 32=0.0%, >=64=0.0%
     submit    : 0=0.0%, 4=100.0%, 8=0.0%, 16=0.0%, 32=0.0%, 64=0.0%, >=64=0.0%
     complete  : 0=0.0%, 4=100.0%, 8=0.0%, 16=0.0%, 32=0.0%, 64=0.0%, >=64=0.0%
     issued    : total=r=0/w=1240710/d=0, short=r=0/w=0/d=0, drop=r=0/w=0/d=0
     latency   : target=0, window=0, percentile=100.00%, depth=1

Run status group 0 (all jobs):
  WRITE: io=19386MB, aggrb=82713KB/s, minb=82713KB/s, maxb=82713KB/s, mint=240001msec, maxt=240001msec

CPU idleness:
  system: 94.98%
  unit work: mean=53.48us, stddev=3.38
