fio-beegfs-read-buffered-block_16k-size_4G-threads_1: (g=0): rw=rw, bs=16K-16K/16K-16K/16K-16K, ioengine=psync, iodepth=1
fio-2.2.10
Starting 1 process
fio-beegfs-read-buffered-block_16k-size_4G-threads_1: Laying out IO file(s) (4 file(s) / 16384MB)

fio-beegfs-read-buffered-block_16k-size_4G-threads_1: (groupid=0, jobs=1): err= 0: pid=3337206: Thu Nov  8 21:17:04 2018
  read : io=195058MB, bw=832244KB/s, iops=52015, runt=240001msec
    clat (usec): min=1, max=34568, avg=18.55, stdev=110.67
     lat (usec): min=1, max=34568, avg=18.62, stdev=111.02
    clat percentiles (usec):
     |  1.00th=[    1],  5.00th=[    1], 10.00th=[    1], 20.00th=[    1],
     | 30.00th=[    2], 40.00th=[    2], 50.00th=[    2], 60.00th=[    2],
     | 70.00th=[    2], 80.00th=[    2], 90.00th=[    2], 95.00th=[    2],
     | 99.00th=[  540], 99.50th=[  556], 99.90th=[  604], 99.95th=[  620],
     | 99.99th=[ 1096]
    bw (KB  /s): min=632881, max=884672, per=100.00%, avg=832637.99, stdev=44293.92
    lat (usec) : 2=21.78%, 4=74.82%, 10=0.25%, 20=0.01%, 50=0.01%
    lat (usec) : 100=0.01%, 250=0.01%, 500=0.74%, 750=2.36%, 1000=0.01%
    lat (msec) : 2=0.01%, 4=0.01%, 10=0.01%, 20=0.01%, 50=0.01%
  cpu          : usr=5.65%, sys=65.26%, ctx=867119, majf=0, minf=151583
  IO depths    : 1=100.0%, 2=0.0%, 4=0.0%, 8=0.0%, 16=0.0%, 32=0.0%, >=64=0.0%
     submit    : 0=0.0%, 4=100.0%, 8=0.0%, 16=0.0%, 32=0.0%, 64=0.0%, >=64=0.0%
     complete  : 0=0.0%, 4=100.0%, 8=0.0%, 16=0.0%, 32=0.0%, 64=0.0%, >=64=0.0%
     issued    : total=r=12483715/w=0/d=0, short=r=0/w=0/d=0, drop=r=0/w=0/d=0
     latency   : target=0, window=0, percentile=100.00%, depth=1

Run status group 0 (all jobs):
   READ: io=195058MB, aggrb=832244KB/s, minb=832244KB/s, maxb=832244KB/s, mint=240001msec, maxt=240001msec

CPU idleness:
  system: 81.83%
  unit work: mean=49.14us, stddev=5.33
