fio-beegfs-write-buffered-block_64k-size_1G-threads_2: (g=0): rw=rw, bs=64K-64K/64K-64K/64K-64K, ioengine=psync, iodepth=1
...
fio-2.2.10
Starting 2 processes
fio-beegfs-write-buffered-block_64k-size_1G-threads_2: Laying out IO file(s) (4 file(s) / 4096MB)
fio-beegfs-write-buffered-block_64k-size_1G-threads_2: Laying out IO file(s) (4 file(s) / 4096MB)

fio-beegfs-write-buffered-block_64k-size_1G-threads_2: (groupid=0, jobs=2): err= 0: pid=3366553: Thu Nov  8 23:42:28 2018
  write: io=146192MB, bw=623590KB/s, iops=9743, runt=240062msec
    clat (usec): min=4, max=645943, avg=203.71, stdev=7188.45
     lat (usec): min=5, max=645944, avg=204.41, stdev=7188.46
    clat percentiles (usec):
     |  1.00th=[    5],  5.00th=[    5], 10.00th=[    5], 20.00th=[    5],
     | 30.00th=[    5], 40.00th=[    6], 50.00th=[   15], 60.00th=[   16],
     | 70.00th=[   16], 80.00th=[   17], 90.00th=[  548], 95.00th=[  620],
     | 99.00th=[  700], 99.50th=[  724], 99.90th=[  836], 99.95th=[ 1128],
     | 99.99th=[477184]
    bw (KB  /s): min=  300, max=811136, per=53.53%, avg=333834.90, stdev=332027.71
    lat (usec) : 10=46.98%, 20=38.80%, 50=1.58%, 100=0.14%, 250=0.01%
    lat (usec) : 500=0.08%, 750=12.15%, 1000=0.20%
    lat (msec) : 2=0.02%, 4=0.01%, 10=0.01%, 20=0.01%, 50=0.01%
    lat (msec) : 100=0.01%, 250=0.01%, 500=0.02%, 750=0.01%
  cpu          : usr=0.98%, sys=20.03%, ctx=1293517, majf=0, minf=37993
  IO depths    : 1=100.0%, 2=0.0%, 4=0.0%, 8=0.0%, 16=0.0%, 32=0.0%, >=64=0.0%
     submit    : 0=0.0%, 4=100.0%, 8=0.0%, 16=0.0%, 32=0.0%, 64=0.0%, >=64=0.0%
     complete  : 0=0.0%, 4=100.0%, 8=0.0%, 16=0.0%, 32=0.0%, 64=0.0%, >=64=0.0%
     issued    : total=r=0/w=2339067/d=0, short=r=0/w=0/d=0, drop=r=0/w=0/d=0
     latency   : target=0, window=0, percentile=100.00%, depth=1

Run status group 0 (all jobs):
  WRITE: io=146192MB, aggrb=623590KB/s, minb=623590KB/s, maxb=623590KB/s, mint=240062msec, maxt=240062msec

CPU idleness:
  system: 95.03%
  unit work: mean=53.52us, stddev=2.32
