fio-beegfs-read-unbuffered-block_64k-size_2G-threads_8: (g=0): rw=rw, bs=64K-64K/64K-64K/64K-64K, ioengine=psync, iodepth=1
...
fio-2.2.10
Starting 8 processes
fio-beegfs-read-unbuffered-block_64k-size_2G-threads_8: Laying out IO file(s) (4 file(s) / 8192MB)
fio-beegfs-read-unbuffered-block_64k-size_2G-threads_8: Laying out IO file(s) (4 file(s) / 8192MB)
fio-beegfs-read-unbuffered-block_64k-size_2G-threads_8: Laying out IO file(s) (4 file(s) / 8192MB)
fio-beegfs-read-unbuffered-block_64k-size_2G-threads_8: Laying out IO file(s) (4 file(s) / 8192MB)
fio-beegfs-read-unbuffered-block_64k-size_2G-threads_8: Laying out IO file(s) (4 file(s) / 8192MB)
fio-beegfs-read-unbuffered-block_64k-size_2G-threads_8: Laying out IO file(s) (4 file(s) / 8192MB)
fio-beegfs-read-unbuffered-block_64k-size_2G-threads_8: Laying out IO file(s) (4 file(s) / 8192MB)
fio-beegfs-read-unbuffered-block_64k-size_2G-threads_8: Laying out IO file(s) (4 file(s) / 8192MB)

fio-beegfs-read-unbuffered-block_64k-size_2G-threads_8: (groupid=0, jobs=8): err= 0: pid=3774310: Thu Nov 22 06:36:51 2018
  read : io=102198MB, bw=436040KB/s, iops=6813, runt=240002msec
    clat (usec): min=437, max=48822, avg=1172.42, stdev=233.02
     lat (usec): min=437, max=48823, avg=1172.56, stdev=233.02
    clat percentiles (usec):
     |  1.00th=[  828],  5.00th=[  932], 10.00th=[  996], 20.00th=[ 1064],
     | 30.00th=[ 1096], 40.00th=[ 1128], 50.00th=[ 1160], 60.00th=[ 1176],
     | 70.00th=[ 1208], 80.00th=[ 1256], 90.00th=[ 1336], 95.00th=[ 1400],
     | 99.00th=[ 1672], 99.50th=[ 2832], 99.90th=[ 3664], 99.95th=[ 3920],
     | 99.99th=[ 5280]
    bw (KB  /s): min=45952, max=56320, per=12.51%, avg=54553.05, stdev=1156.38
    lat (usec) : 500=0.01%, 750=0.31%, 1000=10.47%
    lat (msec) : 2=88.42%, 4=0.75%, 10=0.04%, 20=0.01%, 50=0.01%
  cpu          : usr=0.25%, sys=5.34%, ctx=1875474, majf=0, minf=36901
  IO depths    : 1=100.0%, 2=0.0%, 4=0.0%, 8=0.0%, 16=0.0%, 32=0.0%, >=64=0.0%
     submit    : 0=0.0%, 4=100.0%, 8=0.0%, 16=0.0%, 32=0.0%, 64=0.0%, >=64=0.0%
     complete  : 0=0.0%, 4=100.0%, 8=0.0%, 16=0.0%, 32=0.0%, 64=0.0%, >=64=0.0%
     issued    : total=r=1635165/w=0/d=0, short=r=0/w=0/d=0, drop=r=0/w=0/d=0
     latency   : target=0, window=0, percentile=100.00%, depth=1

Run status group 0 (all jobs):
   READ: io=102198MB, aggrb=436040KB/s, minb=436040KB/s, maxb=436040KB/s, mint=240002msec, maxt=240002msec

CPU idleness:
  system: 98.02%
  unit work: mean=55.39us, stddev=1.96
