fio-beegfs-write-unbuffered-block_16k-size_2G-threads_4: (g=0): rw=rw, bs=16K-16K/16K-16K/16K-16K, ioengine=psync, iodepth=1
...
fio-2.2.10
Starting 4 processes
fio-beegfs-write-unbuffered-block_16k-size_2G-threads_4: Laying out IO file(s) (4 file(s) / 8192MB)
fio-beegfs-write-unbuffered-block_16k-size_2G-threads_4: Laying out IO file(s) (4 file(s) / 8192MB)
fio-beegfs-write-unbuffered-block_16k-size_2G-threads_4: Laying out IO file(s) (4 file(s) / 8192MB)
fio-beegfs-write-unbuffered-block_16k-size_2G-threads_4: Laying out IO file(s) (4 file(s) / 8192MB)

fio-beegfs-write-unbuffered-block_16k-size_2G-threads_4: (groupid=0, jobs=4): err= 0: pid=3576188: Wed Nov 21 17:17:23 2018
  write: io=66526MB, bw=283841KB/s, iops=17740, runt=240001msec
    clat (usec): min=142, max=214584, avg=223.56, stdev=308.87
     lat (usec): min=143, max=214584, avg=223.90, stdev=308.87
    clat percentiles (usec):
     |  1.00th=[  169],  5.00th=[  179], 10.00th=[  185], 20.00th=[  195],
     | 30.00th=[  203], 40.00th=[  211], 50.00th=[  217], 60.00th=[  225],
     | 70.00th=[  233], 80.00th=[  245], 90.00th=[  262], 95.00th=[  278],
     | 99.00th=[  322], 99.50th=[  342], 99.90th=[  524], 99.95th=[  916],
     | 99.99th=[ 5216]
    bw (KB  /s): min=38272, max=74016, per=25.01%, avg=70977.16, stdev=2560.88
    lat (usec) : 250=83.78%, 500=16.11%, 750=0.05%, 1000=0.01%
    lat (msec) : 2=0.02%, 4=0.01%, 10=0.03%, 20=0.01%, 250=0.01%
  cpu          : usr=1.44%, sys=15.65%, ctx=8515717, majf=0, minf=71060
  IO depths    : 1=100.0%, 2=0.0%, 4=0.0%, 8=0.0%, 16=0.0%, 32=0.0%, >=64=0.0%
     submit    : 0=0.0%, 4=100.0%, 8=0.0%, 16=0.0%, 32=0.0%, 64=0.0%, >=64=0.0%
     complete  : 0=0.0%, 4=100.0%, 8=0.0%, 16=0.0%, 32=0.0%, 64=0.0%, >=64=0.0%
     issued    : total=r=0/w=4257634/d=0, short=r=0/w=0/d=0, drop=r=0/w=0/d=0
     latency   : target=0, window=0, percentile=100.00%, depth=1

Run status group 0 (all jobs):
  WRITE: io=66526MB, aggrb=283841KB/s, minb=283841KB/s, maxb=283841KB/s, mint=240001msec, maxt=240001msec

CPU idleness:
  system: 98.31%
  unit work: mean=56.02us, stddev=2.08
