fio-beegfs-write-unbuffered-block_64k-size_2G-threads_8: (g=0): rw=rw, bs=64K-64K/64K-64K/64K-64K, ioengine=psync, iodepth=1
...
fio-2.2.10
Starting 8 processes
fio-beegfs-write-unbuffered-block_64k-size_2G-threads_8: Laying out IO file(s) (4 file(s) / 8192MB)
fio-beegfs-write-unbuffered-block_64k-size_2G-threads_8: Laying out IO file(s) (4 file(s) / 8192MB)
fio-beegfs-write-unbuffered-block_64k-size_2G-threads_8: Laying out IO file(s) (4 file(s) / 8192MB)
fio-beegfs-write-unbuffered-block_64k-size_2G-threads_8: Laying out IO file(s) (4 file(s) / 8192MB)
fio-beegfs-write-unbuffered-block_64k-size_2G-threads_8: Laying out IO file(s) (4 file(s) / 8192MB)
fio-beegfs-write-unbuffered-block_64k-size_2G-threads_8: Laying out IO file(s) (4 file(s) / 8192MB)
fio-beegfs-write-unbuffered-block_64k-size_2G-threads_8: Laying out IO file(s) (4 file(s) / 8192MB)
fio-beegfs-write-unbuffered-block_64k-size_2G-threads_8: Laying out IO file(s) (4 file(s) / 8192MB)

fio-beegfs-write-unbuffered-block_64k-size_2G-threads_8: (groupid=0, jobs=8): err= 0: pid=3781542: Thu Nov 22 07:11:14 2018
  write: io=91058MB, bw=388513KB/s, iops=6070, runt=240002msec
    clat (usec): min=305, max=24122, avg=1315.11, stdev=474.35
     lat (usec): min=306, max=24123, avg=1316.03, stdev=474.35
    clat percentiles (usec):
     |  1.00th=[  972],  5.00th=[ 1004], 10.00th=[ 1020], 20.00th=[ 1032],
     | 30.00th=[ 1048], 40.00th=[ 1080], 50.00th=[ 1096], 60.00th=[ 1160],
     | 70.00th=[ 1384], 80.00th=[ 1736], 90.00th=[ 1928], 95.00th=[ 2008],
     | 99.00th=[ 2192], 99.50th=[ 2640], 99.90th=[ 7776], 99.95th=[ 8160],
     | 99.99th=[ 8640]
    bw (KB  /s): min=42240, max=51712, per=12.51%, avg=48609.02, stdev=1839.28
    lat (usec) : 500=0.01%, 750=0.03%, 1000=4.85%
    lat (msec) : 2=89.76%, 4=5.09%, 10=0.24%, 20=0.01%, 50=0.01%
  cpu          : usr=0.34%, sys=3.65%, ctx=3476566, majf=0, minf=34819
  IO depths    : 1=100.0%, 2=0.0%, 4=0.0%, 8=0.0%, 16=0.0%, 32=0.0%, >=64=0.0%
     submit    : 0=0.0%, 4=100.0%, 8=0.0%, 16=0.0%, 32=0.0%, 64=0.0%, >=64=0.0%
     complete  : 0=0.0%, 4=100.0%, 8=0.0%, 16=0.0%, 32=0.0%, 64=0.0%, >=64=0.0%
     issued    : total=r=0/w=1456935/d=0, short=r=0/w=0/d=0, drop=r=0/w=0/d=0
     latency   : target=0, window=0, percentile=100.00%, depth=1

Run status group 0 (all jobs):
  WRITE: io=91058MB, aggrb=388512KB/s, minb=388512KB/s, maxb=388512KB/s, mint=240002msec, maxt=240002msec

CPU idleness:
  system: 93.99%
  unit work: mean=53.10us, stddev=2.77
