fio-beegfs-write-unbuffered-block_128k-size_4G-threads_4: (g=0): rw=rw, bs=128K-128K/128K-128K/128K-128K, ioengine=psync, iodepth=1
...
fio-2.2.10
Starting 4 processes
fio-beegfs-write-unbuffered-block_128k-size_4G-threads_4: Laying out IO file(s) (4 file(s) / 16384MB)
fio-beegfs-write-unbuffered-block_128k-size_4G-threads_4: Laying out IO file(s) (4 file(s) / 16384MB)
fio-beegfs-write-unbuffered-block_128k-size_4G-threads_4: Laying out IO file(s) (4 file(s) / 16384MB)
fio-beegfs-write-unbuffered-block_128k-size_4G-threads_4: Laying out IO file(s) (4 file(s) / 16384MB)

fio-beegfs-write-unbuffered-block_128k-size_4G-threads_4: (groupid=0, jobs=4): err= 0: pid=3682392: Wed Nov 21 23:19:41 2018
  write: io=91074MB, bw=388579KB/s, iops=3035, runt=240001msec
    clat (usec): min=506, max=23420, avg=1314.04, stdev=470.89
     lat (usec): min=508, max=23421, avg=1315.71, stdev=470.89
    clat percentiles (usec):
     |  1.00th=[  964],  5.00th=[  996], 10.00th=[ 1012], 20.00th=[ 1032],
     | 30.00th=[ 1064], 40.00th=[ 1080], 50.00th=[ 1096], 60.00th=[ 1160],
     | 70.00th=[ 1352], 80.00th=[ 1736], 90.00th=[ 1944], 95.00th=[ 2008],
     | 99.00th=[ 2224], 99.50th=[ 2800], 99.90th=[ 7712], 99.95th=[ 8032],
     | 99.99th=[ 8640]
    bw (KB  /s): min=84992, max=103680, per=25.03%, avg=97243.26, stdev=4282.05
    lat (usec) : 750=0.02%, 1000=5.64%
    lat (msec) : 2=88.89%, 4=5.20%, 10=0.26%, 20=0.01%, 50=0.01%
  cpu          : usr=0.39%, sys=5.05%, ctx=1851913, majf=0, minf=17418
  IO depths    : 1=100.0%, 2=0.0%, 4=0.0%, 8=0.0%, 16=0.0%, 32=0.0%, >=64=0.0%
     submit    : 0=0.0%, 4=100.0%, 8=0.0%, 16=0.0%, 32=0.0%, 64=0.0%, >=64=0.0%
     complete  : 0=0.0%, 4=100.0%, 8=0.0%, 16=0.0%, 32=0.0%, 64=0.0%, >=64=0.0%
     issued    : total=r=0/w=728588/d=0, short=r=0/w=0/d=0, drop=r=0/w=0/d=0
     latency   : target=0, window=0, percentile=100.00%, depth=1

Run status group 0 (all jobs):
  WRITE: io=91074MB, aggrb=388578KB/s, minb=388578KB/s, maxb=388578KB/s, mint=240001msec, maxt=240001msec

CPU idleness:
  system: 92.64%
  unit work: mean=52.19us, stddev=3.06
