fio-beegfs-read-buffered-block_64k-size_4G-threads_1: (g=0): rw=rw, bs=64K-64K/64K-64K/64K-64K, ioengine=psync, iodepth=1
fio-2.2.10
Starting 1 process
fio-beegfs-read-buffered-block_64k-size_4G-threads_1: Laying out IO file(s) (4 file(s) / 16384MB)

fio-beegfs-read-buffered-block_64k-size_4G-threads_1: (groupid=0, jobs=1): err= 0: pid=3341948: Thu Nov  8 21:41:24 2018
  read : io=205680MB, bw=877565KB/s, iops=13711, runt=240001msec
    clat (usec): min=4, max=25014, avg=72.10, stdev=201.58
     lat (usec): min=4, max=25014, avg=72.17, stdev=201.60
    clat percentiles (usec):
     |  1.00th=[    4],  5.00th=[    4], 10.00th=[    4], 20.00th=[    5],
     | 30.00th=[    5], 40.00th=[    5], 50.00th=[    5], 60.00th=[    5],
     | 70.00th=[    5], 80.00th=[    6], 90.00th=[  502], 95.00th=[  540],
     | 99.00th=[  580], 99.50th=[  596], 99.90th=[  660], 99.95th=[  828],
     | 99.99th=[ 3600]
    bw (KB  /s): min=675712, max=930048, per=100.00%, avg=878096.51, stdev=41110.03
    lat (usec) : 10=87.34%, 20=0.11%, 50=0.04%, 100=0.01%, 250=0.01%
    lat (usec) : 500=2.25%, 750=10.18%, 1000=0.03%
    lat (msec) : 2=0.02%, 4=0.01%, 10=0.01%, 20=0.01%, 50=0.01%
  cpu          : usr=1.56%, sys=68.14%, ctx=903361, majf=0, minf=43854
  IO depths    : 1=100.0%, 2=0.0%, 4=0.0%, 8=0.0%, 16=0.0%, 32=0.0%, >=64=0.0%
     submit    : 0=0.0%, 4=100.0%, 8=0.0%, 16=0.0%, 32=0.0%, 64=0.0%, >=64=0.0%
     complete  : 0=0.0%, 4=100.0%, 8=0.0%, 16=0.0%, 32=0.0%, 64=0.0%, >=64=0.0%
     issued    : total=r=3290882/w=0/d=0, short=r=0/w=0/d=0, drop=r=0/w=0/d=0
     latency   : target=0, window=0, percentile=100.00%, depth=1

Run status group 0 (all jobs):
   READ: io=205680MB, aggrb=877564KB/s, minb=877564KB/s, maxb=877564KB/s, mint=240001msec, maxt=240001msec

CPU idleness:
  system: 90.15%
  unit work: mean=54.15us, stddev=3.82
