fio-beegfs-write-unbuffered-block_64k-size_4G-threads_2: (g=0): rw=rw, bs=64K-64K/64K-64K/64K-64K, ioengine=psync, iodepth=1
...
fio-2.2.10
Starting 2 processes
fio-beegfs-write-unbuffered-block_64k-size_4G-threads_2: Laying out IO file(s) (4 file(s) / 16384MB)
fio-beegfs-write-unbuffered-block_64k-size_4G-threads_2: Laying out IO file(s) (4 file(s) / 16384MB)

fio-beegfs-write-unbuffered-block_64k-size_4G-threads_2: (groupid=0, jobs=2): err= 0: pid=3494636: Wed Nov 21 12:39:06 2018
  write: io=85040MB, bw=362834KB/s, iops=5669, runt=240001msec
    clat (usec): min=274, max=137327, avg=350.23, stdev=279.18
     lat (usec): min=275, max=137328, avg=351.09, stdev=279.18
    clat percentiles (usec):
     |  1.00th=[  286],  5.00th=[  298], 10.00th=[  306], 20.00th=[  314],
     | 30.00th=[  318], 40.00th=[  326], 50.00th=[  330], 60.00th=[  338],
     | 70.00th=[  346], 80.00th=[  358], 90.00th=[  382], 95.00th=[  438],
     | 99.00th=[  740], 99.50th=[  844], 99.90th=[ 1832], 99.95th=[ 4512],
     | 99.99th=[ 6240]
    bw (KB  /s): min=125568, max=193024, per=50.03%, avg=181514.22, stdev=7794.24
    lat (usec) : 500=96.81%, 750=2.28%, 1000=0.67%
    lat (msec) : 2=0.16%, 4=0.04%, 10=0.05%, 20=0.01%, 250=0.01%
  cpu          : usr=1.17%, sys=13.97%, ctx=3994143, majf=0, minf=26529
  IO depths    : 1=100.0%, 2=0.0%, 4=0.0%, 8=0.0%, 16=0.0%, 32=0.0%, >=64=0.0%
     submit    : 0=0.0%, 4=100.0%, 8=0.0%, 16=0.0%, 32=0.0%, 64=0.0%, >=64=0.0%
     complete  : 0=0.0%, 4=100.0%, 8=0.0%, 16=0.0%, 32=0.0%, 64=0.0%, >=64=0.0%
     issued    : total=r=0/w=1360635/d=0, short=r=0/w=0/d=0, drop=r=0/w=0/d=0
     latency   : target=0, window=0, percentile=100.00%, depth=1

Run status group 0 (all jobs):
  WRITE: io=85040MB, aggrb=362834KB/s, minb=362834KB/s, maxb=362834KB/s, mint=240001msec, maxt=240001msec

CPU idleness:
  system: 91.86%
  unit work: mean=51.87us, stddev=2.66
