fio-beegfs-read-unbuffered-block_512k-size_4G-threads_4: (g=0): rw=rw, bs=512K-512K/512K-512K/512K-512K, ioengine=psync, iodepth=1
...
fio-2.2.10
Starting 4 processes
fio-beegfs-read-unbuffered-block_512k-size_4G-threads_4: Laying out IO file(s) (4 file(s) / 16384MB)
fio-beegfs-read-unbuffered-block_512k-size_4G-threads_4: Laying out IO file(s) (4 file(s) / 16384MB)
fio-beegfs-read-unbuffered-block_512k-size_4G-threads_4: Laying out IO file(s) (4 file(s) / 16384MB)
fio-beegfs-read-unbuffered-block_512k-size_4G-threads_4: Laying out IO file(s) (4 file(s) / 16384MB)

fio-beegfs-read-unbuffered-block_512k-size_4G-threads_4: (groupid=0, jobs=4): err= 0: pid=3689542: Wed Nov 21 23:53:57 2018
  read : io=116041MB, bw=495098KB/s, iops=966, runt=240004msec
    clat (usec): min=1796, max=20821, avg=4134.55, stdev=503.53
     lat (usec): min=1796, max=20821, avg=4134.70, stdev=503.53
    clat percentiles (usec):
     |  1.00th=[ 3824],  5.00th=[ 3888], 10.00th=[ 3920], 20.00th=[ 3952],
     | 30.00th=[ 3952], 40.00th=[ 3984], 50.00th=[ 4016], 60.00th=[ 4048],
     | 70.00th=[ 4256], 80.00th=[ 4256], 90.00th=[ 4320], 95.00th=[ 4384],
     | 99.00th=[ 6176], 99.50th=[ 7584], 99.90th=[10688], 99.95th=[11712],
     | 99.99th=[13760]
    bw (KB  /s): min=110730, max=127236, per=25.03%, avg=123899.04, stdev=3025.47
    lat (msec) : 2=0.01%, 4=49.81%, 10=50.04%, 20=0.16%, 50=0.01%
  cpu          : usr=0.07%, sys=8.32%, ctx=580801, majf=0, minf=4093
  IO depths    : 1=100.0%, 2=0.0%, 4=0.0%, 8=0.0%, 16=0.0%, 32=0.0%, >=64=0.0%
     submit    : 0=0.0%, 4=100.0%, 8=0.0%, 16=0.0%, 32=0.0%, 64=0.0%, >=64=0.0%
     complete  : 0=0.0%, 4=100.0%, 8=0.0%, 16=0.0%, 32=0.0%, 64=0.0%, >=64=0.0%
     issued    : total=r=232081/w=0/d=0, short=r=0/w=0/d=0, drop=r=0/w=0/d=0
     latency   : target=0, window=0, percentile=100.00%, depth=1

Run status group 0 (all jobs):
   READ: io=116041MB, aggrb=495097KB/s, minb=495097KB/s, maxb=495097KB/s, mint=240004msec, maxt=240004msec

CPU idleness:
  system: 96.17%
  unit work: mean=54.15us, stddev=3.67
