fio-beegfs-read-unbuffered-block_16k-size_4G-threads_2: (g=0): rw=rw, bs=16K-16K/16K-16K/16K-16K, ioengine=psync, iodepth=1
...
fio-2.2.10
Starting 2 processes
fio-beegfs-read-unbuffered-block_16k-size_4G-threads_2: Laying out IO file(s) (4 file(s) / 16384MB)
fio-beegfs-read-unbuffered-block_16k-size_4G-threads_2: Laying out IO file(s) (4 file(s) / 16384MB)

fio-beegfs-read-unbuffered-block_16k-size_4G-threads_2: (groupid=0, jobs=2): err= 0: pid=3477641: Wed Nov 21 11:40:40 2018
  read : io=23752MB, bw=101338KB/s, iops=6333, runt=240012msec
    clat (usec): min=210, max=11890, avg=314.34, stdev=93.02
     lat (usec): min=211, max=11890, avg=314.46, stdev=93.02
    clat percentiles (usec):
     |  1.00th=[  233],  5.00th=[  249], 10.00th=[  262], 20.00th=[  278],
     | 30.00th=[  290], 40.00th=[  302], 50.00th=[  310], 60.00th=[  322],
     | 70.00th=[  330], 80.00th=[  342], 90.00th=[  362], 95.00th=[  378],
     | 99.00th=[  418], 99.50th=[  446], 99.90th=[ 2064], 99.95th=[ 2736],
     | 99.99th=[ 3120]
    bw (KB  /s): min=44128, max=56896, per=50.02%, avg=50689.12, stdev=1858.90
    lat (usec) : 250=5.14%, 500=94.53%, 750=0.12%, 1000=0.06%
    lat (msec) : 2=0.05%, 4=0.10%, 10=0.01%, 20=0.01%
  cpu          : usr=0.80%, sys=10.72%, ctx=1523471, majf=0, minf=28396
  IO depths    : 1=100.0%, 2=0.0%, 4=0.0%, 8=0.0%, 16=0.0%, 32=0.0%, >=64=0.0%
     submit    : 0=0.0%, 4=100.0%, 8=0.0%, 16=0.0%, 32=0.0%, 64=0.0%, >=64=0.0%
     complete  : 0=0.0%, 4=100.0%, 8=0.0%, 16=0.0%, 32=0.0%, 64=0.0%, >=64=0.0%
     issued    : total=r=1520149/w=0/d=0, short=r=0/w=0/d=0, drop=r=0/w=0/d=0
     latency   : target=0, window=0, percentile=100.00%, depth=1

Run status group 0 (all jobs):
   READ: io=23752MB, aggrb=101338KB/s, minb=101338KB/s, maxb=101338KB/s, mint=240012msec, maxt=240012msec

CPU idleness:
  system: 96.11%
  unit work: mean=54.09us, stddev=3.92
