fio-beegfs-read-buffered-block_16k-size_1G-threads_8: (g=0): rw=rw, bs=16K-16K/16K-16K/16K-16K, ioengine=psync, iodepth=1
...
fio-2.2.10
Starting 8 processes
fio-beegfs-read-buffered-block_16k-size_1G-threads_8: Laying out IO file(s) (4 file(s) / 4096MB)
fio-beegfs-read-buffered-block_16k-size_1G-threads_8: Laying out IO file(s) (4 file(s) / 4096MB)
fio-beegfs-read-buffered-block_16k-size_1G-threads_8: Laying out IO file(s) (4 file(s) / 4096MB)
fio-beegfs-read-buffered-block_16k-size_1G-threads_8: Laying out IO file(s) (4 file(s) / 4096MB)
fio-beegfs-read-buffered-block_16k-size_1G-threads_8: Laying out IO file(s) (4 file(s) / 4096MB)
fio-beegfs-read-buffered-block_16k-size_1G-threads_8: Laying out IO file(s) (4 file(s) / 4096MB)
fio-beegfs-read-buffered-block_16k-size_1G-threads_8: Laying out IO file(s) (4 file(s) / 4096MB)
fio-beegfs-read-buffered-block_16k-size_1G-threads_8: Laying out IO file(s) (4 file(s) / 4096MB)

fio-beegfs-read-buffered-block_16k-size_1G-threads_8: (groupid=0, jobs=8): err= 0: pid=3593941: Fri Nov  9 17:35:41 2018
  read : io=706426MB, bw=2943.5MB/s, iops=188379, runt=240001msec
    clat (usec): min=1, max=204377, avg=41.62, stdev=234.39
     lat (usec): min=1, max=204378, avg=41.70, stdev=234.40
    clat percentiles (usec):
     |  1.00th=[    1],  5.00th=[    1], 10.00th=[    2], 20.00th=[    2],
     | 30.00th=[    2], 40.00th=[    2], 50.00th=[    2], 60.00th=[    2],
     | 70.00th=[    3], 80.00th=[    3], 90.00th=[    4], 95.00th=[   12],
     | 99.00th=[ 1288], 99.50th=[ 1400], 99.90th=[ 1800], 99.95th=[ 1912],
     | 99.99th=[ 2160]
    bw (KB  /s): min=217056, max=429952, per=12.51%, avg=377077.81, stdev=8284.69
    lat (usec) : 2=7.38%, 4=76.80%, 10=9.29%, 20=3.05%, 50=0.35%
    lat (usec) : 100=0.01%, 250=0.01%, 500=0.01%, 750=0.01%, 1000=0.30%
    lat (msec) : 2=2.79%, 4=0.03%, 10=0.01%, 20=0.01%, 50=0.01%
    lat (msec) : 250=0.01%
  cpu          : usr=2.26%, sys=52.88%, ctx=23052015, majf=0, minf=572139
  IO depths    : 1=100.0%, 2=0.0%, 4=0.0%, 8=0.0%, 16=0.0%, 32=0.0%, >=64=0.0%
     submit    : 0=0.0%, 4=100.0%, 8=0.0%, 16=0.0%, 32=0.0%, 64=0.0%, >=64=0.0%
     complete  : 0=0.0%, 4=100.0%, 8=0.0%, 16=0.0%, 32=0.0%, 64=0.0%, >=64=0.0%
     issued    : total=r=45211279/w=0/d=0, short=r=0/w=0/d=0, drop=r=0/w=0/d=0
     latency   : target=0, window=0, percentile=100.00%, depth=1

Run status group 0 (all jobs):
   READ: io=706426MB, aggrb=2943.5MB/s, minb=2943.5MB/s, maxb=2943.5MB/s, mint=240001msec, maxt=240001msec

CPU idleness:
  system: 84.60%
  unit work: mean=51.47us, stddev=2.56
