fio-beegfs-write-unbuffered-block_16k-size_4G-threads_4: (g=0): rw=rw, bs=16K-16K/16K-16K/16K-16K, ioengine=psync, iodepth=1
...
fio-2.2.10
Starting 4 processes
fio-beegfs-write-unbuffered-block_16k-size_4G-threads_4: Laying out IO file(s) (4 file(s) / 16384MB)
fio-beegfs-write-unbuffered-block_16k-size_4G-threads_4: Laying out IO file(s) (4 file(s) / 16384MB)
fio-beegfs-write-unbuffered-block_16k-size_4G-threads_4: Laying out IO file(s) (4 file(s) / 16384MB)
fio-beegfs-write-unbuffered-block_16k-size_4G-threads_4: Laying out IO file(s) (4 file(s) / 16384MB)

fio-beegfs-write-unbuffered-block_16k-size_4G-threads_4: (groupid=0, jobs=4): err= 0: pid=3641381: Wed Nov 21 21:02:22 2018
  write: io=67436MB, bw=287726KB/s, iops=17982, runt=240001msec
    clat (usec): min=146, max=35259, avg=220.54, stdev=96.44
     lat (usec): min=146, max=35259, avg=220.87, stdev=96.44
    clat percentiles (usec):
     |  1.00th=[  171],  5.00th=[  181], 10.00th=[  187], 20.00th=[  195],
     | 30.00th=[  203], 40.00th=[  211], 50.00th=[  217], 60.00th=[  223],
     | 70.00th=[  231], 80.00th=[  239], 90.00th=[  255], 95.00th=[  270],
     | 99.00th=[  306], 99.50th=[  326], 99.90th=[  434], 99.95th=[  644],
     | 99.99th=[ 5152]
    bw (KB  /s): min=67296, max=74272, per=25.00%, avg=71944.67, stdev=1145.07
    lat (usec) : 250=87.38%, 500=12.55%, 750=0.03%, 1000=0.01%
    lat (msec) : 2=0.01%, 4=0.01%, 10=0.03%, 20=0.01%, 50=0.01%
  cpu          : usr=1.49%, sys=15.69%, ctx=8632402, majf=0, minf=71741
  IO depths    : 1=100.0%, 2=0.0%, 4=0.0%, 8=0.0%, 16=0.0%, 32=0.0%, >=64=0.0%
     submit    : 0=0.0%, 4=100.0%, 8=0.0%, 16=0.0%, 32=0.0%, 64=0.0%, >=64=0.0%
     complete  : 0=0.0%, 4=100.0%, 8=0.0%, 16=0.0%, 32=0.0%, 64=0.0%, >=64=0.0%
     issued    : total=r=0/w=4315911/d=0, short=r=0/w=0/d=0, drop=r=0/w=0/d=0
     latency   : target=0, window=0, percentile=100.00%, depth=1

Run status group 0 (all jobs):
  WRITE: io=67436MB, aggrb=287726KB/s, minb=287726KB/s, maxb=287726KB/s, mint=240001msec, maxt=240001msec

CPU idleness:
  system: 93.01%
  unit work: mean=52.98us, stddev=2.20
