fio-beegfs-write-buffered-block_128k-size_1G-threads_1: (g=0): rw=rw, bs=128K-128K/128K-128K/128K-128K, ioengine=psync, iodepth=1
fio-2.2.10
Starting 1 process
fio-beegfs-write-buffered-block_128k-size_1G-threads_1: Laying out IO file(s) (4 file(s) / 4096MB)

fio-beegfs-write-buffered-block_128k-size_1G-threads_1: (groupid=0, jobs=1): err= 0: pid=3312656: Thu Nov  8 19:13:52 2018
  write: io=134702MB, bw=574258KB/s, iops=4486, runt=240196msec
    clat (usec): min=10, max=3093.3K, avg=220.21, stdev=6189.19
     lat (usec): min=10, max=3093.3K, avg=221.79, stdev=6189.21
    clat percentiles (usec):
     |  1.00th=[   10],  5.00th=[   10], 10.00th=[   10], 20.00th=[   10],
     | 30.00th=[   10], 40.00th=[   11], 50.00th=[   11], 60.00th=[   11],
     | 70.00th=[   13], 80.00th=[  572], 90.00th=[  620], 95.00th=[  660],
     | 99.00th=[  724], 99.50th=[  748], 99.90th=[ 1912], 99.95th=[ 4768],
     | 99.99th=[276480]
    bw (KB  /s): min=  300, max=826880, per=100.00%, avg=605044.76, stdev=267984.70
    lat (usec) : 20=74.82%, 50=0.16%, 100=0.01%, 250=0.01%, 500=0.67%
    lat (usec) : 750=23.84%, 1000=0.34%
    lat (msec) : 2=0.06%, 4=0.04%, 10=0.03%, 20=0.01%, 50=0.01%
    lat (msec) : 100=0.01%, 250=0.01%, 500=0.01%, 750=0.01%, 1000=0.01%
    lat (msec) : 2000=0.01%, >=2000=0.01%
  cpu          : usr=1.58%, sys=21.34%, ctx=1314475, majf=0, minf=17921
  IO depths    : 1=100.0%, 2=0.0%, 4=0.0%, 8=0.0%, 16=0.0%, 32=0.0%, >=64=0.0%
     submit    : 0=0.0%, 4=100.0%, 8=0.0%, 16=0.0%, 32=0.0%, 64=0.0%, >=64=0.0%
     complete  : 0=0.0%, 4=100.0%, 8=0.0%, 16=0.0%, 32=0.0%, 64=0.0%, >=64=0.0%
     issued    : total=r=0/w=1077614/d=0, short=r=0/w=0/d=0, drop=r=0/w=0/d=0
     latency   : target=0, window=0, percentile=100.00%, depth=1

Run status group 0 (all jobs):
  WRITE: io=134702MB, aggrb=574258KB/s, minb=574258KB/s, maxb=574258KB/s, mint=240196msec, maxt=240196msec

CPU idleness:
  system: 86.60%
  unit work: mean=51.70us, stddev=4.80
